CRITICAL - 2025-12-05 01:02:44 --> ErrorException: Undefined variable $openingmodel
[Method: GET, Route: guardian/dashboard]
in APPPATH\Controllers\GuardianAccountController.php on line 38.
 1 APPPATH\Controllers\GuardianAccountController.php(38): CodeIgniter\Debug\Exceptions->errorHandler(2, 'Undefined variable $openingmodel', 'C:\\Users\\User\\Desktop\\xamp\\htdocs\\capstone\\app\\Controllers\\GuardianAccountController.php', 38)
 2 SYSTEMPATH\CodeIgniter.php(933): App\Controllers\GuardianAccountController->mainDashboard()
 3 SYSTEMPATH\CodeIgniter.php(507): CodeIgniter\CodeIgniter->runController(Object(App\Controllers\GuardianAccountController))
 4 SYSTEMPATH\CodeIgniter.php(354): CodeIgniter\CodeIgniter->handleRequest(null, Object(Config\Cache), false)
 5 SYSTEMPATH\Boot.php(334): CodeIgniter\CodeIgniter->run()
 6 SYSTEMPATH\Boot.php(67): CodeIgniter\Boot::runCodeIgniter(Object(CodeIgniter\CodeIgniter))
 7 FCPATH\index.php(56): CodeIgniter\Boot::bootWeb(Object(Config\Paths))
DEBUG - 2025-12-05 01:02:59 --> Session: Class initialized using 'CodeIgniter\Session\Handlers\FileHandler' driver.
DEBUG - 2025-12-05 01:02:59 --> Fetching children for guardian ID: 
DEBUG - 2025-12-05 01:02:59 --> Number of children found: 0
DEBUG - 2025-12-05 01:02:59 --> Children data: Array
(
)

DEBUG - 2025-12-05 01:02:59 --> Current User ID: 
CRITICAL - 2025-12-05 01:02:59 --> ErrorException: Attempt to read property "user_id" on null
[Method: GET, Route: guardian/dashboard]
in APPPATH\Views\guardian\dashboard.php on line 103.
 1 APPPATH\Views\guardian\dashboard.php(103): CodeIgniter\Debug\Exceptions->errorHandler(2, 'Attempt to read property "user_id" on null', 'C:\\Users\\User\\Desktop\\xamp\\htdocs\\capstone\\app\\Views\\guardian\\dashboard.php', 103)
 2 SYSTEMPATH\View\View.php(224): include('C:\\Users\\User\\Desktop\\xamp\\htdocs\\capstone\\app\\Views\\guardian\\dashboard.php')
 3 SYSTEMPATH\View\View.php(227): CodeIgniter\View\View->CodeIgniter\View\{closure}()
 4 SYSTEMPATH\Common.php(1173): CodeIgniter\View\View->render('guardian/dashboard', [], true)
 5 APPPATH\Controllers\GuardianAccountController.php(83): view('guardian/dashboard', [...])
 6 SYSTEMPATH\CodeIgniter.php(933): App\Controllers\GuardianAccountController->mainDashboard()
 7 SYSTEMPATH\CodeIgniter.php(507): CodeIgniter\CodeIgniter->runController(Object(App\Controllers\GuardianAccountController))
 8 SYSTEMPATH\CodeIgniter.php(354): CodeIgniter\CodeIgniter->handleRequest(null, Object(Config\Cache), false)
 9 SYSTEMPATH\Boot.php(334): CodeIgniter\CodeIgniter->run()
10 SYSTEMPATH\Boot.php(67): CodeIgniter\Boot::runCodeIgniter(Object(CodeIgniter\CodeIgniter))
11 FCPATH\index.php(56): CodeIgniter\Boot::bootWeb(Object(Config\Paths))
DEBUG - 2025-12-05 01:03:27 --> Session: Class initialized using 'CodeIgniter\Session\Handlers\FileHandler' driver.
DEBUG - 2025-12-05 01:03:33 --> Session: Class initialized using 'CodeIgniter\Session\Handlers\FileHandler' driver.
DEBUG - 2025-12-05 01:03:34 --> Session: Class initialized using 'CodeIgniter\Session\Handlers\FileHandler' driver.
DEBUG - 2025-12-05 01:03:34 --> Fetching children for guardian ID: 111
DEBUG - 2025-12-05 01:03:34 --> Number of children found: 0
DEBUG - 2025-12-05 01:03:34 --> Children data: Array
(
)

DEBUG - 2025-12-05 01:03:34 --> Current User ID: 111
DEBUG - 2025-12-05 01:03:38 --> Session: Class initialized using 'CodeIgniter\Session\Handlers\FileHandler' driver.
DEBUG - 2025-12-05 01:03:38 --> Fetching children for guardian ID: 111
DEBUG - 2025-12-05 01:03:38 --> Number of children found: 0
DEBUG - 2025-12-05 01:03:38 --> Children data: Array
(
)

DEBUG - 2025-12-05 01:03:38 --> Current User ID: 111
DEBUG - 2025-12-05 01:06:41 --> Session: Class initialized using 'CodeIgniter\Session\Handlers\FileHandler' driver.
DEBUG - 2025-12-05 01:06:41 --> Fetching children for guardian ID: 111
DEBUG - 2025-12-05 01:06:41 --> Number of children found: 0
DEBUG - 2025-12-05 01:06:41 --> Children data: Array
(
)

DEBUG - 2025-12-05 01:06:41 --> Current User ID: 111
DEBUG - 2025-12-05 01:07:34 --> Session: Class initialized using 'CodeIgniter\Session\Handlers\FileHandler' driver.
DEBUG - 2025-12-05 01:07:49 --> Session: Class initialized using 'CodeIgniter\Session\Handlers\FileHandler' driver.
DEBUG - 2025-12-05 01:07:49 --> Session: Class initialized using 'CodeIgniter\Session\Handlers\FileHandler' driver.
DEBUG - 2025-12-05 01:07:49 --> Fetching children for guardian ID: 108
DEBUG - 2025-12-05 01:07:49 --> Number of children found: 2
DEBUG - 2025-12-05 01:07:49 --> Children data: Array
(
    [0] => stdClass Object
        (
            [guardian_id] => 108
            [admission_id] => 86
            [full_name] => Cale Felix Elca
            [profile_pic] => 1764595381_ab8cf416d0a86372ee5a.jpg
        )

    [1] => stdClass Object
        (
            [guardian_id] => 108
            [admission_id] => 87
            [full_name] => Felix Eduard Rogado
            [profile_pic] => 1764599783_a8db6a79f32c4aadbd63.jpg
        )

)

DEBUG - 2025-12-05 01:07:49 --> Current User ID: 108
DEBUG - 2025-12-05 01:10:42 --> Session: Class initialized using 'CodeIgniter\Session\Handlers\FileHandler' driver.
DEBUG - 2025-12-05 01:10:42 --> Fetching children for guardian ID: 108
DEBUG - 2025-12-05 01:10:42 --> Number of children found: 2
DEBUG - 2025-12-05 01:10:42 --> Children data: Array
(
    [0] => stdClass Object
        (
            [guardian_id] => 108
            [admission_id] => 86
            [full_name] => Cale Felix Elca
            [profile_pic] => 1764595381_ab8cf416d0a86372ee5a.jpg
        )

    [1] => stdClass Object
        (
            [guardian_id] => 108
            [admission_id] => 87
            [full_name] => Felix Eduard Rogado
            [profile_pic] => 1764599783_a8db6a79f32c4aadbd63.jpg
        )

)

DEBUG - 2025-12-05 01:10:42 --> Current User ID: 108
DEBUG - 2025-12-05 01:13:55 --> Session: Class initialized using 'CodeIgniter\Session\Handlers\FileHandler' driver.
DEBUG - 2025-12-05 01:13:55 --> Fetching children for guardian ID: 108
DEBUG - 2025-12-05 01:13:55 --> Number of children found: 2
DEBUG - 2025-12-05 01:13:55 --> Children data: Array
(
    [0] => stdClass Object
        (
            [guardian_id] => 108
            [admission_id] => 86
            [full_name] => Cale Felix Elca
            [profile_pic] => 1764595381_ab8cf416d0a86372ee5a.jpg
        )

    [1] => stdClass Object
        (
            [guardian_id] => 108
            [admission_id] => 87
            [full_name] => Felix Eduard Rogado
            [profile_pic] => 1764599783_a8db6a79f32c4aadbd63.jpg
        )

)

DEBUG - 2025-12-05 01:13:55 --> Current User ID: 108
DEBUG - 2025-12-05 01:14:00 --> Session: Class initialized using 'CodeIgniter\Session\Handlers\FileHandler' driver.
DEBUG - 2025-12-05 01:14:00 --> Fetching children for guardian ID: 108
DEBUG - 2025-12-05 01:14:00 --> Number of children found: 2
DEBUG - 2025-12-05 01:14:00 --> Children data: Array
(
    [0] => stdClass Object
        (
            [guardian_id] => 108
            [admission_id] => 86
            [full_name] => Cale Felix Elca
            [profile_pic] => 1764595381_ab8cf416d0a86372ee5a.jpg
        )

    [1] => stdClass Object
        (
            [guardian_id] => 108
            [admission_id] => 87
            [full_name] => Felix Eduard Rogado
            [profile_pic] => 1764599783_a8db6a79f32c4aadbd63.jpg
        )

)

DEBUG - 2025-12-05 01:14:00 --> Current User ID: 108
DEBUG - 2025-12-05 01:14:23 --> Session: Class initialized using 'CodeIgniter\Session\Handlers\FileHandler' driver.
DEBUG - 2025-12-05 01:14:23 --> Fetching children for guardian ID: 108
DEBUG - 2025-12-05 01:14:23 --> Number of children found: 0
DEBUG - 2025-12-05 01:14:23 --> Children data: Array
(
)

DEBUG - 2025-12-05 01:14:23 --> Current User ID: 108
DEBUG - 2025-12-05 01:15:30 --> Session: Class initialized using 'CodeIgniter\Session\Handlers\FileHandler' driver.
DEBUG - 2025-12-05 01:15:37 --> Session: Class initialized using 'CodeIgniter\Session\Handlers\FileHandler' driver.
DEBUG - 2025-12-05 01:15:38 --> Session: Class initialized using 'CodeIgniter\Session\Handlers\FileHandler' driver.
DEBUG - 2025-12-05 01:15:38 --> Fetching children for guardian ID: 111
DEBUG - 2025-12-05 01:15:38 --> Number of children found: 0
DEBUG - 2025-12-05 01:15:38 --> Children data: Array
(
)

DEBUG - 2025-12-05 01:15:38 --> Current User ID: 111
DEBUG - 2025-12-05 01:28:15 --> Session: Class initialized using 'CodeIgniter\Session\Handlers\FileHandler' driver.
DEBUG - 2025-12-05 01:28:15 --> Fetching children for guardian ID: 111
DEBUG - 2025-12-05 01:28:15 --> Number of children found: 0
DEBUG - 2025-12-05 01:28:15 --> Children data: Array
(
)

DEBUG - 2025-12-05 01:28:31 --> Session: Class initialized using 'CodeIgniter\Session\Handlers\FileHandler' driver.
DEBUG - 2025-12-05 01:28:32 --> Session: Class initialized using 'CodeIgniter\Session\Handlers\FileHandler' driver.
DEBUG - 2025-12-05 01:28:33 --> Session: Class initialized using 'CodeIgniter\Session\Handlers\FileHandler' driver.
DEBUG - 2025-12-05 01:28:33 --> user_id: 1
DEBUG - 2025-12-05 01:28:47 --> Session: Class initialized using 'CodeIgniter\Session\Handlers\FileHandler' driver.
DEBUG - 2025-12-05 01:28:49 --> Session: Class initialized using 'CodeIgniter\Session\Handlers\FileHandler' driver.
DEBUG - 2025-12-05 01:28:49 --> Session: Class initialized using 'CodeIgniter\Session\Handlers\FileHandler' driver.
DEBUG - 2025-12-05 01:28:49 --> user_id: 1
DEBUG - 2025-12-05 01:28:51 --> Session: Class initialized using 'CodeIgniter\Session\Handlers\FileHandler' driver.
DEBUG - 2025-12-05 01:28:53 --> Session: Class initialized using 'CodeIgniter\Session\Handlers\FileHandler' driver.
DEBUG - 2025-12-05 01:28:56 --> Session: Class initialized using 'CodeIgniter\Session\Handlers\FileHandler' driver.
DEBUG - 2025-12-05 01:28:56 --> user_id: 1
DEBUG - 2025-12-05 01:28:57 --> Session: Class initialized using 'CodeIgniter\Session\Handlers\FileHandler' driver.
CRITICAL - 2025-12-05 01:29:48 --> Error: Class "App\Controllers\EnrollmentModel" not found
[Method: POST, Route: admission/save]
in APPPATH\Controllers\AdminController.php on line 1007.
 1 SYSTEMPATH\CodeIgniter.php(933): App\Controllers\AdminController->save()
 2 SYSTEMPATH\CodeIgniter.php(507): CodeIgniter\CodeIgniter->runController(Object(App\Controllers\AdminController))
 3 SYSTEMPATH\CodeIgniter.php(354): CodeIgniter\CodeIgniter->handleRequest(null, Object(Config\Cache), false)
 4 SYSTEMPATH\Boot.php(334): CodeIgniter\CodeIgniter->run()
 5 SYSTEMPATH\Boot.php(67): CodeIgniter\Boot::runCodeIgniter(Object(CodeIgniter\CodeIgniter))
 6 FCPATH\index.php(56): CodeIgniter\Boot::bootWeb(Object(Config\Paths))
CRITICAL - 2025-12-05 01:30:59 --> CodeIgniter\Database\Exceptions\DatabaseException: Updates are not allowed unless they contain a "where" or "like" clause.
[Method: POST, Route: admission/save]
in SYSTEMPATH\Model.php on line 456.
 1 SYSTEMPATH\BaseModel.php(1027): CodeIgniter\Model->doUpdate(null, [...])
 2 SYSTEMPATH\Model.php(863): CodeIgniter\BaseModel->update(null, [...])
 3 APPPATH\Controllers\AdminController.php(1025): CodeIgniter\Model->update()
 4 SYSTEMPATH\CodeIgniter.php(933): App\Controllers\AdminController->save()
 5 SYSTEMPATH\CodeIgniter.php(507): CodeIgniter\CodeIgniter->runController(Object(App\Controllers\AdminController))
 6 SYSTEMPATH\CodeIgniter.php(354): CodeIgniter\CodeIgniter->handleRequest(null, Object(Config\Cache), false)
 7 SYSTEMPATH\Boot.php(334): CodeIgniter\CodeIgniter->run()
 8 SYSTEMPATH\Boot.php(67): CodeIgniter\Boot::runCodeIgniter(Object(CodeIgniter\CodeIgniter))
 9 FCPATH\index.php(56): CodeIgniter\Boot::bootWeb(Object(Config\Paths))
DEBUG - 2025-12-05 01:31:13 --> Session: Class initialized using 'CodeIgniter\Session\Handlers\FileHandler' driver.
CRITICAL - 2025-12-05 01:31:22 --> CodeIgniter\Database\Exceptions\DatabaseException: Updates are not allowed unless they contain a "where" or "like" clause.
[Method: POST, Route: admission/save]
in SYSTEMPATH\Model.php on line 456.
 1 SYSTEMPATH\BaseModel.php(1027): CodeIgniter\Model->doUpdate(null, [...])
 2 SYSTEMPATH\Model.php(863): CodeIgniter\BaseModel->update(null, [...])
 3 APPPATH\Controllers\AdminController.php(1025): CodeIgniter\Model->update()
 4 SYSTEMPATH\CodeIgniter.php(933): App\Controllers\AdminController->save()
 5 SYSTEMPATH\CodeIgniter.php(507): CodeIgniter\CodeIgniter->runController(Object(App\Controllers\AdminController))
 6 SYSTEMPATH\CodeIgniter.php(354): CodeIgniter\CodeIgniter->handleRequest(null, Object(Config\Cache), false)
 7 SYSTEMPATH\Boot.php(334): CodeIgniter\CodeIgniter->run()
 8 SYSTEMPATH\Boot.php(67): CodeIgniter\Boot::runCodeIgniter(Object(CodeIgniter\CodeIgniter))
 9 FCPATH\index.php(56): CodeIgniter\Boot::bootWeb(Object(Config\Paths))
DEBUG - 2025-12-05 01:31:27 --> Session: Class initialized using 'CodeIgniter\Session\Handlers\FileHandler' driver.
CRITICAL - 2025-12-05 01:32:23 --> CodeIgniter\Database\Exceptions\DatabaseException: Updates are not allowed unless they contain a "where" or "like" clause.
[Method: POST, Route: admission/save]
in SYSTEMPATH\Model.php on line 456.
 1 SYSTEMPATH\BaseModel.php(1027): CodeIgniter\Model->doUpdate(null, [...])
 2 SYSTEMPATH\Model.php(863): CodeIgniter\BaseModel->update(null, [...])
 3 APPPATH\Controllers\AdminController.php(1025): CodeIgniter\Model->update()
 4 SYSTEMPATH\CodeIgniter.php(933): App\Controllers\AdminController->save()
 5 SYSTEMPATH\CodeIgniter.php(507): CodeIgniter\CodeIgniter->runController(Object(App\Controllers\AdminController))
 6 SYSTEMPATH\CodeIgniter.php(354): CodeIgniter\CodeIgniter->handleRequest(null, Object(Config\Cache), false)
 7 SYSTEMPATH\Boot.php(334): CodeIgniter\CodeIgniter->run()
 8 SYSTEMPATH\Boot.php(67): CodeIgniter\Boot::runCodeIgniter(Object(CodeIgniter\CodeIgniter))
 9 FCPATH\index.php(56): CodeIgniter\Boot::bootWeb(Object(Config\Paths))
DEBUG - 2025-12-05 01:33:48 --> Session: Class initialized using 'CodeIgniter\Session\Handlers\FileHandler' driver.
DEBUG - 2025-12-05 01:33:48 --> Session: Class initialized using 'CodeIgniter\Session\Handlers\FileHandler' driver.
DEBUG - 2025-12-05 01:33:48 --> user_id: 1
DEBUG - 2025-12-05 01:40:40 --> Session: Class initialized using 'CodeIgniter\Session\Handlers\FileHandler' driver.
DEBUG - 2025-12-05 01:40:45 --> Session: Class initialized using 'CodeIgniter\Session\Handlers\FileHandler' driver.
DEBUG - 2025-12-05 01:40:46 --> Session: Class initialized using 'CodeIgniter\Session\Handlers\FileHandler' driver.
DEBUG - 2025-12-05 01:40:55 --> Session: Class initialized using 'CodeIgniter\Session\Handlers\FileHandler' driver.
DEBUG - 2025-12-05 01:40:56 --> Session: Class initialized using 'CodeIgniter\Session\Handlers\FileHandler' driver.
DEBUG - 2025-12-05 01:40:56 --> Fetching children for guardian ID: 111
DEBUG - 2025-12-05 01:40:56 --> Number of children found: 0
DEBUG - 2025-12-05 01:40:56 --> Children data: Array
(
)

DEBUG - 2025-12-05 01:40:56 --> Current User ID: 111
DEBUG - 2025-12-05 01:40:59 --> Session: Class initialized using 'CodeIgniter\Session\Handlers\FileHandler' driver.
DEBUG - 2025-12-05 01:40:59 --> Fetching children for guardian ID: 111
DEBUG - 2025-12-05 01:40:59 --> Number of children found: 0
DEBUG - 2025-12-05 01:40:59 --> Children data: Array
(
)

DEBUG - 2025-12-05 01:44:54 --> Session: Class initialized using 'CodeIgniter\Session\Handlers\FileHandler' driver.
DEBUG - 2025-12-05 01:44:54 --> Fetching children for guardian ID: 111
DEBUG - 2025-12-05 01:44:54 --> Number of children found: 0
DEBUG - 2025-12-05 01:44:54 --> Children data: Array
(
)

DEBUG - 2025-12-05 01:45:52 --> Session: Class initialized using 'CodeIgniter\Session\Handlers\FileHandler' driver.
DEBUG - 2025-12-05 01:45:52 --> user_id: 111
DEBUG - 2025-12-05 01:45:52 --> Session: Class initialized using 'CodeIgniter\Session\Handlers\FileHandler' driver.
DEBUG - 2025-12-05 01:45:52 --> Fetching children for guardian ID: 111
DEBUG - 2025-12-05 01:45:52 --> Number of children found: 0
DEBUG - 2025-12-05 01:45:52 --> Children data: Array
(
)

DEBUG - 2025-12-05 01:45:52 --> Current User ID: 111
DEBUG - 2025-12-05 01:46:13 --> Session: Class initialized using 'CodeIgniter\Session\Handlers\FileHandler' driver.
DEBUG - 2025-12-05 12:33:57 --> Session: Class initialized using 'CodeIgniter\Session\Handlers\FileHandler' driver.
DEBUG - 2025-12-05 12:34:06 --> Session: Class initialized using 'CodeIgniter\Session\Handlers\FileHandler' driver.
DEBUG - 2025-12-05 12:34:08 --> Session: Class initialized using 'CodeIgniter\Session\Handlers\FileHandler' driver.
DEBUG - 2025-12-05 12:34:13 --> Session: Class initialized using 'CodeIgniter\Session\Handlers\FileHandler' driver.
DEBUG - 2025-12-05 12:34:14 --> Session: Class initialized using 'CodeIgniter\Session\Handlers\FileHandler' driver.
DEBUG - 2025-12-05 12:34:14 --> Fetching children for guardian ID: 111
DEBUG - 2025-12-05 12:34:14 --> Number of children found: 0
DEBUG - 2025-12-05 12:34:14 --> Children data: Array
(
)

DEBUG - 2025-12-05 12:34:14 --> Current User ID: 111
DEBUG - 2025-12-05 14:00:45 --> Session: Class initialized using 'CodeIgniter\Session\Handlers\FileHandler' driver.
DEBUG - 2025-12-05 14:09:47 --> Session: Class initialized using 'CodeIgniter\Session\Handlers\FileHandler' driver.
DEBUG - 2025-12-05 14:09:49 --> Session: Class initialized using 'CodeIgniter\Session\Handlers\FileHandler' driver.
DEBUG - 2025-12-05 14:09:49 --> user_id: 1
DEBUG - 2025-12-05 14:09:57 --> Session: Class initialized using 'CodeIgniter\Session\Handlers\FileHandler' driver.
DEBUG - 2025-12-05 14:09:57 --> user_id: 1
DEBUG - 2025-12-05 14:10:05 --> Session: Class initialized using 'CodeIgniter\Session\Handlers\FileHandler' driver.
DEBUG - 2025-12-05 14:10:09 --> Session: Class initialized using 'CodeIgniter\Session\Handlers\FileHandler' driver.
DEBUG - 2025-12-05 14:10:09 --> Session: Class initialized using 'CodeIgniter\Session\Handlers\FileHandler' driver.
DEBUG - 2025-12-05 14:10:14 --> Session: Class initialized using 'CodeIgniter\Session\Handlers\FileHandler' driver.
DEBUG - 2025-12-05 14:10:15 --> Session: Class initialized using 'CodeIgniter\Session\Handlers\FileHandler' driver.
DEBUG - 2025-12-05 14:10:15 --> Fetching children for guardian ID: 111
DEBUG - 2025-12-05 14:10:15 --> Number of children found: 0
DEBUG - 2025-12-05 14:10:15 --> Children data: Array
(
)

DEBUG - 2025-12-05 14:10:15 --> Current User ID: 111
DEBUG - 2025-12-05 14:13:13 --> Session: Class initialized using 'CodeIgniter\Session\Handlers\FileHandler' driver.
DEBUG - 2025-12-05 14:13:29 --> Session: Class initialized using 'CodeIgniter\Session\Handlers\FileHandler' driver.
DEBUG - 2025-12-05 14:13:29 --> Session: Class initialized using 'CodeIgniter\Session\Handlers\FileHandler' driver.
DEBUG - 2025-12-05 14:13:29 --> user_id: 1
DEBUG - 2025-12-05 14:17:06 --> Session: Class initialized using 'CodeIgniter\Session\Handlers\FileHandler' driver.
DEBUG - 2025-12-05 14:17:12 --> Session: Class initialized using 'CodeIgniter\Session\Handlers\FileHandler' driver.
DEBUG - 2025-12-05 14:17:12 --> Session: Class initialized using 'CodeIgniter\Session\Handlers\FileHandler' driver.
DEBUG - 2025-12-05 14:17:12 --> Fetching children for guardian ID: 111
DEBUG - 2025-12-05 14:17:12 --> Number of children found: 0
DEBUG - 2025-12-05 14:17:12 --> Children data: Array
(
)

DEBUG - 2025-12-05 14:17:12 --> Current User ID: 111
DEBUG - 2025-12-05 14:19:40 --> Session: Class initialized using 'CodeIgniter\Session\Handlers\FileHandler' driver.
DEBUG - 2025-12-05 14:19:40 --> Fetching children for guardian ID: 111
DEBUG - 2025-12-05 14:19:40 --> Number of children found: 0
DEBUG - 2025-12-05 14:19:40 --> Children data: Array
(
)

DEBUG - 2025-12-05 14:19:40 --> Current User ID: 111
DEBUG - 2025-12-05 14:20:03 --> Session: Class initialized using 'CodeIgniter\Session\Handlers\FileHandler' driver.
DEBUG - 2025-12-05 14:20:03 --> Fetching children for guardian ID: 111
DEBUG - 2025-12-05 14:20:03 --> Number of children found: 0
DEBUG - 2025-12-05 14:20:03 --> Children data: Array
(
)

DEBUG - 2025-12-05 14:20:03 --> Current User ID: 111
DEBUG - 2025-12-05 14:20:46 --> Session: Class initialized using 'CodeIgniter\Session\Handlers\FileHandler' driver.
DEBUG - 2025-12-05 14:20:46 --> Fetching children for guardian ID: 111
DEBUG - 2025-12-05 14:20:46 --> Number of children found: 0
DEBUG - 2025-12-05 14:20:46 --> Children data: Array
(
)

DEBUG - 2025-12-05 14:20:46 --> Current User ID: 111
DEBUG - 2025-12-05 14:22:02 --> Session: Class initialized using 'CodeIgniter\Session\Handlers\FileHandler' driver.
DEBUG - 2025-12-05 14:22:02 --> Fetching children for guardian ID: 111
DEBUG - 2025-12-05 14:22:02 --> Number of children found: 0
DEBUG - 2025-12-05 14:22:02 --> Children data: Array
(
)

DEBUG - 2025-12-05 14:22:02 --> Current User ID: 111
DEBUG - 2025-12-05 14:22:27 --> Session: Class initialized using 'CodeIgniter\Session\Handlers\FileHandler' driver.
DEBUG - 2025-12-05 14:22:27 --> Fetching children for guardian ID: 111
DEBUG - 2025-12-05 14:22:27 --> Number of children found: 0
DEBUG - 2025-12-05 14:22:27 --> Children data: Array
(
)

DEBUG - 2025-12-05 14:22:27 --> Current User ID: 111
DEBUG - 2025-12-05 14:47:51 --> Session: Class initialized using 'CodeIgniter\Session\Handlers\FileHandler' driver.
CRITICAL - 2025-12-05 14:47:51 --> ErrorException: Undefined variable $openingId
[Method: GET, Route: guardian/dashboard]
in APPPATH\Controllers\GuardianAccountController.php on line 42.
 1 APPPATH\Controllers\GuardianAccountController.php(42): CodeIgniter\Debug\Exceptions->errorHandler(2, 'Undefined variable $openingId', 'C:\\Users\\User\\Desktop\\xamp\\htdocs\\capstone\\app\\Controllers\\GuardianAccountController.php', 42)
 2 SYSTEMPATH\CodeIgniter.php(933): App\Controllers\GuardianAccountController->mainDashboard()
 3 SYSTEMPATH\CodeIgniter.php(507): CodeIgniter\CodeIgniter->runController(Object(App\Controllers\GuardianAccountController))
 4 SYSTEMPATH\CodeIgniter.php(354): CodeIgniter\CodeIgniter->handleRequest(null, Object(Config\Cache), false)
 5 SYSTEMPATH\Boot.php(334): CodeIgniter\CodeIgniter->run()
 6 SYSTEMPATH\Boot.php(67): CodeIgniter\Boot::runCodeIgniter(Object(CodeIgniter\CodeIgniter))
 7 FCPATH\index.php(56): CodeIgniter\Boot::bootWeb(Object(Config\Paths))
DEBUG - 2025-12-05 14:48:39 --> Session: Class initialized using 'CodeIgniter\Session\Handlers\FileHandler' driver.
DEBUG - 2025-12-05 14:48:39 --> Fetching children for guardian ID: 111
DEBUG - 2025-12-05 14:48:39 --> Number of children found: 0
DEBUG - 2025-12-05 14:48:39 --> Children data: Array
(
)

DEBUG - 2025-12-05 14:48:39 --> Current User ID: 111
CRITICAL - 2025-12-05 14:48:39 --> TypeError: Cannot access offset of type string on string
[Method: GET, Route: guardian/dashboard]
in APPPATH\Views\guardian\dashboard.php on line 173.
 1 SYSTEMPATH\View\View.php(224): include()
 2 SYSTEMPATH\View\View.php(227): CodeIgniter\View\View->CodeIgniter\View\{closure}()
 3 SYSTEMPATH\Common.php(1173): CodeIgniter\View\View->render('guardian/dashboard', [], true)
 4 APPPATH\Controllers\GuardianAccountController.php(84): view('guardian/dashboard', [...])
 5 SYSTEMPATH\CodeIgniter.php(933): App\Controllers\GuardianAccountController->mainDashboard()
 6 SYSTEMPATH\CodeIgniter.php(507): CodeIgniter\CodeIgniter->runController(Object(App\Controllers\GuardianAccountController))
 7 SYSTEMPATH\CodeIgniter.php(354): CodeIgniter\CodeIgniter->handleRequest(null, Object(Config\Cache), false)
 8 SYSTEMPATH\Boot.php(334): CodeIgniter\CodeIgniter->run()
 9 SYSTEMPATH\Boot.php(67): CodeIgniter\Boot::runCodeIgniter(Object(CodeIgniter\CodeIgniter))
10 FCPATH\index.php(56): CodeIgniter\Boot::bootWeb(Object(Config\Paths))
DEBUG - 2025-12-05 14:49:44 --> Session: Class initialized using 'CodeIgniter\Session\Handlers\FileHandler' driver.
DEBUG - 2025-12-05 14:49:44 --> Fetching children for guardian ID: 111
DEBUG - 2025-12-05 14:49:44 --> Number of children found: 0
DEBUG - 2025-12-05 14:49:44 --> Children data: Array
(
)

DEBUG - 2025-12-05 14:49:44 --> Current User ID: 111
CRITICAL - 2025-12-05 14:49:44 --> TypeError: Cannot access offset of type string on string
[Method: GET, Route: guardian/dashboard]
in APPPATH\Views\guardian\dashboard.php on line 173.
 1 SYSTEMPATH\View\View.php(224): include()
 2 SYSTEMPATH\View\View.php(227): CodeIgniter\View\View->CodeIgniter\View\{closure}()
 3 SYSTEMPATH\Common.php(1173): CodeIgniter\View\View->render('guardian/dashboard', [], true)
 4 APPPATH\Controllers\GuardianAccountController.php(84): view('guardian/dashboard', [...])
 5 SYSTEMPATH\CodeIgniter.php(933): App\Controllers\GuardianAccountController->mainDashboard()
 6 SYSTEMPATH\CodeIgniter.php(507): CodeIgniter\CodeIgniter->runController(Object(App\Controllers\GuardianAccountController))
 7 SYSTEMPATH\CodeIgniter.php(354): CodeIgniter\CodeIgniter->handleRequest(null, Object(Config\Cache), false)
 8 SYSTEMPATH\Boot.php(334): CodeIgniter\CodeIgniter->run()
 9 SYSTEMPATH\Boot.php(67): CodeIgniter\Boot::runCodeIgniter(Object(CodeIgniter\CodeIgniter))
10 FCPATH\index.php(56): CodeIgniter\Boot::bootWeb(Object(Config\Paths))
DEBUG - 2025-12-05 14:49:45 --> Session: Class initialized using 'CodeIgniter\Session\Handlers\FileHandler' driver.
DEBUG - 2025-12-05 14:49:45 --> Fetching children for guardian ID: 111
DEBUG - 2025-12-05 14:49:45 --> Number of children found: 0
DEBUG - 2025-12-05 14:49:45 --> Children data: Array
(
)

DEBUG - 2025-12-05 14:49:45 --> Current User ID: 111
CRITICAL - 2025-12-05 14:49:45 --> TypeError: Cannot access offset of type string on string
[Method: GET, Route: guardian/dashboard]
in APPPATH\Views\guardian\dashboard.php on line 173.
 1 SYSTEMPATH\View\View.php(224): include()
 2 SYSTEMPATH\View\View.php(227): CodeIgniter\View\View->CodeIgniter\View\{closure}()
 3 SYSTEMPATH\Common.php(1173): CodeIgniter\View\View->render('guardian/dashboard', [], true)
 4 APPPATH\Controllers\GuardianAccountController.php(84): view('guardian/dashboard', [...])
 5 SYSTEMPATH\CodeIgniter.php(933): App\Controllers\GuardianAccountController->mainDashboard()
 6 SYSTEMPATH\CodeIgniter.php(507): CodeIgniter\CodeIgniter->runController(Object(App\Controllers\GuardianAccountController))
 7 SYSTEMPATH\CodeIgniter.php(354): CodeIgniter\CodeIgniter->handleRequest(null, Object(Config\Cache), false)
 8 SYSTEMPATH\Boot.php(334): CodeIgniter\CodeIgniter->run()
 9 SYSTEMPATH\Boot.php(67): CodeIgniter\Boot::runCodeIgniter(Object(CodeIgniter\CodeIgniter))
10 FCPATH\index.php(56): CodeIgniter\Boot::bootWeb(Object(Config\Paths))
DEBUG - 2025-12-05 14:50:32 --> Session: Class initialized using 'CodeIgniter\Session\Handlers\FileHandler' driver.
DEBUG - 2025-12-05 14:50:32 --> Fetching children for guardian ID: 111
DEBUG - 2025-12-05 14:50:32 --> Number of children found: 0
DEBUG - 2025-12-05 14:50:32 --> Children data: Array
(
)

DEBUG - 2025-12-05 14:50:32 --> Current User ID: 111
CRITICAL - 2025-12-05 14:50:32 --> TypeError: Cannot access offset of type string on string
[Method: GET, Route: guardian/dashboard]
in APPPATH\Views\guardian\dashboard.php on line 173.
 1 SYSTEMPATH\View\View.php(224): include()
 2 SYSTEMPATH\View\View.php(227): CodeIgniter\View\View->CodeIgniter\View\{closure}()
 3 SYSTEMPATH\Common.php(1173): CodeIgniter\View\View->render('guardian/dashboard', [], true)
 4 APPPATH\Controllers\GuardianAccountController.php(84): view('guardian/dashboard', [...])
 5 SYSTEMPATH\CodeIgniter.php(933): App\Controllers\GuardianAccountController->mainDashboard()
 6 SYSTEMPATH\CodeIgniter.php(507): CodeIgniter\CodeIgniter->runController(Object(App\Controllers\GuardianAccountController))
 7 SYSTEMPATH\CodeIgniter.php(354): CodeIgniter\CodeIgniter->handleRequest(null, Object(Config\Cache), false)
 8 SYSTEMPATH\Boot.php(334): CodeIgniter\CodeIgniter->run()
 9 SYSTEMPATH\Boot.php(67): CodeIgniter\Boot::runCodeIgniter(Object(CodeIgniter\CodeIgniter))
10 FCPATH\index.php(56): CodeIgniter\Boot::bootWeb(Object(Config\Paths))
DEBUG - 2025-12-05 14:51:37 --> Session: Class initialized using 'CodeIgniter\Session\Handlers\FileHandler' driver.
DEBUG - 2025-12-05 14:51:37 --> Fetching children for guardian ID: 111
DEBUG - 2025-12-05 14:51:37 --> Number of children found: 0
DEBUG - 2025-12-05 14:51:37 --> Children data: Array
(
)

DEBUG - 2025-12-05 14:51:37 --> Current User ID: 111
DEBUG - 2025-12-05 14:56:23 --> Session: Class initialized using 'CodeIgniter\Session\Handlers\FileHandler' driver.
DEBUG - 2025-12-05 14:56:23 --> Fetching children for guardian ID: 111
DEBUG - 2025-12-05 14:56:23 --> Number of children found: 0
DEBUG - 2025-12-05 14:56:23 --> Children data: Array
(
)

DEBUG - 2025-12-05 14:56:23 --> Current User ID: 111
DEBUG - 2025-12-05 14:56:25 --> Session: Class initialized using 'CodeIgniter\Session\Handlers\FileHandler' driver.
DEBUG - 2025-12-05 14:56:26 --> Session: Class initialized using 'CodeIgniter\Session\Handlers\FileHandler' driver.
DEBUG - 2025-12-05 14:56:26 --> Fetching children for guardian ID: 111
DEBUG - 2025-12-05 14:56:26 --> Number of children found: 0
DEBUG - 2025-12-05 14:56:26 --> Children data: Array
(
)

DEBUG - 2025-12-05 14:56:26 --> Current User ID: 111
DEBUG - 2025-12-05 14:57:11 --> Session: Class initialized using 'CodeIgniter\Session\Handlers\FileHandler' driver.
DEBUG - 2025-12-05 14:57:11 --> Fetching children for guardian ID: 111
DEBUG - 2025-12-05 14:57:11 --> Number of children found: 0
DEBUG - 2025-12-05 14:57:11 --> Children data: Array
(
)

DEBUG - 2025-12-05 14:57:11 --> Current User ID: 111
DEBUG - 2025-12-05 14:57:14 --> Session: Class initialized using 'CodeIgniter\Session\Handlers\FileHandler' driver.
DEBUG - 2025-12-05 14:57:15 --> Session: Class initialized using 'CodeIgniter\Session\Handlers\FileHandler' driver.
DEBUG - 2025-12-05 14:57:15 --> Fetching children for guardian ID: 111
DEBUG - 2025-12-05 14:57:15 --> Number of children found: 0
DEBUG - 2025-12-05 14:57:15 --> Children data: Array
(
)

DEBUG - 2025-12-05 14:57:15 --> Current User ID: 111
DEBUG - 2025-12-05 14:57:17 --> Session: Class initialized using 'CodeIgniter\Session\Handlers\FileHandler' driver.
DEBUG - 2025-12-05 14:57:17 --> Session: Class initialized using 'CodeIgniter\Session\Handlers\FileHandler' driver.
DEBUG - 2025-12-05 14:57:17 --> Fetching children for guardian ID: 111
DEBUG - 2025-12-05 14:57:17 --> Number of children found: 0
DEBUG - 2025-12-05 14:57:17 --> Children data: Array
(
)

DEBUG - 2025-12-05 14:57:17 --> Current User ID: 111
DEBUG - 2025-12-05 14:57:20 --> Session: Class initialized using 'CodeIgniter\Session\Handlers\FileHandler' driver.
DEBUG - 2025-12-05 14:57:20 --> Session: Class initialized using 'CodeIgniter\Session\Handlers\FileHandler' driver.
DEBUG - 2025-12-05 14:57:20 --> Fetching children for guardian ID: 111
DEBUG - 2025-12-05 14:57:20 --> Number of children found: 0
DEBUG - 2025-12-05 14:57:20 --> Children data: Array
(
)

DEBUG - 2025-12-05 14:57:20 --> Current User ID: 111
DEBUG - 2025-12-05 14:59:15 --> Session: Class initialized using 'CodeIgniter\Session\Handlers\FileHandler' driver.
DEBUG - 2025-12-05 14:59:18 --> Session: Class initialized using 'CodeIgniter\Session\Handlers\FileHandler' driver.
DEBUG - 2025-12-05 14:59:18 --> Session: Class initialized using 'CodeIgniter\Session\Handlers\FileHandler' driver.
DEBUG - 2025-12-05 14:59:18 --> user_id: 111
DEBUG - 2025-12-05 14:59:18 --> User not found for user_id: 111
DEBUG - 2025-12-05 14:59:26 --> Session: Class initialized using 'CodeIgniter\Session\Handlers\FileHandler' driver.
DEBUG - 2025-12-05 14:59:30 --> Session: Class initialized using 'CodeIgniter\Session\Handlers\FileHandler' driver.
DEBUG - 2025-12-05 14:59:30 --> Session: Class initialized using 'CodeIgniter\Session\Handlers\FileHandler' driver.
DEBUG - 2025-12-05 14:59:30 --> user_id: 111
DEBUG - 2025-12-05 14:59:30 --> User not found for user_id: 111
DEBUG - 2025-12-05 14:59:40 --> Session: Class initialized using 'CodeIgniter\Session\Handlers\FileHandler' driver.
DEBUG - 2025-12-05 14:59:47 --> Session: Class initialized using 'CodeIgniter\Session\Handlers\FileHandler' driver.
DEBUG - 2025-12-05 14:59:47 --> Session: Class initialized using 'CodeIgniter\Session\Handlers\FileHandler' driver.
DEBUG - 2025-12-05 14:59:47 --> Fetching children for guardian ID: 111
DEBUG - 2025-12-05 14:59:47 --> Number of children found: 0
DEBUG - 2025-12-05 14:59:47 --> Children data: Array
(
)

DEBUG - 2025-12-05 14:59:47 --> Current User ID: 111
DEBUG - 2025-12-05 14:59:54 --> Session: Class initialized using 'CodeIgniter\Session\Handlers\FileHandler' driver.
DEBUG - 2025-12-05 14:59:55 --> Session: Class initialized using 'CodeIgniter\Session\Handlers\FileHandler' driver.
DEBUG - 2025-12-05 14:59:55 --> Fetching children for guardian ID: 111
DEBUG - 2025-12-05 14:59:55 --> Number of children found: 0
DEBUG - 2025-12-05 14:59:55 --> Children data: Array
(
)

DEBUG - 2025-12-05 14:59:55 --> Current User ID: 111
DEBUG - 2025-12-05 14:59:57 --> Session: Class initialized using 'CodeIgniter\Session\Handlers\FileHandler' driver.
DEBUG - 2025-12-05 14:59:57 --> Session: Class initialized using 'CodeIgniter\Session\Handlers\FileHandler' driver.
DEBUG - 2025-12-05 14:59:57 --> Fetching children for guardian ID: 111
DEBUG - 2025-12-05 14:59:57 --> Number of children found: 0
DEBUG - 2025-12-05 14:59:57 --> Children data: Array
(
)

DEBUG - 2025-12-05 14:59:57 --> Current User ID: 111
DEBUG - 2025-12-05 15:00:03 --> Session: Class initialized using 'CodeIgniter\Session\Handlers\FileHandler' driver.
DEBUG - 2025-12-05 15:00:03 --> Session: Class initialized using 'CodeIgniter\Session\Handlers\FileHandler' driver.
DEBUG - 2025-12-05 15:00:03 --> Fetching children for guardian ID: 111
DEBUG - 2025-12-05 15:00:03 --> Number of children found: 0
DEBUG - 2025-12-05 15:00:03 --> Children data: Array
(
)

DEBUG - 2025-12-05 15:00:03 --> Current User ID: 111
DEBUG - 2025-12-05 15:00:07 --> Session: Class initialized using 'CodeIgniter\Session\Handlers\FileHandler' driver.
DEBUG - 2025-12-05 15:00:08 --> Session: Class initialized using 'CodeIgniter\Session\Handlers\FileHandler' driver.
DEBUG - 2025-12-05 15:00:08 --> Fetching children for guardian ID: 111
DEBUG - 2025-12-05 15:00:08 --> Number of children found: 0
DEBUG - 2025-12-05 15:00:08 --> Children data: Array
(
)

DEBUG - 2025-12-05 15:00:08 --> Current User ID: 111
DEBUG - 2025-12-05 15:00:15 --> Session: Class initialized using 'CodeIgniter\Session\Handlers\FileHandler' driver.
DEBUG - 2025-12-05 15:00:15 --> Session: Class initialized using 'CodeIgniter\Session\Handlers\FileHandler' driver.
DEBUG - 2025-12-05 15:00:15 --> Fetching children for guardian ID: 111
DEBUG - 2025-12-05 15:00:15 --> Number of children found: 0
DEBUG - 2025-12-05 15:00:15 --> Children data: Array
(
)

DEBUG - 2025-12-05 15:00:15 --> Current User ID: 111
DEBUG - 2025-12-05 15:00:21 --> Session: Class initialized using 'CodeIgniter\Session\Handlers\FileHandler' driver.
DEBUG - 2025-12-05 15:00:21 --> Session: Class initialized using 'CodeIgniter\Session\Handlers\FileHandler' driver.
DEBUG - 2025-12-05 15:00:21 --> Fetching children for guardian ID: 111
DEBUG - 2025-12-05 15:00:21 --> Number of children found: 0
DEBUG - 2025-12-05 15:00:21 --> Children data: Array
(
)

DEBUG - 2025-12-05 15:00:21 --> Current User ID: 111
DEBUG - 2025-12-05 15:00:27 --> Session: Class initialized using 'CodeIgniter\Session\Handlers\FileHandler' driver.
DEBUG - 2025-12-05 15:00:27 --> Fetching children for guardian ID: 111
DEBUG - 2025-12-05 15:00:27 --> Number of children found: 0
DEBUG - 2025-12-05 15:00:27 --> Children data: Array
(
)

DEBUG - 2025-12-05 15:00:27 --> Current User ID: 111
DEBUG - 2025-12-05 15:02:02 --> Session: Class initialized using 'CodeIgniter\Session\Handlers\FileHandler' driver.
DEBUG - 2025-12-05 15:02:09 --> Session: Class initialized using 'CodeIgniter\Session\Handlers\FileHandler' driver.
DEBUG - 2025-12-05 15:02:09 --> Session: Class initialized using 'CodeIgniter\Session\Handlers\FileHandler' driver.
DEBUG - 2025-12-05 15:02:19 --> Session: Class initialized using 'CodeIgniter\Session\Handlers\FileHandler' driver.
DEBUG - 2025-12-05 15:02:20 --> Session: Class initialized using 'CodeIgniter\Session\Handlers\FileHandler' driver.
DEBUG - 2025-12-05 15:02:20 --> Fetching children for guardian ID: 111
DEBUG - 2025-12-05 15:02:20 --> Number of children found: 0
DEBUG - 2025-12-05 15:02:20 --> Children data: Array
(
)

DEBUG - 2025-12-05 15:02:20 --> Current User ID: 111
DEBUG - 2025-12-05 15:03:32 --> Session: Class initialized using 'CodeIgniter\Session\Handlers\FileHandler' driver.
DEBUG - 2025-12-05 15:03:32 --> Fetching children for guardian ID: 111
DEBUG - 2025-12-05 15:03:32 --> Number of children found: 0
DEBUG - 2025-12-05 15:03:32 --> Children data: Array
(
)

DEBUG - 2025-12-05 15:03:32 --> Current User ID: 111
DEBUG - 2025-12-05 15:03:34 --> Session: Class initialized using 'CodeIgniter\Session\Handlers\FileHandler' driver.
DEBUG - 2025-12-05 15:03:40 --> Session: Class initialized using 'CodeIgniter\Session\Handlers\FileHandler' driver.
DEBUG - 2025-12-05 15:03:40 --> Session: Class initialized using 'CodeIgniter\Session\Handlers\FileHandler' driver.
DEBUG - 2025-12-05 15:03:40 --> Fetching children for guardian ID: 111
DEBUG - 2025-12-05 15:03:40 --> Number of children found: 0
DEBUG - 2025-12-05 15:03:40 --> Children data: Array
(
)

DEBUG - 2025-12-05 15:03:40 --> Current User ID: 111
DEBUG - 2025-12-05 15:07:12 --> Session: Class initialized using 'CodeIgniter\Session\Handlers\FileHandler' driver.
DEBUG - 2025-12-05 15:07:16 --> Session: Class initialized using 'CodeIgniter\Session\Handlers\FileHandler' driver.
DEBUG - 2025-12-05 15:07:16 --> Session: Class initialized using 'CodeIgniter\Session\Handlers\FileHandler' driver.
DEBUG - 2025-12-05 15:07:16 --> user_id: 1
DEBUG - 2025-12-05 15:07:19 --> Session: Class initialized using 'CodeIgniter\Session\Handlers\FileHandler' driver.
DEBUG - 2025-12-05 15:07:24 --> Session: Class initialized using 'CodeIgniter\Session\Handlers\FileHandler' driver.
DEBUG - 2025-12-05 15:07:24 --> Session: Class initialized using 'CodeIgniter\Session\Handlers\FileHandler' driver.
DEBUG - 2025-12-05 15:07:24 --> Fetching children for guardian ID: 111
DEBUG - 2025-12-05 15:07:24 --> Number of children found: 0
DEBUG - 2025-12-05 15:07:24 --> Children data: Array
(
)

DEBUG - 2025-12-05 15:07:24 --> Current User ID: 111
DEBUG - 2025-12-05 15:07:36 --> Session: Class initialized using 'CodeIgniter\Session\Handlers\FileHandler' driver.
DEBUG - 2025-12-05 15:07:36 --> Session: Class initialized using 'CodeIgniter\Session\Handlers\FileHandler' driver.
DEBUG - 2025-12-05 15:07:36 --> Fetching children for guardian ID: 111
DEBUG - 2025-12-05 15:07:36 --> Number of children found: 0
DEBUG - 2025-12-05 15:07:36 --> Children data: Array
(
)

DEBUG - 2025-12-05 15:07:36 --> Current User ID: 111
DEBUG - 2025-12-05 15:07:38 --> Session: Class initialized using 'CodeIgniter\Session\Handlers\FileHandler' driver.
DEBUG - 2025-12-05 15:07:38 --> Session: Class initialized using 'CodeIgniter\Session\Handlers\FileHandler' driver.
DEBUG - 2025-12-05 15:07:38 --> Fetching children for guardian ID: 111
DEBUG - 2025-12-05 15:07:38 --> Number of children found: 0
DEBUG - 2025-12-05 15:07:38 --> Children data: Array
(
)

DEBUG - 2025-12-05 15:07:38 --> Current User ID: 111
DEBUG - 2025-12-05 15:07:40 --> Session: Class initialized using 'CodeIgniter\Session\Handlers\FileHandler' driver.
DEBUG - 2025-12-05 15:07:40 --> Session: Class initialized using 'CodeIgniter\Session\Handlers\FileHandler' driver.
DEBUG - 2025-12-05 15:07:40 --> Fetching children for guardian ID: 111
DEBUG - 2025-12-05 15:07:40 --> Number of children found: 0
DEBUG - 2025-12-05 15:07:40 --> Children data: Array
(
)

DEBUG - 2025-12-05 15:07:40 --> Current User ID: 111
DEBUG - 2025-12-05 15:07:42 --> Session: Class initialized using 'CodeIgniter\Session\Handlers\FileHandler' driver.
DEBUG - 2025-12-05 15:07:43 --> Session: Class initialized using 'CodeIgniter\Session\Handlers\FileHandler' driver.
DEBUG - 2025-12-05 15:07:43 --> Fetching children for guardian ID: 111
DEBUG - 2025-12-05 15:07:43 --> Number of children found: 0
DEBUG - 2025-12-05 15:07:43 --> Children data: Array
(
)

DEBUG - 2025-12-05 15:07:43 --> Current User ID: 111
DEBUG - 2025-12-05 15:07:45 --> Session: Class initialized using 'CodeIgniter\Session\Handlers\FileHandler' driver.
DEBUG - 2025-12-05 15:07:45 --> Session: Class initialized using 'CodeIgniter\Session\Handlers\FileHandler' driver.
DEBUG - 2025-12-05 15:07:45 --> Fetching children for guardian ID: 111
DEBUG - 2025-12-05 15:07:45 --> Number of children found: 0
DEBUG - 2025-12-05 15:07:45 --> Children data: Array
(
)

DEBUG - 2025-12-05 15:07:45 --> Current User ID: 111
DEBUG - 2025-12-05 15:07:48 --> Session: Class initialized using 'CodeIgniter\Session\Handlers\FileHandler' driver.
DEBUG - 2025-12-05 15:07:48 --> Session: Class initialized using 'CodeIgniter\Session\Handlers\FileHandler' driver.
DEBUG - 2025-12-05 15:07:48 --> Fetching children for guardian ID: 111
DEBUG - 2025-12-05 15:07:48 --> Number of children found: 0
DEBUG - 2025-12-05 15:07:48 --> Children data: Array
(
)

DEBUG - 2025-12-05 15:07:48 --> Current User ID: 111
DEBUG - 2025-12-05 15:08:07 --> Session: Class initialized using 'CodeIgniter\Session\Handlers\FileHandler' driver.
DEBUG - 2025-12-05 15:08:07 --> Session: Class initialized using 'CodeIgniter\Session\Handlers\FileHandler' driver.
DEBUG - 2025-12-05 15:08:07 --> Fetching children for guardian ID: 111
DEBUG - 2025-12-05 15:08:07 --> Number of children found: 0
DEBUG - 2025-12-05 15:08:07 --> Children data: Array
(
)

DEBUG - 2025-12-05 15:08:07 --> Current User ID: 111
DEBUG - 2025-12-05 15:08:39 --> Session: Class initialized using 'CodeIgniter\Session\Handlers\FileHandler' driver.
DEBUG - 2025-12-05 15:08:39 --> Session: Class initialized using 'CodeIgniter\Session\Handlers\FileHandler' driver.
DEBUG - 2025-12-05 15:08:39 --> Fetching children for guardian ID: 111
DEBUG - 2025-12-05 15:08:39 --> Number of children found: 0
DEBUG - 2025-12-05 15:08:39 --> Children data: Array
(
)

DEBUG - 2025-12-05 15:08:39 --> Current User ID: 111
DEBUG - 2025-12-05 15:09:07 --> Session: Class initialized using 'CodeIgniter\Session\Handlers\FileHandler' driver.
DEBUG - 2025-12-05 15:09:07 --> Fetching children for guardian ID: 111
DEBUG - 2025-12-05 15:09:07 --> Number of children found: 0
DEBUG - 2025-12-05 15:09:07 --> Children data: Array
(
)

DEBUG - 2025-12-05 15:09:07 --> Current User ID: 111
DEBUG - 2025-12-05 15:09:30 --> Session: Class initialized using 'CodeIgniter\Session\Handlers\FileHandler' driver.
DEBUG - 2025-12-05 15:09:30 --> Fetching children for guardian ID: 111
DEBUG - 2025-12-05 15:09:30 --> Number of children found: 0
DEBUG - 2025-12-05 15:09:30 --> Children data: Array
(
)

DEBUG - 2025-12-05 15:09:30 --> Current User ID: 111
DEBUG - 2025-12-05 15:09:34 --> Session: Class initialized using 'CodeIgniter\Session\Handlers\FileHandler' driver.
DEBUG - 2025-12-05 15:09:34 --> Session: Class initialized using 'CodeIgniter\Session\Handlers\FileHandler' driver.
DEBUG - 2025-12-05 15:09:34 --> Fetching children for guardian ID: 111
DEBUG - 2025-12-05 15:09:34 --> Number of children found: 0
DEBUG - 2025-12-05 15:09:34 --> Children data: Array
(
)

DEBUG - 2025-12-05 15:09:34 --> Current User ID: 111
DEBUG - 2025-12-05 15:09:47 --> Session: Class initialized using 'CodeIgniter\Session\Handlers\FileHandler' driver.
DEBUG - 2025-12-05 15:09:47 --> Session: Class initialized using 'CodeIgniter\Session\Handlers\FileHandler' driver.
DEBUG - 2025-12-05 15:09:47 --> Fetching children for guardian ID: 111
DEBUG - 2025-12-05 15:09:47 --> Number of children found: 0
DEBUG - 2025-12-05 15:09:47 --> Children data: Array
(
)

DEBUG - 2025-12-05 15:09:47 --> Current User ID: 111
DEBUG - 2025-12-05 15:09:55 --> Session: Class initialized using 'CodeIgniter\Session\Handlers\FileHandler' driver.
DEBUG - 2025-12-05 15:09:55 --> Session: Class initialized using 'CodeIgniter\Session\Handlers\FileHandler' driver.
DEBUG - 2025-12-05 15:09:55 --> Fetching children for guardian ID: 111
DEBUG - 2025-12-05 15:09:55 --> Number of children found: 0
DEBUG - 2025-12-05 15:09:55 --> Children data: Array
(
)

DEBUG - 2025-12-05 15:09:55 --> Current User ID: 111
DEBUG - 2025-12-05 15:09:59 --> Session: Class initialized using 'CodeIgniter\Session\Handlers\FileHandler' driver.
DEBUG - 2025-12-05 15:10:00 --> Session: Class initialized using 'CodeIgniter\Session\Handlers\FileHandler' driver.
DEBUG - 2025-12-05 15:10:00 --> Fetching children for guardian ID: 111
DEBUG - 2025-12-05 15:10:00 --> Number of children found: 0
DEBUG - 2025-12-05 15:10:00 --> Children data: Array
(
)

DEBUG - 2025-12-05 15:10:00 --> Current User ID: 111
DEBUG - 2025-12-05 15:10:04 --> Session: Class initialized using 'CodeIgniter\Session\Handlers\FileHandler' driver.
DEBUG - 2025-12-05 15:10:04 --> Session: Class initialized using 'CodeIgniter\Session\Handlers\FileHandler' driver.
DEBUG - 2025-12-05 15:10:04 --> Fetching children for guardian ID: 111
DEBUG - 2025-12-05 15:10:04 --> Number of children found: 0
DEBUG - 2025-12-05 15:10:04 --> Children data: Array
(
)

DEBUG - 2025-12-05 15:10:04 --> Current User ID: 111
DEBUG - 2025-12-05 15:10:08 --> Session: Class initialized using 'CodeIgniter\Session\Handlers\FileHandler' driver.
DEBUG - 2025-12-05 15:10:09 --> Session: Class initialized using 'CodeIgniter\Session\Handlers\FileHandler' driver.
DEBUG - 2025-12-05 15:10:09 --> Fetching children for guardian ID: 111
DEBUG - 2025-12-05 15:10:09 --> Number of children found: 0
DEBUG - 2025-12-05 15:10:09 --> Children data: Array
(
)

DEBUG - 2025-12-05 15:10:09 --> Current User ID: 111
DEBUG - 2025-12-05 15:10:13 --> Session: Class initialized using 'CodeIgniter\Session\Handlers\FileHandler' driver.
DEBUG - 2025-12-05 15:10:13 --> Session: Class initialized using 'CodeIgniter\Session\Handlers\FileHandler' driver.
DEBUG - 2025-12-05 15:10:13 --> Fetching children for guardian ID: 111
DEBUG - 2025-12-05 15:10:13 --> Number of children found: 0
DEBUG - 2025-12-05 15:10:13 --> Children data: Array
(
)

DEBUG - 2025-12-05 15:10:13 --> Current User ID: 111
DEBUG - 2025-12-05 15:10:17 --> Session: Class initialized using 'CodeIgniter\Session\Handlers\FileHandler' driver.
DEBUG - 2025-12-05 15:10:18 --> Session: Class initialized using 'CodeIgniter\Session\Handlers\FileHandler' driver.
DEBUG - 2025-12-05 15:10:18 --> Fetching children for guardian ID: 111
DEBUG - 2025-12-05 15:10:18 --> Number of children found: 0
DEBUG - 2025-12-05 15:10:18 --> Children data: Array
(
)

DEBUG - 2025-12-05 15:10:18 --> Current User ID: 111
DEBUG - 2025-12-05 15:10:23 --> Session: Class initialized using 'CodeIgniter\Session\Handlers\FileHandler' driver.
DEBUG - 2025-12-05 15:10:23 --> Session: Class initialized using 'CodeIgniter\Session\Handlers\FileHandler' driver.
DEBUG - 2025-12-05 15:10:23 --> Fetching children for guardian ID: 111
DEBUG - 2025-12-05 15:10:23 --> Number of children found: 0
DEBUG - 2025-12-05 15:10:23 --> Children data: Array
(
)

DEBUG - 2025-12-05 15:10:23 --> Current User ID: 111
DEBUG - 2025-12-05 15:10:28 --> Session: Class initialized using 'CodeIgniter\Session\Handlers\FileHandler' driver.
DEBUG - 2025-12-05 15:10:28 --> Session: Class initialized using 'CodeIgniter\Session\Handlers\FileHandler' driver.
DEBUG - 2025-12-05 15:10:28 --> Fetching children for guardian ID: 111
DEBUG - 2025-12-05 15:10:28 --> Number of children found: 0
DEBUG - 2025-12-05 15:10:28 --> Children data: Array
(
)

DEBUG - 2025-12-05 15:10:28 --> Current User ID: 111
DEBUG - 2025-12-05 15:10:32 --> Session: Class initialized using 'CodeIgniter\Session\Handlers\FileHandler' driver.
DEBUG - 2025-12-05 15:10:33 --> Session: Class initialized using 'CodeIgniter\Session\Handlers\FileHandler' driver.
DEBUG - 2025-12-05 15:10:33 --> Fetching children for guardian ID: 111
DEBUG - 2025-12-05 15:10:33 --> Number of children found: 0
DEBUG - 2025-12-05 15:10:33 --> Children data: Array
(
)

DEBUG - 2025-12-05 15:10:33 --> Current User ID: 111
DEBUG - 2025-12-05 15:11:00 --> Session: Class initialized using 'CodeIgniter\Session\Handlers\FileHandler' driver.
DEBUG - 2025-12-05 15:11:00 --> Fetching children for guardian ID: 111
DEBUG - 2025-12-05 15:11:00 --> Number of children found: 0
DEBUG - 2025-12-05 15:11:00 --> Children data: Array
(
)

DEBUG - 2025-12-05 15:11:00 --> Current User ID: 111
DEBUG - 2025-12-05 15:11:41 --> Session: Class initialized using 'CodeIgniter\Session\Handlers\FileHandler' driver.
DEBUG - 2025-12-05 15:11:48 --> Session: Class initialized using 'CodeIgniter\Session\Handlers\FileHandler' driver.
DEBUG - 2025-12-05 15:11:49 --> Session: Class initialized using 'CodeIgniter\Session\Handlers\FileHandler' driver.
DEBUG - 2025-12-05 15:11:49 --> Fetching children for guardian ID: 111
DEBUG - 2025-12-05 15:11:49 --> Number of children found: 0
DEBUG - 2025-12-05 15:11:49 --> Children data: Array
(
)

DEBUG - 2025-12-05 15:11:49 --> Current User ID: 111
DEBUG - 2025-12-05 15:11:53 --> Session: Class initialized using 'CodeIgniter\Session\Handlers\FileHandler' driver.
DEBUG - 2025-12-05 15:11:53 --> Session: Class initialized using 'CodeIgniter\Session\Handlers\FileHandler' driver.
DEBUG - 2025-12-05 15:11:53 --> Fetching children for guardian ID: 111
DEBUG - 2025-12-05 15:11:53 --> Number of children found: 0
DEBUG - 2025-12-05 15:11:53 --> Children data: Array
(
)

DEBUG - 2025-12-05 15:11:53 --> Current User ID: 111
DEBUG - 2025-12-05 15:12:03 --> Session: Class initialized using 'CodeIgniter\Session\Handlers\FileHandler' driver.
DEBUG - 2025-12-05 15:12:03 --> Session: Class initialized using 'CodeIgniter\Session\Handlers\FileHandler' driver.
DEBUG - 2025-12-05 15:12:03 --> Fetching children for guardian ID: 111
DEBUG - 2025-12-05 15:12:03 --> Number of children found: 0
DEBUG - 2025-12-05 15:12:03 --> Children data: Array
(
)

DEBUG - 2025-12-05 15:12:03 --> Current User ID: 111
DEBUG - 2025-12-05 15:12:33 --> Session: Class initialized using 'CodeIgniter\Session\Handlers\FileHandler' driver.
DEBUG - 2025-12-05 15:12:33 --> Fetching children for guardian ID: 111
DEBUG - 2025-12-05 15:12:33 --> Number of children found: 0
DEBUG - 2025-12-05 15:12:33 --> Children data: Array
(
)

DEBUG - 2025-12-05 15:12:33 --> Current User ID: 111
DEBUG - 2025-12-05 15:12:40 --> Session: Class initialized using 'CodeIgniter\Session\Handlers\FileHandler' driver.
DEBUG - 2025-12-05 15:12:40 --> Session: Class initialized using 'CodeIgniter\Session\Handlers\FileHandler' driver.
DEBUG - 2025-12-05 15:12:40 --> Fetching children for guardian ID: 111
DEBUG - 2025-12-05 15:12:40 --> Number of children found: 0
DEBUG - 2025-12-05 15:12:40 --> Children data: Array
(
)

DEBUG - 2025-12-05 15:12:40 --> Current User ID: 111
DEBUG - 2025-12-05 15:12:49 --> Session: Class initialized using 'CodeIgniter\Session\Handlers\FileHandler' driver.
DEBUG - 2025-12-05 15:12:49 --> Fetching children for guardian ID: 111
DEBUG - 2025-12-05 15:12:49 --> Number of children found: 0
DEBUG - 2025-12-05 15:12:49 --> Children data: Array
(
)

DEBUG - 2025-12-05 15:12:49 --> Current User ID: 111
DEBUG - 2025-12-05 15:13:03 --> Session: Class initialized using 'CodeIgniter\Session\Handlers\FileHandler' driver.
DEBUG - 2025-12-05 15:13:09 --> Session: Class initialized using 'CodeIgniter\Session\Handlers\FileHandler' driver.
DEBUG - 2025-12-05 15:13:10 --> Session: Class initialized using 'CodeIgniter\Session\Handlers\FileHandler' driver.
DEBUG - 2025-12-05 15:13:10 --> Fetching children for guardian ID: 111
DEBUG - 2025-12-05 15:13:10 --> Number of children found: 0
DEBUG - 2025-12-05 15:13:10 --> Children data: Array
(
)

DEBUG - 2025-12-05 15:13:10 --> Current User ID: 111
DEBUG - 2025-12-05 15:13:46 --> Session: Class initialized using 'CodeIgniter\Session\Handlers\FileHandler' driver.
DEBUG - 2025-12-05 15:13:46 --> Fetching children for guardian ID: 111
DEBUG - 2025-12-05 15:13:46 --> Number of children found: 0
DEBUG - 2025-12-05 15:13:46 --> Children data: Array
(
)

DEBUG - 2025-12-05 15:13:46 --> Current User ID: 111
DEBUG - 2025-12-05 15:13:49 --> Session: Class initialized using 'CodeIgniter\Session\Handlers\FileHandler' driver.
DEBUG - 2025-12-05 15:13:49 --> Session: Class initialized using 'CodeIgniter\Session\Handlers\FileHandler' driver.
DEBUG - 2025-12-05 15:13:49 --> Fetching children for guardian ID: 111
DEBUG - 2025-12-05 15:13:49 --> Number of children found: 0
DEBUG - 2025-12-05 15:13:49 --> Children data: Array
(
)

DEBUG - 2025-12-05 15:13:49 --> Current User ID: 111
DEBUG - 2025-12-05 15:16:54 --> Session: Class initialized using 'CodeIgniter\Session\Handlers\FileHandler' driver.
DEBUG - 2025-12-05 15:16:54 --> Fetching children for guardian ID: 111
DEBUG - 2025-12-05 15:16:54 --> Number of children found: 0
DEBUG - 2025-12-05 15:16:54 --> Children data: Array
(
)

DEBUG - 2025-12-05 15:16:54 --> Current User ID: 111
CRITICAL - 2025-12-05 15:16:54 --> ErrorException: Undefined variable $selectedOpeningId
[Method: GET, Route: guardian/dashboard]
in APPPATH\Views\guardian\dashboard.php on line 174.
 1 APPPATH\Views\guardian\dashboard.php(174): CodeIgniter\Debug\Exceptions->errorHandler(2, 'Undefined variable $selectedOpeningId', 'C:\\Users\\User\\Desktop\\xamp\\htdocs\\capstone\\app\\Views\\guardian\\dashboard.php', 174)
 2 SYSTEMPATH\View\View.php(224): include('C:\\Users\\User\\Desktop\\xamp\\htdocs\\capstone\\app\\Views\\guardian\\dashboard.php')
 3 SYSTEMPATH\View\View.php(227): CodeIgniter\View\View->CodeIgniter\View\{closure}()
 4 SYSTEMPATH\Common.php(1173): CodeIgniter\View\View->render('guardian/dashboard', [], true)
 5 APPPATH\Controllers\GuardianAccountController.php(81): view('guardian/dashboard', [...])
 6 SYSTEMPATH\CodeIgniter.php(933): App\Controllers\GuardianAccountController->mainDashboard()
 7 SYSTEMPATH\CodeIgniter.php(507): CodeIgniter\CodeIgniter->runController(Object(App\Controllers\GuardianAccountController))
 8 SYSTEMPATH\CodeIgniter.php(354): CodeIgniter\CodeIgniter->handleRequest(null, Object(Config\Cache), false)
 9 SYSTEMPATH\Boot.php(334): CodeIgniter\CodeIgniter->run()
10 SYSTEMPATH\Boot.php(67): CodeIgniter\Boot::runCodeIgniter(Object(CodeIgniter\CodeIgniter))
11 FCPATH\index.php(56): CodeIgniter\Boot::bootWeb(Object(Config\Paths))
DEBUG - 2025-12-05 15:17:33 --> Session: Class initialized using 'CodeIgniter\Session\Handlers\FileHandler' driver.
DEBUG - 2025-12-05 15:17:33 --> Fetching children for guardian ID: 111
DEBUG - 2025-12-05 15:17:33 --> Number of children found: 0
DEBUG - 2025-12-05 15:17:33 --> Children data: Array
(
)

DEBUG - 2025-12-05 15:17:33 --> Current User ID: 111
DEBUG - 2025-12-05 15:18:31 --> Session: Class initialized using 'CodeIgniter\Session\Handlers\FileHandler' driver.
DEBUG - 2025-12-05 15:18:31 --> Fetching children for guardian ID: 111
DEBUG - 2025-12-05 15:18:31 --> Number of children found: 0
DEBUG - 2025-12-05 15:18:31 --> Children data: Array
(
)

DEBUG - 2025-12-05 15:18:31 --> Current User ID: 111
DEBUG - 2025-12-05 15:18:42 --> Session: Class initialized using 'CodeIgniter\Session\Handlers\FileHandler' driver.
DEBUG - 2025-12-05 15:18:43 --> Session: Class initialized using 'CodeIgniter\Session\Handlers\FileHandler' driver.
DEBUG - 2025-12-05 15:18:43 --> Fetching children for guardian ID: 111
DEBUG - 2025-12-05 15:18:43 --> Number of children found: 0
DEBUG - 2025-12-05 15:18:43 --> Children data: Array
(
)

DEBUG - 2025-12-05 15:18:43 --> Current User ID: 111
DEBUG - 2025-12-05 15:22:06 --> Session: Class initialized using 'CodeIgniter\Session\Handlers\FileHandler' driver.
DEBUG - 2025-12-05 15:22:06 --> Fetching children for guardian ID: 111
DEBUG - 2025-12-05 15:22:06 --> Number of children found: 0
DEBUG - 2025-12-05 15:22:06 --> Children data: Array
(
)

DEBUG - 2025-12-05 15:22:06 --> Current User ID: 111
DEBUG - 2025-12-05 15:22:09 --> Session: Class initialized using 'CodeIgniter\Session\Handlers\FileHandler' driver.
DEBUG - 2025-12-05 15:22:10 --> Session: Class initialized using 'CodeIgniter\Session\Handlers\FileHandler' driver.
DEBUG - 2025-12-05 15:22:10 --> Fetching children for guardian ID: 111
DEBUG - 2025-12-05 15:22:10 --> Number of children found: 0
DEBUG - 2025-12-05 15:22:10 --> Children data: Array
(
)

DEBUG - 2025-12-05 15:22:10 --> Current User ID: 111
DEBUG - 2025-12-05 15:22:33 --> Session: Class initialized using 'CodeIgniter\Session\Handlers\FileHandler' driver.
DEBUG - 2025-12-05 15:22:33 --> Fetching children for guardian ID: 111
DEBUG - 2025-12-05 15:22:33 --> Number of children found: 0
DEBUG - 2025-12-05 15:22:33 --> Children data: Array
(
)

DEBUG - 2025-12-05 15:22:33 --> Current User ID: 111
DEBUG - 2025-12-05 15:22:43 --> Session: Class initialized using 'CodeIgniter\Session\Handlers\FileHandler' driver.
DEBUG - 2025-12-05 15:22:58 --> Session: Class initialized using 'CodeIgniter\Session\Handlers\FileHandler' driver.
DEBUG - 2025-12-05 15:22:58 --> Session: Class initialized using 'CodeIgniter\Session\Handlers\FileHandler' driver.
DEBUG - 2025-12-05 15:22:58 --> Fetching children for guardian ID: 108
DEBUG - 2025-12-05 15:22:58 --> Number of children found: 0
DEBUG - 2025-12-05 15:22:58 --> Children data: Array
(
)

DEBUG - 2025-12-05 15:22:58 --> Current User ID: 108
DEBUG - 2025-12-05 15:23:01 --> Session: Class initialized using 'CodeIgniter\Session\Handlers\FileHandler' driver.
DEBUG - 2025-12-05 15:23:01 --> Session: Class initialized using 'CodeIgniter\Session\Handlers\FileHandler' driver.
DEBUG - 2025-12-05 15:23:01 --> Fetching children for guardian ID: 108
DEBUG - 2025-12-05 15:23:01 --> Number of children found: 0
DEBUG - 2025-12-05 15:23:01 --> Children data: Array
(
)

DEBUG - 2025-12-05 15:23:01 --> Current User ID: 108
DEBUG - 2025-12-05 15:24:01 --> Session: Class initialized using 'CodeIgniter\Session\Handlers\FileHandler' driver.
DEBUG - 2025-12-05 15:24:03 --> Session: Class initialized using 'CodeIgniter\Session\Handlers\FileHandler' driver.
DEBUG - 2025-12-05 15:24:08 --> Session: Class initialized using 'CodeIgniter\Session\Handlers\FileHandler' driver.
DEBUG - 2025-12-05 15:24:22 --> Session: Class initialized using 'CodeIgniter\Session\Handlers\FileHandler' driver.
DEBUG - 2025-12-05 15:24:22 --> Session: Class initialized using 'CodeIgniter\Session\Handlers\FileHandler' driver.
DEBUG - 2025-12-05 15:24:39 --> Session: Class initialized using 'CodeIgniter\Session\Handlers\FileHandler' driver.
DEBUG - 2025-12-05 15:24:39 --> Session: Class initialized using 'CodeIgniter\Session\Handlers\FileHandler' driver.
DEBUG - 2025-12-05 15:24:39 --> Fetching children for guardian ID: 108
DEBUG - 2025-12-05 15:24:39 --> Number of children found: 0
DEBUG - 2025-12-05 15:24:39 --> Children data: Array
(
)

DEBUG - 2025-12-05 15:24:39 --> Current User ID: 108
DEBUG - 2025-12-05 15:24:43 --> Session: Class initialized using 'CodeIgniter\Session\Handlers\FileHandler' driver.
DEBUG - 2025-12-05 15:24:43 --> Session: Class initialized using 'CodeIgniter\Session\Handlers\FileHandler' driver.
DEBUG - 2025-12-05 15:24:43 --> Fetching children for guardian ID: 108
DEBUG - 2025-12-05 15:24:43 --> Number of children found: 2
DEBUG - 2025-12-05 15:24:43 --> Children data: Array
(
    [0] => stdClass Object
        (
            [guardian_id] => 108
            [admission_id] => 86
            [full_name] => Cale Felix Elca
            [profile_pic] => 1764595381_ab8cf416d0a86372ee5a.jpg
        )

    [1] => stdClass Object
        (
            [guardian_id] => 108
            [admission_id] => 87
            [full_name] => Felix Eduard Rogado
            [profile_pic] => 1764599783_a8db6a79f32c4aadbd63.jpg
        )

)

DEBUG - 2025-12-05 15:24:43 --> Current User ID: 108
DEBUG - 2025-12-05 15:24:51 --> Session: Class initialized using 'CodeIgniter\Session\Handlers\FileHandler' driver.
DEBUG - 2025-12-05 15:24:52 --> Session: Class initialized using 'CodeIgniter\Session\Handlers\FileHandler' driver.
DEBUG - 2025-12-05 15:24:52 --> Fetching children for guardian ID: 108
DEBUG - 2025-12-05 15:24:52 --> Number of children found: 0
DEBUG - 2025-12-05 15:24:52 --> Children data: Array
(
)

DEBUG - 2025-12-05 15:24:52 --> Current User ID: 108
DEBUG - 2025-12-05 15:24:59 --> Session: Class initialized using 'CodeIgniter\Session\Handlers\FileHandler' driver.
DEBUG - 2025-12-05 15:25:00 --> Session: Class initialized using 'CodeIgniter\Session\Handlers\FileHandler' driver.
DEBUG - 2025-12-05 15:25:00 --> Fetching children for guardian ID: 108
DEBUG - 2025-12-05 15:25:00 --> Number of children found: 2
DEBUG - 2025-12-05 15:25:00 --> Children data: Array
(
    [0] => stdClass Object
        (
            [guardian_id] => 108
            [admission_id] => 86
            [full_name] => Cale Felix Elca
            [profile_pic] => 1764595381_ab8cf416d0a86372ee5a.jpg
        )

    [1] => stdClass Object
        (
            [guardian_id] => 108
            [admission_id] => 87
            [full_name] => Felix Eduard Rogado
            [profile_pic] => 1764599783_a8db6a79f32c4aadbd63.jpg
        )

)

DEBUG - 2025-12-05 15:25:00 --> Current User ID: 108
DEBUG - 2025-12-05 15:25:01 --> Session: Class initialized using 'CodeIgniter\Session\Handlers\FileHandler' driver.
DEBUG - 2025-12-05 15:25:01 --> Fetching children for guardian ID: 108
DEBUG - 2025-12-05 15:25:01 --> Number of children found: 2
DEBUG - 2025-12-05 15:25:01 --> Children data: Array
(
    [0] => stdClass Object
        (
            [guardian_id] => 108
            [admission_id] => 86
            [full_name] => Cale Felix Elca
            [profile_pic] => 1764595381_ab8cf416d0a86372ee5a.jpg
        )

    [1] => stdClass Object
        (
            [guardian_id] => 108
            [admission_id] => 87
            [full_name] => Felix Eduard Rogado
            [profile_pic] => 1764599783_a8db6a79f32c4aadbd63.jpg
        )

)

DEBUG - 2025-12-05 15:25:05 --> Session: Class initialized using 'CodeIgniter\Session\Handlers\FileHandler' driver.
DEBUG - 2025-12-05 15:25:06 --> Session: Class initialized using 'CodeIgniter\Session\Handlers\FileHandler' driver.
DEBUG - 2025-12-05 15:25:06 --> Fetching children for guardian ID: 108
DEBUG - 2025-12-05 15:25:06 --> Number of children found: 0
DEBUG - 2025-12-05 15:25:06 --> Children data: Array
(
)

DEBUG - 2025-12-05 15:25:06 --> Current User ID: 108
DEBUG - 2025-12-05 16:27:03 --> Session: Class initialized using 'CodeIgniter\Session\Handlers\FileHandler' driver.
DEBUG - 2025-12-05 16:27:03 --> Session: Class initialized using 'CodeIgniter\Session\Handlers\FileHandler' driver.
DEBUG - 2025-12-05 16:27:03 --> Fetching children for guardian ID: 108
DEBUG - 2025-12-05 16:27:03 --> Number of children found: 2
DEBUG - 2025-12-05 16:27:03 --> Children data: Array
(
    [0] => stdClass Object
        (
            [guardian_id] => 108
            [admission_id] => 86
            [full_name] => Cale Felix Elca
            [profile_pic] => 1764595381_ab8cf416d0a86372ee5a.jpg
        )

    [1] => stdClass Object
        (
            [guardian_id] => 108
            [admission_id] => 87
            [full_name] => Felix Eduard Rogado
            [profile_pic] => 1764599783_a8db6a79f32c4aadbd63.jpg
        )

)

DEBUG - 2025-12-05 16:27:03 --> Current User ID: 108
DEBUG - 2025-12-05 16:27:06 --> Session: Class initialized using 'CodeIgniter\Session\Handlers\FileHandler' driver.
DEBUG - 2025-12-05 16:27:06 --> Session: Class initialized using 'CodeIgniter\Session\Handlers\FileHandler' driver.
DEBUG - 2025-12-05 16:27:06 --> Fetching children for guardian ID: 108
DEBUG - 2025-12-05 16:27:06 --> Number of children found: 0
DEBUG - 2025-12-05 16:27:06 --> Children data: Array
(
)

DEBUG - 2025-12-05 16:27:06 --> Current User ID: 108
DEBUG - 2025-12-05 16:31:15 --> Session: Class initialized using 'CodeIgniter\Session\Handlers\FileHandler' driver.
DEBUG - 2025-12-05 16:31:19 --> Session: Class initialized using 'CodeIgniter\Session\Handlers\FileHandler' driver.
DEBUG - 2025-12-05 16:31:24 --> Session: Class initialized using 'CodeIgniter\Session\Handlers\FileHandler' driver.
DEBUG - 2025-12-05 21:45:00 --> Session: Class initialized using 'CodeIgniter\Session\Handlers\FileHandler' driver.
DEBUG - 2025-12-05 21:55:32 --> Session: Class initialized using 'CodeIgniter\Session\Handlers\FileHandler' driver.
DEBUG - 2025-12-05 21:55:36 --> Session: Class initialized using 'CodeIgniter\Session\Handlers\FileHandler' driver.
DEBUG - 2025-12-05 21:55:36 --> Fetching children for guardian ID: 108
DEBUG - 2025-12-05 21:55:36 --> Number of children found: 0
DEBUG - 2025-12-05 21:55:36 --> Children data: Array
(
)

DEBUG - 2025-12-05 21:55:36 --> Current User ID: 108
DEBUG - 2025-12-05 21:55:45 --> Session: Class initialized using 'CodeIgniter\Session\Handlers\FileHandler' driver.
DEBUG - 2025-12-05 21:55:45 --> Session: Class initialized using 'CodeIgniter\Session\Handlers\FileHandler' driver.
DEBUG - 2025-12-05 21:55:45 --> Fetching children for guardian ID: 108
DEBUG - 2025-12-05 21:55:45 --> Number of children found: 2
DEBUG - 2025-12-05 21:55:45 --> Children data: Array
(
    [0] => stdClass Object
        (
            [guardian_id] => 108
            [admission_id] => 86
            [full_name] => Cale Felix Elca
            [profile_pic] => 1764595381_ab8cf416d0a86372ee5a.jpg
        )

    [1] => stdClass Object
        (
            [guardian_id] => 108
            [admission_id] => 87
            [full_name] => Felix Eduard Rogado
            [profile_pic] => 1764599783_a8db6a79f32c4aadbd63.jpg
        )

)

DEBUG - 2025-12-05 21:55:45 --> Current User ID: 108
DEBUG - 2025-12-05 21:55:57 --> Session: Class initialized using 'CodeIgniter\Session\Handlers\FileHandler' driver.
DEBUG - 2025-12-05 21:55:57 --> Session: Class initialized using 'CodeIgniter\Session\Handlers\FileHandler' driver.
DEBUG - 2025-12-05 21:55:57 --> Fetching children for guardian ID: 108
DEBUG - 2025-12-05 21:55:57 --> Number of children found: 0
DEBUG - 2025-12-05 21:55:57 --> Children data: Array
(
)

DEBUG - 2025-12-05 21:55:57 --> Current User ID: 108
DEBUG - 2025-12-05 21:56:54 --> Session: Class initialized using 'CodeIgniter\Session\Handlers\FileHandler' driver.
DEBUG - 2025-12-05 21:56:57 --> Session: Class initialized using 'CodeIgniter\Session\Handlers\FileHandler' driver.
DEBUG - 2025-12-05 21:56:57 --> Session: Class initialized using 'CodeIgniter\Session\Handlers\FileHandler' driver.
DEBUG - 2025-12-05 21:56:57 --> user_id: 1
DEBUG - 2025-12-05 21:57:16 --> Session: Class initialized using 'CodeIgniter\Session\Handlers\FileHandler' driver.
DEBUG - 2025-12-05 21:57:16 --> user_id: 1
DEBUG - 2025-12-05 21:57:19 --> Session: Class initialized using 'CodeIgniter\Session\Handlers\FileHandler' driver.
DEBUG - 2025-12-05 22:00:17 --> Session: Class initialized using 'CodeIgniter\Session\Handlers\FileHandler' driver.
DEBUG - 2025-12-05 22:00:17 --> user_id: 1
DEBUG - 2025-12-05 22:00:23 --> Session: Class initialized using 'CodeIgniter\Session\Handlers\FileHandler' driver.
