DEBUG - 2025-11-26 14:46:58 --> Session: Class initialized using 'CodeIgniter\Session\Handlers\FileHandler' driver.
DEBUG - 2025-11-26 23:16:40 --> Session: Class initialized using 'CodeIgniter\Session\Handlers\FileHandler' driver.
DEBUG - 2025-11-26 23:16:46 --> Session: Class initialized using 'CodeIgniter\Session\Handlers\FileHandler' driver.
DEBUG - 2025-11-26 23:16:47 --> Session: Class initialized using 'CodeIgniter\Session\Handlers\FileHandler' driver.
DEBUG - 2025-11-26 23:16:47 --> Fetching children for guardian ID: 66
DEBUG - 2025-11-26 23:16:47 --> Number of children found: 2
DEBUG - 2025-11-26 23:16:47 --> Children data: Array
(
    [0] => stdClass Object
        (
            [guardian_id] => 66
            [admission_id] => 25
            [full_name] => Oliveros zie
            [profile_pic] => 1758436120_6596822b60e287637732.png
        )

    [1] => stdClass Object
        (
            [guardian_id] => 66
            [admission_id] => 71
            [full_name] => Oliveros Roldan
            [profile_pic] => 1760718376_4415351e0873d15d40f2.jpg
        )

)

DEBUG - 2025-11-26 23:16:47 --> Current User ID: 66
DEBUG - 2025-11-26 23:16:55 --> Session: Class initialized using 'CodeIgniter\Session\Handlers\FileHandler' driver.
DEBUG - 2025-11-26 23:16:55 --> Fetching children for guardian ID: 66
DEBUG - 2025-11-26 23:16:55 --> Number of children found: 2
DEBUG - 2025-11-26 23:16:55 --> Children data: Array
(
    [0] => stdClass Object
        (
            [guardian_id] => 66
            [admission_id] => 25
            [full_name] => Oliveros zie
            [profile_pic] => 1758436120_6596822b60e287637732.png
        )

    [1] => stdClass Object
        (
            [guardian_id] => 66
            [admission_id] => 71
            [full_name] => Oliveros Roldan
            [profile_pic] => 1760718376_4415351e0873d15d40f2.jpg
        )

)

DEBUG - 2025-11-26 23:16:55 --> Current User ID: 66
DEBUG - 2025-11-26 23:17:05 --> Session: Class initialized using 'CodeIgniter\Session\Handlers\FileHandler' driver.
DEBUG - 2025-11-26 23:17:05 --> Session: Class initialized using 'CodeIgniter\Session\Handlers\FileHandler' driver.
DEBUG - 2025-11-26 23:17:09 --> Session: Class initialized using 'CodeIgniter\Session\Handlers\FileHandler' driver.
DEBUG - 2025-11-26 23:17:09 --> Fetching children for guardian ID: 66
DEBUG - 2025-11-26 23:17:09 --> Number of children found: 2
DEBUG - 2025-11-26 23:17:09 --> Children data: Array
(
    [0] => stdClass Object
        (
            [guardian_id] => 66
            [admission_id] => 25
            [full_name] => Oliveros zie
            [profile_pic] => 1758436120_6596822b60e287637732.png
        )

    [1] => stdClass Object
        (
            [guardian_id] => 66
            [admission_id] => 71
            [full_name] => Oliveros Roldan
            [profile_pic] => 1760718376_4415351e0873d15d40f2.jpg
        )

)

DEBUG - 2025-11-26 23:17:09 --> Current User ID: 66
DEBUG - 2025-11-26 23:17:10 --> Session: Class initialized using 'CodeIgniter\Session\Handlers\FileHandler' driver.
DEBUG - 2025-11-26 23:17:11 --> Session: Class initialized using 'CodeIgniter\Session\Handlers\FileHandler' driver.
DEBUG - 2025-11-26 23:19:23 --> Session: Class initialized using 'CodeIgniter\Session\Handlers\FileHandler' driver.
DEBUG - 2025-11-26 23:19:29 --> Session: Class initialized using 'CodeIgniter\Session\Handlers\FileHandler' driver.
DEBUG - 2025-11-26 23:19:29 --> Fetching children for guardian ID: 66
DEBUG - 2025-11-26 23:19:29 --> Number of children found: 2
DEBUG - 2025-11-26 23:19:29 --> Children data: Array
(
    [0] => stdClass Object
        (
            [guardian_id] => 66
            [admission_id] => 25
            [full_name] => Oliveros zie
            [profile_pic] => 1758436120_6596822b60e287637732.png
        )

    [1] => stdClass Object
        (
            [guardian_id] => 66
            [admission_id] => 71
            [full_name] => Oliveros Roldan
            [profile_pic] => 1760718376_4415351e0873d15d40f2.jpg
        )

)

DEBUG - 2025-11-26 23:19:29 --> Current User ID: 66
DEBUG - 2025-11-26 23:19:31 --> Session: Class initialized using 'CodeIgniter\Session\Handlers\FileHandler' driver.
DEBUG - 2025-11-26 23:19:31 --> Fetching children for guardian ID: 66
DEBUG - 2025-11-26 23:19:31 --> Number of children found: 2
DEBUG - 2025-11-26 23:19:31 --> Children data: Array
(
    [0] => stdClass Object
        (
            [guardian_id] => 66
            [admission_id] => 25
            [full_name] => Oliveros zie
            [profile_pic] => 1758436120_6596822b60e287637732.png
        )

    [1] => stdClass Object
        (
            [guardian_id] => 66
            [admission_id] => 71
            [full_name] => Oliveros Roldan
            [profile_pic] => 1760718376_4415351e0873d15d40f2.jpg
        )

)

DEBUG - 2025-11-26 23:19:31 --> Current User ID: 66
DEBUG - 2025-11-26 23:21:15 --> Session: Class initialized using 'CodeIgniter\Session\Handlers\FileHandler' driver.
DEBUG - 2025-11-26 23:21:15 --> Fetching children for guardian ID: 66
DEBUG - 2025-11-26 23:21:15 --> Number of children found: 2
DEBUG - 2025-11-26 23:21:15 --> Children data: Array
(
    [0] => stdClass Object
        (
            [guardian_id] => 66
            [admission_id] => 25
            [full_name] => Oliveros zie
            [profile_pic] => 1758436120_6596822b60e287637732.png
        )

    [1] => stdClass Object
        (
            [guardian_id] => 66
            [admission_id] => 71
            [full_name] => Oliveros Roldan
            [profile_pic] => 1760718376_4415351e0873d15d40f2.jpg
        )

)

DEBUG - 2025-11-26 23:21:15 --> Current User ID: 66
DEBUG - 2025-11-26 23:22:05 --> Session: Class initialized using 'CodeIgniter\Session\Handlers\FileHandler' driver.
DEBUG - 2025-11-26 23:22:05 --> Fetching children for guardian ID: 66
DEBUG - 2025-11-26 23:22:05 --> Number of children found: 2
DEBUG - 2025-11-26 23:22:05 --> Children data: Array
(
    [0] => stdClass Object
        (
            [guardian_id] => 66
            [admission_id] => 25
            [full_name] => Oliveros zie
            [profile_pic] => 1758436120_6596822b60e287637732.png
        )

    [1] => stdClass Object
        (
            [guardian_id] => 66
            [admission_id] => 71
            [full_name] => Oliveros Roldan
            [profile_pic] => 1760718376_4415351e0873d15d40f2.jpg
        )

)

DEBUG - 2025-11-26 23:22:05 --> Current User ID: 66
DEBUG - 2025-11-26 23:22:10 --> Session: Class initialized using 'CodeIgniter\Session\Handlers\FileHandler' driver.
DEBUG - 2025-11-26 23:22:10 --> Session: Class initialized using 'CodeIgniter\Session\Handlers\FileHandler' driver.
DEBUG - 2025-11-26 23:22:13 --> Session: Class initialized using 'CodeIgniter\Session\Handlers\FileHandler' driver.
DEBUG - 2025-11-26 23:22:13 --> Fetching children for guardian ID: 66
DEBUG - 2025-11-26 23:22:13 --> Number of children found: 2
DEBUG - 2025-11-26 23:22:13 --> Children data: Array
(
    [0] => stdClass Object
        (
            [guardian_id] => 66
            [admission_id] => 25
            [full_name] => Oliveros zie
            [profile_pic] => 1758436120_6596822b60e287637732.png
        )

    [1] => stdClass Object
        (
            [guardian_id] => 66
            [admission_id] => 71
            [full_name] => Oliveros Roldan
            [profile_pic] => 1760718376_4415351e0873d15d40f2.jpg
        )

)

DEBUG - 2025-11-26 23:22:13 --> Current User ID: 66
DEBUG - 2025-11-26 23:22:16 --> Session: Class initialized using 'CodeIgniter\Session\Handlers\FileHandler' driver.
DEBUG - 2025-11-26 23:22:22 --> Session: Class initialized using 'CodeIgniter\Session\Handlers\FileHandler' driver.
DEBUG - 2025-11-26 23:22:23 --> Session: Class initialized using 'CodeIgniter\Session\Handlers\FileHandler' driver.
DEBUG - 2025-11-26 23:22:25 --> Session: Class initialized using 'CodeIgniter\Session\Handlers\FileHandler' driver.
DEBUG - 2025-11-26 23:22:26 --> Session: Class initialized using 'CodeIgniter\Session\Handlers\FileHandler' driver.
DEBUG - 2025-11-26 23:23:47 --> Session: Class initialized using 'CodeIgniter\Session\Handlers\FileHandler' driver.
DEBUG - 2025-11-26 23:23:59 --> Session: Class initialized using 'CodeIgniter\Session\Handlers\FileHandler' driver.
DEBUG - 2025-11-26 23:26:08 --> Session: Class initialized using 'CodeIgniter\Session\Handlers\FileHandler' driver.
DEBUG - 2025-11-26 23:26:14 --> Session: Class initialized using 'CodeIgniter\Session\Handlers\FileHandler' driver.
DEBUG - 2025-11-26 23:26:25 --> Session: Class initialized using 'CodeIgniter\Session\Handlers\FileHandler' driver.
DEBUG - 2025-11-26 23:26:28 --> Session: Class initialized using 'CodeIgniter\Session\Handlers\FileHandler' driver.
DEBUG - 2025-11-26 23:26:28 --> Session: Class initialized using 'CodeIgniter\Session\Handlers\FileHandler' driver.
DEBUG - 2025-11-26 23:26:32 --> Session: Class initialized using 'CodeIgniter\Session\Handlers\FileHandler' driver.
DEBUG - 2025-11-26 23:26:36 --> Session: Class initialized using 'CodeIgniter\Session\Handlers\FileHandler' driver.
DEBUG - 2025-11-26 23:26:41 --> Session: Class initialized using 'CodeIgniter\Session\Handlers\FileHandler' driver.
DEBUG - 2025-11-26 23:26:41 --> Session: Class initialized using 'CodeIgniter\Session\Handlers\FileHandler' driver.
DEBUG - 2025-11-26 23:26:41 --> Fetching children for guardian ID: 66
DEBUG - 2025-11-26 23:26:41 --> Number of children found: 2
DEBUG - 2025-11-26 23:26:41 --> Children data: Array
(
    [0] => stdClass Object
        (
            [guardian_id] => 66
            [admission_id] => 25
            [full_name] => Oliveros zie
            [profile_pic] => 1758436120_6596822b60e287637732.png
        )

    [1] => stdClass Object
        (
            [guardian_id] => 66
            [admission_id] => 71
            [full_name] => Oliveros Roldan
            [profile_pic] => 1760718376_4415351e0873d15d40f2.jpg
        )

)

DEBUG - 2025-11-26 23:26:41 --> Current User ID: 66
DEBUG - 2025-11-26 23:26:43 --> Session: Class initialized using 'CodeIgniter\Session\Handlers\FileHandler' driver.
DEBUG - 2025-11-26 23:26:43 --> Session: Class initialized using 'CodeIgniter\Session\Handlers\FileHandler' driver.
DEBUG - 2025-11-26 23:26:45 --> Session: Class initialized using 'CodeIgniter\Session\Handlers\FileHandler' driver.
DEBUG - 2025-11-26 23:26:45 --> Fetching children for guardian ID: 66
DEBUG - 2025-11-26 23:26:45 --> Number of children found: 2
DEBUG - 2025-11-26 23:26:45 --> Children data: Array
(
    [0] => stdClass Object
        (
            [guardian_id] => 66
            [admission_id] => 25
            [full_name] => Oliveros zie
            [profile_pic] => 1758436120_6596822b60e287637732.png
        )

    [1] => stdClass Object
        (
            [guardian_id] => 66
            [admission_id] => 71
            [full_name] => Oliveros Roldan
            [profile_pic] => 1760718376_4415351e0873d15d40f2.jpg
        )

)

DEBUG - 2025-11-26 23:26:45 --> Current User ID: 66
DEBUG - 2025-11-26 23:26:47 --> Session: Class initialized using 'CodeIgniter\Session\Handlers\FileHandler' driver.
DEBUG - 2025-11-26 23:26:47 --> Session: Class initialized using 'CodeIgniter\Session\Handlers\FileHandler' driver.
DEBUG - 2025-11-26 23:26:52 --> Session: Class initialized using 'CodeIgniter\Session\Handlers\FileHandler' driver.
DEBUG - 2025-11-26 23:28:46 --> Session: Class initialized using 'CodeIgniter\Session\Handlers\FileHandler' driver.
DEBUG - 2025-11-26 23:28:58 --> Session: Class initialized using 'CodeIgniter\Session\Handlers\FileHandler' driver.
DEBUG - 2025-11-26 23:28:58 --> Fetching children for guardian ID: 66
DEBUG - 2025-11-26 23:28:58 --> Number of children found: 2
DEBUG - 2025-11-26 23:28:58 --> Children data: Array
(
    [0] => stdClass Object
        (
            [guardian_id] => 66
            [admission_id] => 25
            [full_name] => Oliveros zie
            [profile_pic] => 1758436120_6596822b60e287637732.png
        )

    [1] => stdClass Object
        (
            [guardian_id] => 66
            [admission_id] => 71
            [full_name] => Oliveros Roldan
            [profile_pic] => 1760718376_4415351e0873d15d40f2.jpg
        )

)

DEBUG - 2025-11-26 23:28:58 --> Current User ID: 66
DEBUG - 2025-11-26 23:28:59 --> Session: Class initialized using 'CodeIgniter\Session\Handlers\FileHandler' driver.
DEBUG - 2025-11-26 23:29:00 --> Fetching children for guardian ID: 66
DEBUG - 2025-11-26 23:29:00 --> Number of children found: 2
DEBUG - 2025-11-26 23:29:00 --> Children data: Array
(
    [0] => stdClass Object
        (
            [guardian_id] => 66
            [admission_id] => 25
            [full_name] => Oliveros zie
            [profile_pic] => 1758436120_6596822b60e287637732.png
        )

    [1] => stdClass Object
        (
            [guardian_id] => 66
            [admission_id] => 71
            [full_name] => Oliveros Roldan
            [profile_pic] => 1760718376_4415351e0873d15d40f2.jpg
        )

)

DEBUG - 2025-11-26 23:29:00 --> Current User ID: 66
DEBUG - 2025-11-26 23:29:02 --> Session: Class initialized using 'CodeIgniter\Session\Handlers\FileHandler' driver.
DEBUG - 2025-11-26 23:29:02 --> Session: Class initialized using 'CodeIgniter\Session\Handlers\FileHandler' driver.
DEBUG - 2025-11-26 23:29:46 --> Session: Class initialized using 'CodeIgniter\Session\Handlers\FileHandler' driver.
DEBUG - 2025-11-26 23:29:50 --> Session: Class initialized using 'CodeIgniter\Session\Handlers\FileHandler' driver.
DEBUG - 2025-11-26 23:29:50 --> Session: Class initialized using 'CodeIgniter\Session\Handlers\FileHandler' driver.
DEBUG - 2025-11-26 23:29:50 --> user_id: 1
DEBUG - 2025-11-26 23:29:55 --> Session: Class initialized using 'CodeIgniter\Session\Handlers\FileHandler' driver.
DEBUG - 2025-11-26 23:29:55 --> Child Payment Debug: Array
(
    [full_name] => Zie Aranera Oliveros
    [admission_id] => 25
    [user_id] => 66
    [payment_history] => Array
        (
        )

    [total_paid] => 0
    [total_fee] => 0
    [remaining] => 0
)

DEBUG - 2025-11-26 23:29:55 --> Child Payment Debug: Array
(
    [full_name] => Roldan Araneta Oliveros
    [admission_id] => 71
    [user_id] => 66
    [payment_history] => Array
        (
        )

    [total_paid] => 0
    [total_fee] => 0
    [remaining] => 0
)

DEBUG - 2025-11-26 23:29:55 --> Parent Debug: Array
(
    [id] => 10
    [user_id] => 66
    [first_name] => Roldan
    [middle_name] => Araneta
    [last_name] => Oliveros
    [relationship] => Guardian
    [contact_number] => 09205804090
    [email] => roldanoliveros0621@gmail.com
    [municipality] => Nagcarlan
    [barangay] => Buboy
    [street] => Poblacion
    [profile_pic] => 1761732445_677643c97dd7d53cb001.jpg
    [created_at] => 2025-10-11 23:25:45
    [address] => Nagcarlan, Buboy, Poblacion
    [children] => Array
        (
            [0] => Array
                (
                    [full_name] => Zie Aranera Oliveros
                    [admission_id] => 25
                    [user_id] => 66
                    [payment_history] => Array
                        (
                        )

                    [total_paid] => 0
                    [total_fee] => 0
                    [remaining] => 0
                )

            [1] => Array
                (
                    [full_name] => Roldan Araneta Oliveros
                    [admission_id] => 71
                    [user_id] => 66
                    [payment_history] => Array
                        (
                        )

                    [total_paid] => 0
                    [total_fee] => 0
                    [remaining] => 0
                )

        )

)

DEBUG - 2025-11-26 23:35:26 --> Session: Class initialized using 'CodeIgniter\Session\Handlers\FileHandler' driver.
DEBUG - 2025-11-26 23:35:26 --> Child Payment Debug: Array
(
    [full_name] => Zie Aranera Oliveros
    [admission_id] => 25
    [user_id] => 66
    [payment_history] => Array
        (
        )

    [total_paid] => 0
    [total_fee] => 0
    [remaining] => 0
)

DEBUG - 2025-11-26 23:35:26 --> Child Payment Debug: Array
(
    [full_name] => Roldan Araneta Oliveros
    [admission_id] => 71
    [user_id] => 66
    [payment_history] => Array
        (
        )

    [total_paid] => 0
    [total_fee] => 0
    [remaining] => 0
)

DEBUG - 2025-11-26 23:35:26 --> Parent Debug: Array
(
    [id] => 10
    [user_id] => 66
    [first_name] => Roldan
    [middle_name] => Araneta
    [last_name] => Oliveros
    [relationship] => Guardian
    [contact_number] => 09205804090
    [email] => roldanoliveros0621@gmail.com
    [municipality] => Nagcarlan
    [barangay] => Buboy
    [street] => Poblacion
    [profile_pic] => 1761732445_677643c97dd7d53cb001.jpg
    [created_at] => 2025-10-11 23:25:45
    [address] => Nagcarlan, Buboy, Poblacion
    [children] => Array
        (
            [0] => Array
                (
                    [full_name] => Zie Aranera Oliveros
                    [admission_id] => 25
                    [user_id] => 66
                    [payment_history] => Array
                        (
                        )

                    [total_paid] => 0
                    [total_fee] => 0
                    [remaining] => 0
                )

            [1] => Array
                (
                    [full_name] => Roldan Araneta Oliveros
                    [admission_id] => 71
                    [user_id] => 66
                    [payment_history] => Array
                        (
                        )

                    [total_paid] => 0
                    [total_fee] => 0
                    [remaining] => 0
                )

        )

)

CRITICAL - 2025-11-26 23:35:33 --> ErrorException: Undefined array key "contact_number"
[Method: POST, Route: admin/print_report]
in APPPATH\Views\admin\print_payment_report.php on line 80.
 1 APPPATH\Views\admin\print_payment_report.php(80): CodeIgniter\Debug\Exceptions->errorHandler(2, 'Undefined array key "contact_number"', 'C:\\Users\\User\\Desktop\\xamp\\htdocs\\capstone\\app\\Views\\admin\\print_payment_report.php', 80)
 2 SYSTEMPATH\View\View.php(224): include('C:\\Users\\User\\Desktop\\xamp\\htdocs\\capstone\\app\\Views\\admin\\print_payment_report.php')
 3 SYSTEMPATH\View\View.php(227): CodeIgniter\View\View->CodeIgniter\View\{closure}()
 4 SYSTEMPATH\Common.php(1173): CodeIgniter\View\View->render('admin/print_payment_report', [], true)
 5 APPPATH\Controllers\AdminController.php(1374): view('admin/print_payment_report', [...])
 6 SYSTEMPATH\CodeIgniter.php(933): App\Controllers\AdminController->printReport()
 7 SYSTEMPATH\CodeIgniter.php(507): CodeIgniter\CodeIgniter->runController(Object(App\Controllers\AdminController))
 8 SYSTEMPATH\CodeIgniter.php(354): CodeIgniter\CodeIgniter->handleRequest(null, Object(Config\Cache), false)
 9 SYSTEMPATH\Boot.php(334): CodeIgniter\CodeIgniter->run()
10 SYSTEMPATH\Boot.php(67): CodeIgniter\Boot::runCodeIgniter(Object(CodeIgniter\CodeIgniter))
11 FCPATH\index.php(56): CodeIgniter\Boot::bootWeb(Object(Config\Paths))
CRITICAL - 2025-11-26 23:35:45 --> ErrorException: Undefined array key "contact_number"
[Method: POST, Route: admin/print_report]
in APPPATH\Views\admin\print_payment_report.php on line 80.
 1 APPPATH\Views\admin\print_payment_report.php(80): CodeIgniter\Debug\Exceptions->errorHandler(2, 'Undefined array key "contact_number"', 'C:\\Users\\User\\Desktop\\xamp\\htdocs\\capstone\\app\\Views\\admin\\print_payment_report.php', 80)
 2 SYSTEMPATH\View\View.php(224): include('C:\\Users\\User\\Desktop\\xamp\\htdocs\\capstone\\app\\Views\\admin\\print_payment_report.php')
 3 SYSTEMPATH\View\View.php(227): CodeIgniter\View\View->CodeIgniter\View\{closure}()
 4 SYSTEMPATH\Common.php(1173): CodeIgniter\View\View->render('admin/print_payment_report', [], true)
 5 APPPATH\Controllers\AdminController.php(1374): view('admin/print_payment_report', [...])
 6 SYSTEMPATH\CodeIgniter.php(933): App\Controllers\AdminController->printReport()
 7 SYSTEMPATH\CodeIgniter.php(507): CodeIgniter\CodeIgniter->runController(Object(App\Controllers\AdminController))
 8 SYSTEMPATH\CodeIgniter.php(354): CodeIgniter\CodeIgniter->handleRequest(null, Object(Config\Cache), false)
 9 SYSTEMPATH\Boot.php(334): CodeIgniter\CodeIgniter->run()
10 SYSTEMPATH\Boot.php(67): CodeIgniter\Boot::runCodeIgniter(Object(CodeIgniter\CodeIgniter))
11 FCPATH\index.php(56): CodeIgniter\Boot::bootWeb(Object(Config\Paths))
DEBUG - 2025-11-26 23:37:53 --> Session: Class initialized using 'CodeIgniter\Session\Handlers\FileHandler' driver.
DEBUG - 2025-11-26 23:38:01 --> Session: Class initialized using 'CodeIgniter\Session\Handlers\FileHandler' driver.
DEBUG - 2025-11-26 23:38:01 --> Session: Class initialized using 'CodeIgniter\Session\Handlers\FileHandler' driver.
DEBUG - 2025-11-26 23:38:01 --> Fetching children for guardian ID: 66
DEBUG - 2025-11-26 23:38:01 --> Number of children found: 2
DEBUG - 2025-11-26 23:38:01 --> Children data: Array
(
    [0] => stdClass Object
        (
            [guardian_id] => 66
            [admission_id] => 25
            [full_name] => Oliveros zie
            [profile_pic] => 1758436120_6596822b60e287637732.png
        )

    [1] => stdClass Object
        (
            [guardian_id] => 66
            [admission_id] => 71
            [full_name] => Oliveros Roldan
            [profile_pic] => 1760718376_4415351e0873d15d40f2.jpg
        )

)

DEBUG - 2025-11-26 23:38:01 --> Current User ID: 66
DEBUG - 2025-11-26 23:38:03 --> Session: Class initialized using 'CodeIgniter\Session\Handlers\FileHandler' driver.
DEBUG - 2025-11-26 23:38:03 --> Session: Class initialized using 'CodeIgniter\Session\Handlers\FileHandler' driver.
DEBUG - 2025-11-26 23:38:05 --> Session: Class initialized using 'CodeIgniter\Session\Handlers\FileHandler' driver.
DEBUG - 2025-11-26 23:38:05 --> Fetching children for guardian ID: 66
DEBUG - 2025-11-26 23:38:05 --> Number of children found: 2
DEBUG - 2025-11-26 23:38:05 --> Children data: Array
(
    [0] => stdClass Object
        (
            [guardian_id] => 66
            [admission_id] => 25
            [full_name] => Oliveros zie
            [profile_pic] => 1758436120_6596822b60e287637732.png
        )

    [1] => stdClass Object
        (
            [guardian_id] => 66
            [admission_id] => 71
            [full_name] => Oliveros Roldan
            [profile_pic] => 1760718376_4415351e0873d15d40f2.jpg
        )

)

DEBUG - 2025-11-26 23:38:05 --> Current User ID: 66
DEBUG - 2025-11-26 23:38:06 --> Session: Class initialized using 'CodeIgniter\Session\Handlers\FileHandler' driver.
DEBUG - 2025-11-26 23:38:07 --> Fetching children for guardian ID: 66
DEBUG - 2025-11-26 23:38:07 --> Number of children found: 2
DEBUG - 2025-11-26 23:38:07 --> Children data: Array
(
    [0] => stdClass Object
        (
            [guardian_id] => 66
            [admission_id] => 25
            [full_name] => Oliveros zie
            [profile_pic] => 1758436120_6596822b60e287637732.png
        )

    [1] => stdClass Object
        (
            [guardian_id] => 66
            [admission_id] => 71
            [full_name] => Oliveros Roldan
            [profile_pic] => 1760718376_4415351e0873d15d40f2.jpg
        )

)

DEBUG - 2025-11-26 23:38:16 --> Session: Class initialized using 'CodeIgniter\Session\Handlers\FileHandler' driver.
DEBUG - 2025-11-26 23:38:16 --> Fetching children for guardian ID: 66
DEBUG - 2025-11-26 23:38:16 --> Number of children found: 2
DEBUG - 2025-11-26 23:38:16 --> Children data: Array
(
    [0] => stdClass Object
        (
            [guardian_id] => 66
            [admission_id] => 25
            [full_name] => Oliveros zie
            [profile_pic] => 1758436120_6596822b60e287637732.png
        )

    [1] => stdClass Object
        (
            [guardian_id] => 66
            [admission_id] => 71
            [full_name] => Oliveros Roldan
            [profile_pic] => 1760718376_4415351e0873d15d40f2.jpg
        )

)

DEBUG - 2025-11-26 23:38:21 --> Session: Class initialized using 'CodeIgniter\Session\Handlers\FileHandler' driver.
DEBUG - 2025-11-26 23:38:21 --> Fetching children for guardian ID: 66
DEBUG - 2025-11-26 23:38:21 --> Number of children found: 2
DEBUG - 2025-11-26 23:38:21 --> Children data: Array
(
    [0] => stdClass Object
        (
            [guardian_id] => 66
            [admission_id] => 25
            [full_name] => Oliveros zie
            [profile_pic] => 1758436120_6596822b60e287637732.png
        )

    [1] => stdClass Object
        (
            [guardian_id] => 66
            [admission_id] => 71
            [full_name] => Oliveros Roldan
            [profile_pic] => 1760718376_4415351e0873d15d40f2.jpg
        )

)

DEBUG - 2025-11-26 23:38:23 --> Session: Class initialized using 'CodeIgniter\Session\Handlers\FileHandler' driver.
DEBUG - 2025-11-26 23:38:23 --> Fetching children for guardian ID: 66
DEBUG - 2025-11-26 23:38:23 --> Number of children found: 2
DEBUG - 2025-11-26 23:38:23 --> Children data: Array
(
    [0] => stdClass Object
        (
            [guardian_id] => 66
            [admission_id] => 25
            [full_name] => Oliveros zie
            [profile_pic] => 1758436120_6596822b60e287637732.png
        )

    [1] => stdClass Object
        (
            [guardian_id] => 66
            [admission_id] => 71
            [full_name] => Oliveros Roldan
            [profile_pic] => 1760718376_4415351e0873d15d40f2.jpg
        )

)

DEBUG - 2025-11-26 23:38:23 --> Fetching children for guardian ID: 66
DEBUG - 2025-11-26 23:38:23 --> Number of children found: 2
DEBUG - 2025-11-26 23:38:23 --> Children data: Array
(
    [0] => stdClass Object
        (
            [guardian_id] => 66
            [admission_id] => 71
            [full_name] => Oliveros Roldan
            [profile_pic] => 1760718376_4415351e0873d15d40f2.jpg
            [remaining_balance] => 1000.00
        )

    [1] => stdClass Object
        (
            [guardian_id] => 66
            [admission_id] => 25
            [full_name] => Oliveros zie
            [profile_pic] => 1758436120_6596822b60e287637732.png
            [remaining_balance] => 500.00
        )

)

DEBUG - 2025-11-26 23:38:26 --> Session: Class initialized using 'CodeIgniter\Session\Handlers\FileHandler' driver.
DEBUG - 2025-11-26 23:38:26 --> Fetching children for guardian ID: 66
DEBUG - 2025-11-26 23:38:26 --> Number of children found: 2
DEBUG - 2025-11-26 23:38:26 --> Children data: Array
(
    [0] => stdClass Object
        (
            [guardian_id] => 66
            [admission_id] => 25
            [full_name] => Oliveros zie
            [profile_pic] => 1758436120_6596822b60e287637732.png
        )

    [1] => stdClass Object
        (
            [guardian_id] => 66
            [admission_id] => 71
            [full_name] => Oliveros Roldan
            [profile_pic] => 1760718376_4415351e0873d15d40f2.jpg
        )

)

DEBUG - 2025-11-26 23:40:53 --> Session: Class initialized using 'CodeIgniter\Session\Handlers\FileHandler' driver.
DEBUG - 2025-11-26 23:40:53 --> Fetching children for guardian ID: 66
DEBUG - 2025-11-26 23:40:53 --> Number of children found: 2
DEBUG - 2025-11-26 23:40:53 --> Children data: Array
(
    [0] => stdClass Object
        (
            [guardian_id] => 66
            [admission_id] => 25
            [full_name] => Oliveros zie
            [profile_pic] => 1758436120_6596822b60e287637732.png
        )

    [1] => stdClass Object
        (
            [guardian_id] => 66
            [admission_id] => 71
            [full_name] => Oliveros Roldan
            [profile_pic] => 1760718376_4415351e0873d15d40f2.jpg
        )

)

DEBUG - 2025-11-26 23:40:57 --> Session: Class initialized using 'CodeIgniter\Session\Handlers\FileHandler' driver.
DEBUG - 2025-11-26 23:41:00 --> Session: Class initialized using 'CodeIgniter\Session\Handlers\FileHandler' driver.
DEBUG - 2025-11-26 23:41:00 --> Session: Class initialized using 'CodeIgniter\Session\Handlers\FileHandler' driver.
DEBUG - 2025-11-26 23:41:00 --> user_id: 1
DEBUG - 2025-11-26 23:41:04 --> Session: Class initialized using 'CodeIgniter\Session\Handlers\FileHandler' driver.
DEBUG - 2025-11-26 23:41:04 --> Child Payment Debug: Array
(
    [full_name] => Zie Aranera Oliveros
    [admission_id] => 25
    [user_id] => 66
    [payment_history] => Array
        (
        )

    [total_paid] => 0
    [total_fee] => 0
    [remaining] => 0
)

DEBUG - 2025-11-26 23:41:04 --> Child Payment Debug: Array
(
    [full_name] => Roldan Araneta Oliveros
    [admission_id] => 71
    [user_id] => 66
    [payment_history] => Array
        (
        )

    [total_paid] => 0
    [total_fee] => 0
    [remaining] => 0
)

DEBUG - 2025-11-26 23:41:04 --> Parent Debug: Array
(
    [id] => 10
    [user_id] => 66
    [first_name] => Roldan
    [middle_name] => Araneta
    [last_name] => Oliveros
    [relationship] => Guardian
    [contact_number] => 09205804090
    [email] => roldanoliveros0621@gmail.com
    [municipality] => Nagcarlan
    [barangay] => Buboy
    [street] => Poblacion
    [profile_pic] => 1761732445_677643c97dd7d53cb001.jpg
    [created_at] => 2025-10-11 23:25:45
    [address] => Nagcarlan, Buboy, Poblacion
    [children] => Array
        (
            [0] => Array
                (
                    [full_name] => Zie Aranera Oliveros
                    [admission_id] => 25
                    [user_id] => 66
                    [payment_history] => Array
                        (
                        )

                    [total_paid] => 0
                    [total_fee] => 0
                    [remaining] => 0
                )

            [1] => Array
                (
                    [full_name] => Roldan Araneta Oliveros
                    [admission_id] => 71
                    [user_id] => 66
                    [payment_history] => Array
                        (
                        )

                    [total_paid] => 0
                    [total_fee] => 0
                    [remaining] => 0
                )

        )

)

DEBUG - 2025-11-26 23:41:06 --> Session: Class initialized using 'CodeIgniter\Session\Handlers\FileHandler' driver.
DEBUG - 2025-11-26 23:41:06 --> Fetching children for guardian ID: 66
DEBUG - 2025-11-26 23:41:06 --> Number of children found: 2
DEBUG - 2025-11-26 23:41:06 --> Children data: Array
(
    [0] => stdClass Object
        (
            [guardian_id] => 66
            [admission_id] => 71
            [full_name] => Oliveros Roldan
            [profile_pic] => 1760718376_4415351e0873d15d40f2.jpg
            [remaining_balance] => 1000.00
        )

    [1] => stdClass Object
        (
            [guardian_id] => 66
            [admission_id] => 25
            [full_name] => Oliveros zie
            [profile_pic] => 1758436120_6596822b60e287637732.png
            [remaining_balance] => 500.00
        )

)

DEBUG - 2025-11-26 23:41:08 --> Session: Class initialized using 'CodeIgniter\Session\Handlers\FileHandler' driver.
DEBUG - 2025-11-26 23:41:08 --> Child Payment Debug: Array
(
    [full_name] => Zie Aranera Oliveros
    [admission_id] => 25
    [user_id] => 66
    [payment_history] => Array
        (
        )

    [total_paid] => 0
    [total_fee] => 0
    [remaining] => 0
)

DEBUG - 2025-11-26 23:41:08 --> Child Payment Debug: Array
(
    [full_name] => Roldan Araneta Oliveros
    [admission_id] => 71
    [user_id] => 66
    [payment_history] => Array
        (
        )

    [total_paid] => 0
    [total_fee] => 0
    [remaining] => 0
)

DEBUG - 2025-11-26 23:41:08 --> Parent Debug: Array
(
    [id] => 10
    [user_id] => 66
    [first_name] => Roldan
    [middle_name] => Araneta
    [last_name] => Oliveros
    [relationship] => Guardian
    [contact_number] => 09205804090
    [email] => roldanoliveros0621@gmail.com
    [municipality] => Nagcarlan
    [barangay] => Buboy
    [street] => Poblacion
    [profile_pic] => 1761732445_677643c97dd7d53cb001.jpg
    [created_at] => 2025-10-11 23:25:45
    [address] => Nagcarlan, Buboy, Poblacion
    [children] => Array
        (
            [0] => Array
                (
                    [full_name] => Zie Aranera Oliveros
                    [admission_id] => 25
                    [user_id] => 66
                    [payment_history] => Array
                        (
                        )

                    [total_paid] => 0
                    [total_fee] => 0
                    [remaining] => 0
                )

            [1] => Array
                (
                    [full_name] => Roldan Araneta Oliveros
                    [admission_id] => 71
                    [user_id] => 66
                    [payment_history] => Array
                        (
                        )

                    [total_paid] => 0
                    [total_fee] => 0
                    [remaining] => 0
                )

        )

)

DEBUG - 2025-11-26 23:53:14 --> Session: Class initialized using 'CodeIgniter\Session\Handlers\FileHandler' driver.
DEBUG - 2025-11-26 23:53:14 --> Fetching children for guardian ID: 66
DEBUG - 2025-11-26 23:53:14 --> Number of children found: 2
DEBUG - 2025-11-26 23:53:14 --> Children data: Array
(
    [0] => stdClass Object
        (
            [guardian_id] => 66
            [admission_id] => 71
            [full_name] => Oliveros Roldan
            [profile_pic] => 1760718376_4415351e0873d15d40f2.jpg
            [remaining_balance] => 1000.00
        )

    [1] => stdClass Object
        (
            [guardian_id] => 66
            [admission_id] => 25
            [full_name] => Oliveros zie
            [profile_pic] => 1758436120_6596822b60e287637732.png
            [remaining_balance] => 500.00
        )

)

DEBUG - 2025-11-26 23:53:16 --> Session: Class initialized using 'CodeIgniter\Session\Handlers\FileHandler' driver.
DEBUG - 2025-11-26 23:53:16 --> Child Payment Debug: Array
(
    [full_name] => Zie Aranera Oliveros
    [admission_id] => 25
    [user_id] => 66
    [payment_history] => Array
        (
        )

    [total_paid] => 0
    [total_fee] => 0
    [remaining] => 0
)

DEBUG - 2025-11-26 23:53:16 --> Child Payment Debug: Array
(
    [full_name] => Roldan Araneta Oliveros
    [admission_id] => 71
    [user_id] => 66
    [payment_history] => Array
        (
        )

    [total_paid] => 0
    [total_fee] => 0
    [remaining] => 0
)

DEBUG - 2025-11-26 23:53:16 --> Parent Debug: Array
(
    [id] => 10
    [user_id] => 66
    [first_name] => Roldan
    [middle_name] => Araneta
    [last_name] => Oliveros
    [relationship] => Guardian
    [contact_number] => 09205804090
    [email] => roldanoliveros0621@gmail.com
    [municipality] => Nagcarlan
    [barangay] => Buboy
    [street] => Poblacion
    [profile_pic] => 1761732445_677643c97dd7d53cb001.jpg
    [created_at] => 2025-10-11 23:25:45
    [address] => Nagcarlan, Buboy, Poblacion
    [children] => Array
        (
            [0] => Array
                (
                    [full_name] => Zie Aranera Oliveros
                    [admission_id] => 25
                    [user_id] => 66
                    [payment_history] => Array
                        (
                        )

                    [total_paid] => 0
                    [total_fee] => 0
                    [remaining] => 0
                )

            [1] => Array
                (
                    [full_name] => Roldan Araneta Oliveros
                    [admission_id] => 71
                    [user_id] => 66
                    [payment_history] => Array
                        (
                        )

                    [total_paid] => 0
                    [total_fee] => 0
                    [remaining] => 0
                )

        )

)

DEBUG - 2025-11-26 23:53:18 --> Session: Class initialized using 'CodeIgniter\Session\Handlers\FileHandler' driver.
DEBUG - 2025-11-26 23:53:18 --> Fetching children for guardian ID: 66
DEBUG - 2025-11-26 23:53:18 --> Number of children found: 2
DEBUG - 2025-11-26 23:53:18 --> Children data: Array
(
    [0] => stdClass Object
        (
            [guardian_id] => 66
            [admission_id] => 25
            [full_name] => Oliveros zie
            [profile_pic] => 1758436120_6596822b60e287637732.png
        )

    [1] => stdClass Object
        (
            [guardian_id] => 66
            [admission_id] => 71
            [full_name] => Oliveros Roldan
            [profile_pic] => 1760718376_4415351e0873d15d40f2.jpg
        )

)

