DEBUG - 2025-10-17 21:39:01 --> Session: Class initialized using 'CodeIgniter\Session\Handlers\FileHandler' driver.
DEBUG - 2025-10-17 21:39:01 --> user_id: 1
DEBUG - 2025-10-17 21:39:05 --> Session: Class initialized using 'CodeIgniter\Session\Handlers\FileHandler' driver.
DEBUG - 2025-10-17 21:39:05 --> user_id: 1
DEBUG - 2025-10-17 21:39:12 --> Session: Class initialized using 'CodeIgniter\Session\Handlers\FileHandler' driver.
DEBUG - 2025-10-17 21:39:12 --> user_id: 1
DEBUG - 2025-10-17 21:39:15 --> Session: Class initialized using 'CodeIgniter\Session\Handlers\FileHandler' driver.
DEBUG - 2025-10-17 21:39:15 --> user_id: 1
DEBUG - 2025-10-17 21:39:16 --> Session: Class initialized using 'CodeIgniter\Session\Handlers\FileHandler' driver.
DEBUG - 2025-10-17 21:39:16 --> user_id: 1
DEBUG - 2025-10-17 21:39:18 --> Session: Class initialized using 'CodeIgniter\Session\Handlers\FileHandler' driver.
DEBUG - 2025-10-17 21:39:18 --> user_id: 1
ERROR - 2025-10-17 21:39:19 --> mysqli_sql_exception: Cannot add or update a child row: a foreign key constraint fails (`brightsidedb`.`payments`, CONSTRAINT `payments_ibfk_2` FOREIGN KEY (`plan_id`) REFERENCES `tuitionplans` (`plan_id`)) in C:\Users\User\Desktop\xamp\htdocs\copstone\system\Database\MySQLi\Connection.php:327
Stack trace:
#0 C:\Users\User\Desktop\xamp\htdocs\copstone\system\Database\MySQLi\Connection.php(327): mysqli->query('INSERT INTO `pa...', 0)
#1 C:\Users\User\Desktop\xamp\htdocs\copstone\system\Database\BaseConnection.php(738): CodeIgniter\Database\MySQLi\Connection->execute('INSERT INTO `pa...')
#2 C:\Users\User\Desktop\xamp\htdocs\copstone\system\Database\BaseConnection.php(652): CodeIgniter\Database\BaseConnection->simpleQuery('INSERT INTO `pa...')
#3 C:\Users\User\Desktop\xamp\htdocs\copstone\system\Database\BaseBuilder.php(2345): CodeIgniter\Database\BaseConnection->query('INSERT INTO `pa...', Array, false)
#4 C:\Users\User\Desktop\xamp\htdocs\copstone\system\Model.php(394): CodeIgniter\Database\BaseBuilder->insert()
#5 C:\Users\User\Desktop\xamp\htdocs\copstone\system\BaseModel.php(839): CodeIgniter\Model->doInsert(Array)
#6 C:\Users\User\Desktop\xamp\htdocs\copstone\system\Model.php(800): CodeIgniter\BaseModel->insert(Array, true)
#7 C:\Users\User\Desktop\xamp\htdocs\copstone\app\Models\StudentModel.php(525): CodeIgniter\Model->insert(Array)
#8 C:\Users\User\Desktop\xamp\htdocs\copstone\app\Controllers\Payment.php(615): App\Models\StudentModel->processCashPayment('40', '2000.00', 'Cash', '2025-10-17')
#9 C:\Users\User\Desktop\xamp\htdocs\copstone\system\CodeIgniter.php(933): App\Controllers\Payment->payCashEnrollment()
#10 C:\Users\User\Desktop\xamp\htdocs\copstone\system\CodeIgniter.php(507): CodeIgniter\CodeIgniter->runController(Object(App\Controllers\Payment))
#11 C:\Users\User\Desktop\xamp\htdocs\copstone\system\CodeIgniter.php(354): CodeIgniter\CodeIgniter->handleRequest(NULL, Object(Config\Cache), false)
#12 C:\Users\User\Desktop\xamp\htdocs\copstone\system\Boot.php(334): CodeIgniter\CodeIgniter->run()
#13 C:\Users\User\Desktop\xamp\htdocs\copstone\system\Boot.php(67): CodeIgniter\Boot::runCodeIgniter(Object(CodeIgniter\CodeIgniter))
#14 C:\Users\User\Desktop\xamp\htdocs\copstone\index.php(56): CodeIgniter\Boot::bootWeb(Object(Config\Paths))
#15 {main}
DEBUG - 2025-10-17 21:39:19 --> Session: Class initialized using 'CodeIgniter\Session\Handlers\FileHandler' driver.
DEBUG - 2025-10-17 21:39:19 --> Session: Class initialized using 'CodeIgniter\Session\Handlers\FileHandler' driver.
DEBUG - 2025-10-17 21:39:19 --> user_id: 1
DEBUG - 2025-10-17 21:39:22 --> Session: Class initialized using 'CodeIgniter\Session\Handlers\FileHandler' driver.
DEBUG - 2025-10-17 21:39:23 --> Session: Class initialized using 'CodeIgniter\Session\Handlers\FileHandler' driver.
DEBUG - 2025-10-17 21:39:23 --> user_id: 1
DEBUG - 2025-10-17 21:43:09 --> Session: Class initialized using 'CodeIgniter\Session\Handlers\FileHandler' driver.
DEBUG - 2025-10-17 21:43:09 --> user_id: 1
DEBUG - 2025-10-17 21:43:11 --> Session: Class initialized using 'CodeIgniter\Session\Handlers\FileHandler' driver.
DEBUG - 2025-10-17 21:43:11 --> user_id: 1
DEBUG - 2025-10-17 21:43:13 --> Session: Class initialized using 'CodeIgniter\Session\Handlers\FileHandler' driver.
DEBUG - 2025-10-17 21:43:13 --> user_id: 1
ERROR - 2025-10-17 21:43:15 --> mysqli_sql_exception: Cannot add or update a child row: a foreign key constraint fails (`brightsidedb`.`payments`, CONSTRAINT `payments_ibfk_2` FOREIGN KEY (`plan_id`) REFERENCES `tuitionplans` (`plan_id`)) in C:\Users\User\Desktop\xamp\htdocs\copstone\system\Database\MySQLi\Connection.php:327
Stack trace:
#0 C:\Users\User\Desktop\xamp\htdocs\copstone\system\Database\MySQLi\Connection.php(327): mysqli->query('INSERT INTO `pa...', 0)
#1 C:\Users\User\Desktop\xamp\htdocs\copstone\system\Database\BaseConnection.php(738): CodeIgniter\Database\MySQLi\Connection->execute('INSERT INTO `pa...')
#2 C:\Users\User\Desktop\xamp\htdocs\copstone\system\Database\BaseConnection.php(652): CodeIgniter\Database\BaseConnection->simpleQuery('INSERT INTO `pa...')
#3 C:\Users\User\Desktop\xamp\htdocs\copstone\system\Database\BaseBuilder.php(2345): CodeIgniter\Database\BaseConnection->query('INSERT INTO `pa...', Array, false)
#4 C:\Users\User\Desktop\xamp\htdocs\copstone\system\Model.php(394): CodeIgniter\Database\BaseBuilder->insert()
#5 C:\Users\User\Desktop\xamp\htdocs\copstone\system\BaseModel.php(839): CodeIgniter\Model->doInsert(Array)
#6 C:\Users\User\Desktop\xamp\htdocs\copstone\system\Model.php(800): CodeIgniter\BaseModel->insert(Array, true)
#7 C:\Users\User\Desktop\xamp\htdocs\copstone\app\Models\StudentModel.php(526): CodeIgniter\Model->insert(Array)
#8 C:\Users\User\Desktop\xamp\htdocs\copstone\app\Controllers\Payment.php(615): App\Models\StudentModel->processCashPayment('40', '2000.00', 'Cash', '2025-10-17')
#9 C:\Users\User\Desktop\xamp\htdocs\copstone\system\CodeIgniter.php(933): App\Controllers\Payment->payCashEnrollment()
#10 C:\Users\User\Desktop\xamp\htdocs\copstone\system\CodeIgniter.php(507): CodeIgniter\CodeIgniter->runController(Object(App\Controllers\Payment))
#11 C:\Users\User\Desktop\xamp\htdocs\copstone\system\CodeIgniter.php(354): CodeIgniter\CodeIgniter->handleRequest(NULL, Object(Config\Cache), false)
#12 C:\Users\User\Desktop\xamp\htdocs\copstone\system\Boot.php(334): CodeIgniter\CodeIgniter->run()
#13 C:\Users\User\Desktop\xamp\htdocs\copstone\system\Boot.php(67): CodeIgniter\Boot::runCodeIgniter(Object(CodeIgniter\CodeIgniter))
#14 C:\Users\User\Desktop\xamp\htdocs\copstone\index.php(56): CodeIgniter\Boot::bootWeb(Object(Config\Paths))
#15 {main}
DEBUG - 2025-10-17 21:43:15 --> Session: Class initialized using 'CodeIgniter\Session\Handlers\FileHandler' driver.
DEBUG - 2025-10-17 21:43:15 --> Session: Class initialized using 'CodeIgniter\Session\Handlers\FileHandler' driver.
DEBUG - 2025-10-17 21:43:15 --> user_id: 1
ERROR - 2025-10-17 21:43:17 --> mysqli_sql_exception: Cannot add or update a child row: a foreign key constraint fails (`brightsidedb`.`payments`, CONSTRAINT `payments_ibfk_2` FOREIGN KEY (`plan_id`) REFERENCES `tuitionplans` (`plan_id`)) in C:\Users\User\Desktop\xamp\htdocs\copstone\system\Database\MySQLi\Connection.php:327
Stack trace:
#0 C:\Users\User\Desktop\xamp\htdocs\copstone\system\Database\MySQLi\Connection.php(327): mysqli->query('INSERT INTO `pa...', 0)
#1 C:\Users\User\Desktop\xamp\htdocs\copstone\system\Database\BaseConnection.php(738): CodeIgniter\Database\MySQLi\Connection->execute('INSERT INTO `pa...')
#2 C:\Users\User\Desktop\xamp\htdocs\copstone\system\Database\BaseConnection.php(652): CodeIgniter\Database\BaseConnection->simpleQuery('INSERT INTO `pa...')
#3 C:\Users\User\Desktop\xamp\htdocs\copstone\system\Database\BaseBuilder.php(2345): CodeIgniter\Database\BaseConnection->query('INSERT INTO `pa...', Array, false)
#4 C:\Users\User\Desktop\xamp\htdocs\copstone\system\Model.php(394): CodeIgniter\Database\BaseBuilder->insert()
#5 C:\Users\User\Desktop\xamp\htdocs\copstone\system\BaseModel.php(839): CodeIgniter\Model->doInsert(Array)
#6 C:\Users\User\Desktop\xamp\htdocs\copstone\system\Model.php(800): CodeIgniter\BaseModel->insert(Array, true)
#7 C:\Users\User\Desktop\xamp\htdocs\copstone\app\Models\StudentModel.php(526): CodeIgniter\Model->insert(Array)
#8 C:\Users\User\Desktop\xamp\htdocs\copstone\app\Controllers\Payment.php(615): App\Models\StudentModel->processCashPayment('40', '2000.00', 'Cash', '2025-10-17')
#9 C:\Users\User\Desktop\xamp\htdocs\copstone\system\CodeIgniter.php(933): App\Controllers\Payment->payCashEnrollment()
#10 C:\Users\User\Desktop\xamp\htdocs\copstone\system\CodeIgniter.php(507): CodeIgniter\CodeIgniter->runController(Object(App\Controllers\Payment))
#11 C:\Users\User\Desktop\xamp\htdocs\copstone\system\CodeIgniter.php(354): CodeIgniter\CodeIgniter->handleRequest(NULL, Object(Config\Cache), false)
#12 C:\Users\User\Desktop\xamp\htdocs\copstone\system\Boot.php(334): CodeIgniter\CodeIgniter->run()
#13 C:\Users\User\Desktop\xamp\htdocs\copstone\system\Boot.php(67): CodeIgniter\Boot::runCodeIgniter(Object(CodeIgniter\CodeIgniter))
#14 C:\Users\User\Desktop\xamp\htdocs\copstone\index.php(56): CodeIgniter\Boot::bootWeb(Object(Config\Paths))
#15 {main}
DEBUG - 2025-10-17 21:43:17 --> Session: Class initialized using 'CodeIgniter\Session\Handlers\FileHandler' driver.
DEBUG - 2025-10-17 21:43:18 --> Session: Class initialized using 'CodeIgniter\Session\Handlers\FileHandler' driver.
DEBUG - 2025-10-17 21:43:18 --> user_id: 1
DEBUG - 2025-10-17 21:43:55 --> Session: Class initialized using 'CodeIgniter\Session\Handlers\FileHandler' driver.
DEBUG - 2025-10-17 21:43:55 --> user_id: 1
DEBUG - 2025-10-17 21:43:57 --> Session: Class initialized using 'CodeIgniter\Session\Handlers\FileHandler' driver.
DEBUG - 2025-10-17 21:43:57 --> user_id: 1
DEBUG - 2025-10-17 21:43:59 --> Session: Class initialized using 'CodeIgniter\Session\Handlers\FileHandler' driver.
DEBUG - 2025-10-17 21:43:59 --> user_id: 1
ERROR - 2025-10-17 21:44:01 --> mysqli_sql_exception: Cannot add or update a child row: a foreign key constraint fails (`brightsidedb`.`payments`, CONSTRAINT `payments_ibfk_2` FOREIGN KEY (`plan_id`) REFERENCES `tuitionplans` (`plan_id`)) in C:\Users\User\Desktop\xamp\htdocs\copstone\system\Database\MySQLi\Connection.php:327
Stack trace:
#0 C:\Users\User\Desktop\xamp\htdocs\copstone\system\Database\MySQLi\Connection.php(327): mysqli->query('INSERT INTO `pa...', 0)
#1 C:\Users\User\Desktop\xamp\htdocs\copstone\system\Database\BaseConnection.php(738): CodeIgniter\Database\MySQLi\Connection->execute('INSERT INTO `pa...')
#2 C:\Users\User\Desktop\xamp\htdocs\copstone\system\Database\BaseConnection.php(652): CodeIgniter\Database\BaseConnection->simpleQuery('INSERT INTO `pa...')
#3 C:\Users\User\Desktop\xamp\htdocs\copstone\system\Database\BaseBuilder.php(2345): CodeIgniter\Database\BaseConnection->query('INSERT INTO `pa...', Array, false)
#4 C:\Users\User\Desktop\xamp\htdocs\copstone\system\Model.php(394): CodeIgniter\Database\BaseBuilder->insert()
#5 C:\Users\User\Desktop\xamp\htdocs\copstone\system\BaseModel.php(839): CodeIgniter\Model->doInsert(Array)
#6 C:\Users\User\Desktop\xamp\htdocs\copstone\system\Model.php(800): CodeIgniter\BaseModel->insert(Array, true)
#7 C:\Users\User\Desktop\xamp\htdocs\copstone\app\Models\StudentModel.php(525): CodeIgniter\Model->insert(Array)
#8 C:\Users\User\Desktop\xamp\htdocs\copstone\app\Controllers\Payment.php(615): App\Models\StudentModel->processCashPayment('40', '2000.00', 'Cash', '2025-10-17')
#9 C:\Users\User\Desktop\xamp\htdocs\copstone\system\CodeIgniter.php(933): App\Controllers\Payment->payCashEnrollment()
#10 C:\Users\User\Desktop\xamp\htdocs\copstone\system\CodeIgniter.php(507): CodeIgniter\CodeIgniter->runController(Object(App\Controllers\Payment))
#11 C:\Users\User\Desktop\xamp\htdocs\copstone\system\CodeIgniter.php(354): CodeIgniter\CodeIgniter->handleRequest(NULL, Object(Config\Cache), false)
#12 C:\Users\User\Desktop\xamp\htdocs\copstone\system\Boot.php(334): CodeIgniter\CodeIgniter->run()
#13 C:\Users\User\Desktop\xamp\htdocs\copstone\system\Boot.php(67): CodeIgniter\Boot::runCodeIgniter(Object(CodeIgniter\CodeIgniter))
#14 C:\Users\User\Desktop\xamp\htdocs\copstone\index.php(56): CodeIgniter\Boot::bootWeb(Object(Config\Paths))
#15 {main}
DEBUG - 2025-10-17 21:44:01 --> Session: Class initialized using 'CodeIgniter\Session\Handlers\FileHandler' driver.
DEBUG - 2025-10-17 21:44:01 --> Session: Class initialized using 'CodeIgniter\Session\Handlers\FileHandler' driver.
DEBUG - 2025-10-17 21:44:01 --> user_id: 1
DEBUG - 2025-10-17 21:44:05 --> Session: Class initialized using 'CodeIgniter\Session\Handlers\FileHandler' driver.
DEBUG - 2025-10-17 21:44:05 --> user_id: 1
DEBUG - 2025-10-17 21:47:18 --> Session: Class initialized using 'CodeIgniter\Session\Handlers\FileHandler' driver.
DEBUG - 2025-10-17 21:47:18 --> user_id: 1
DEBUG - 2025-10-17 21:47:20 --> Session: Class initialized using 'CodeIgniter\Session\Handlers\FileHandler' driver.
DEBUG - 2025-10-17 21:47:20 --> user_id: 1
DEBUG - 2025-10-17 21:47:22 --> Session: Class initialized using 'CodeIgniter\Session\Handlers\FileHandler' driver.
DEBUG - 2025-10-17 21:47:22 --> user_id: 1
DEBUG - 2025-10-17 21:47:24 --> Session: Class initialized using 'CodeIgniter\Session\Handlers\FileHandler' driver.
DEBUG - 2025-10-17 21:47:24 --> user_id: 1
DEBUG - 2025-10-17 21:47:25 --> Session: Class initialized using 'CodeIgniter\Session\Handlers\FileHandler' driver.
DEBUG - 2025-10-17 21:47:25 --> user_id: 1
DEBUG - 2025-10-17 21:47:27 --> Session: Class initialized using 'CodeIgniter\Session\Handlers\FileHandler' driver.
DEBUG - 2025-10-17 21:47:27 --> user_id: 1
CRITICAL - 2025-10-17 21:47:28 --> ErrorException: Undefined variable $admissionModel
[Method: POST, Route: admin/payment_cash]
in APPPATH\Models\StudentModel.php on line 541.
 1 APPPATH\Models\StudentModel.php(541): CodeIgniter\Debug\Exceptions->errorHandler(2, 'Undefined variable $admissionModel', 'C:\\Users\\User\\Desktop\\xamp\\htdocs\\copstone\\app\\Models\\StudentModel.php', 541)
 2 APPPATH\Controllers\Payment.php(615): App\Models\StudentModel->processCashPayment('40', '2000.00', 'Cash', '2025-10-17')
 3 SYSTEMPATH\CodeIgniter.php(933): App\Controllers\Payment->payCashEnrollment()
 4 SYSTEMPATH\CodeIgniter.php(507): CodeIgniter\CodeIgniter->runController(Object(App\Controllers\Payment))
 5 SYSTEMPATH\CodeIgniter.php(354): CodeIgniter\CodeIgniter->handleRequest(null, Object(Config\Cache), false)
 6 SYSTEMPATH\Boot.php(334): CodeIgniter\CodeIgniter->run()
 7 SYSTEMPATH\Boot.php(67): CodeIgniter\Boot::runCodeIgniter(Object(CodeIgniter\CodeIgniter))
 8 FCPATH\index.php(56): CodeIgniter\Boot::bootWeb(Object(Config\Paths))
INFO - 2025-10-17 21:50:24 --> Generating QR code for Guardian ID: 68f249a070373
INFO - 2025-10-17 21:50:24 --> QR code saved to file: C:\Users\User\Desktop\xamp\htdocs\copstone\public/assets/qrstudentId/68f249a070373.png
CRITICAL - 2025-10-17 21:50:24 --> ErrorException: Trying to access array offset on value of type null
[Method: POST, Route: admin/payment_cash]
in APPPATH\Controllers\Payment.php on line 617.
 1 APPPATH\Controllers\Payment.php(617): CodeIgniter\Debug\Exceptions->errorHandler(2, 'Trying to access array offset on value of type null', 'C:\\Users\\User\\Desktop\\xamp\\htdocs\\copstone\\app\\Controllers\\Payment.php', 617)
 2 SYSTEMPATH\CodeIgniter.php(933): App\Controllers\Payment->payCashEnrollment()
 3 SYSTEMPATH\CodeIgniter.php(507): CodeIgniter\CodeIgniter->runController(Object(App\Controllers\Payment))
 4 SYSTEMPATH\CodeIgniter.php(354): CodeIgniter\CodeIgniter->handleRequest(null, Object(Config\Cache), false)
 5 SYSTEMPATH\Boot.php(334): CodeIgniter\CodeIgniter->run()
 6 SYSTEMPATH\Boot.php(67): CodeIgniter\Boot::runCodeIgniter(Object(CodeIgniter\CodeIgniter))
 7 FCPATH\index.php(56): CodeIgniter\Boot::bootWeb(Object(Config\Paths))
INFO - 2025-10-17 21:52:01 --> Generating QR code for Guardian ID: 68f24a01757e5
INFO - 2025-10-17 21:52:01 --> QR code saved to file: C:\Users\User\Desktop\xamp\htdocs\copstone\public/assets/qrstudentId/68f24a01757e5.png
CRITICAL - 2025-10-17 21:52:01 --> Exception: This admission record is already enrolled as a student.
[Method: POST, Route: admin/payment_cash]
in APPPATH\Models\StudentModel.php on line 586.
 1 APPPATH\Controllers\Payment.php(615): App\Models\StudentModel->processCashPayment('40', '2000.00', 'Cash', '2025-10-17')
 2 SYSTEMPATH\CodeIgniter.php(933): App\Controllers\Payment->payCashEnrollment()
 3 SYSTEMPATH\CodeIgniter.php(507): CodeIgniter\CodeIgniter->runController(Object(App\Controllers\Payment))
 4 SYSTEMPATH\CodeIgniter.php(354): CodeIgniter\CodeIgniter->handleRequest(null, Object(Config\Cache), false)
 5 SYSTEMPATH\Boot.php(334): CodeIgniter\CodeIgniter->run()
 6 SYSTEMPATH\Boot.php(67): CodeIgniter\Boot::runCodeIgniter(Object(CodeIgniter\CodeIgniter))
 7 FCPATH\index.php(56): CodeIgniter\Boot::bootWeb(Object(Config\Paths))
DEBUG - 2025-10-17 21:52:05 --> Session: Class initialized using 'CodeIgniter\Session\Handlers\FileHandler' driver.
DEBUG - 2025-10-17 21:52:05 --> user_id: 1
DEBUG - 2025-10-17 21:52:07 --> Session: Class initialized using 'CodeIgniter\Session\Handlers\FileHandler' driver.
DEBUG - 2025-10-17 21:52:07 --> user_id: 1
DEBUG - 2025-10-17 21:52:08 --> Session: Class initialized using 'CodeIgniter\Session\Handlers\FileHandler' driver.
DEBUG - 2025-10-17 21:52:08 --> user_id: 1
DEBUG - 2025-10-17 21:52:12 --> Session: Class initialized using 'CodeIgniter\Session\Handlers\FileHandler' driver.
DEBUG - 2025-10-17 21:52:15 --> Session: Class initialized using 'CodeIgniter\Session\Handlers\FileHandler' driver.
DEBUG - 2025-10-17 21:52:15 --> user_id: 1
DEBUG - 2025-10-17 21:52:18 --> Session: Class initialized using 'CodeIgniter\Session\Handlers\FileHandler' driver.
DEBUG - 2025-10-17 21:52:18 --> user_id: 1
DEBUG - 2025-10-17 21:52:38 --> Session: Class initialized using 'CodeIgniter\Session\Handlers\FileHandler' driver.
DEBUG - 2025-10-17 21:52:38 --> user_id: 1
DEBUG - 2025-10-17 21:52:53 --> Session: Class initialized using 'CodeIgniter\Session\Handlers\FileHandler' driver.
DEBUG - 2025-10-17 21:52:54 --> Session: Class initialized using 'CodeIgniter\Session\Handlers\FileHandler' driver.
DEBUG - 2025-10-17 21:53:02 --> Session: Class initialized using 'CodeIgniter\Session\Handlers\FileHandler' driver.
DEBUG - 2025-10-17 21:53:03 --> Session: Class initialized using 'CodeIgniter\Session\Handlers\FileHandler' driver.
DEBUG - 2025-10-17 21:53:06 --> Session: Class initialized using 'CodeIgniter\Session\Handlers\FileHandler' driver.
DEBUG - 2025-10-17 21:59:17 --> Session: Class initialized using 'CodeIgniter\Session\Handlers\FileHandler' driver.
DEBUG - 2025-10-17 21:59:22 --> Session: Class initialized using 'CodeIgniter\Session\Handlers\FileHandler' driver.
DEBUG - 2025-10-17 21:59:22 --> user_id: 1
DEBUG - 2025-10-17 21:59:25 --> Session: Class initialized using 'CodeIgniter\Session\Handlers\FileHandler' driver.
DEBUG - 2025-10-17 21:59:25 --> user_id: 1
DEBUG - 2025-10-17 21:59:27 --> Session: Class initialized using 'CodeIgniter\Session\Handlers\FileHandler' driver.
DEBUG - 2025-10-17 21:59:27 --> user_id: 1
INFO - 2025-10-17 21:59:29 --> Generating QR code for Guardian ID: 68f24bc160298
INFO - 2025-10-17 21:59:29 --> QR code saved to file: C:\Users\User\Desktop\xamp\htdocs\copstone\public/assets/qrstudentId/68f24bc160298.png
CRITICAL - 2025-10-17 21:59:29 --> ErrorException: Undefined variable $plan
[Method: POST, Route: admin/payment_cash]
in APPPATH\Models\StudentModel.php on line 605.
 1 APPPATH\Models\StudentModel.php(605): CodeIgniter\Debug\Exceptions->errorHandler(2, 'Undefined variable $plan', 'C:\\Users\\User\\Desktop\\xamp\\htdocs\\copstone\\app\\Models\\StudentModel.php', 605)
 2 APPPATH\Controllers\Payment.php(615): App\Models\StudentModel->processCashPayment('40', '2000.00', 'Cash', '2025-10-17')
 3 SYSTEMPATH\CodeIgniter.php(933): App\Controllers\Payment->payCashEnrollment()
 4 SYSTEMPATH\CodeIgniter.php(507): CodeIgniter\CodeIgniter->runController(Object(App\Controllers\Payment))
 5 SYSTEMPATH\CodeIgniter.php(354): CodeIgniter\CodeIgniter->handleRequest(null, Object(Config\Cache), false)
 6 SYSTEMPATH\Boot.php(334): CodeIgniter\CodeIgniter->run()
 7 SYSTEMPATH\Boot.php(67): CodeIgniter\Boot::runCodeIgniter(Object(CodeIgniter\CodeIgniter))
 8 FCPATH\index.php(56): CodeIgniter\Boot::bootWeb(Object(Config\Paths))
INFO - 2025-10-17 22:00:57 --> Generating QR code for Guardian ID: 68f24c19ed24c
INFO - 2025-10-17 22:00:58 --> QR code saved to file: C:\Users\User\Desktop\xamp\htdocs\copstone\public/assets/qrstudentId/68f24c19ed24c.png
CRITICAL - 2025-10-17 22:00:58 --> ErrorException: Undefined variable $TuitionPlanModel
[Method: POST, Route: admin/payment_cash]
in APPPATH\Models\StudentModel.php on line 605.
 1 APPPATH\Models\StudentModel.php(605): CodeIgniter\Debug\Exceptions->errorHandler(2, 'Undefined variable $TuitionPlanModel', 'C:\\Users\\User\\Desktop\\xamp\\htdocs\\copstone\\app\\Models\\StudentModel.php', 605)
 2 APPPATH\Controllers\Payment.php(615): App\Models\StudentModel->processCashPayment('40', '2000.00', 'Cash', '2025-10-17')
 3 SYSTEMPATH\CodeIgniter.php(933): App\Controllers\Payment->payCashEnrollment()
 4 SYSTEMPATH\CodeIgniter.php(507): CodeIgniter\CodeIgniter->runController(Object(App\Controllers\Payment))
 5 SYSTEMPATH\CodeIgniter.php(354): CodeIgniter\CodeIgniter->handleRequest(null, Object(Config\Cache), false)
 6 SYSTEMPATH\Boot.php(334): CodeIgniter\CodeIgniter->run()
 7 SYSTEMPATH\Boot.php(67): CodeIgniter\Boot::runCodeIgniter(Object(CodeIgniter\CodeIgniter))
 8 FCPATH\index.php(56): CodeIgniter\Boot::bootWeb(Object(Config\Paths))
INFO - 2025-10-17 22:01:45 --> Generating QR code for Guardian ID: 68f24c496f249
INFO - 2025-10-17 22:01:45 --> QR code saved to file: C:\Users\User\Desktop\xamp\htdocs\copstone\public/assets/qrstudentId/68f24c496f249.png
CRITICAL - 2025-10-17 22:01:45 --> ErrorException: Undefined variable $paymentModel
[Method: POST, Route: admin/payment_cash]
in APPPATH\Models\StudentModel.php on line 611.
 1 APPPATH\Models\StudentModel.php(611): CodeIgniter\Debug\Exceptions->errorHandler(2, 'Undefined variable $paymentModel', 'C:\\Users\\User\\Desktop\\xamp\\htdocs\\copstone\\app\\Models\\StudentModel.php', 611)
 2 APPPATH\Controllers\Payment.php(615): App\Models\StudentModel->processCashPayment('40', '2000.00', 'Cash', '2025-10-17')
 3 SYSTEMPATH\CodeIgniter.php(933): App\Controllers\Payment->payCashEnrollment()
 4 SYSTEMPATH\CodeIgniter.php(507): CodeIgniter\CodeIgniter->runController(Object(App\Controllers\Payment))
 5 SYSTEMPATH\CodeIgniter.php(354): CodeIgniter\CodeIgniter->handleRequest(null, Object(Config\Cache), false)
 6 SYSTEMPATH\Boot.php(334): CodeIgniter\CodeIgniter->run()
 7 SYSTEMPATH\Boot.php(67): CodeIgniter\Boot::runCodeIgniter(Object(CodeIgniter\CodeIgniter))
 8 FCPATH\index.php(56): CodeIgniter\Boot::bootWeb(Object(Config\Paths))
INFO - 2025-10-17 22:02:33 --> Generating QR code for Guardian ID: 68f24c792bc44
INFO - 2025-10-17 22:02:33 --> QR code saved to file: C:\Users\User\Desktop\xamp\htdocs\copstone\public/assets/qrstudentId/68f24c792bc44.png
ERROR - 2025-10-17 22:02:33 --> mysqli_sql_exception: Cannot add or update a child row: a foreign key constraint fails (`brightsidedb`.`payments`, CONSTRAINT `payments_ibfk_1` FOREIGN KEY (`user_id`) REFERENCES `students` (`user_id`)) in C:\Users\User\Desktop\xamp\htdocs\copstone\system\Database\MySQLi\Connection.php:327
Stack trace:
#0 C:\Users\User\Desktop\xamp\htdocs\copstone\system\Database\MySQLi\Connection.php(327): mysqli->query('INSERT INTO `pa...', 0)
#1 C:\Users\User\Desktop\xamp\htdocs\copstone\system\Database\BaseConnection.php(738): CodeIgniter\Database\MySQLi\Connection->execute('INSERT INTO `pa...')
#2 C:\Users\User\Desktop\xamp\htdocs\copstone\system\Database\BaseConnection.php(652): CodeIgniter\Database\BaseConnection->simpleQuery('INSERT INTO `pa...')
#3 C:\Users\User\Desktop\xamp\htdocs\copstone\system\Database\BaseBuilder.php(2345): CodeIgniter\Database\BaseConnection->query('INSERT INTO `pa...', Array, false)
#4 C:\Users\User\Desktop\xamp\htdocs\copstone\system\Model.php(394): CodeIgniter\Database\BaseBuilder->insert()
#5 C:\Users\User\Desktop\xamp\htdocs\copstone\system\BaseModel.php(839): CodeIgniter\Model->doInsert(Array)
#6 C:\Users\User\Desktop\xamp\htdocs\copstone\system\Model.php(800): CodeIgniter\BaseModel->insert(Array, true)
#7 C:\Users\User\Desktop\xamp\htdocs\copstone\app\Models\StudentModel.php(620): CodeIgniter\Model->insert(Array)
#8 C:\Users\User\Desktop\xamp\htdocs\copstone\app\Controllers\Payment.php(615): App\Models\StudentModel->processCashPayment('40', '2000.00', 'Cash', '2025-10-17')
#9 C:\Users\User\Desktop\xamp\htdocs\copstone\system\CodeIgniter.php(933): App\Controllers\Payment->payCashEnrollment()
#10 C:\Users\User\Desktop\xamp\htdocs\copstone\system\CodeIgniter.php(507): CodeIgniter\CodeIgniter->runController(Object(App\Controllers\Payment))
#11 C:\Users\User\Desktop\xamp\htdocs\copstone\system\CodeIgniter.php(354): CodeIgniter\CodeIgniter->handleRequest(NULL, Object(Config\Cache), false)
#12 C:\Users\User\Desktop\xamp\htdocs\copstone\system\Boot.php(334): CodeIgniter\CodeIgniter->run()
#13 C:\Users\User\Desktop\xamp\htdocs\copstone\system\Boot.php(67): CodeIgniter\Boot::runCodeIgniter(Object(CodeIgniter\CodeIgniter))
#14 C:\Users\User\Desktop\xamp\htdocs\copstone\index.php(56): CodeIgniter\Boot::bootWeb(Object(Config\Paths))
#15 {main}
CRITICAL - 2025-10-17 22:02:33 --> CodeIgniter\Database\Exceptions\DatabaseException: Cannot add or update a child row: a foreign key constraint fails (`brightsidedb`.`payments`, CONSTRAINT `payments_ibfk_1` FOREIGN KEY (`user_id`) REFERENCES `students` (`user_id`))
[Method: POST, Route: admin/payment_cash]
in SYSTEMPATH\Database\BaseConnection.php on line 692.
 1 SYSTEMPATH\Database\BaseBuilder.php(2345): CodeIgniter\Database\BaseConnection->query('INSERT INTO `payments` (`user_id`, `amount_paid`, `remaining_balance`, `payment_method`, `payment_date`, `status`) VALUES (:user_id:, :amount_paid:, :remaining_balance:, :payment_method:, :payment_date:, :status:)', [...], false)
 2 SYSTEMPATH\Model.php(394): CodeIgniter\Database\BaseBuilder->insert()
 3 SYSTEMPATH\BaseModel.php(839): CodeIgniter\Model->doInsert([...])
 4 SYSTEMPATH\Model.php(800): CodeIgniter\BaseModel->insert([...], true)
 5 APPPATH\Models\StudentModel.php(620): CodeIgniter\Model->insert([...])
 6 APPPATH\Controllers\Payment.php(615): App\Models\StudentModel->processCashPayment('40', '2000.00', 'Cash', '2025-10-17')
 7 SYSTEMPATH\CodeIgniter.php(933): App\Controllers\Payment->payCashEnrollment()
 8 SYSTEMPATH\CodeIgniter.php(507): CodeIgniter\CodeIgniter->runController(Object(App\Controllers\Payment))
 9 SYSTEMPATH\CodeIgniter.php(354): CodeIgniter\CodeIgniter->handleRequest(null, Object(Config\Cache), false)
10 SYSTEMPATH\Boot.php(334): CodeIgniter\CodeIgniter->run()
11 SYSTEMPATH\Boot.php(67): CodeIgniter\Boot::runCodeIgniter(Object(CodeIgniter\CodeIgniter))
12 FCPATH\index.php(56): CodeIgniter\Boot::bootWeb(Object(Config\Paths))
CRITICAL - 2025-10-17 22:02:33 --> [Caused by] CodeIgniter\Database\Exceptions\DatabaseException: Cannot add or update a child row: a foreign key constraint fails (`brightsidedb`.`payments`, CONSTRAINT `payments_ibfk_1` FOREIGN KEY (`user_id`) REFERENCES `students` (`user_id`))
in SYSTEMPATH\Database\MySQLi\Connection.php on line 332.
 1 SYSTEMPATH\Database\BaseConnection.php(738): CodeIgniter\Database\MySQLi\Connection->execute('INSERT INTO `payments` (`user_id`, `amount_paid`, `remaining_balance`, `payment_method`, `payment_date`, `status`) VALUES (\'40\', \'2000.00\', \'0.00\', \'Cash\', \'2025-10-17\', \'Paid\')')
 2 SYSTEMPATH\Database\BaseConnection.php(652): CodeIgniter\Database\BaseConnection->simpleQuery('INSERT INTO `payments` (`user_id`, `amount_paid`, `remaining_balance`, `payment_method`, `payment_date`, `status`) VALUES (\'40\', \'2000.00\', \'0.00\', \'Cash\', \'2025-10-17\', \'Paid\')')
 3 SYSTEMPATH\Database\BaseBuilder.php(2345): CodeIgniter\Database\BaseConnection->query('INSERT INTO `payments` (`user_id`, `amount_paid`, `remaining_balance`, `payment_method`, `payment_date`, `status`) VALUES (:user_id:, :amount_paid:, :remaining_balance:, :payment_method:, :payment_date:, :status:)', [...], false)
 4 SYSTEMPATH\Model.php(394): CodeIgniter\Database\BaseBuilder->insert()
 5 SYSTEMPATH\BaseModel.php(839): CodeIgniter\Model->doInsert([...])
 6 SYSTEMPATH\Model.php(800): CodeIgniter\BaseModel->insert([...], true)
 7 APPPATH\Models\StudentModel.php(620): CodeIgniter\Model->insert([...])
 8 APPPATH\Controllers\Payment.php(615): App\Models\StudentModel->processCashPayment('40', '2000.00', 'Cash', '2025-10-17')
 9 SYSTEMPATH\CodeIgniter.php(933): App\Controllers\Payment->payCashEnrollment()
10 SYSTEMPATH\CodeIgniter.php(507): CodeIgniter\CodeIgniter->runController(Object(App\Controllers\Payment))
11 SYSTEMPATH\CodeIgniter.php(354): CodeIgniter\CodeIgniter->handleRequest(null, Object(Config\Cache), false)
12 SYSTEMPATH\Boot.php(334): CodeIgniter\CodeIgniter->run()
13 SYSTEMPATH\Boot.php(67): CodeIgniter\Boot::runCodeIgniter(Object(CodeIgniter\CodeIgniter))
14 FCPATH\index.php(56): CodeIgniter\Boot::bootWeb(Object(Config\Paths))
CRITICAL - 2025-10-17 22:02:33 --> [Caused by] mysqli_sql_exception: Cannot add or update a child row: a foreign key constraint fails (`brightsidedb`.`payments`, CONSTRAINT `payments_ibfk_1` FOREIGN KEY (`user_id`) REFERENCES `students` (`user_id`))
in SYSTEMPATH\Database\MySQLi\Connection.php on line 327.
 1 SYSTEMPATH\Database\MySQLi\Connection.php(327): mysqli->query('INSERT INTO `payments` (`user_id`, `amount_paid`, `remaining_balance`, `payment_method`, `payment_date`, `status`) VALUES (\'40\', \'2000.00\', \'0.00\', \'Cash\', \'2025-10-17\', \'Paid\')', 0)
 2 SYSTEMPATH\Database\BaseConnection.php(738): CodeIgniter\Database\MySQLi\Connection->execute('INSERT INTO `payments` (`user_id`, `amount_paid`, `remaining_balance`, `payment_method`, `payment_date`, `status`) VALUES (\'40\', \'2000.00\', \'0.00\', \'Cash\', \'2025-10-17\', \'Paid\')')
 3 SYSTEMPATH\Database\BaseConnection.php(652): CodeIgniter\Database\BaseConnection->simpleQuery('INSERT INTO `payments` (`user_id`, `amount_paid`, `remaining_balance`, `payment_method`, `payment_date`, `status`) VALUES (\'40\', \'2000.00\', \'0.00\', \'Cash\', \'2025-10-17\', \'Paid\')')
 4 SYSTEMPATH\Database\BaseBuilder.php(2345): CodeIgniter\Database\BaseConnection->query('INSERT INTO `payments` (`user_id`, `amount_paid`, `remaining_balance`, `payment_method`, `payment_date`, `status`) VALUES (:user_id:, :amount_paid:, :remaining_balance:, :payment_method:, :payment_date:, :status:)', [...], false)
 5 SYSTEMPATH\Model.php(394): CodeIgniter\Database\BaseBuilder->insert()
 6 SYSTEMPATH\BaseModel.php(839): CodeIgniter\Model->doInsert([...])
 7 SYSTEMPATH\Model.php(800): CodeIgniter\BaseModel->insert([...], true)
 8 APPPATH\Models\StudentModel.php(620): CodeIgniter\Model->insert([...])
 9 APPPATH\Controllers\Payment.php(615): App\Models\StudentModel->processCashPayment('40', '2000.00', 'Cash', '2025-10-17')
10 SYSTEMPATH\CodeIgniter.php(933): App\Controllers\Payment->payCashEnrollment()
11 SYSTEMPATH\CodeIgniter.php(507): CodeIgniter\CodeIgniter->runController(Object(App\Controllers\Payment))
12 SYSTEMPATH\CodeIgniter.php(354): CodeIgniter\CodeIgniter->handleRequest(null, Object(Config\Cache), false)
13 SYSTEMPATH\Boot.php(334): CodeIgniter\CodeIgniter->run()
14 SYSTEMPATH\Boot.php(67): CodeIgniter\Boot::runCodeIgniter(Object(CodeIgniter\CodeIgniter))
15 FCPATH\index.php(56): CodeIgniter\Boot::bootWeb(Object(Config\Paths))
INFO - 2025-10-17 22:03:02 --> Generating QR code for Guardian ID: 68f24c96d641a
INFO - 2025-10-17 22:03:02 --> QR code saved to file: C:\Users\User\Desktop\xamp\htdocs\copstone\public/assets/qrstudentId/68f24c96d641a.png
ERROR - 2025-10-17 22:03:02 --> mysqli_sql_exception: Cannot add or update a child row: a foreign key constraint fails (`brightsidedb`.`payments`, CONSTRAINT `payments_ibfk_1` FOREIGN KEY (`user_id`) REFERENCES `students` (`user_id`)) in C:\Users\User\Desktop\xamp\htdocs\copstone\system\Database\MySQLi\Connection.php:327
Stack trace:
#0 C:\Users\User\Desktop\xamp\htdocs\copstone\system\Database\MySQLi\Connection.php(327): mysqli->query('INSERT INTO `pa...', 0)
#1 C:\Users\User\Desktop\xamp\htdocs\copstone\system\Database\BaseConnection.php(738): CodeIgniter\Database\MySQLi\Connection->execute('INSERT INTO `pa...')
#2 C:\Users\User\Desktop\xamp\htdocs\copstone\system\Database\BaseConnection.php(652): CodeIgniter\Database\BaseConnection->simpleQuery('INSERT INTO `pa...')
#3 C:\Users\User\Desktop\xamp\htdocs\copstone\system\Database\BaseBuilder.php(2345): CodeIgniter\Database\BaseConnection->query('INSERT INTO `pa...', Array, false)
#4 C:\Users\User\Desktop\xamp\htdocs\copstone\system\Model.php(394): CodeIgniter\Database\BaseBuilder->insert()
#5 C:\Users\User\Desktop\xamp\htdocs\copstone\system\BaseModel.php(839): CodeIgniter\Model->doInsert(Array)
#6 C:\Users\User\Desktop\xamp\htdocs\copstone\system\Model.php(800): CodeIgniter\BaseModel->insert(Array, true)
#7 C:\Users\User\Desktop\xamp\htdocs\copstone\app\Models\StudentModel.php(620): CodeIgniter\Model->insert(Array)
#8 C:\Users\User\Desktop\xamp\htdocs\copstone\app\Controllers\Payment.php(615): App\Models\StudentModel->processCashPayment('40', '2000.00', 'Cash', '2025-10-17')
#9 C:\Users\User\Desktop\xamp\htdocs\copstone\system\CodeIgniter.php(933): App\Controllers\Payment->payCashEnrollment()
#10 C:\Users\User\Desktop\xamp\htdocs\copstone\system\CodeIgniter.php(507): CodeIgniter\CodeIgniter->runController(Object(App\Controllers\Payment))
#11 C:\Users\User\Desktop\xamp\htdocs\copstone\system\CodeIgniter.php(354): CodeIgniter\CodeIgniter->handleRequest(NULL, Object(Config\Cache), false)
#12 C:\Users\User\Desktop\xamp\htdocs\copstone\system\Boot.php(334): CodeIgniter\CodeIgniter->run()
#13 C:\Users\User\Desktop\xamp\htdocs\copstone\system\Boot.php(67): CodeIgniter\Boot::runCodeIgniter(Object(CodeIgniter\CodeIgniter))
#14 C:\Users\User\Desktop\xamp\htdocs\copstone\index.php(56): CodeIgniter\Boot::bootWeb(Object(Config\Paths))
#15 {main}
CRITICAL - 2025-10-17 22:03:02 --> CodeIgniter\Database\Exceptions\DatabaseException: Cannot add or update a child row: a foreign key constraint fails (`brightsidedb`.`payments`, CONSTRAINT `payments_ibfk_1` FOREIGN KEY (`user_id`) REFERENCES `students` (`user_id`))
[Method: POST, Route: admin/payment_cash]
in SYSTEMPATH\Database\BaseConnection.php on line 692.
 1 SYSTEMPATH\Database\BaseBuilder.php(2345): CodeIgniter\Database\BaseConnection->query('INSERT INTO `payments` (`user_id`, `amount_paid`, `remaining_balance`, `payment_method`, `payment_date`, `status`) VALUES (:user_id:, :amount_paid:, :remaining_balance:, :payment_method:, :payment_date:, :status:)', [...], false)
 2 SYSTEMPATH\Model.php(394): CodeIgniter\Database\BaseBuilder->insert()
 3 SYSTEMPATH\BaseModel.php(839): CodeIgniter\Model->doInsert([...])
 4 SYSTEMPATH\Model.php(800): CodeIgniter\BaseModel->insert([...], true)
 5 APPPATH\Models\StudentModel.php(620): CodeIgniter\Model->insert([...])
 6 APPPATH\Controllers\Payment.php(615): App\Models\StudentModel->processCashPayment('40', '2000.00', 'Cash', '2025-10-17')
 7 SYSTEMPATH\CodeIgniter.php(933): App\Controllers\Payment->payCashEnrollment()
 8 SYSTEMPATH\CodeIgniter.php(507): CodeIgniter\CodeIgniter->runController(Object(App\Controllers\Payment))
 9 SYSTEMPATH\CodeIgniter.php(354): CodeIgniter\CodeIgniter->handleRequest(null, Object(Config\Cache), false)
10 SYSTEMPATH\Boot.php(334): CodeIgniter\CodeIgniter->run()
11 SYSTEMPATH\Boot.php(67): CodeIgniter\Boot::runCodeIgniter(Object(CodeIgniter\CodeIgniter))
12 FCPATH\index.php(56): CodeIgniter\Boot::bootWeb(Object(Config\Paths))
CRITICAL - 2025-10-17 22:03:02 --> [Caused by] CodeIgniter\Database\Exceptions\DatabaseException: Cannot add or update a child row: a foreign key constraint fails (`brightsidedb`.`payments`, CONSTRAINT `payments_ibfk_1` FOREIGN KEY (`user_id`) REFERENCES `students` (`user_id`))
in SYSTEMPATH\Database\MySQLi\Connection.php on line 332.
 1 SYSTEMPATH\Database\BaseConnection.php(738): CodeIgniter\Database\MySQLi\Connection->execute('INSERT INTO `payments` (`user_id`, `amount_paid`, `remaining_balance`, `payment_method`, `payment_date`, `status`) VALUES (40, \'2000.00\', \'0.00\', \'Cash\', \'2025-10-17\', \'Paid\')')
 2 SYSTEMPATH\Database\BaseConnection.php(652): CodeIgniter\Database\BaseConnection->simpleQuery('INSERT INTO `payments` (`user_id`, `amount_paid`, `remaining_balance`, `payment_method`, `payment_date`, `status`) VALUES (40, \'2000.00\', \'0.00\', \'Cash\', \'2025-10-17\', \'Paid\')')
 3 SYSTEMPATH\Database\BaseBuilder.php(2345): CodeIgniter\Database\BaseConnection->query('INSERT INTO `payments` (`user_id`, `amount_paid`, `remaining_balance`, `payment_method`, `payment_date`, `status`) VALUES (:user_id:, :amount_paid:, :remaining_balance:, :payment_method:, :payment_date:, :status:)', [...], false)
 4 SYSTEMPATH\Model.php(394): CodeIgniter\Database\BaseBuilder->insert()
 5 SYSTEMPATH\BaseModel.php(839): CodeIgniter\Model->doInsert([...])
 6 SYSTEMPATH\Model.php(800): CodeIgniter\BaseModel->insert([...], true)
 7 APPPATH\Models\StudentModel.php(620): CodeIgniter\Model->insert([...])
 8 APPPATH\Controllers\Payment.php(615): App\Models\StudentModel->processCashPayment('40', '2000.00', 'Cash', '2025-10-17')
 9 SYSTEMPATH\CodeIgniter.php(933): App\Controllers\Payment->payCashEnrollment()
10 SYSTEMPATH\CodeIgniter.php(507): CodeIgniter\CodeIgniter->runController(Object(App\Controllers\Payment))
11 SYSTEMPATH\CodeIgniter.php(354): CodeIgniter\CodeIgniter->handleRequest(null, Object(Config\Cache), false)
12 SYSTEMPATH\Boot.php(334): CodeIgniter\CodeIgniter->run()
13 SYSTEMPATH\Boot.php(67): CodeIgniter\Boot::runCodeIgniter(Object(CodeIgniter\CodeIgniter))
14 FCPATH\index.php(56): CodeIgniter\Boot::bootWeb(Object(Config\Paths))
CRITICAL - 2025-10-17 22:03:02 --> [Caused by] mysqli_sql_exception: Cannot add or update a child row: a foreign key constraint fails (`brightsidedb`.`payments`, CONSTRAINT `payments_ibfk_1` FOREIGN KEY (`user_id`) REFERENCES `students` (`user_id`))
in SYSTEMPATH\Database\MySQLi\Connection.php on line 327.
 1 SYSTEMPATH\Database\MySQLi\Connection.php(327): mysqli->query('INSERT INTO `payments` (`user_id`, `amount_paid`, `remaining_balance`, `payment_method`, `payment_date`, `status`) VALUES (40, \'2000.00\', \'0.00\', \'Cash\', \'2025-10-17\', \'Paid\')', 0)
 2 SYSTEMPATH\Database\BaseConnection.php(738): CodeIgniter\Database\MySQLi\Connection->execute('INSERT INTO `payments` (`user_id`, `amount_paid`, `remaining_balance`, `payment_method`, `payment_date`, `status`) VALUES (40, \'2000.00\', \'0.00\', \'Cash\', \'2025-10-17\', \'Paid\')')
 3 SYSTEMPATH\Database\BaseConnection.php(652): CodeIgniter\Database\BaseConnection->simpleQuery('INSERT INTO `payments` (`user_id`, `amount_paid`, `remaining_balance`, `payment_method`, `payment_date`, `status`) VALUES (40, \'2000.00\', \'0.00\', \'Cash\', \'2025-10-17\', \'Paid\')')
 4 SYSTEMPATH\Database\BaseBuilder.php(2345): CodeIgniter\Database\BaseConnection->query('INSERT INTO `payments` (`user_id`, `amount_paid`, `remaining_balance`, `payment_method`, `payment_date`, `status`) VALUES (:user_id:, :amount_paid:, :remaining_balance:, :payment_method:, :payment_date:, :status:)', [...], false)
 5 SYSTEMPATH\Model.php(394): CodeIgniter\Database\BaseBuilder->insert()
 6 SYSTEMPATH\BaseModel.php(839): CodeIgniter\Model->doInsert([...])
 7 SYSTEMPATH\Model.php(800): CodeIgniter\BaseModel->insert([...], true)
 8 APPPATH\Models\StudentModel.php(620): CodeIgniter\Model->insert([...])
 9 APPPATH\Controllers\Payment.php(615): App\Models\StudentModel->processCashPayment('40', '2000.00', 'Cash', '2025-10-17')
10 SYSTEMPATH\CodeIgniter.php(933): App\Controllers\Payment->payCashEnrollment()
11 SYSTEMPATH\CodeIgniter.php(507): CodeIgniter\CodeIgniter->runController(Object(App\Controllers\Payment))
12 SYSTEMPATH\CodeIgniter.php(354): CodeIgniter\CodeIgniter->handleRequest(null, Object(Config\Cache), false)
13 SYSTEMPATH\Boot.php(334): CodeIgniter\CodeIgniter->run()
14 SYSTEMPATH\Boot.php(67): CodeIgniter\Boot::runCodeIgniter(Object(CodeIgniter\CodeIgniter))
15 FCPATH\index.php(56): CodeIgniter\Boot::bootWeb(Object(Config\Paths))
DEBUG - 2025-10-17 22:03:18 --> Session: Class initialized using 'CodeIgniter\Session\Handlers\FileHandler' driver.
DEBUG - 2025-10-17 22:03:18 --> user_id: 1
INFO - 2025-10-17 22:03:20 --> Generating QR code for Guardian ID: 68f24ca858cde
INFO - 2025-10-17 22:03:20 --> QR code saved to file: C:\Users\User\Desktop\xamp\htdocs\copstone\public/assets/qrstudentId/68f24ca858cde.png
ERROR - 2025-10-17 22:03:20 --> mysqli_sql_exception: Cannot add or update a child row: a foreign key constraint fails (`brightsidedb`.`payments`, CONSTRAINT `payments_ibfk_2` FOREIGN KEY (`plan_id`) REFERENCES `tuitionplans` (`plan_id`)) in C:\Users\User\Desktop\xamp\htdocs\copstone\system\Database\MySQLi\Connection.php:327
Stack trace:
#0 C:\Users\User\Desktop\xamp\htdocs\copstone\system\Database\MySQLi\Connection.php(327): mysqli->query('INSERT INTO `pa...', 0)
#1 C:\Users\User\Desktop\xamp\htdocs\copstone\system\Database\BaseConnection.php(738): CodeIgniter\Database\MySQLi\Connection->execute('INSERT INTO `pa...')
#2 C:\Users\User\Desktop\xamp\htdocs\copstone\system\Database\BaseConnection.php(652): CodeIgniter\Database\BaseConnection->simpleQuery('INSERT INTO `pa...')
#3 C:\Users\User\Desktop\xamp\htdocs\copstone\system\Database\BaseBuilder.php(2345): CodeIgniter\Database\BaseConnection->query('INSERT INTO `pa...', Array, false)
#4 C:\Users\User\Desktop\xamp\htdocs\copstone\system\Model.php(394): CodeIgniter\Database\BaseBuilder->insert()
#5 C:\Users\User\Desktop\xamp\htdocs\copstone\system\BaseModel.php(839): CodeIgniter\Model->doInsert(Array)
#6 C:\Users\User\Desktop\xamp\htdocs\copstone\system\Model.php(800): CodeIgniter\BaseModel->insert(Array, true)
#7 C:\Users\User\Desktop\xamp\htdocs\copstone\app\Models\StudentModel.php(620): CodeIgniter\Model->insert(Array)
#8 C:\Users\User\Desktop\xamp\htdocs\copstone\app\Controllers\Payment.php(615): App\Models\StudentModel->processCashPayment('40', '2000.00', 'Cash', '2025-10-17')
#9 C:\Users\User\Desktop\xamp\htdocs\copstone\system\CodeIgniter.php(933): App\Controllers\Payment->payCashEnrollment()
#10 C:\Users\User\Desktop\xamp\htdocs\copstone\system\CodeIgniter.php(507): CodeIgniter\CodeIgniter->runController(Object(App\Controllers\Payment))
#11 C:\Users\User\Desktop\xamp\htdocs\copstone\system\CodeIgniter.php(354): CodeIgniter\CodeIgniter->handleRequest(NULL, Object(Config\Cache), false)
#12 C:\Users\User\Desktop\xamp\htdocs\copstone\system\Boot.php(334): CodeIgniter\CodeIgniter->run()
#13 C:\Users\User\Desktop\xamp\htdocs\copstone\system\Boot.php(67): CodeIgniter\Boot::runCodeIgniter(Object(CodeIgniter\CodeIgniter))
#14 C:\Users\User\Desktop\xamp\htdocs\copstone\index.php(56): CodeIgniter\Boot::bootWeb(Object(Config\Paths))
#15 {main}
CRITICAL - 2025-10-17 22:03:20 --> CodeIgniter\Database\Exceptions\DatabaseException: Cannot add or update a child row: a foreign key constraint fails (`brightsidedb`.`payments`, CONSTRAINT `payments_ibfk_2` FOREIGN KEY (`plan_id`) REFERENCES `tuitionplans` (`plan_id`))
[Method: POST, Route: admin/payment_cash]
in SYSTEMPATH\Database\BaseConnection.php on line 692.
 1 SYSTEMPATH\Database\BaseBuilder.php(2345): CodeIgniter\Database\BaseConnection->query('INSERT INTO `payments` (`user_id`, `amount_paid`, `remaining_balance`, `payment_method`, `payment_date`, `status`) VALUES (:user_id:, :amount_paid:, :remaining_balance:, :payment_method:, :payment_date:, :status:)', [...], false)
 2 SYSTEMPATH\Model.php(394): CodeIgniter\Database\BaseBuilder->insert()
 3 SYSTEMPATH\BaseModel.php(839): CodeIgniter\Model->doInsert([...])
 4 SYSTEMPATH\Model.php(800): CodeIgniter\BaseModel->insert([...], true)
 5 APPPATH\Models\StudentModel.php(620): CodeIgniter\Model->insert([...])
 6 APPPATH\Controllers\Payment.php(615): App\Models\StudentModel->processCashPayment('40', '2000.00', 'Cash', '2025-10-17')
 7 SYSTEMPATH\CodeIgniter.php(933): App\Controllers\Payment->payCashEnrollment()
 8 SYSTEMPATH\CodeIgniter.php(507): CodeIgniter\CodeIgniter->runController(Object(App\Controllers\Payment))
 9 SYSTEMPATH\CodeIgniter.php(354): CodeIgniter\CodeIgniter->handleRequest(null, Object(Config\Cache), false)
10 SYSTEMPATH\Boot.php(334): CodeIgniter\CodeIgniter->run()
11 SYSTEMPATH\Boot.php(67): CodeIgniter\Boot::runCodeIgniter(Object(CodeIgniter\CodeIgniter))
12 FCPATH\index.php(56): CodeIgniter\Boot::bootWeb(Object(Config\Paths))
CRITICAL - 2025-10-17 22:03:20 --> [Caused by] CodeIgniter\Database\Exceptions\DatabaseException: Cannot add or update a child row: a foreign key constraint fails (`brightsidedb`.`payments`, CONSTRAINT `payments_ibfk_2` FOREIGN KEY (`plan_id`) REFERENCES `tuitionplans` (`plan_id`))
in SYSTEMPATH\Database\MySQLi\Connection.php on line 332.
 1 SYSTEMPATH\Database\BaseConnection.php(738): CodeIgniter\Database\MySQLi\Connection->execute('INSERT INTO `payments` (`user_id`, `amount_paid`, `remaining_balance`, `payment_method`, `payment_date`, `status`) VALUES (40, \'2000.00\', \'0.00\', \'Cash\', \'2025-10-17\', \'Paid\')')
 2 SYSTEMPATH\Database\BaseConnection.php(652): CodeIgniter\Database\BaseConnection->simpleQuery('INSERT INTO `payments` (`user_id`, `amount_paid`, `remaining_balance`, `payment_method`, `payment_date`, `status`) VALUES (40, \'2000.00\', \'0.00\', \'Cash\', \'2025-10-17\', \'Paid\')')
 3 SYSTEMPATH\Database\BaseBuilder.php(2345): CodeIgniter\Database\BaseConnection->query('INSERT INTO `payments` (`user_id`, `amount_paid`, `remaining_balance`, `payment_method`, `payment_date`, `status`) VALUES (:user_id:, :amount_paid:, :remaining_balance:, :payment_method:, :payment_date:, :status:)', [...], false)
 4 SYSTEMPATH\Model.php(394): CodeIgniter\Database\BaseBuilder->insert()
 5 SYSTEMPATH\BaseModel.php(839): CodeIgniter\Model->doInsert([...])
 6 SYSTEMPATH\Model.php(800): CodeIgniter\BaseModel->insert([...], true)
 7 APPPATH\Models\StudentModel.php(620): CodeIgniter\Model->insert([...])
 8 APPPATH\Controllers\Payment.php(615): App\Models\StudentModel->processCashPayment('40', '2000.00', 'Cash', '2025-10-17')
 9 SYSTEMPATH\CodeIgniter.php(933): App\Controllers\Payment->payCashEnrollment()
10 SYSTEMPATH\CodeIgniter.php(507): CodeIgniter\CodeIgniter->runController(Object(App\Controllers\Payment))
11 SYSTEMPATH\CodeIgniter.php(354): CodeIgniter\CodeIgniter->handleRequest(null, Object(Config\Cache), false)
12 SYSTEMPATH\Boot.php(334): CodeIgniter\CodeIgniter->run()
13 SYSTEMPATH\Boot.php(67): CodeIgniter\Boot::runCodeIgniter(Object(CodeIgniter\CodeIgniter))
14 FCPATH\index.php(56): CodeIgniter\Boot::bootWeb(Object(Config\Paths))
CRITICAL - 2025-10-17 22:03:20 --> [Caused by] mysqli_sql_exception: Cannot add or update a child row: a foreign key constraint fails (`brightsidedb`.`payments`, CONSTRAINT `payments_ibfk_2` FOREIGN KEY (`plan_id`) REFERENCES `tuitionplans` (`plan_id`))
in SYSTEMPATH\Database\MySQLi\Connection.php on line 327.
 1 SYSTEMPATH\Database\MySQLi\Connection.php(327): mysqli->query('INSERT INTO `payments` (`user_id`, `amount_paid`, `remaining_balance`, `payment_method`, `payment_date`, `status`) VALUES (40, \'2000.00\', \'0.00\', \'Cash\', \'2025-10-17\', \'Paid\')', 0)
 2 SYSTEMPATH\Database\BaseConnection.php(738): CodeIgniter\Database\MySQLi\Connection->execute('INSERT INTO `payments` (`user_id`, `amount_paid`, `remaining_balance`, `payment_method`, `payment_date`, `status`) VALUES (40, \'2000.00\', \'0.00\', \'Cash\', \'2025-10-17\', \'Paid\')')
 3 SYSTEMPATH\Database\BaseConnection.php(652): CodeIgniter\Database\BaseConnection->simpleQuery('INSERT INTO `payments` (`user_id`, `amount_paid`, `remaining_balance`, `payment_method`, `payment_date`, `status`) VALUES (40, \'2000.00\', \'0.00\', \'Cash\', \'2025-10-17\', \'Paid\')')
 4 SYSTEMPATH\Database\BaseBuilder.php(2345): CodeIgniter\Database\BaseConnection->query('INSERT INTO `payments` (`user_id`, `amount_paid`, `remaining_balance`, `payment_method`, `payment_date`, `status`) VALUES (:user_id:, :amount_paid:, :remaining_balance:, :payment_method:, :payment_date:, :status:)', [...], false)
 5 SYSTEMPATH\Model.php(394): CodeIgniter\Database\BaseBuilder->insert()
 6 SYSTEMPATH\BaseModel.php(839): CodeIgniter\Model->doInsert([...])
 7 SYSTEMPATH\Model.php(800): CodeIgniter\BaseModel->insert([...], true)
 8 APPPATH\Models\StudentModel.php(620): CodeIgniter\Model->insert([...])
 9 APPPATH\Controllers\Payment.php(615): App\Models\StudentModel->processCashPayment('40', '2000.00', 'Cash', '2025-10-17')
10 SYSTEMPATH\CodeIgniter.php(933): App\Controllers\Payment->payCashEnrollment()
11 SYSTEMPATH\CodeIgniter.php(507): CodeIgniter\CodeIgniter->runController(Object(App\Controllers\Payment))
12 SYSTEMPATH\CodeIgniter.php(354): CodeIgniter\CodeIgniter->handleRequest(null, Object(Config\Cache), false)
13 SYSTEMPATH\Boot.php(334): CodeIgniter\CodeIgniter->run()
14 SYSTEMPATH\Boot.php(67): CodeIgniter\Boot::runCodeIgniter(Object(CodeIgniter\CodeIgniter))
15 FCPATH\index.php(56): CodeIgniter\Boot::bootWeb(Object(Config\Paths))
INFO - 2025-10-17 22:05:26 --> Generating QR code for Guardian ID: 68f24d26c5e9f
INFO - 2025-10-17 22:05:26 --> QR code saved to file: C:\Users\User\Desktop\xamp\htdocs\copstone\public/assets/qrstudentId/68f24d26c5e9f.png
CRITICAL - 2025-10-17 22:05:26 --> Exception: This admission record is already enrolled as a student.
[Method: POST, Route: admin/payment_cash]
in APPPATH\Models\StudentModel.php on line 590.
 1 APPPATH\Controllers\Payment.php(615): App\Models\StudentModel->processCashPayment('40', '2000.00', 'Cash', '2025-10-17')
 2 SYSTEMPATH\CodeIgniter.php(933): App\Controllers\Payment->payCashEnrollment()
 3 SYSTEMPATH\CodeIgniter.php(507): CodeIgniter\CodeIgniter->runController(Object(App\Controllers\Payment))
 4 SYSTEMPATH\CodeIgniter.php(354): CodeIgniter\CodeIgniter->handleRequest(null, Object(Config\Cache), false)
 5 SYSTEMPATH\Boot.php(334): CodeIgniter\CodeIgniter->run()
 6 SYSTEMPATH\Boot.php(67): CodeIgniter\Boot::runCodeIgniter(Object(CodeIgniter\CodeIgniter))
 7 FCPATH\index.php(56): CodeIgniter\Boot::bootWeb(Object(Config\Paths))
DEBUG - 2025-10-17 22:05:59 --> Session: Class initialized using 'CodeIgniter\Session\Handlers\FileHandler' driver.
DEBUG - 2025-10-17 22:05:59 --> user_id: 1
DEBUG - 2025-10-17 22:06:01 --> Session: Class initialized using 'CodeIgniter\Session\Handlers\FileHandler' driver.
DEBUG - 2025-10-17 22:06:01 --> user_id: 1
INFO - 2025-10-17 22:06:03 --> Generating QR code for Guardian ID: 68f24d4b82e6d
INFO - 2025-10-17 22:06:03 --> QR code saved to file: C:\Users\User\Desktop\xamp\htdocs\copstone\public/assets/qrstudentId/68f24d4b82e6d.png
ERROR - 2025-10-17 22:06:03 --> mysqli_sql_exception: Cannot add or update a child row: a foreign key constraint fails (`brightsidedb`.`payments`, CONSTRAINT `payments_ibfk_2` FOREIGN KEY (`plan_id`) REFERENCES `tuitionplans` (`plan_id`) ON DELETE CASCADE ON UPDATE CASCADE) in C:\Users\User\Desktop\xamp\htdocs\copstone\system\Database\MySQLi\Connection.php:327
Stack trace:
#0 C:\Users\User\Desktop\xamp\htdocs\copstone\system\Database\MySQLi\Connection.php(327): mysqli->query('INSERT INTO `pa...', 0)
#1 C:\Users\User\Desktop\xamp\htdocs\copstone\system\Database\BaseConnection.php(738): CodeIgniter\Database\MySQLi\Connection->execute('INSERT INTO `pa...')
#2 C:\Users\User\Desktop\xamp\htdocs\copstone\system\Database\BaseConnection.php(652): CodeIgniter\Database\BaseConnection->simpleQuery('INSERT INTO `pa...')
#3 C:\Users\User\Desktop\xamp\htdocs\copstone\system\Database\BaseBuilder.php(2345): CodeIgniter\Database\BaseConnection->query('INSERT INTO `pa...', Array, false)
#4 C:\Users\User\Desktop\xamp\htdocs\copstone\system\Model.php(394): CodeIgniter\Database\BaseBuilder->insert()
#5 C:\Users\User\Desktop\xamp\htdocs\copstone\system\BaseModel.php(839): CodeIgniter\Model->doInsert(Array)
#6 C:\Users\User\Desktop\xamp\htdocs\copstone\system\Model.php(800): CodeIgniter\BaseModel->insert(Array, true)
#7 C:\Users\User\Desktop\xamp\htdocs\copstone\app\Models\StudentModel.php(620): CodeIgniter\Model->insert(Array)
#8 C:\Users\User\Desktop\xamp\htdocs\copstone\app\Controllers\Payment.php(615): App\Models\StudentModel->processCashPayment('40', '2000.00', 'Cash', '2025-10-17')
#9 C:\Users\User\Desktop\xamp\htdocs\copstone\system\CodeIgniter.php(933): App\Controllers\Payment->payCashEnrollment()
#10 C:\Users\User\Desktop\xamp\htdocs\copstone\system\CodeIgniter.php(507): CodeIgniter\CodeIgniter->runController(Object(App\Controllers\Payment))
#11 C:\Users\User\Desktop\xamp\htdocs\copstone\system\CodeIgniter.php(354): CodeIgniter\CodeIgniter->handleRequest(NULL, Object(Config\Cache), false)
#12 C:\Users\User\Desktop\xamp\htdocs\copstone\system\Boot.php(334): CodeIgniter\CodeIgniter->run()
#13 C:\Users\User\Desktop\xamp\htdocs\copstone\system\Boot.php(67): CodeIgniter\Boot::runCodeIgniter(Object(CodeIgniter\CodeIgniter))
#14 C:\Users\User\Desktop\xamp\htdocs\copstone\index.php(56): CodeIgniter\Boot::bootWeb(Object(Config\Paths))
#15 {main}
CRITICAL - 2025-10-17 22:06:03 --> CodeIgniter\Database\Exceptions\DatabaseException: Cannot add or update a child row: a foreign key constraint fails (`brightsidedb`.`payments`, CONSTRAINT `payments_ibfk_2` FOREIGN KEY (`plan_id`) REFERENCES `tuitionplans` (`plan_id`) ON DELETE CASCADE ON UPDATE CASCADE)
[Method: POST, Route: admin/payment_cash]
in SYSTEMPATH\Database\BaseConnection.php on line 692.
 1 SYSTEMPATH\Database\BaseBuilder.php(2345): CodeIgniter\Database\BaseConnection->query('INSERT INTO `payments` (`user_id`, `amount_paid`, `remaining_balance`, `payment_method`, `payment_date`, `status`) VALUES (:user_id:, :amount_paid:, :remaining_balance:, :payment_method:, :payment_date:, :status:)', [...], false)
 2 SYSTEMPATH\Model.php(394): CodeIgniter\Database\BaseBuilder->insert()
 3 SYSTEMPATH\BaseModel.php(839): CodeIgniter\Model->doInsert([...])
 4 SYSTEMPATH\Model.php(800): CodeIgniter\BaseModel->insert([...], true)
 5 APPPATH\Models\StudentModel.php(620): CodeIgniter\Model->insert([...])
 6 APPPATH\Controllers\Payment.php(615): App\Models\StudentModel->processCashPayment('40', '2000.00', 'Cash', '2025-10-17')
 7 SYSTEMPATH\CodeIgniter.php(933): App\Controllers\Payment->payCashEnrollment()
 8 SYSTEMPATH\CodeIgniter.php(507): CodeIgniter\CodeIgniter->runController(Object(App\Controllers\Payment))
 9 SYSTEMPATH\CodeIgniter.php(354): CodeIgniter\CodeIgniter->handleRequest(null, Object(Config\Cache), false)
10 SYSTEMPATH\Boot.php(334): CodeIgniter\CodeIgniter->run()
11 SYSTEMPATH\Boot.php(67): CodeIgniter\Boot::runCodeIgniter(Object(CodeIgniter\CodeIgniter))
12 FCPATH\index.php(56): CodeIgniter\Boot::bootWeb(Object(Config\Paths))
CRITICAL - 2025-10-17 22:06:03 --> [Caused by] CodeIgniter\Database\Exceptions\DatabaseException: Cannot add or update a child row: a foreign key constraint fails (`brightsidedb`.`payments`, CONSTRAINT `payments_ibfk_2` FOREIGN KEY (`plan_id`) REFERENCES `tuitionplans` (`plan_id`) ON DELETE CASCADE ON UPDATE CASCADE)
in SYSTEMPATH\Database\MySQLi\Connection.php on line 332.
 1 SYSTEMPATH\Database\BaseConnection.php(738): CodeIgniter\Database\MySQLi\Connection->execute('INSERT INTO `payments` (`user_id`, `amount_paid`, `remaining_balance`, `payment_method`, `payment_date`, `status`) VALUES (40, \'2000.00\', \'0.00\', \'Cash\', \'2025-10-17\', \'Paid\')')
 2 SYSTEMPATH\Database\BaseConnection.php(652): CodeIgniter\Database\BaseConnection->simpleQuery('INSERT INTO `payments` (`user_id`, `amount_paid`, `remaining_balance`, `payment_method`, `payment_date`, `status`) VALUES (40, \'2000.00\', \'0.00\', \'Cash\', \'2025-10-17\', \'Paid\')')
 3 SYSTEMPATH\Database\BaseBuilder.php(2345): CodeIgniter\Database\BaseConnection->query('INSERT INTO `payments` (`user_id`, `amount_paid`, `remaining_balance`, `payment_method`, `payment_date`, `status`) VALUES (:user_id:, :amount_paid:, :remaining_balance:, :payment_method:, :payment_date:, :status:)', [...], false)
 4 SYSTEMPATH\Model.php(394): CodeIgniter\Database\BaseBuilder->insert()
 5 SYSTEMPATH\BaseModel.php(839): CodeIgniter\Model->doInsert([...])
 6 SYSTEMPATH\Model.php(800): CodeIgniter\BaseModel->insert([...], true)
 7 APPPATH\Models\StudentModel.php(620): CodeIgniter\Model->insert([...])
 8 APPPATH\Controllers\Payment.php(615): App\Models\StudentModel->processCashPayment('40', '2000.00', 'Cash', '2025-10-17')
 9 SYSTEMPATH\CodeIgniter.php(933): App\Controllers\Payment->payCashEnrollment()
10 SYSTEMPATH\CodeIgniter.php(507): CodeIgniter\CodeIgniter->runController(Object(App\Controllers\Payment))
11 SYSTEMPATH\CodeIgniter.php(354): CodeIgniter\CodeIgniter->handleRequest(null, Object(Config\Cache), false)
12 SYSTEMPATH\Boot.php(334): CodeIgniter\CodeIgniter->run()
13 SYSTEMPATH\Boot.php(67): CodeIgniter\Boot::runCodeIgniter(Object(CodeIgniter\CodeIgniter))
14 FCPATH\index.php(56): CodeIgniter\Boot::bootWeb(Object(Config\Paths))
CRITICAL - 2025-10-17 22:06:03 --> [Caused by] mysqli_sql_exception: Cannot add or update a child row: a foreign key constraint fails (`brightsidedb`.`payments`, CONSTRAINT `payments_ibfk_2` FOREIGN KEY (`plan_id`) REFERENCES `tuitionplans` (`plan_id`) ON DELETE CASCADE ON UPDATE CASCADE)
in SYSTEMPATH\Database\MySQLi\Connection.php on line 327.
 1 SYSTEMPATH\Database\MySQLi\Connection.php(327): mysqli->query('INSERT INTO `payments` (`user_id`, `amount_paid`, `remaining_balance`, `payment_method`, `payment_date`, `status`) VALUES (40, \'2000.00\', \'0.00\', \'Cash\', \'2025-10-17\', \'Paid\')', 0)
 2 SYSTEMPATH\Database\BaseConnection.php(738): CodeIgniter\Database\MySQLi\Connection->execute('INSERT INTO `payments` (`user_id`, `amount_paid`, `remaining_balance`, `payment_method`, `payment_date`, `status`) VALUES (40, \'2000.00\', \'0.00\', \'Cash\', \'2025-10-17\', \'Paid\')')
 3 SYSTEMPATH\Database\BaseConnection.php(652): CodeIgniter\Database\BaseConnection->simpleQuery('INSERT INTO `payments` (`user_id`, `amount_paid`, `remaining_balance`, `payment_method`, `payment_date`, `status`) VALUES (40, \'2000.00\', \'0.00\', \'Cash\', \'2025-10-17\', \'Paid\')')
 4 SYSTEMPATH\Database\BaseBuilder.php(2345): CodeIgniter\Database\BaseConnection->query('INSERT INTO `payments` (`user_id`, `amount_paid`, `remaining_balance`, `payment_method`, `payment_date`, `status`) VALUES (:user_id:, :amount_paid:, :remaining_balance:, :payment_method:, :payment_date:, :status:)', [...], false)
 5 SYSTEMPATH\Model.php(394): CodeIgniter\Database\BaseBuilder->insert()
 6 SYSTEMPATH\BaseModel.php(839): CodeIgniter\Model->doInsert([...])
 7 SYSTEMPATH\Model.php(800): CodeIgniter\BaseModel->insert([...], true)
 8 APPPATH\Models\StudentModel.php(620): CodeIgniter\Model->insert([...])
 9 APPPATH\Controllers\Payment.php(615): App\Models\StudentModel->processCashPayment('40', '2000.00', 'Cash', '2025-10-17')
10 SYSTEMPATH\CodeIgniter.php(933): App\Controllers\Payment->payCashEnrollment()
11 SYSTEMPATH\CodeIgniter.php(507): CodeIgniter\CodeIgniter->runController(Object(App\Controllers\Payment))
12 SYSTEMPATH\CodeIgniter.php(354): CodeIgniter\CodeIgniter->handleRequest(null, Object(Config\Cache), false)
13 SYSTEMPATH\Boot.php(334): CodeIgniter\CodeIgniter->run()
14 SYSTEMPATH\Boot.php(67): CodeIgniter\Boot::runCodeIgniter(Object(CodeIgniter\CodeIgniter))
15 FCPATH\index.php(56): CodeIgniter\Boot::bootWeb(Object(Config\Paths))
INFO - 2025-10-17 22:07:12 --> Generating QR code for Guardian ID: 68f24d9008050
INFO - 2025-10-17 22:07:12 --> QR code saved to file: C:\Users\User\Desktop\xamp\htdocs\copstone\public/assets/qrstudentId/68f24d9008050.png
CRITICAL - 2025-10-17 22:07:12 --> Exception: This admission record is already enrolled as a student.
[Method: POST, Route: admin/payment_cash]
in APPPATH\Models\StudentModel.php on line 590.
 1 APPPATH\Controllers\Payment.php(615): App\Models\StudentModel->processCashPayment('40', '2000.00', 'Cash', '2025-10-17')
 2 SYSTEMPATH\CodeIgniter.php(933): App\Controllers\Payment->payCashEnrollment()
 3 SYSTEMPATH\CodeIgniter.php(507): CodeIgniter\CodeIgniter->runController(Object(App\Controllers\Payment))
 4 SYSTEMPATH\CodeIgniter.php(354): CodeIgniter\CodeIgniter->handleRequest(null, Object(Config\Cache), false)
 5 SYSTEMPATH\Boot.php(334): CodeIgniter\CodeIgniter->run()
 6 SYSTEMPATH\Boot.php(67): CodeIgniter\Boot::runCodeIgniter(Object(CodeIgniter\CodeIgniter))
 7 FCPATH\index.php(56): CodeIgniter\Boot::bootWeb(Object(Config\Paths))
INFO - 2025-10-17 22:07:39 --> Generating QR code for Guardian ID: 68f24dab53090
INFO - 2025-10-17 22:07:39 --> QR code saved to file: C:\Users\User\Desktop\xamp\htdocs\copstone\public/assets/qrstudentId/68f24dab53090.png
ERROR - 2025-10-17 22:07:39 --> mysqli_sql_exception: Cannot add or update a child row: a foreign key constraint fails (`brightsidedb`.`payments`, CONSTRAINT `payments_ibfk_2` FOREIGN KEY (`plan_id`) REFERENCES `tuitionplans` (`plan_id`) ON DELETE CASCADE ON UPDATE CASCADE) in C:\Users\User\Desktop\xamp\htdocs\copstone\system\Database\MySQLi\Connection.php:327
Stack trace:
#0 C:\Users\User\Desktop\xamp\htdocs\copstone\system\Database\MySQLi\Connection.php(327): mysqli->query('INSERT INTO `pa...', 0)
#1 C:\Users\User\Desktop\xamp\htdocs\copstone\system\Database\BaseConnection.php(738): CodeIgniter\Database\MySQLi\Connection->execute('INSERT INTO `pa...')
#2 C:\Users\User\Desktop\xamp\htdocs\copstone\system\Database\BaseConnection.php(652): CodeIgniter\Database\BaseConnection->simpleQuery('INSERT INTO `pa...')
#3 C:\Users\User\Desktop\xamp\htdocs\copstone\system\Database\BaseBuilder.php(2345): CodeIgniter\Database\BaseConnection->query('INSERT INTO `pa...', Array, false)
#4 C:\Users\User\Desktop\xamp\htdocs\copstone\system\Model.php(394): CodeIgniter\Database\BaseBuilder->insert()
#5 C:\Users\User\Desktop\xamp\htdocs\copstone\system\BaseModel.php(839): CodeIgniter\Model->doInsert(Array)
#6 C:\Users\User\Desktop\xamp\htdocs\copstone\system\Model.php(800): CodeIgniter\BaseModel->insert(Array, true)
#7 C:\Users\User\Desktop\xamp\htdocs\copstone\app\Models\StudentModel.php(620): CodeIgniter\Model->insert(Array)
#8 C:\Users\User\Desktop\xamp\htdocs\copstone\app\Controllers\Payment.php(615): App\Models\StudentModel->processCashPayment('40', '2000.00', 'Cash', '2025-10-17')
#9 C:\Users\User\Desktop\xamp\htdocs\copstone\system\CodeIgniter.php(933): App\Controllers\Payment->payCashEnrollment()
#10 C:\Users\User\Desktop\xamp\htdocs\copstone\system\CodeIgniter.php(507): CodeIgniter\CodeIgniter->runController(Object(App\Controllers\Payment))
#11 C:\Users\User\Desktop\xamp\htdocs\copstone\system\CodeIgniter.php(354): CodeIgniter\CodeIgniter->handleRequest(NULL, Object(Config\Cache), false)
#12 C:\Users\User\Desktop\xamp\htdocs\copstone\system\Boot.php(334): CodeIgniter\CodeIgniter->run()
#13 C:\Users\User\Desktop\xamp\htdocs\copstone\system\Boot.php(67): CodeIgniter\Boot::runCodeIgniter(Object(CodeIgniter\CodeIgniter))
#14 C:\Users\User\Desktop\xamp\htdocs\copstone\index.php(56): CodeIgniter\Boot::bootWeb(Object(Config\Paths))
#15 {main}
CRITICAL - 2025-10-17 22:07:39 --> CodeIgniter\Database\Exceptions\DatabaseException: Cannot add or update a child row: a foreign key constraint fails (`brightsidedb`.`payments`, CONSTRAINT `payments_ibfk_2` FOREIGN KEY (`plan_id`) REFERENCES `tuitionplans` (`plan_id`) ON DELETE CASCADE ON UPDATE CASCADE)
[Method: POST, Route: admin/payment_cash]
in SYSTEMPATH\Database\BaseConnection.php on line 692.
 1 SYSTEMPATH\Database\BaseBuilder.php(2345): CodeIgniter\Database\BaseConnection->query('INSERT INTO `payments` (`user_id`, `amount_paid`, `remaining_balance`, `payment_method`, `payment_date`, `status`) VALUES (:user_id:, :amount_paid:, :remaining_balance:, :payment_method:, :payment_date:, :status:)', [...], false)
 2 SYSTEMPATH\Model.php(394): CodeIgniter\Database\BaseBuilder->insert()
 3 SYSTEMPATH\BaseModel.php(839): CodeIgniter\Model->doInsert([...])
 4 SYSTEMPATH\Model.php(800): CodeIgniter\BaseModel->insert([...], true)
 5 APPPATH\Models\StudentModel.php(620): CodeIgniter\Model->insert([...])
 6 APPPATH\Controllers\Payment.php(615): App\Models\StudentModel->processCashPayment('40', '2000.00', 'Cash', '2025-10-17')
 7 SYSTEMPATH\CodeIgniter.php(933): App\Controllers\Payment->payCashEnrollment()
 8 SYSTEMPATH\CodeIgniter.php(507): CodeIgniter\CodeIgniter->runController(Object(App\Controllers\Payment))
 9 SYSTEMPATH\CodeIgniter.php(354): CodeIgniter\CodeIgniter->handleRequest(null, Object(Config\Cache), false)
10 SYSTEMPATH\Boot.php(334): CodeIgniter\CodeIgniter->run()
11 SYSTEMPATH\Boot.php(67): CodeIgniter\Boot::runCodeIgniter(Object(CodeIgniter\CodeIgniter))
12 FCPATH\index.php(56): CodeIgniter\Boot::bootWeb(Object(Config\Paths))
CRITICAL - 2025-10-17 22:07:39 --> [Caused by] CodeIgniter\Database\Exceptions\DatabaseException: Cannot add or update a child row: a foreign key constraint fails (`brightsidedb`.`payments`, CONSTRAINT `payments_ibfk_2` FOREIGN KEY (`plan_id`) REFERENCES `tuitionplans` (`plan_id`) ON DELETE CASCADE ON UPDATE CASCADE)
in SYSTEMPATH\Database\MySQLi\Connection.php on line 332.
 1 SYSTEMPATH\Database\BaseConnection.php(738): CodeIgniter\Database\MySQLi\Connection->execute('INSERT INTO `payments` (`user_id`, `amount_paid`, `remaining_balance`, `payment_method`, `payment_date`, `status`) VALUES (40, \'2000.00\', \'0.00\', \'Cash\', \'2025-10-17\', \'Paid\')')
 2 SYSTEMPATH\Database\BaseConnection.php(652): CodeIgniter\Database\BaseConnection->simpleQuery('INSERT INTO `payments` (`user_id`, `amount_paid`, `remaining_balance`, `payment_method`, `payment_date`, `status`) VALUES (40, \'2000.00\', \'0.00\', \'Cash\', \'2025-10-17\', \'Paid\')')
 3 SYSTEMPATH\Database\BaseBuilder.php(2345): CodeIgniter\Database\BaseConnection->query('INSERT INTO `payments` (`user_id`, `amount_paid`, `remaining_balance`, `payment_method`, `payment_date`, `status`) VALUES (:user_id:, :amount_paid:, :remaining_balance:, :payment_method:, :payment_date:, :status:)', [...], false)
 4 SYSTEMPATH\Model.php(394): CodeIgniter\Database\BaseBuilder->insert()
 5 SYSTEMPATH\BaseModel.php(839): CodeIgniter\Model->doInsert([...])
 6 SYSTEMPATH\Model.php(800): CodeIgniter\BaseModel->insert([...], true)
 7 APPPATH\Models\StudentModel.php(620): CodeIgniter\Model->insert([...])
 8 APPPATH\Controllers\Payment.php(615): App\Models\StudentModel->processCashPayment('40', '2000.00', 'Cash', '2025-10-17')
 9 SYSTEMPATH\CodeIgniter.php(933): App\Controllers\Payment->payCashEnrollment()
10 SYSTEMPATH\CodeIgniter.php(507): CodeIgniter\CodeIgniter->runController(Object(App\Controllers\Payment))
11 SYSTEMPATH\CodeIgniter.php(354): CodeIgniter\CodeIgniter->handleRequest(null, Object(Config\Cache), false)
12 SYSTEMPATH\Boot.php(334): CodeIgniter\CodeIgniter->run()
13 SYSTEMPATH\Boot.php(67): CodeIgniter\Boot::runCodeIgniter(Object(CodeIgniter\CodeIgniter))
14 FCPATH\index.php(56): CodeIgniter\Boot::bootWeb(Object(Config\Paths))
CRITICAL - 2025-10-17 22:07:39 --> [Caused by] mysqli_sql_exception: Cannot add or update a child row: a foreign key constraint fails (`brightsidedb`.`payments`, CONSTRAINT `payments_ibfk_2` FOREIGN KEY (`plan_id`) REFERENCES `tuitionplans` (`plan_id`) ON DELETE CASCADE ON UPDATE CASCADE)
in SYSTEMPATH\Database\MySQLi\Connection.php on line 327.
 1 SYSTEMPATH\Database\MySQLi\Connection.php(327): mysqli->query('INSERT INTO `payments` (`user_id`, `amount_paid`, `remaining_balance`, `payment_method`, `payment_date`, `status`) VALUES (40, \'2000.00\', \'0.00\', \'Cash\', \'2025-10-17\', \'Paid\')', 0)
 2 SYSTEMPATH\Database\BaseConnection.php(738): CodeIgniter\Database\MySQLi\Connection->execute('INSERT INTO `payments` (`user_id`, `amount_paid`, `remaining_balance`, `payment_method`, `payment_date`, `status`) VALUES (40, \'2000.00\', \'0.00\', \'Cash\', \'2025-10-17\', \'Paid\')')
 3 SYSTEMPATH\Database\BaseConnection.php(652): CodeIgniter\Database\BaseConnection->simpleQuery('INSERT INTO `payments` (`user_id`, `amount_paid`, `remaining_balance`, `payment_method`, `payment_date`, `status`) VALUES (40, \'2000.00\', \'0.00\', \'Cash\', \'2025-10-17\', \'Paid\')')
 4 SYSTEMPATH\Database\BaseBuilder.php(2345): CodeIgniter\Database\BaseConnection->query('INSERT INTO `payments` (`user_id`, `amount_paid`, `remaining_balance`, `payment_method`, `payment_date`, `status`) VALUES (:user_id:, :amount_paid:, :remaining_balance:, :payment_method:, :payment_date:, :status:)', [...], false)
 5 SYSTEMPATH\Model.php(394): CodeIgniter\Database\BaseBuilder->insert()
 6 SYSTEMPATH\BaseModel.php(839): CodeIgniter\Model->doInsert([...])
 7 SYSTEMPATH\Model.php(800): CodeIgniter\BaseModel->insert([...], true)
 8 APPPATH\Models\StudentModel.php(620): CodeIgniter\Model->insert([...])
 9 APPPATH\Controllers\Payment.php(615): App\Models\StudentModel->processCashPayment('40', '2000.00', 'Cash', '2025-10-17')
10 SYSTEMPATH\CodeIgniter.php(933): App\Controllers\Payment->payCashEnrollment()
11 SYSTEMPATH\CodeIgniter.php(507): CodeIgniter\CodeIgniter->runController(Object(App\Controllers\Payment))
12 SYSTEMPATH\CodeIgniter.php(354): CodeIgniter\CodeIgniter->handleRequest(null, Object(Config\Cache), false)
13 SYSTEMPATH\Boot.php(334): CodeIgniter\CodeIgniter->run()
14 SYSTEMPATH\Boot.php(67): CodeIgniter\Boot::runCodeIgniter(Object(CodeIgniter\CodeIgniter))
15 FCPATH\index.php(56): CodeIgniter\Boot::bootWeb(Object(Config\Paths))
DEBUG - 2025-10-17 22:11:09 --> Session: Class initialized using 'CodeIgniter\Session\Handlers\FileHandler' driver.
DEBUG - 2025-10-17 22:11:09 --> user_id: 1
INFO - 2025-10-17 22:11:10 --> Generating QR code for Guardian ID: 68f24e7e95fde
INFO - 2025-10-17 22:11:10 --> QR code saved to file: C:\Users\User\Desktop\xamp\htdocs\copstone\public/assets/qrstudentId/68f24e7e95fde.png
CRITICAL - 2025-10-17 22:11:10 --> ErrorException: Trying to access array offset on value of type null
[Method: POST, Route: admin/payment_cash]
in APPPATH\Controllers\Payment.php on line 618.
 1 APPPATH\Controllers\Payment.php(618): CodeIgniter\Debug\Exceptions->errorHandler(2, 'Trying to access array offset on value of type null', 'C:\\Users\\User\\Desktop\\xamp\\htdocs\\copstone\\app\\Controllers\\Payment.php', 618)
 2 SYSTEMPATH\CodeIgniter.php(933): App\Controllers\Payment->payCashEnrollment()
 3 SYSTEMPATH\CodeIgniter.php(507): CodeIgniter\CodeIgniter->runController(Object(App\Controllers\Payment))
 4 SYSTEMPATH\CodeIgniter.php(354): CodeIgniter\CodeIgniter->handleRequest(null, Object(Config\Cache), false)
 5 SYSTEMPATH\Boot.php(334): CodeIgniter\CodeIgniter->run()
 6 SYSTEMPATH\Boot.php(67): CodeIgniter\Boot::runCodeIgniter(Object(CodeIgniter\CodeIgniter))
 7 FCPATH\index.php(56): CodeIgniter\Boot::bootWeb(Object(Config\Paths))
INFO - 2025-10-17 22:14:07 --> Generating QR code for Guardian ID: 68f24f2fbd93e
INFO - 2025-10-17 22:14:07 --> QR code saved to file: C:\Users\User\Desktop\xamp\htdocs\copstone\public/assets/qrstudentId/68f24f2fbd93e.png
CRITICAL - 2025-10-17 22:14:07 --> Exception: This admission record is already enrolled as a student.
[Method: POST, Route: admin/payment_cash]
in APPPATH\Models\StudentModel.php on line 590.
 1 APPPATH\Controllers\Payment.php(615): App\Models\StudentModel->processCashPayment('40', '2000.00', 'Cash', '2025-10-17')
 2 SYSTEMPATH\CodeIgniter.php(933): App\Controllers\Payment->payCashEnrollment()
 3 SYSTEMPATH\CodeIgniter.php(507): CodeIgniter\CodeIgniter->runController(Object(App\Controllers\Payment))
 4 SYSTEMPATH\CodeIgniter.php(354): CodeIgniter\CodeIgniter->handleRequest(null, Object(Config\Cache), false)
 5 SYSTEMPATH\Boot.php(334): CodeIgniter\CodeIgniter->run()
 6 SYSTEMPATH\Boot.php(67): CodeIgniter\Boot::runCodeIgniter(Object(CodeIgniter\CodeIgniter))
 7 FCPATH\index.php(56): CodeIgniter\Boot::bootWeb(Object(Config\Paths))
DEBUG - 2025-10-17 22:14:13 --> Session: Class initialized using 'CodeIgniter\Session\Handlers\FileHandler' driver.
DEBUG - 2025-10-17 22:14:13 --> user_id: 1
DEBUG - 2025-10-17 22:14:15 --> Session: Class initialized using 'CodeIgniter\Session\Handlers\FileHandler' driver.
DEBUG - 2025-10-17 22:14:15 --> user_id: 1
DEBUG - 2025-10-17 22:14:17 --> Session: Class initialized using 'CodeIgniter\Session\Handlers\FileHandler' driver.
DEBUG - 2025-10-17 22:14:17 --> user_id: 1
DEBUG - 2025-10-17 22:20:10 --> Session: Class initialized using 'CodeIgniter\Session\Handlers\FileHandler' driver.
DEBUG - 2025-10-17 22:20:10 --> Email fetched: ecohaven28@gmail.com
DEBUG - 2025-10-17 22:20:12 --> Session: Class initialized using 'CodeIgniter\Session\Handlers\FileHandler' driver.
DEBUG - 2025-10-17 22:20:12 --> user_id: 1
DEBUG - 2025-10-17 22:20:40 --> Session: Class initialized using 'CodeIgniter\Session\Handlers\FileHandler' driver.
CRITICAL - 2025-10-17 22:20:40 --> ErrorException: Attempt to read property "admission_id" on null
[Method: GET, Route: Studentview/40]
in APPPATH\Views\user\viewStudent.php on line 319.
 1 APPPATH\Views\user\viewStudent.php(319): CodeIgniter\Debug\Exceptions->errorHandler(2, 'Attempt to read property "admission_id" on null', 'C:\\Users\\User\\Desktop\\xamp\\htdocs\\copstone\\app\\Views\\user\\viewStudent.php', 319)
 2 SYSTEMPATH\View\View.php(224): include('C:\\Users\\User\\Desktop\\xamp\\htdocs\\copstone\\app\\Views\\user\\viewStudent.php')
 3 SYSTEMPATH\View\View.php(227): CodeIgniter\View\View->CodeIgniter\View\{closure}()
 4 SYSTEMPATH\Common.php(1173): CodeIgniter\View\View->render('user/viewStudent', [], true)
 5 APPPATH\Controllers\GuardianAccountController.php(210): view('user/viewStudent', [...])
 6 SYSTEMPATH\CodeIgniter.php(933): App\Controllers\GuardianAccountController->studentView('40')
 7 SYSTEMPATH\CodeIgniter.php(507): CodeIgniter\CodeIgniter->runController(Object(App\Controllers\GuardianAccountController))
 8 SYSTEMPATH\CodeIgniter.php(354): CodeIgniter\CodeIgniter->handleRequest(null, Object(Config\Cache), false)
 9 SYSTEMPATH\Boot.php(334): CodeIgniter\CodeIgniter->run()
10 SYSTEMPATH\Boot.php(67): CodeIgniter\Boot::runCodeIgniter(Object(CodeIgniter\CodeIgniter))
11 FCPATH\index.php(56): CodeIgniter\Boot::bootWeb(Object(Config\Paths))
DEBUG - 2025-10-17 22:20:42 --> Session: Class initialized using 'CodeIgniter\Session\Handlers\FileHandler' driver.
DEBUG - 2025-10-17 22:20:45 --> Session: Class initialized using 'CodeIgniter\Session\Handlers\FileHandler' driver.
DEBUG - 2025-10-17 22:23:10 --> Session: Class initialized using 'CodeIgniter\Session\Handlers\FileHandler' driver.
DEBUG - 2025-10-17 22:23:13 --> Session: Class initialized using 'CodeIgniter\Session\Handlers\FileHandler' driver.
DEBUG - 2025-10-17 22:23:18 --> Session: Class initialized using 'CodeIgniter\Session\Handlers\FileHandler' driver.
DEBUG - 2025-10-17 22:23:18 --> Session: Class initialized using 'CodeIgniter\Session\Handlers\FileHandler' driver.
DEBUG - 2025-10-17 22:23:18 --> user_id: 1
DEBUG - 2025-10-17 22:23:20 --> Session: Class initialized using 'CodeIgniter\Session\Handlers\FileHandler' driver.
DEBUG - 2025-10-17 22:23:20 --> user_id: 1
DEBUG - 2025-10-17 22:23:25 --> Session: Class initialized using 'CodeIgniter\Session\Handlers\FileHandler' driver.
DEBUG - 2025-10-17 22:23:25 --> user_id: 1
INFO - 2025-10-17 22:23:27 --> Generating QR code for Guardian ID: 68f2515f28bfd
INFO - 2025-10-17 22:23:27 --> QR code saved to file: C:\Users\User\Desktop\xamp\htdocs\copstone\public/assets/qrstudentId/68f2515f28bfd.png
CRITICAL - 2025-10-17 22:23:27 --> ErrorException: Trying to access array offset on value of type null
[Method: POST, Route: admin/payment_cash]
in APPPATH\Controllers\Payment.php on line 618.
 1 APPPATH\Controllers\Payment.php(618): CodeIgniter\Debug\Exceptions->errorHandler(2, 'Trying to access array offset on value of type null', 'C:\\Users\\User\\Desktop\\xamp\\htdocs\\copstone\\app\\Controllers\\Payment.php', 618)
 2 SYSTEMPATH\CodeIgniter.php(933): App\Controllers\Payment->payCashEnrollment()
 3 SYSTEMPATH\CodeIgniter.php(507): CodeIgniter\CodeIgniter->runController(Object(App\Controllers\Payment))
 4 SYSTEMPATH\CodeIgniter.php(354): CodeIgniter\CodeIgniter->handleRequest(null, Object(Config\Cache), false)
 5 SYSTEMPATH\Boot.php(334): CodeIgniter\CodeIgniter->run()
 6 SYSTEMPATH\Boot.php(67): CodeIgniter\Boot::runCodeIgniter(Object(CodeIgniter\CodeIgniter))
 7 FCPATH\index.php(56): CodeIgniter\Boot::bootWeb(Object(Config\Paths))
DEBUG - 2025-10-17 22:24:14 --> Session: Class initialized using 'CodeIgniter\Session\Handlers\FileHandler' driver.
DEBUG - 2025-10-17 22:24:14 --> user_id: 1
DEBUG - 2025-10-17 22:24:17 --> Session: Class initialized using 'CodeIgniter\Session\Handlers\FileHandler' driver.
DEBUG - 2025-10-17 22:24:17 --> user_id: 1
DEBUG - 2025-10-17 22:27:30 --> Session: Class initialized using 'CodeIgniter\Session\Handlers\FileHandler' driver.
DEBUG - 2025-10-17 22:27:30 --> user_id: 1
DEBUG - 2025-10-17 22:27:33 --> Session: Class initialized using 'CodeIgniter\Session\Handlers\FileHandler' driver.
DEBUG - 2025-10-17 22:27:33 --> user_id: 1
INFO - 2025-10-17 22:27:34 --> Generating QR code for Guardian ID: 68f252566854d
INFO - 2025-10-17 22:27:34 --> QR code saved to file: C:\Users\User\Desktop\xamp\htdocs\copstone\public/assets/qrstudentId/68f252566854d.png
DEBUG - 2025-10-17 22:27:34 --> Session: Class initialized using 'CodeIgniter\Session\Handlers\FileHandler' driver.
DEBUG - 2025-10-17 22:27:34 --> Session: Class initialized using 'CodeIgniter\Session\Handlers\FileHandler' driver.
DEBUG - 2025-10-17 22:27:34 --> user_id: 1
DEBUG - 2025-10-17 22:28:16 --> Session: Class initialized using 'CodeIgniter\Session\Handlers\FileHandler' driver.
DEBUG - 2025-10-17 22:28:16 --> user_id: 1
DEBUG - 2025-10-17 22:28:22 --> Session: Class initialized using 'CodeIgniter\Session\Handlers\FileHandler' driver.
DEBUG - 2025-10-17 22:28:22 --> user_id: 1
INFO - 2025-10-17 22:28:23 --> Generating QR code for Guardian ID: 68f2528780fca
INFO - 2025-10-17 22:28:23 --> QR code saved to file: C:\Users\User\Desktop\xamp\htdocs\copstone\public/assets/qrstudentId/68f2528780fca.png
DEBUG - 2025-10-17 22:28:23 --> Session: Class initialized using 'CodeIgniter\Session\Handlers\FileHandler' driver.
DEBUG - 2025-10-17 22:28:23 --> Session: Class initialized using 'CodeIgniter\Session\Handlers\FileHandler' driver.
DEBUG - 2025-10-17 22:28:23 --> user_id: 1
INFO - 2025-10-17 22:31:38 --> Generating QR code for Guardian ID: 68f2534a49eda
INFO - 2025-10-17 22:31:38 --> QR code saved to file: C:\Users\User\Desktop\xamp\htdocs\copstone\public/assets/qrstudentId/68f2534a49eda.png
DEBUG - 2025-10-17 22:31:38 --> Session: Class initialized using 'CodeIgniter\Session\Handlers\FileHandler' driver.
DEBUG - 2025-10-17 22:31:38 --> Session: Class initialized using 'CodeIgniter\Session\Handlers\FileHandler' driver.
DEBUG - 2025-10-17 22:31:38 --> user_id: 1
DEBUG - 2025-10-17 22:31:45 --> Session: Class initialized using 'CodeIgniter\Session\Handlers\FileHandler' driver.
DEBUG - 2025-10-17 22:31:45 --> user_id: 1
DEBUG - 2025-10-17 22:33:02 --> Session: Class initialized using 'CodeIgniter\Session\Handlers\FileHandler' driver.
DEBUG - 2025-10-17 22:33:02 --> user_id: 1
DEBUG - 2025-10-17 22:56:29 --> Session: Class initialized using 'CodeIgniter\Session\Handlers\FileHandler' driver.
DEBUG - 2025-10-17 22:56:29 --> user_id: 1
DEBUG - 2025-10-17 22:56:30 --> Session: Class initialized using 'CodeIgniter\Session\Handlers\FileHandler' driver.
DEBUG - 2025-10-17 22:56:30 --> user_id: 1
DEBUG - 2025-10-17 22:56:32 --> Session: Class initialized using 'CodeIgniter\Session\Handlers\FileHandler' driver.
DEBUG - 2025-10-17 22:56:32 --> user_id: 1
INFO - 2025-10-17 22:56:34 --> Generating QR code for Guardian ID: 68f259226b25a
INFO - 2025-10-17 22:56:34 --> QR code saved to file: C:\Users\User\Desktop\xamp\htdocs\copstone\public/assets/qrstudentId/68f259226b25a.png
DEBUG - 2025-10-17 22:56:34 --> Session: Class initialized using 'CodeIgniter\Session\Handlers\FileHandler' driver.
DEBUG - 2025-10-17 22:56:34 --> Session: Class initialized using 'CodeIgniter\Session\Handlers\FileHandler' driver.
DEBUG - 2025-10-17 22:56:34 --> user_id: 1
DEBUG - 2025-10-17 22:56:38 --> Session: Class initialized using 'CodeIgniter\Session\Handlers\FileHandler' driver.
DEBUG - 2025-10-17 22:56:38 --> user_id: 1
