DEBUG - 2025-10-20 00:24:17 --> Session: Class initialized using 'CodeIgniter\Session\Handlers\FileHandler' driver.
DEBUG - 2025-10-20 11:24:37 --> Session: Class initialized using 'CodeIgniter\Session\Handlers\FileHandler' driver.
DEBUG - 2025-10-20 11:24:51 --> Session: Class initialized using 'CodeIgniter\Session\Handlers\FileHandler' driver.
DEBUG - 2025-10-20 11:24:52 --> Session: Class initialized using 'CodeIgniter\Session\Handlers\FileHandler' driver.
DEBUG - 2025-10-20 11:24:52 --> user_id: 66
DEBUG - 2025-10-20 11:24:53 --> Session: Class initialized using 'CodeIgniter\Session\Handlers\FileHandler' driver.
DEBUG - 2025-10-20 11:24:53 --> Current User ID: 66
DEBUG - 2025-10-20 11:25:13 --> Session: Class initialized using 'CodeIgniter\Session\Handlers\FileHandler' driver.
DEBUG - 2025-10-20 11:29:15 --> Session: Class initialized using 'CodeIgniter\Session\Handlers\FileHandler' driver.
DEBUG - 2025-10-20 11:29:40 --> Session: Class initialized using 'CodeIgniter\Session\Handlers\FileHandler' driver.
DEBUG - 2025-10-20 11:29:55 --> Session: Class initialized using 'CodeIgniter\Session\Handlers\FileHandler' driver.
DEBUG - 2025-10-20 11:31:20 --> Session: Class initialized using 'CodeIgniter\Session\Handlers\FileHandler' driver.
DEBUG - 2025-10-20 11:32:15 --> Session: Class initialized using 'CodeIgniter\Session\Handlers\FileHandler' driver.
DEBUG - 2025-10-20 11:39:38 --> Session: Class initialized using 'CodeIgniter\Session\Handlers\FileHandler' driver.
DEBUG - 2025-10-20 11:56:46 --> Session: Class initialized using 'CodeIgniter\Session\Handlers\FileHandler' driver.
DEBUG - 2025-10-20 12:20:15 --> Session: Class initialized using 'CodeIgniter\Session\Handlers\FileHandler' driver.
DEBUG - 2025-10-20 12:22:24 --> Session: Class initialized using 'CodeIgniter\Session\Handlers\FileHandler' driver.
DEBUG - 2025-10-20 12:24:36 --> Session: Class initialized using 'CodeIgniter\Session\Handlers\FileHandler' driver.
DEBUG - 2025-10-20 12:25:38 --> Session: Class initialized using 'CodeIgniter\Session\Handlers\FileHandler' driver.
DEBUG - 2025-10-20 12:26:10 --> Session: Class initialized using 'CodeIgniter\Session\Handlers\FileHandler' driver.
DEBUG - 2025-10-20 12:28:36 --> Session: Class initialized using 'CodeIgniter\Session\Handlers\FileHandler' driver.
DEBUG - 2025-10-20 12:28:46 --> Session: Class initialized using 'CodeIgniter\Session\Handlers\FileHandler' driver.
DEBUG - 2025-10-20 12:30:57 --> Session: Class initialized using 'CodeIgniter\Session\Handlers\FileHandler' driver.
DEBUG - 2025-10-20 12:32:17 --> Session: Class initialized using 'CodeIgniter\Session\Handlers\FileHandler' driver.
DEBUG - 2025-10-20 12:33:58 --> Session: Class initialized using 'CodeIgniter\Session\Handlers\FileHandler' driver.
DEBUG - 2025-10-20 12:34:08 --> Session: Class initialized using 'CodeIgniter\Session\Handlers\FileHandler' driver.
DEBUG - 2025-10-20 12:35:03 --> Session: Class initialized using 'CodeIgniter\Session\Handlers\FileHandler' driver.
DEBUG - 2025-10-20 12:35:12 --> Session: Class initialized using 'CodeIgniter\Session\Handlers\FileHandler' driver.
DEBUG - 2025-10-20 12:57:25 --> Session: Class initialized using 'CodeIgniter\Session\Handlers\FileHandler' driver.
CRITICAL - 2025-10-20 12:57:32 --> ErrorException: Undefined variable $planId
[Method: GET, Route: get-payments/2/66]
in APPPATH\Models\PaymentModel.php on line 46.
 1 APPPATH\Models\PaymentModel.php(46): CodeIgniter\Debug\Exceptions->errorHandler(2, 'Undefined variable $planId', 'C:\\Users\\User\\Desktop\\xamp\\htdocs\\copstone\\app\\Models\\PaymentModel.php', 46)
 2 APPPATH\Controllers\GuardianAccountController.php(419): App\Models\PaymentModel->getGuardianPayments('66', '2')
 3 SYSTEMPATH\CodeIgniter.php(933): App\Controllers\GuardianAccountController->getPaymentsByPlan('2', '66')
 4 SYSTEMPATH\CodeIgniter.php(507): CodeIgniter\CodeIgniter->runController(Object(App\Controllers\GuardianAccountController))
 5 SYSTEMPATH\CodeIgniter.php(354): CodeIgniter\CodeIgniter->handleRequest(null, Object(Config\Cache), false)
 6 SYSTEMPATH\Boot.php(334): CodeIgniter\CodeIgniter->run()
 7 SYSTEMPATH\Boot.php(67): CodeIgniter\Boot::runCodeIgniter(Object(CodeIgniter\CodeIgniter))
 8 FCPATH\index.php(56): CodeIgniter\Boot::bootWeb(Object(Config\Paths))
DEBUG - 2025-10-20 12:58:18 --> Session: Class initialized using 'CodeIgniter\Session\Handlers\FileHandler' driver.
CRITICAL - 2025-10-20 12:58:21 --> ErrorException: Undefined variable $planId
[Method: GET, Route: get-payments/2/66]
in APPPATH\Models\PaymentModel.php on line 46.
 1 APPPATH\Models\PaymentModel.php(46): CodeIgniter\Debug\Exceptions->errorHandler(2, 'Undefined variable $planId', 'C:\\Users\\User\\Desktop\\xamp\\htdocs\\copstone\\app\\Models\\PaymentModel.php', 46)
 2 APPPATH\Controllers\GuardianAccountController.php(419): App\Models\PaymentModel->getGuardianPayments('66', '2')
 3 SYSTEMPATH\CodeIgniter.php(933): App\Controllers\GuardianAccountController->getPaymentsByPlan('2', '66')
 4 SYSTEMPATH\CodeIgniter.php(507): CodeIgniter\CodeIgniter->runController(Object(App\Controllers\GuardianAccountController))
 5 SYSTEMPATH\CodeIgniter.php(354): CodeIgniter\CodeIgniter->handleRequest(null, Object(Config\Cache), false)
 6 SYSTEMPATH\Boot.php(334): CodeIgniter\CodeIgniter->run()
 7 SYSTEMPATH\Boot.php(67): CodeIgniter\Boot::runCodeIgniter(Object(CodeIgniter\CodeIgniter))
 8 FCPATH\index.php(56): CodeIgniter\Boot::bootWeb(Object(Config\Paths))
DEBUG - 2025-10-20 12:59:57 --> Session: Class initialized using 'CodeIgniter\Session\Handlers\FileHandler' driver.
DEBUG - 2025-10-20 13:07:04 --> Session: Class initialized using 'CodeIgniter\Session\Handlers\FileHandler' driver.
DEBUG - 2025-10-20 13:07:39 --> Session: Class initialized using 'CodeIgniter\Session\Handlers\FileHandler' driver.
DEBUG - 2025-10-20 13:08:01 --> Session: Class initialized using 'CodeIgniter\Session\Handlers\FileHandler' driver.
DEBUG - 2025-10-20 13:08:21 --> Session: Class initialized using 'CodeIgniter\Session\Handlers\FileHandler' driver.
DEBUG - 2025-10-20 13:39:08 --> Session: Class initialized using 'CodeIgniter\Session\Handlers\FileHandler' driver.
DEBUG - 2025-10-20 13:39:14 --> Session: Class initialized using 'CodeIgniter\Session\Handlers\FileHandler' driver.
DEBUG - 2025-10-20 13:39:15 --> Session: Class initialized using 'CodeIgniter\Session\Handlers\FileHandler' driver.
DEBUG - 2025-10-20 13:39:15 --> user_id: 66
DEBUG - 2025-10-20 13:39:15 --> Session: Class initialized using 'CodeIgniter\Session\Handlers\FileHandler' driver.
DEBUG - 2025-10-20 13:39:15 --> Current User ID: 66
DEBUG - 2025-10-20 13:39:18 --> Session: Class initialized using 'CodeIgniter\Session\Handlers\FileHandler' driver.
DEBUG - 2025-10-20 13:43:36 --> Session: Class initialized using 'CodeIgniter\Session\Handlers\FileHandler' driver.
CRITICAL - 2025-10-20 13:43:36 --> ErrorException: Undefined variable $paymenthistorys
[Method: GET, Route: parent-paymentInfo/66]
in APPPATH\Views\guardian\parentPayment.php on line 188.
 1 APPPATH\Views\guardian\parentPayment.php(188): CodeIgniter\Debug\Exceptions->errorHandler(2, 'Undefined variable $paymenthistorys', 'C:\\Users\\User\\Desktop\\xamp\\htdocs\\copstone\\app\\Views\\guardian\\parentPayment.php', 188)
 2 SYSTEMPATH\View\View.php(224): include('C:\\Users\\User\\Desktop\\xamp\\htdocs\\copstone\\app\\Views\\guardian\\parentPayment.php')
 3 SYSTEMPATH\View\View.php(227): CodeIgniter\View\View->CodeIgniter\View\{closure}()
 4 SYSTEMPATH\Common.php(1173): CodeIgniter\View\View->render('guardian/parentPayment', [], true)
 5 APPPATH\Controllers\GuardianAccountController.php(413): view('guardian/parentPayment', [...])
 6 SYSTEMPATH\CodeIgniter.php(933): App\Controllers\GuardianAccountController->paymenParent('66')
 7 SYSTEMPATH\CodeIgniter.php(507): CodeIgniter\CodeIgniter->runController(Object(App\Controllers\GuardianAccountController))
 8 SYSTEMPATH\CodeIgniter.php(354): CodeIgniter\CodeIgniter->handleRequest(null, Object(Config\Cache), false)
 9 SYSTEMPATH\Boot.php(334): CodeIgniter\CodeIgniter->run()
10 SYSTEMPATH\Boot.php(67): CodeIgniter\Boot::runCodeIgniter(Object(CodeIgniter\CodeIgniter))
11 FCPATH\index.php(56): CodeIgniter\Boot::bootWeb(Object(Config\Paths))
DEBUG - 2025-10-20 13:43:50 --> Session: Class initialized using 'CodeIgniter\Session\Handlers\FileHandler' driver.
DEBUG - 2025-10-20 13:45:08 --> Session: Class initialized using 'CodeIgniter\Session\Handlers\FileHandler' driver.
CRITICAL - 2025-10-20 13:45:08 --> ErrorException: Undefined variable $amount
[Method: GET, Route: parent-paymentInfo/66]
in APPPATH\Views\guardian\parentPayment.php on line 337.
 1 APPPATH\Views\guardian\parentPayment.php(337): CodeIgniter\Debug\Exceptions->errorHandler(2, 'Undefined variable $amount', 'C:\\Users\\User\\Desktop\\xamp\\htdocs\\copstone\\app\\Views\\guardian\\parentPayment.php', 337)
 2 SYSTEMPATH\View\View.php(224): include('C:\\Users\\User\\Desktop\\xamp\\htdocs\\copstone\\app\\Views\\guardian\\parentPayment.php')
 3 SYSTEMPATH\View\View.php(227): CodeIgniter\View\View->CodeIgniter\View\{closure}()
 4 SYSTEMPATH\Common.php(1173): CodeIgniter\View\View->render('guardian/parentPayment', [], true)
 5 APPPATH\Controllers\GuardianAccountController.php(413): view('guardian/parentPayment', [...])
 6 SYSTEMPATH\CodeIgniter.php(933): App\Controllers\GuardianAccountController->paymenParent('66')
 7 SYSTEMPATH\CodeIgniter.php(507): CodeIgniter\CodeIgniter->runController(Object(App\Controllers\GuardianAccountController))
 8 SYSTEMPATH\CodeIgniter.php(354): CodeIgniter\CodeIgniter->handleRequest(null, Object(Config\Cache), false)
 9 SYSTEMPATH\Boot.php(334): CodeIgniter\CodeIgniter->run()
10 SYSTEMPATH\Boot.php(67): CodeIgniter\Boot::runCodeIgniter(Object(CodeIgniter\CodeIgniter))
11 FCPATH\index.php(56): CodeIgniter\Boot::bootWeb(Object(Config\Paths))
DEBUG - 2025-10-20 13:45:39 --> Session: Class initialized using 'CodeIgniter\Session\Handlers\FileHandler' driver.
DEBUG - 2025-10-20 13:45:53 --> Session: Class initialized using 'CodeIgniter\Session\Handlers\FileHandler' driver.
DEBUG - 2025-10-20 13:47:08 --> Session: Class initialized using 'CodeIgniter\Session\Handlers\FileHandler' driver.
DEBUG - 2025-10-20 13:49:21 --> Session: Class initialized using 'CodeIgniter\Session\Handlers\FileHandler' driver.
DEBUG - 2025-10-20 13:54:04 --> Session: Class initialized using 'CodeIgniter\Session\Handlers\FileHandler' driver.
DEBUG - 2025-10-20 13:54:09 --> Session: Class initialized using 'CodeIgniter\Session\Handlers\FileHandler' driver.
DEBUG - 2025-10-20 13:54:35 --> Session: Class initialized using 'CodeIgniter\Session\Handlers\FileHandler' driver.
DEBUG - 2025-10-20 13:57:21 --> Session: Class initialized using 'CodeIgniter\Session\Handlers\FileHandler' driver.
DEBUG - 2025-10-20 13:57:28 --> Session: Class initialized using 'CodeIgniter\Session\Handlers\FileHandler' driver.
DEBUG - 2025-10-20 13:57:39 --> Session: Class initialized using 'CodeIgniter\Session\Handlers\FileHandler' driver.
DEBUG - 2025-10-20 13:57:41 --> Session: Class initialized using 'CodeIgniter\Session\Handlers\FileHandler' driver.
DEBUG - 2025-10-20 13:58:03 --> Session: Class initialized using 'CodeIgniter\Session\Handlers\FileHandler' driver.
DEBUG - 2025-10-20 13:58:32 --> Session: Class initialized using 'CodeIgniter\Session\Handlers\FileHandler' driver.
DEBUG - 2025-10-20 13:59:35 --> Session: Class initialized using 'CodeIgniter\Session\Handlers\FileHandler' driver.
DEBUG - 2025-10-20 14:00:00 --> Session: Class initialized using 'CodeIgniter\Session\Handlers\FileHandler' driver.
DEBUG - 2025-10-20 14:00:25 --> Session: Class initialized using 'CodeIgniter\Session\Handlers\FileHandler' driver.
DEBUG - 2025-10-20 14:00:36 --> Session: Class initialized using 'CodeIgniter\Session\Handlers\FileHandler' driver.
DEBUG - 2025-10-20 14:01:12 --> Session: Class initialized using 'CodeIgniter\Session\Handlers\FileHandler' driver.
DEBUG - 2025-10-20 14:02:03 --> Session: Class initialized using 'CodeIgniter\Session\Handlers\FileHandler' driver.
DEBUG - 2025-10-20 14:04:43 --> Session: Class initialized using 'CodeIgniter\Session\Handlers\FileHandler' driver.
DEBUG - 2025-10-20 14:04:52 --> Session: Class initialized using 'CodeIgniter\Session\Handlers\FileHandler' driver.
DEBUG - 2025-10-20 14:05:16 --> Session: Class initialized using 'CodeIgniter\Session\Handlers\FileHandler' driver.
DEBUG - 2025-10-20 14:05:54 --> Session: Class initialized using 'CodeIgniter\Session\Handlers\FileHandler' driver.
DEBUG - 2025-10-20 14:06:18 --> Session: Class initialized using 'CodeIgniter\Session\Handlers\FileHandler' driver.
DEBUG - 2025-10-20 14:06:25 --> Session: Class initialized using 'CodeIgniter\Session\Handlers\FileHandler' driver.
DEBUG - 2025-10-20 14:07:55 --> Session: Class initialized using 'CodeIgniter\Session\Handlers\FileHandler' driver.
DEBUG - 2025-10-20 14:08:17 --> Session: Class initialized using 'CodeIgniter\Session\Handlers\FileHandler' driver.
DEBUG - 2025-10-20 14:11:46 --> Session: Class initialized using 'CodeIgniter\Session\Handlers\FileHandler' driver.
DEBUG - 2025-10-20 14:11:53 --> Session: Class initialized using 'CodeIgniter\Session\Handlers\FileHandler' driver.
DEBUG - 2025-10-20 14:13:20 --> Session: Class initialized using 'CodeIgniter\Session\Handlers\FileHandler' driver.
DEBUG - 2025-10-20 14:18:12 --> Session: Class initialized using 'CodeIgniter\Session\Handlers\FileHandler' driver.
DEBUG - 2025-10-20 14:21:03 --> Session: Class initialized using 'CodeIgniter\Session\Handlers\FileHandler' driver.
DEBUG - 2025-10-20 14:22:35 --> Session: Class initialized using 'CodeIgniter\Session\Handlers\FileHandler' driver.
DEBUG - 2025-10-20 14:22:35 --> Current User ID: 66
DEBUG - 2025-10-20 14:22:36 --> Session: Class initialized using 'CodeIgniter\Session\Handlers\FileHandler' driver.
DEBUG - 2025-10-20 14:22:54 --> Session: Class initialized using 'CodeIgniter\Session\Handlers\FileHandler' driver.
DEBUG - 2025-10-20 21:08:03 --> Session: Class initialized using 'CodeIgniter\Session\Handlers\FileHandler' driver.
DEBUG - 2025-10-20 21:08:27 --> Session: Class initialized using 'CodeIgniter\Session\Handlers\FileHandler' driver.
CRITICAL - 2025-10-20 21:11:33 --> ErrorException: Maximum execution time of 120 seconds exceeded
[Method: POST, Route: loginPost]
in SYSTEMPATH\Debug\Exceptions.php on line 208.
 1 [internal function]: CodeIgniter\Debug\Exceptions->shutdownHandler()
DEBUG - 2025-10-20 21:11:43 --> Session: Class initialized using 'CodeIgniter\Session\Handlers\FileHandler' driver.
DEBUG - 2025-10-20 21:11:54 --> Session: Class initialized using 'CodeIgniter\Session\Handlers\FileHandler' driver.
ERROR - 2025-10-20 21:11:59 --> Error connecting to the database: mysqli_sql_exception: No connection could be made because the target machine actively refused it in C:\Users\User\Desktop\xamp\htdocs\copstone\system\Database\MySQLi\Connection.php:202
Stack trace:
#0 C:\Users\User\Desktop\xamp\htdocs\copstone\system\Database\MySQLi\Connection.php(202): mysqli->real_connect('localhost', 'root', '', 'brightsidedb', 3306, '', 0)
#1 C:\Users\User\Desktop\xamp\htdocs\copstone\system\Database\BaseConnection.php(421): CodeIgniter\Database\MySQLi\Connection->connect(false)
#2 C:\Users\User\Desktop\xamp\htdocs\copstone\system\Database\BaseConnection.php(620): CodeIgniter\Database\BaseConnection->initialize()
#3 C:\Users\User\Desktop\xamp\htdocs\copstone\system\Database\BaseBuilder.php(1649): CodeIgniter\Database\BaseConnection->query('SELECT *\nFROM `...', Array, false)
#4 C:\Users\User\Desktop\xamp\htdocs\copstone\system\Model.php(330): CodeIgniter\Database\BaseBuilder->get()
#5 C:\Users\User\Desktop\xamp\htdocs\copstone\system\BaseModel.php(713): CodeIgniter\Model->doFirst()
#6 C:\Users\User\Desktop\xamp\htdocs\copstone\app\Controllers\AuthController.php(30): CodeIgniter\BaseModel->first()
#7 C:\Users\User\Desktop\xamp\htdocs\copstone\system\CodeIgniter.php(933): App\Controllers\AuthController->loginPost()
#8 C:\Users\User\Desktop\xamp\htdocs\copstone\system\CodeIgniter.php(507): CodeIgniter\CodeIgniter->runController(Object(App\Controllers\AuthController))
#9 C:\Users\User\Desktop\xamp\htdocs\copstone\system\CodeIgniter.php(354): CodeIgniter\CodeIgniter->handleRequest(NULL, Object(Config\Cache), false)
#10 C:\Users\User\Desktop\xamp\htdocs\copstone\system\Boot.php(334): CodeIgniter\CodeIgniter->run()
#11 C:\Users\User\Desktop\xamp\htdocs\copstone\system\Boot.php(67): CodeIgniter\Boot::runCodeIgniter(Object(CodeIgniter\CodeIgniter))
#12 C:\Users\User\Desktop\xamp\htdocs\copstone\index.php(56): CodeIgniter\Boot::bootWeb(Object(Config\Paths))
#13 {main}

Next CodeIgniter\Database\Exceptions\DatabaseException: No connection could be made because the target machine actively refused it in C:\Users\User\Desktop\xamp\htdocs\copstone\system\Database\MySQLi\Connection.php:246
Stack trace:
#0 C:\Users\User\Desktop\xamp\htdocs\copstone\system\Database\BaseConnection.php(421): CodeIgniter\Database\MySQLi\Connection->connect(false)
#1 C:\Users\User\Desktop\xamp\htdocs\copstone\system\Database\BaseConnection.php(620): CodeIgniter\Database\BaseConnection->initialize()
#2 C:\Users\User\Desktop\xamp\htdocs\copstone\system\Database\BaseBuilder.php(1649): CodeIgniter\Database\BaseConnection->query('SELECT *\nFROM `...', Array, false)
#3 C:\Users\User\Desktop\xamp\htdocs\copstone\system\Model.php(330): CodeIgniter\Database\BaseBuilder->get()
#4 C:\Users\User\Desktop\xamp\htdocs\copstone\system\BaseModel.php(713): CodeIgniter\Model->doFirst()
#5 C:\Users\User\Desktop\xamp\htdocs\copstone\app\Controllers\AuthController.php(30): CodeIgniter\BaseModel->first()
#6 C:\Users\User\Desktop\xamp\htdocs\copstone\system\CodeIgniter.php(933): App\Controllers\AuthController->loginPost()
#7 C:\Users\User\Desktop\xamp\htdocs\copstone\system\CodeIgniter.php(507): CodeIgniter\CodeIgniter->runController(Object(App\Controllers\AuthController))
#8 C:\Users\User\Desktop\xamp\htdocs\copstone\system\CodeIgniter.php(354): CodeIgniter\CodeIgniter->handleRequest(NULL, Object(Config\Cache), false)
#9 C:\Users\User\Desktop\xamp\htdocs\copstone\system\Boot.php(334): CodeIgniter\CodeIgniter->run()
#10 C:\Users\User\Desktop\xamp\htdocs\copstone\system\Boot.php(67): CodeIgniter\Boot::runCodeIgniter(Object(CodeIgniter\CodeIgniter))
#11 C:\Users\User\Desktop\xamp\htdocs\copstone\index.php(56): CodeIgniter\Boot::bootWeb(Object(Config\Paths))
#12 {main}
CRITICAL - 2025-10-20 21:11:59 --> CodeIgniter\Database\Exceptions\DatabaseException: Unable to connect to the database.
Main connection [MySQLi]: No connection could be made because the target machine actively refused it
[Method: POST, Route: loginPost]
in SYSTEMPATH\Database\BaseConnection.php on line 467.
 1 SYSTEMPATH\Database\BaseConnection.php(620): CodeIgniter\Database\BaseConnection->initialize()
 2 SYSTEMPATH\Database\BaseBuilder.php(1649): CodeIgniter\Database\BaseConnection->query('SELECT *
FROM `users`
WHERE `username` = :username:
 LIMIT 1', [...], false)
 3 SYSTEMPATH\Model.php(330): CodeIgniter\Database\BaseBuilder->get()
 4 SYSTEMPATH\BaseModel.php(713): CodeIgniter\Model->doFirst()
 5 APPPATH\Controllers\AuthController.php(30): CodeIgniter\BaseModel->first()
 6 SYSTEMPATH\CodeIgniter.php(933): App\Controllers\AuthController->loginPost()
 7 SYSTEMPATH\CodeIgniter.php(507): CodeIgniter\CodeIgniter->runController(Object(App\Controllers\AuthController))
 8 SYSTEMPATH\CodeIgniter.php(354): CodeIgniter\CodeIgniter->handleRequest(null, Object(Config\Cache), false)
 9 SYSTEMPATH\Boot.php(334): CodeIgniter\CodeIgniter->run()
10 SYSTEMPATH\Boot.php(67): CodeIgniter\Boot::runCodeIgniter(Object(CodeIgniter\CodeIgniter))
11 FCPATH\index.php(56): CodeIgniter\Boot::bootWeb(Object(Config\Paths))
DEBUG - 2025-10-20 21:12:01 --> Session: Class initialized using 'CodeIgniter\Session\Handlers\FileHandler' driver.
ERROR - 2025-10-20 21:12:04 --> Error connecting to the database: ErrorException: mysqli::real_connect(): Error while reading greeting packet. PID=15048 in C:\Users\User\Desktop\xamp\htdocs\copstone\system\Database\MySQLi\Connection.php:202
Stack trace:
#0 [internal function]: CodeIgniter\Debug\Exceptions->errorHandler(2, 'mysqli::real_co...', 'C:\\Users\\User\\D...', 202)
#1 C:\Users\User\Desktop\xamp\htdocs\copstone\system\Database\MySQLi\Connection.php(202): mysqli->real_connect('localhost', 'root', '', 'brightsidedb', 3306, '', 0)
#2 C:\Users\User\Desktop\xamp\htdocs\copstone\system\Database\BaseConnection.php(421): CodeIgniter\Database\MySQLi\Connection->connect(false)
#3 C:\Users\User\Desktop\xamp\htdocs\copstone\system\Database\BaseConnection.php(620): CodeIgniter\Database\BaseConnection->initialize()
#4 C:\Users\User\Desktop\xamp\htdocs\copstone\system\Database\BaseBuilder.php(1649): CodeIgniter\Database\BaseConnection->query('SELECT *\nFROM `...', Array, false)
#5 C:\Users\User\Desktop\xamp\htdocs\copstone\system\Model.php(330): CodeIgniter\Database\BaseBuilder->get()
#6 C:\Users\User\Desktop\xamp\htdocs\copstone\system\BaseModel.php(713): CodeIgniter\Model->doFirst()
#7 C:\Users\User\Desktop\xamp\htdocs\copstone\app\Controllers\AuthController.php(30): CodeIgniter\BaseModel->first()
#8 C:\Users\User\Desktop\xamp\htdocs\copstone\system\CodeIgniter.php(933): App\Controllers\AuthController->loginPost()
#9 C:\Users\User\Desktop\xamp\htdocs\copstone\system\CodeIgniter.php(507): CodeIgniter\CodeIgniter->runController(Object(App\Controllers\AuthController))
#10 C:\Users\User\Desktop\xamp\htdocs\copstone\system\CodeIgniter.php(354): CodeIgniter\CodeIgniter->handleRequest(NULL, Object(Config\Cache), false)
#11 C:\Users\User\Desktop\xamp\htdocs\copstone\system\Boot.php(334): CodeIgniter\CodeIgniter->run()
#12 C:\Users\User\Desktop\xamp\htdocs\copstone\system\Boot.php(67): CodeIgniter\Boot::runCodeIgniter(Object(CodeIgniter\CodeIgniter))
#13 C:\Users\User\Desktop\xamp\htdocs\copstone\index.php(56): CodeIgniter\Boot::bootWeb(Object(Config\Paths))
#14 {main}

Next mysqli_sql_exception: MySQL server has gone away in C:\Users\User\Desktop\xamp\htdocs\copstone\system\Database\MySQLi\Connection.php:202
Stack trace:
#0 C:\Users\User\Desktop\xamp\htdocs\copstone\system\Database\MySQLi\Connection.php(202): mysqli->real_connect('localhost', 'root', '', 'brightsidedb', 3306, '', 0)
#1 C:\Users\User\Desktop\xamp\htdocs\copstone\system\Database\BaseConnection.php(421): CodeIgniter\Database\MySQLi\Connection->connect(false)
#2 C:\Users\User\Desktop\xamp\htdocs\copstone\system\Database\BaseConnection.php(620): CodeIgniter\Database\BaseConnection->initialize()
#3 C:\Users\User\Desktop\xamp\htdocs\copstone\system\Database\BaseBuilder.php(1649): CodeIgniter\Database\BaseConnection->query('SELECT *\nFROM `...', Array, false)
#4 C:\Users\User\Desktop\xamp\htdocs\copstone\system\Model.php(330): CodeIgniter\Database\BaseBuilder->get()
#5 C:\Users\User\Desktop\xamp\htdocs\copstone\system\BaseModel.php(713): CodeIgniter\Model->doFirst()
#6 C:\Users\User\Desktop\xamp\htdocs\copstone\app\Controllers\AuthController.php(30): CodeIgniter\BaseModel->first()
#7 C:\Users\User\Desktop\xamp\htdocs\copstone\system\CodeIgniter.php(933): App\Controllers\AuthController->loginPost()
#8 C:\Users\User\Desktop\xamp\htdocs\copstone\system\CodeIgniter.php(507): CodeIgniter\CodeIgniter->runController(Object(App\Controllers\AuthController))
#9 C:\Users\User\Desktop\xamp\htdocs\copstone\system\CodeIgniter.php(354): CodeIgniter\CodeIgniter->handleRequest(NULL, Object(Config\Cache), false)
#10 C:\Users\User\Desktop\xamp\htdocs\copstone\system\Boot.php(334): CodeIgniter\CodeIgniter->run()
#11 C:\Users\User\Desktop\xamp\htdocs\copstone\system\Boot.php(67): CodeIgniter\Boot::runCodeIgniter(Object(CodeIgniter\CodeIgniter))
#12 C:\Users\User\Desktop\xamp\htdocs\copstone\index.php(56): CodeIgniter\Boot::bootWeb(Object(Config\Paths))
#13 {main}

Next CodeIgniter\Database\Exceptions\DatabaseException: MySQL server has gone away in C:\Users\User\Desktop\xamp\htdocs\copstone\system\Database\MySQLi\Connection.php:246
Stack trace:
#0 C:\Users\User\Desktop\xamp\htdocs\copstone\system\Database\BaseConnection.php(421): CodeIgniter\Database\MySQLi\Connection->connect(false)
#1 C:\Users\User\Desktop\xamp\htdocs\copstone\system\Database\BaseConnection.php(620): CodeIgniter\Database\BaseConnection->initialize()
#2 C:\Users\User\Desktop\xamp\htdocs\copstone\system\Database\BaseBuilder.php(1649): CodeIgniter\Database\BaseConnection->query('SELECT *\nFROM `...', Array, false)
#3 C:\Users\User\Desktop\xamp\htdocs\copstone\system\Model.php(330): CodeIgniter\Database\BaseBuilder->get()
#4 C:\Users\User\Desktop\xamp\htdocs\copstone\system\BaseModel.php(713): CodeIgniter\Model->doFirst()
#5 C:\Users\User\Desktop\xamp\htdocs\copstone\app\Controllers\AuthController.php(30): CodeIgniter\BaseModel->first()
#6 C:\Users\User\Desktop\xamp\htdocs\copstone\system\CodeIgniter.php(933): App\Controllers\AuthController->loginPost()
#7 C:\Users\User\Desktop\xamp\htdocs\copstone\system\CodeIgniter.php(507): CodeIgniter\CodeIgniter->runController(Object(App\Controllers\AuthController))
#8 C:\Users\User\Desktop\xamp\htdocs\copstone\system\CodeIgniter.php(354): CodeIgniter\CodeIgniter->handleRequest(NULL, Object(Config\Cache), false)
#9 C:\Users\User\Desktop\xamp\htdocs\copstone\system\Boot.php(334): CodeIgniter\CodeIgniter->run()
#10 C:\Users\User\Desktop\xamp\htdocs\copstone\system\Boot.php(67): CodeIgniter\Boot::runCodeIgniter(Object(CodeIgniter\CodeIgniter))
#11 C:\Users\User\Desktop\xamp\htdocs\copstone\index.php(56): CodeIgniter\Boot::bootWeb(Object(Config\Paths))
#12 {main}
CRITICAL - 2025-10-20 21:12:04 --> CodeIgniter\Database\Exceptions\DatabaseException: Unable to connect to the database.
Main connection [MySQLi]: MySQL server has gone away
[Method: POST, Route: loginPost]
in SYSTEMPATH\Database\BaseConnection.php on line 467.
 1 SYSTEMPATH\Database\BaseConnection.php(620): CodeIgniter\Database\BaseConnection->initialize()
 2 SYSTEMPATH\Database\BaseBuilder.php(1649): CodeIgniter\Database\BaseConnection->query('SELECT *
FROM `users`
WHERE `username` = :username:
 LIMIT 1', [...], false)
 3 SYSTEMPATH\Model.php(330): CodeIgniter\Database\BaseBuilder->get()
 4 SYSTEMPATH\BaseModel.php(713): CodeIgniter\Model->doFirst()
 5 APPPATH\Controllers\AuthController.php(30): CodeIgniter\BaseModel->first()
 6 SYSTEMPATH\CodeIgniter.php(933): App\Controllers\AuthController->loginPost()
 7 SYSTEMPATH\CodeIgniter.php(507): CodeIgniter\CodeIgniter->runController(Object(App\Controllers\AuthController))
 8 SYSTEMPATH\CodeIgniter.php(354): CodeIgniter\CodeIgniter->handleRequest(null, Object(Config\Cache), false)
 9 SYSTEMPATH\Boot.php(334): CodeIgniter\CodeIgniter->run()
10 SYSTEMPATH\Boot.php(67): CodeIgniter\Boot::runCodeIgniter(Object(CodeIgniter\CodeIgniter))
11 FCPATH\index.php(56): CodeIgniter\Boot::bootWeb(Object(Config\Paths))
DEBUG - 2025-10-20 21:12:09 --> Session: Class initialized using 'CodeIgniter\Session\Handlers\FileHandler' driver.
ERROR - 2025-10-20 21:12:13 --> Error connecting to the database: mysqli_sql_exception: No connection could be made because the target machine actively refused it in C:\Users\User\Desktop\xamp\htdocs\copstone\system\Database\MySQLi\Connection.php:202
Stack trace:
#0 C:\Users\User\Desktop\xamp\htdocs\copstone\system\Database\MySQLi\Connection.php(202): mysqli->real_connect('localhost', 'root', '', 'brightsidedb', 3306, '', 0)
#1 C:\Users\User\Desktop\xamp\htdocs\copstone\system\Database\BaseConnection.php(421): CodeIgniter\Database\MySQLi\Connection->connect(false)
#2 C:\Users\User\Desktop\xamp\htdocs\copstone\system\Database\BaseConnection.php(620): CodeIgniter\Database\BaseConnection->initialize()
#3 C:\Users\User\Desktop\xamp\htdocs\copstone\system\Database\BaseBuilder.php(1649): CodeIgniter\Database\BaseConnection->query('SELECT *\nFROM `...', Array, false)
#4 C:\Users\User\Desktop\xamp\htdocs\copstone\system\Model.php(330): CodeIgniter\Database\BaseBuilder->get()
#5 C:\Users\User\Desktop\xamp\htdocs\copstone\system\BaseModel.php(713): CodeIgniter\Model->doFirst()
#6 C:\Users\User\Desktop\xamp\htdocs\copstone\app\Controllers\AuthController.php(30): CodeIgniter\BaseModel->first()
#7 C:\Users\User\Desktop\xamp\htdocs\copstone\system\CodeIgniter.php(933): App\Controllers\AuthController->loginPost()
#8 C:\Users\User\Desktop\xamp\htdocs\copstone\system\CodeIgniter.php(507): CodeIgniter\CodeIgniter->runController(Object(App\Controllers\AuthController))
#9 C:\Users\User\Desktop\xamp\htdocs\copstone\system\CodeIgniter.php(354): CodeIgniter\CodeIgniter->handleRequest(NULL, Object(Config\Cache), false)
#10 C:\Users\User\Desktop\xamp\htdocs\copstone\system\Boot.php(334): CodeIgniter\CodeIgniter->run()
#11 C:\Users\User\Desktop\xamp\htdocs\copstone\system\Boot.php(67): CodeIgniter\Boot::runCodeIgniter(Object(CodeIgniter\CodeIgniter))
#12 C:\Users\User\Desktop\xamp\htdocs\copstone\index.php(56): CodeIgniter\Boot::bootWeb(Object(Config\Paths))
#13 {main}

Next CodeIgniter\Database\Exceptions\DatabaseException: No connection could be made because the target machine actively refused it in C:\Users\User\Desktop\xamp\htdocs\copstone\system\Database\MySQLi\Connection.php:246
Stack trace:
#0 C:\Users\User\Desktop\xamp\htdocs\copstone\system\Database\BaseConnection.php(421): CodeIgniter\Database\MySQLi\Connection->connect(false)
#1 C:\Users\User\Desktop\xamp\htdocs\copstone\system\Database\BaseConnection.php(620): CodeIgniter\Database\BaseConnection->initialize()
#2 C:\Users\User\Desktop\xamp\htdocs\copstone\system\Database\BaseBuilder.php(1649): CodeIgniter\Database\BaseConnection->query('SELECT *\nFROM `...', Array, false)
#3 C:\Users\User\Desktop\xamp\htdocs\copstone\system\Model.php(330): CodeIgniter\Database\BaseBuilder->get()
#4 C:\Users\User\Desktop\xamp\htdocs\copstone\system\BaseModel.php(713): CodeIgniter\Model->doFirst()
#5 C:\Users\User\Desktop\xamp\htdocs\copstone\app\Controllers\AuthController.php(30): CodeIgniter\BaseModel->first()
#6 C:\Users\User\Desktop\xamp\htdocs\copstone\system\CodeIgniter.php(933): App\Controllers\AuthController->loginPost()
#7 C:\Users\User\Desktop\xamp\htdocs\copstone\system\CodeIgniter.php(507): CodeIgniter\CodeIgniter->runController(Object(App\Controllers\AuthController))
#8 C:\Users\User\Desktop\xamp\htdocs\copstone\system\CodeIgniter.php(354): CodeIgniter\CodeIgniter->handleRequest(NULL, Object(Config\Cache), false)
#9 C:\Users\User\Desktop\xamp\htdocs\copstone\system\Boot.php(334): CodeIgniter\CodeIgniter->run()
#10 C:\Users\User\Desktop\xamp\htdocs\copstone\system\Boot.php(67): CodeIgniter\Boot::runCodeIgniter(Object(CodeIgniter\CodeIgniter))
#11 C:\Users\User\Desktop\xamp\htdocs\copstone\index.php(56): CodeIgniter\Boot::bootWeb(Object(Config\Paths))
#12 {main}
CRITICAL - 2025-10-20 21:12:13 --> CodeIgniter\Database\Exceptions\DatabaseException: Unable to connect to the database.
Main connection [MySQLi]: No connection could be made because the target machine actively refused it
[Method: POST, Route: loginPost]
in SYSTEMPATH\Database\BaseConnection.php on line 467.
 1 SYSTEMPATH\Database\BaseConnection.php(620): CodeIgniter\Database\BaseConnection->initialize()
 2 SYSTEMPATH\Database\BaseBuilder.php(1649): CodeIgniter\Database\BaseConnection->query('SELECT *
FROM `users`
WHERE `username` = :username:
 LIMIT 1', [...], false)
 3 SYSTEMPATH\Model.php(330): CodeIgniter\Database\BaseBuilder->get()
 4 SYSTEMPATH\BaseModel.php(713): CodeIgniter\Model->doFirst()
 5 APPPATH\Controllers\AuthController.php(30): CodeIgniter\BaseModel->first()
 6 SYSTEMPATH\CodeIgniter.php(933): App\Controllers\AuthController->loginPost()
 7 SYSTEMPATH\CodeIgniter.php(507): CodeIgniter\CodeIgniter->runController(Object(App\Controllers\AuthController))
 8 SYSTEMPATH\CodeIgniter.php(354): CodeIgniter\CodeIgniter->handleRequest(null, Object(Config\Cache), false)
 9 SYSTEMPATH\Boot.php(334): CodeIgniter\CodeIgniter->run()
10 SYSTEMPATH\Boot.php(67): CodeIgniter\Boot::runCodeIgniter(Object(CodeIgniter\CodeIgniter))
11 FCPATH\index.php(56): CodeIgniter\Boot::bootWeb(Object(Config\Paths))
DEBUG - 2025-10-20 21:14:49 --> Session: Class initialized using 'CodeIgniter\Session\Handlers\FileHandler' driver.
DEBUG - 2025-10-20 21:14:51 --> Session: Class initialized using 'CodeIgniter\Session\Handlers\FileHandler' driver.
DEBUG - 2025-10-20 21:14:51 --> user_id: 66
DEBUG - 2025-10-20 21:14:53 --> Session: Class initialized using 'CodeIgniter\Session\Handlers\FileHandler' driver.
DEBUG - 2025-10-20 21:14:53 --> Current User ID: 66
DEBUG - 2025-10-20 21:14:58 --> Session: Class initialized using 'CodeIgniter\Session\Handlers\FileHandler' driver.
DEBUG - 2025-10-20 21:21:10 --> Session: Class initialized using 'CodeIgniter\Session\Handlers\FileHandler' driver.
DEBUG - 2025-10-20 21:22:15 --> Session: Class initialized using 'CodeIgniter\Session\Handlers\FileHandler' driver.
DEBUG - 2025-10-20 21:23:11 --> Session: Class initialized using 'CodeIgniter\Session\Handlers\FileHandler' driver.
DEBUG - 2025-10-20 21:34:19 --> Session: Class initialized using 'CodeIgniter\Session\Handlers\FileHandler' driver.
DEBUG - 2025-10-20 21:34:58 --> Session: Class initialized using 'CodeIgniter\Session\Handlers\FileHandler' driver.
DEBUG - 2025-10-20 21:36:03 --> Session: Class initialized using 'CodeIgniter\Session\Handlers\FileHandler' driver.
DEBUG - 2025-10-20 21:36:10 --> Session: Class initialized using 'CodeIgniter\Session\Handlers\FileHandler' driver.
DEBUG - 2025-10-20 21:49:04 --> Session: Class initialized using 'CodeIgniter\Session\Handlers\FileHandler' driver.
DEBUG - 2025-10-20 21:49:58 --> Session: Class initialized using 'CodeIgniter\Session\Handlers\FileHandler' driver.
DEBUG - 2025-10-20 21:52:42 --> Session: Class initialized using 'CodeIgniter\Session\Handlers\FileHandler' driver.
DEBUG - 2025-10-20 21:56:53 --> Session: Class initialized using 'CodeIgniter\Session\Handlers\FileHandler' driver.
DEBUG - 2025-10-20 22:02:32 --> Session: Class initialized using 'CodeIgniter\Session\Handlers\FileHandler' driver.
DEBUG - 2025-10-20 22:05:27 --> Session: Class initialized using 'CodeIgniter\Session\Handlers\FileHandler' driver.
DEBUG - 2025-10-20 22:07:04 --> Session: Class initialized using 'CodeIgniter\Session\Handlers\FileHandler' driver.
CRITICAL - 2025-10-20 22:07:04 --> ErrorException: Attempt to read property "profile_pic" on null
[Method: GET, Route: student-profile]
in APPPATH\Views\user\profile.php on line 81.
 1 APPPATH\Views\user\profile.php(81): CodeIgniter\Debug\Exceptions->errorHandler(2, 'Attempt to read property "profile_pic" on null', 'C:\\Users\\User\\Desktop\\xamp\\htdocs\\copstone\\app\\Views\\user\\profile.php', 81)
 2 SYSTEMPATH\View\View.php(224): include('C:\\Users\\User\\Desktop\\xamp\\htdocs\\copstone\\app\\Views\\user\\profile.php')
 3 SYSTEMPATH\View\View.php(227): CodeIgniter\View\View->CodeIgniter\View\{closure}()
 4 SYSTEMPATH\Common.php(1173): CodeIgniter\View\View->render('user/profile', [], true)
 5 APPPATH\Controllers\StudentsController.php(319): view('user/profile', [...])
 6 SYSTEMPATH\CodeIgniter.php(933): App\Controllers\StudentsController->profile()
 7 SYSTEMPATH\CodeIgniter.php(507): CodeIgniter\CodeIgniter->runController(Object(App\Controllers\StudentsController))
 8 SYSTEMPATH\CodeIgniter.php(354): CodeIgniter\CodeIgniter->handleRequest(null, Object(Config\Cache), false)
 9 SYSTEMPATH\Boot.php(334): CodeIgniter\CodeIgniter->run()
10 SYSTEMPATH\Boot.php(67): CodeIgniter\Boot::runCodeIgniter(Object(CodeIgniter\CodeIgniter))
11 FCPATH\index.php(56): CodeIgniter\Boot::bootWeb(Object(Config\Paths))
DEBUG - 2025-10-20 22:07:07 --> Session: Class initialized using 'CodeIgniter\Session\Handlers\FileHandler' driver.
DEBUG - 2025-10-20 22:07:15 --> Session: Class initialized using 'CodeIgniter\Session\Handlers\FileHandler' driver.
DEBUG - 2025-10-20 22:07:16 --> Session: Class initialized using 'CodeIgniter\Session\Handlers\FileHandler' driver.
DEBUG - 2025-10-20 22:07:16 --> Current User ID: 66
DEBUG - 2025-10-20 22:07:22 --> Session: Class initialized using 'CodeIgniter\Session\Handlers\FileHandler' driver.
CRITICAL - 2025-10-20 22:07:22 --> ErrorException: Attempt to read property "profile_pic" on null
[Method: GET, Route: student-profile]
in APPPATH\Views\user\profile.php on line 81.
 1 APPPATH\Views\user\profile.php(81): CodeIgniter\Debug\Exceptions->errorHandler(2, 'Attempt to read property "profile_pic" on null', 'C:\\Users\\User\\Desktop\\xamp\\htdocs\\copstone\\app\\Views\\user\\profile.php', 81)
 2 SYSTEMPATH\View\View.php(224): include('C:\\Users\\User\\Desktop\\xamp\\htdocs\\copstone\\app\\Views\\user\\profile.php')
 3 SYSTEMPATH\View\View.php(227): CodeIgniter\View\View->CodeIgniter\View\{closure}()
 4 SYSTEMPATH\Common.php(1173): CodeIgniter\View\View->render('user/profile', [], true)
 5 APPPATH\Controllers\StudentsController.php(319): view('user/profile', [...])
 6 SYSTEMPATH\CodeIgniter.php(933): App\Controllers\StudentsController->profile()
 7 SYSTEMPATH\CodeIgniter.php(507): CodeIgniter\CodeIgniter->runController(Object(App\Controllers\StudentsController))
 8 SYSTEMPATH\CodeIgniter.php(354): CodeIgniter\CodeIgniter->handleRequest(null, Object(Config\Cache), false)
 9 SYSTEMPATH\Boot.php(334): CodeIgniter\CodeIgniter->run()
10 SYSTEMPATH\Boot.php(67): CodeIgniter\Boot::runCodeIgniter(Object(CodeIgniter\CodeIgniter))
11 FCPATH\index.php(56): CodeIgniter\Boot::bootWeb(Object(Config\Paths))
DEBUG - 2025-10-20 22:08:39 --> Session: Class initialized using 'CodeIgniter\Session\Handlers\FileHandler' driver.
DEBUG - 2025-10-20 22:22:42 --> Session: Class initialized using 'CodeIgniter\Session\Handlers\FileHandler' driver.
DEBUG - 2025-10-20 23:49:48 --> Session: Class initialized using 'CodeIgniter\Session\Handlers\FileHandler' driver.
