DEBUG - 2025-10-19 00:34:44 --> Session: Class initialized using 'CodeIgniter\Session\Handlers\FileHandler' driver.
DEBUG - 2025-10-19 00:34:45 --> Session: Class initialized using 'CodeIgniter\Session\Handlers\FileHandler' driver.
DEBUG - 2025-10-19 12:25:38 --> Session: Class initialized using 'CodeIgniter\Session\Handlers\FileHandler' driver.
DEBUG - 2025-10-19 12:30:20 --> Session: Class initialized using 'CodeIgniter\Session\Handlers\FileHandler' driver.
DEBUG - 2025-10-19 12:35:03 --> Session: Class initialized using 'CodeIgniter\Session\Handlers\FileHandler' driver.
DEBUG - 2025-10-19 12:35:13 --> Session: Class initialized using 'CodeIgniter\Session\Handlers\FileHandler' driver.
DEBUG - 2025-10-19 12:35:19 --> Session: Class initialized using 'CodeIgniter\Session\Handlers\FileHandler' driver.
DEBUG - 2025-10-19 12:35:23 --> Session: Class initialized using 'CodeIgniter\Session\Handlers\FileHandler' driver.
DEBUG - 2025-10-19 12:35:23 --> Session: Class initialized using 'CodeIgniter\Session\Handlers\FileHandler' driver.
DEBUG - 2025-10-19 12:45:44 --> Session: Class initialized using 'CodeIgniter\Session\Handlers\FileHandler' driver.
DEBUG - 2025-10-19 12:45:44 --> Session: Class initialized using 'CodeIgniter\Session\Handlers\FileHandler' driver.
DEBUG - 2025-10-19 12:45:57 --> Session: Class initialized using 'CodeIgniter\Session\Handlers\FileHandler' driver.
DEBUG - 2025-10-19 12:45:58 --> Session: Class initialized using 'CodeIgniter\Session\Handlers\FileHandler' driver.
DEBUG - 2025-10-19 12:47:51 --> Session: Class initialized using 'CodeIgniter\Session\Handlers\FileHandler' driver.
DEBUG - 2025-10-19 12:47:55 --> Session: Class initialized using 'CodeIgniter\Session\Handlers\FileHandler' driver.
DEBUG - 2025-10-19 12:52:54 --> Session: Class initialized using 'CodeIgniter\Session\Handlers\FileHandler' driver.
DEBUG - 2025-10-19 12:53:12 --> Session: Class initialized using 'CodeIgniter\Session\Handlers\FileHandler' driver.
DEBUG - 2025-10-19 15:17:11 --> Session: Class initialized using 'CodeIgniter\Session\Handlers\FileHandler' driver.
DEBUG - 2025-10-19 15:17:12 --> Session: Class initialized using 'CodeIgniter\Session\Handlers\FileHandler' driver.
DEBUG - 2025-10-19 15:17:19 --> Session: Class initialized using 'CodeIgniter\Session\Handlers\FileHandler' driver.
DEBUG - 2025-10-19 15:17:19 --> Session: Class initialized using 'CodeIgniter\Session\Handlers\FileHandler' driver.
DEBUG - 2025-10-19 15:23:55 --> Session: Class initialized using 'CodeIgniter\Session\Handlers\FileHandler' driver.
DEBUG - 2025-10-19 15:23:59 --> Session: Class initialized using 'CodeIgniter\Session\Handlers\FileHandler' driver.
DEBUG - 2025-10-19 15:24:01 --> Session: Class initialized using 'CodeIgniter\Session\Handlers\FileHandler' driver.
DEBUG - 2025-10-19 15:24:50 --> Session: Class initialized using 'CodeIgniter\Session\Handlers\FileHandler' driver.
DEBUG - 2025-10-19 15:25:30 --> Session: Class initialized using 'CodeIgniter\Session\Handlers\FileHandler' driver.
DEBUG - 2025-10-19 15:40:12 --> Session: Class initialized using 'CodeIgniter\Session\Handlers\FileHandler' driver.
DEBUG - 2025-10-19 15:40:14 --> Session: Class initialized using 'CodeIgniter\Session\Handlers\FileHandler' driver.
CRITICAL - 2025-10-19 15:40:14 --> ErrorException: Attempt to read property "profile_pic" on null
[Method: GET, Route: StudentviewDashboard/25]
in APPPATH\Views\user\Announcements.php on line 123.
 1 APPPATH\Views\user\Announcements.php(123): CodeIgniter\Debug\Exceptions->errorHandler(2, 'Attempt to read property "profile_pic" on null', 'C:\\Users\\User\\Desktop\\xamp\\htdocs\\copstone\\app\\Views\\user\\Announcements.php', 123)
 2 SYSTEMPATH\View\View.php(224): include('C:\\Users\\User\\Desktop\\xamp\\htdocs\\copstone\\app\\Views\\user\\Announcements.php')
 3 SYSTEMPATH\View\View.php(227): CodeIgniter\View\View->CodeIgniter\View\{closure}()
 4 SYSTEMPATH\Common.php(1173): CodeIgniter\View\View->render('user/Announcements', [], true)
 5 APPPATH\Controllers\GuardianAccountController.php(330): view('user/Announcements', [...])
 6 SYSTEMPATH\CodeIgniter.php(933): App\Controllers\GuardianAccountController->studentViewDashboard('25')
 7 SYSTEMPATH\CodeIgniter.php(507): CodeIgniter\CodeIgniter->runController(Object(App\Controllers\GuardianAccountController))
 8 SYSTEMPATH\CodeIgniter.php(354): CodeIgniter\CodeIgniter->handleRequest(null, Object(Config\Cache), false)
 9 SYSTEMPATH\Boot.php(334): CodeIgniter\CodeIgniter->run()
10 SYSTEMPATH\Boot.php(67): CodeIgniter\Boot::runCodeIgniter(Object(CodeIgniter\CodeIgniter))
11 FCPATH\index.php(56): CodeIgniter\Boot::bootWeb(Object(Config\Paths))
DEBUG - 2025-10-19 15:43:32 --> Session: Class initialized using 'CodeIgniter\Session\Handlers\FileHandler' driver.
DEBUG - 2025-10-19 15:44:50 --> Session: Class initialized using 'CodeIgniter\Session\Handlers\FileHandler' driver.
DEBUG - 2025-10-19 15:46:06 --> Session: Class initialized using 'CodeIgniter\Session\Handlers\FileHandler' driver.
DEBUG - 2025-10-19 15:46:08 --> Session: Class initialized using 'CodeIgniter\Session\Handlers\FileHandler' driver.
DEBUG - 2025-10-19 15:46:08 --> Session: Class initialized using 'CodeIgniter\Session\Handlers\FileHandler' driver.
INFO - 2025-10-19 15:46:08 --> getAllremarks called for user_id=25. Found 0 remarks.
DEBUG - 2025-10-19 15:46:09 --> Session: Class initialized using 'CodeIgniter\Session\Handlers\FileHandler' driver.
DEBUG - 2025-10-19 15:46:11 --> Session: Class initialized using 'CodeIgniter\Session\Handlers\FileHandler' driver.
INFO - 2025-10-19 15:46:11 --> getAllremarks called for user_id=25. Found 0 remarks.
DEBUG - 2025-10-19 15:46:14 --> Session: Class initialized using 'CodeIgniter\Session\Handlers\FileHandler' driver.
DEBUG - 2025-10-19 15:46:35 --> Session: Class initialized using 'CodeIgniter\Session\Handlers\FileHandler' driver.
DEBUG - 2025-10-19 15:47:02 --> Session: Class initialized using 'CodeIgniter\Session\Handlers\FileHandler' driver.
DEBUG - 2025-10-19 15:47:02 --> Session: Class initialized using 'CodeIgniter\Session\Handlers\FileHandler' driver.
DEBUG - 2025-10-19 15:47:11 --> Session: Class initialized using 'CodeIgniter\Session\Handlers\FileHandler' driver.
DEBUG - 2025-10-19 15:47:11 --> Session: Class initialized using 'CodeIgniter\Session\Handlers\FileHandler' driver.
DEBUG - 2025-10-19 15:49:42 --> Session: Class initialized using 'CodeIgniter\Session\Handlers\FileHandler' driver.
DEBUG - 2025-10-19 15:49:46 --> Session: Class initialized using 'CodeIgniter\Session\Handlers\FileHandler' driver.
DEBUG - 2025-10-19 15:55:31 --> Session: Class initialized using 'CodeIgniter\Session\Handlers\FileHandler' driver.
CRITICAL - 2025-10-19 15:55:31 --> ErrorException: Attempt to read property "profile_pic" on null
[Method: GET, Route: StudentviewDashboard/25]
in APPPATH\Views\user\Announcements.php on line 125.
 1 APPPATH\Views\user\Announcements.php(125): CodeIgniter\Debug\Exceptions->errorHandler(2, 'Attempt to read property "profile_pic" on null', 'C:\\Users\\User\\Desktop\\xamp\\htdocs\\copstone\\app\\Views\\user\\Announcements.php', 125)
 2 SYSTEMPATH\View\View.php(224): include('C:\\Users\\User\\Desktop\\xamp\\htdocs\\copstone\\app\\Views\\user\\Announcements.php')
 3 SYSTEMPATH\View\View.php(227): CodeIgniter\View\View->CodeIgniter\View\{closure}()
 4 SYSTEMPATH\Common.php(1173): CodeIgniter\View\View->render('user/Announcements', [], true)
 5 APPPATH\Controllers\GuardianAccountController.php(330): view('user/Announcements', [...])
 6 SYSTEMPATH\CodeIgniter.php(933): App\Controllers\GuardianAccountController->studentViewDashboard('25')
 7 SYSTEMPATH\CodeIgniter.php(507): CodeIgniter\CodeIgniter->runController(Object(App\Controllers\GuardianAccountController))
 8 SYSTEMPATH\CodeIgniter.php(354): CodeIgniter\CodeIgniter->handleRequest(null, Object(Config\Cache), false)
 9 SYSTEMPATH\Boot.php(334): CodeIgniter\CodeIgniter->run()
10 SYSTEMPATH\Boot.php(67): CodeIgniter\Boot::runCodeIgniter(Object(CodeIgniter\CodeIgniter))
11 FCPATH\index.php(56): CodeIgniter\Boot::bootWeb(Object(Config\Paths))
DEBUG - 2025-10-19 15:56:22 --> Session: Class initialized using 'CodeIgniter\Session\Handlers\FileHandler' driver.
DEBUG - 2025-10-19 15:57:37 --> Session: Class initialized using 'CodeIgniter\Session\Handlers\FileHandler' driver.
CRITICAL - 2025-10-19 15:57:37 --> ErrorException: Undefined variable $parent
[Method: GET, Route: StudentviewDashboard/25]
in APPPATH\Views\user\Announcements.php on line 137.
 1 APPPATH\Views\user\Announcements.php(137): CodeIgniter\Debug\Exceptions->errorHandler(2, 'Undefined variable $parent', 'C:\\Users\\User\\Desktop\\xamp\\htdocs\\copstone\\app\\Views\\user\\Announcements.php', 137)
 2 SYSTEMPATH\View\View.php(224): include('C:\\Users\\User\\Desktop\\xamp\\htdocs\\copstone\\app\\Views\\user\\Announcements.php')
 3 SYSTEMPATH\View\View.php(227): CodeIgniter\View\View->CodeIgniter\View\{closure}()
 4 SYSTEMPATH\Common.php(1173): CodeIgniter\View\View->render('user/Announcements', [], true)
 5 APPPATH\Controllers\GuardianAccountController.php(330): view('user/Announcements', [...])
 6 SYSTEMPATH\CodeIgniter.php(933): App\Controllers\GuardianAccountController->studentViewDashboard('25')
 7 SYSTEMPATH\CodeIgniter.php(507): CodeIgniter\CodeIgniter->runController(Object(App\Controllers\GuardianAccountController))
 8 SYSTEMPATH\CodeIgniter.php(354): CodeIgniter\CodeIgniter->handleRequest(null, Object(Config\Cache), false)
 9 SYSTEMPATH\Boot.php(334): CodeIgniter\CodeIgniter->run()
10 SYSTEMPATH\Boot.php(67): CodeIgniter\Boot::runCodeIgniter(Object(CodeIgniter\CodeIgniter))
11 FCPATH\index.php(56): CodeIgniter\Boot::bootWeb(Object(Config\Paths))
DEBUG - 2025-10-19 15:58:12 --> Session: Class initialized using 'CodeIgniter\Session\Handlers\FileHandler' driver.
DEBUG - 2025-10-19 15:58:41 --> Session: Class initialized using 'CodeIgniter\Session\Handlers\FileHandler' driver.
DEBUG - 2025-10-19 15:58:43 --> Session: Class initialized using 'CodeIgniter\Session\Handlers\FileHandler' driver.
DEBUG - 2025-10-19 15:58:58 --> Session: Class initialized using 'CodeIgniter\Session\Handlers\FileHandler' driver.
DEBUG - 2025-10-19 15:59:33 --> Session: Class initialized using 'CodeIgniter\Session\Handlers\FileHandler' driver.
DEBUG - 2025-10-19 15:59:43 --> Session: Class initialized using 'CodeIgniter\Session\Handlers\FileHandler' driver.
DEBUG - 2025-10-19 15:59:45 --> Session: Class initialized using 'CodeIgniter\Session\Handlers\FileHandler' driver.
DEBUG - 2025-10-19 16:00:09 --> Session: Class initialized using 'CodeIgniter\Session\Handlers\FileHandler' driver.
DEBUG - 2025-10-19 16:00:55 --> Session: Class initialized using 'CodeIgniter\Session\Handlers\FileHandler' driver.
DEBUG - 2025-10-19 16:11:11 --> Session: Class initialized using 'CodeIgniter\Session\Handlers\FileHandler' driver.
DEBUG - 2025-10-19 16:11:11 --> Session: Class initialized using 'CodeIgniter\Session\Handlers\FileHandler' driver.
DEBUG - 2025-10-19 16:11:14 --> Session: Class initialized using 'CodeIgniter\Session\Handlers\FileHandler' driver.
DEBUG - 2025-10-19 16:11:46 --> Session: Class initialized using 'CodeIgniter\Session\Handlers\FileHandler' driver.
INFO - 2025-10-19 16:11:46 --> Payment Data: amount=2000.00, fullname=Roldan Oliveros, email=Roldanoliveros0921@gmail.com, number=09205804090, method=gcash, type=, card=, exp_month=0, exp_year=0, cvc=, bank_code=
DEBUG - 2025-10-19 16:11:51 --> Session: Class initialized using 'CodeIgniter\Session\Handlers\FileHandler' driver.
INFO - 2025-10-19 16:11:51 --> Generating QR code for Guardian ID: 68f49d4786918
INFO - 2025-10-19 16:11:53 --> QR code saved to file: C:\Users\User\Desktop\xamp\htdocs\copstone\public/assets/qrstudentId/68f49d4786918.png
DEBUG - 2025-10-19 16:11:53 --> Session: Class initialized using 'CodeIgniter\Session\Handlers\FileHandler' driver.
DEBUG - 2025-10-19 16:11:56 --> Session: Class initialized using 'CodeIgniter\Session\Handlers\FileHandler' driver.
DEBUG - 2025-10-19 16:12:16 --> Session: Class initialized using 'CodeIgniter\Session\Handlers\FileHandler' driver.
CRITICAL - 2025-10-19 16:12:16 --> Error: Call to undefined function App\Controllers\messagelog()
[Method: GET, Route: StudentviewDashboard/25]
in APPPATH\Controllers\GuardianAccountController.php on line 331.
 1 SYSTEMPATH\CodeIgniter.php(933): App\Controllers\GuardianAccountController->studentViewDashboard('25')
 2 SYSTEMPATH\CodeIgniter.php(507): CodeIgniter\CodeIgniter->runController(Object(App\Controllers\GuardianAccountController))
 3 SYSTEMPATH\CodeIgniter.php(354): CodeIgniter\CodeIgniter->handleRequest(null, Object(Config\Cache), false)
 4 SYSTEMPATH\Boot.php(334): CodeIgniter\CodeIgniter->run()
 5 SYSTEMPATH\Boot.php(67): CodeIgniter\Boot::runCodeIgniter(Object(CodeIgniter\CodeIgniter))
 6 FCPATH\index.php(56): CodeIgniter\Boot::bootWeb(Object(Config\Paths))
DEBUG - 2025-10-19 16:13:07 --> Session: Class initialized using 'CodeIgniter\Session\Handlers\FileHandler' driver.
DEBUG - 2025-10-19 16:13:07 --> Current User ID: 25
DEBUG - 2025-10-19 16:14:50 --> Session: Class initialized using 'CodeIgniter\Session\Handlers\FileHandler' driver.
DEBUG - 2025-10-19 16:14:52 --> Session: Class initialized using 'CodeIgniter\Session\Handlers\FileHandler' driver.
DEBUG - 2025-10-19 16:16:13 --> Session: Class initialized using 'CodeIgniter\Session\Handlers\FileHandler' driver.
DEBUG - 2025-10-19 16:16:18 --> Session: Class initialized using 'CodeIgniter\Session\Handlers\FileHandler' driver.
DEBUG - 2025-10-19 16:16:18 --> Session: Class initialized using 'CodeIgniter\Session\Handlers\FileHandler' driver.
DEBUG - 2025-10-19 16:16:24 --> Session: Class initialized using 'CodeIgniter\Session\Handlers\FileHandler' driver.
DEBUG - 2025-10-19 16:16:25 --> Session: Class initialized using 'CodeIgniter\Session\Handlers\FileHandler' driver.
DEBUG - 2025-10-19 16:16:30 --> Session: Class initialized using 'CodeIgniter\Session\Handlers\FileHandler' driver.
DEBUG - 2025-10-19 16:16:36 --> Session: Class initialized using 'CodeIgniter\Session\Handlers\FileHandler' driver.
DEBUG - 2025-10-19 16:21:46 --> Session: Class initialized using 'CodeIgniter\Session\Handlers\FileHandler' driver.
DEBUG - 2025-10-19 16:21:59 --> Session: Class initialized using 'CodeIgniter\Session\Handlers\FileHandler' driver.
DEBUG - 2025-10-19 16:23:13 --> Session: Class initialized using 'CodeIgniter\Session\Handlers\FileHandler' driver.
DEBUG - 2025-10-19 16:24:37 --> Session: Class initialized using 'CodeIgniter\Session\Handlers\FileHandler' driver.
DEBUG - 2025-10-19 16:27:33 --> Session: Class initialized using 'CodeIgniter\Session\Handlers\FileHandler' driver.
DEBUG - 2025-10-19 16:27:38 --> Session: Class initialized using 'CodeIgniter\Session\Handlers\FileHandler' driver.
DEBUG - 2025-10-19 16:27:40 --> Session: Class initialized using 'CodeIgniter\Session\Handlers\FileHandler' driver.
DEBUG - 2025-10-19 16:28:51 --> Session: Class initialized using 'CodeIgniter\Session\Handlers\FileHandler' driver.
DEBUG - 2025-10-19 16:29:40 --> Session: Class initialized using 'CodeIgniter\Session\Handlers\FileHandler' driver.
INFO - 2025-10-19 16:29:40 --> Payment Data: amount=2000.00, fullname=Roldan Oliveros, email=roldanoliveros0921@gmail.com, number=09205804090, method=gcash, type=, card=, exp_month=0, exp_year=0, cvc=, bank_code=
DEBUG - 2025-10-19 16:29:45 --> Session: Class initialized using 'CodeIgniter\Session\Handlers\FileHandler' driver.
INFO - 2025-10-19 16:29:45 --> Generating QR code for Guardian ID: 68f4a17936fdd
INFO - 2025-10-19 16:29:45 --> QR code saved to file: C:\Users\User\Desktop\xamp\htdocs\copstone\public/assets/qrstudentId/68f4a17936fdd.png
DEBUG - 2025-10-19 16:29:45 --> Session: Class initialized using 'CodeIgniter\Session\Handlers\FileHandler' driver.
DEBUG - 2025-10-19 16:29:47 --> Session: Class initialized using 'CodeIgniter\Session\Handlers\FileHandler' driver.
DEBUG - 2025-10-19 16:29:58 --> Session: Class initialized using 'CodeIgniter\Session\Handlers\FileHandler' driver.
DEBUG - 2025-10-19 16:44:15 --> Session: Class initialized using 'CodeIgniter\Session\Handlers\FileHandler' driver.
DEBUG - 2025-10-19 16:44:18 --> Session: Class initialized using 'CodeIgniter\Session\Handlers\FileHandler' driver.
DEBUG - 2025-10-19 16:44:20 --> Session: Class initialized using 'CodeIgniter\Session\Handlers\FileHandler' driver.
DEBUG - 2025-10-19 16:44:20 --> Current User ID: 25
CRITICAL - 2025-10-19 16:44:20 --> ErrorException: Attempt to read property "profile_pic" on null
[Method: GET, Route: StudentviewDashboard/25]
in APPPATH\Views\user\Announcements.php on line 124.
 1 APPPATH\Views\user\Announcements.php(124): CodeIgniter\Debug\Exceptions->errorHandler(2, 'Attempt to read property "profile_pic" on null', 'C:\\Users\\User\\Desktop\\xamp\\htdocs\\copstone\\app\\Views\\user\\Announcements.php', 124)
 2 SYSTEMPATH\View\View.php(224): include('C:\\Users\\User\\Desktop\\xamp\\htdocs\\copstone\\app\\Views\\user\\Announcements.php')
 3 SYSTEMPATH\View\View.php(227): CodeIgniter\View\View->CodeIgniter\View\{closure}()
 4 SYSTEMPATH\Common.php(1173): CodeIgniter\View\View->render('user/Announcements', [], true)
 5 APPPATH\Controllers\GuardianAccountController.php(333): view('user/Announcements', [...])
 6 SYSTEMPATH\CodeIgniter.php(933): App\Controllers\GuardianAccountController->studentViewDashboard('25')
 7 SYSTEMPATH\CodeIgniter.php(507): CodeIgniter\CodeIgniter->runController(Object(App\Controllers\GuardianAccountController))
 8 SYSTEMPATH\CodeIgniter.php(354): CodeIgniter\CodeIgniter->handleRequest(null, Object(Config\Cache), false)
 9 SYSTEMPATH\Boot.php(334): CodeIgniter\CodeIgniter->run()
10 SYSTEMPATH\Boot.php(67): CodeIgniter\Boot::runCodeIgniter(Object(CodeIgniter\CodeIgniter))
11 FCPATH\index.php(56): CodeIgniter\Boot::bootWeb(Object(Config\Paths))
DEBUG - 2025-10-19 16:44:35 --> Session: Class initialized using 'CodeIgniter\Session\Handlers\FileHandler' driver.
CRITICAL - 2025-10-19 16:44:35 --> ErrorException: Attempt to read property "profile_pic" on null
[Method: GET, Route: guardian-dashboard]
in APPPATH\Views\user\guardianDashboard.php on line 45.
 1 APPPATH\Views\user\guardianDashboard.php(45): CodeIgniter\Debug\Exceptions->errorHandler(2, 'Attempt to read property "profile_pic" on null', 'C:\\Users\\User\\Desktop\\xamp\\htdocs\\copstone\\app\\Views\\user\\guardianDashboard.php', 45)
 2 SYSTEMPATH\View\View.php(224): include('C:\\Users\\User\\Desktop\\xamp\\htdocs\\copstone\\app\\Views\\user\\guardianDashboard.php')
 3 SYSTEMPATH\View\View.php(227): CodeIgniter\View\View->CodeIgniter\View\{closure}()
 4 SYSTEMPATH\Common.php(1173): CodeIgniter\View\View->render('user/guardianDashboard', [], true)
 5 APPPATH\Controllers\GuardianAccountController.php(64): view('user/guardianDashboard', [...])
 6 SYSTEMPATH\CodeIgniter.php(933): App\Controllers\GuardianAccountController->GuardianDashboard()
 7 SYSTEMPATH\CodeIgniter.php(507): CodeIgniter\CodeIgniter->runController(Object(App\Controllers\GuardianAccountController))
 8 SYSTEMPATH\CodeIgniter.php(354): CodeIgniter\CodeIgniter->handleRequest(null, Object(Config\Cache), false)
 9 SYSTEMPATH\Boot.php(334): CodeIgniter\CodeIgniter->run()
10 SYSTEMPATH\Boot.php(67): CodeIgniter\Boot::runCodeIgniter(Object(CodeIgniter\CodeIgniter))
11 FCPATH\index.php(56): CodeIgniter\Boot::bootWeb(Object(Config\Paths))
DEBUG - 2025-10-19 16:44:39 --> Session: Class initialized using 'CodeIgniter\Session\Handlers\FileHandler' driver.
DEBUG - 2025-10-19 16:44:51 --> Session: Class initialized using 'CodeIgniter\Session\Handlers\FileHandler' driver.
DEBUG - 2025-10-19 16:45:01 --> Session: Class initialized using 'CodeIgniter\Session\Handlers\FileHandler' driver.
DEBUG - 2025-10-19 16:45:01 --> Session: Class initialized using 'CodeIgniter\Session\Handlers\FileHandler' driver.
DEBUG - 2025-10-19 16:45:07 --> Session: Class initialized using 'CodeIgniter\Session\Handlers\FileHandler' driver.
DEBUG - 2025-10-19 16:45:10 --> Session: Class initialized using 'CodeIgniter\Session\Handlers\FileHandler' driver.
DEBUG - 2025-10-19 16:45:17 --> Session: Class initialized using 'CodeIgniter\Session\Handlers\FileHandler' driver.
DEBUG - 2025-10-19 16:45:17 --> Current User ID: 25
CRITICAL - 2025-10-19 16:45:17 --> ErrorException: Attempt to read property "profile_pic" on null
[Method: GET, Route: StudentviewDashboard/25]
in APPPATH\Views\user\Announcements.php on line 124.
 1 APPPATH\Views\user\Announcements.php(124): CodeIgniter\Debug\Exceptions->errorHandler(2, 'Attempt to read property "profile_pic" on null', 'C:\\Users\\User\\Desktop\\xamp\\htdocs\\copstone\\app\\Views\\user\\Announcements.php', 124)
 2 SYSTEMPATH\View\View.php(224): include('C:\\Users\\User\\Desktop\\xamp\\htdocs\\copstone\\app\\Views\\user\\Announcements.php')
 3 SYSTEMPATH\View\View.php(227): CodeIgniter\View\View->CodeIgniter\View\{closure}()
 4 SYSTEMPATH\Common.php(1173): CodeIgniter\View\View->render('user/Announcements', [], true)
 5 APPPATH\Controllers\GuardianAccountController.php(333): view('user/Announcements', [...])
 6 SYSTEMPATH\CodeIgniter.php(933): App\Controllers\GuardianAccountController->studentViewDashboard('25')
 7 SYSTEMPATH\CodeIgniter.php(507): CodeIgniter\CodeIgniter->runController(Object(App\Controllers\GuardianAccountController))
 8 SYSTEMPATH\CodeIgniter.php(354): CodeIgniter\CodeIgniter->handleRequest(null, Object(Config\Cache), false)
 9 SYSTEMPATH\Boot.php(334): CodeIgniter\CodeIgniter->run()
10 SYSTEMPATH\Boot.php(67): CodeIgniter\Boot::runCodeIgniter(Object(CodeIgniter\CodeIgniter))
11 FCPATH\index.php(56): CodeIgniter\Boot::bootWeb(Object(Config\Paths))
DEBUG - 2025-10-19 16:45:46 --> Session: Class initialized using 'CodeIgniter\Session\Handlers\FileHandler' driver.
DEBUG - 2025-10-19 16:45:46 --> Current User ID: 25
DEBUG - 2025-10-19 16:45:49 --> Session: Class initialized using 'CodeIgniter\Session\Handlers\FileHandler' driver.
DEBUG - 2025-10-19 16:46:00 --> Session: Class initialized using 'CodeIgniter\Session\Handlers\FileHandler' driver.
DEBUG - 2025-10-19 16:46:00 --> Session: Class initialized using 'CodeIgniter\Session\Handlers\FileHandler' driver.
DEBUG - 2025-10-19 16:46:05 --> Session: Class initialized using 'CodeIgniter\Session\Handlers\FileHandler' driver.
DEBUG - 2025-10-19 16:46:05 --> Current User ID: 25
CRITICAL - 2025-10-19 16:46:05 --> ErrorException: Attempt to read property "profile_pic" on null
[Method: GET, Route: StudentviewDashboard/25]
in APPPATH\Views\user\Announcements.php on line 124.
 1 APPPATH\Views\user\Announcements.php(124): CodeIgniter\Debug\Exceptions->errorHandler(2, 'Attempt to read property "profile_pic" on null', 'C:\\Users\\User\\Desktop\\xamp\\htdocs\\copstone\\app\\Views\\user\\Announcements.php', 124)
 2 SYSTEMPATH\View\View.php(224): include('C:\\Users\\User\\Desktop\\xamp\\htdocs\\copstone\\app\\Views\\user\\Announcements.php')
 3 SYSTEMPATH\View\View.php(227): CodeIgniter\View\View->CodeIgniter\View\{closure}()
 4 SYSTEMPATH\Common.php(1173): CodeIgniter\View\View->render('user/Announcements', [], true)
 5 APPPATH\Controllers\GuardianAccountController.php(333): view('user/Announcements', [...])
 6 SYSTEMPATH\CodeIgniter.php(933): App\Controllers\GuardianAccountController->studentViewDashboard('25')
 7 SYSTEMPATH\CodeIgniter.php(507): CodeIgniter\CodeIgniter->runController(Object(App\Controllers\GuardianAccountController))
 8 SYSTEMPATH\CodeIgniter.php(354): CodeIgniter\CodeIgniter->handleRequest(null, Object(Config\Cache), false)
 9 SYSTEMPATH\Boot.php(334): CodeIgniter\CodeIgniter->run()
10 SYSTEMPATH\Boot.php(67): CodeIgniter\Boot::runCodeIgniter(Object(CodeIgniter\CodeIgniter))
11 FCPATH\index.php(56): CodeIgniter\Boot::bootWeb(Object(Config\Paths))
DEBUG - 2025-10-19 16:48:36 --> Session: Class initialized using 'CodeIgniter\Session\Handlers\FileHandler' driver.
DEBUG - 2025-10-19 16:48:44 --> Session: Class initialized using 'CodeIgniter\Session\Handlers\FileHandler' driver.
DEBUG - 2025-10-19 16:48:44 --> Session: Class initialized using 'CodeIgniter\Session\Handlers\FileHandler' driver.
DEBUG - 2025-10-19 16:48:46 --> Session: Class initialized using 'CodeIgniter\Session\Handlers\FileHandler' driver.
DEBUG - 2025-10-19 16:48:46 --> Current User ID: 25
DEBUG - 2025-10-19 16:48:59 --> Session: Class initialized using 'CodeIgniter\Session\Handlers\FileHandler' driver.
DEBUG - 2025-10-19 16:48:59 --> Current User ID: 25
DEBUG - 2025-10-19 16:49:05 --> Session: Class initialized using 'CodeIgniter\Session\Handlers\FileHandler' driver.
DEBUG - 2025-10-19 17:02:46 --> Session: Class initialized using 'CodeIgniter\Session\Handlers\FileHandler' driver.
DEBUG - 2025-10-19 17:02:46 --> Session: Class initialized using 'CodeIgniter\Session\Handlers\FileHandler' driver.
DEBUG - 2025-10-19 17:03:02 --> Session: Class initialized using 'CodeIgniter\Session\Handlers\FileHandler' driver.
DEBUG - 2025-10-19 17:03:02 --> Session: Class initialized using 'CodeIgniter\Session\Handlers\FileHandler' driver.
DEBUG - 2025-10-19 17:34:59 --> Session: Class initialized using 'CodeIgniter\Session\Handlers\FileHandler' driver.
DEBUG - 2025-10-19 17:35:03 --> Session: Class initialized using 'CodeIgniter\Session\Handlers\FileHandler' driver.
DEBUG - 2025-10-19 17:35:16 --> Session: Class initialized using 'CodeIgniter\Session\Handlers\FileHandler' driver.
DEBUG - 2025-10-19 17:35:16 --> Session: Class initialized using 'CodeIgniter\Session\Handlers\FileHandler' driver.
DEBUG - 2025-10-19 17:35:22 --> Session: Class initialized using 'CodeIgniter\Session\Handlers\FileHandler' driver.
DEBUG - 2025-10-19 17:36:44 --> Session: Class initialized using 'CodeIgniter\Session\Handlers\FileHandler' driver.
DEBUG - 2025-10-19 17:36:47 --> Session: Class initialized using 'CodeIgniter\Session\Handlers\FileHandler' driver.
DEBUG - 2025-10-19 17:36:47 --> Session: Class initialized using 'CodeIgniter\Session\Handlers\FileHandler' driver.
DEBUG - 2025-10-19 17:36:57 --> Session: Class initialized using 'CodeIgniter\Session\Handlers\FileHandler' driver.
DEBUG - 2025-10-19 17:36:57 --> Session: Class initialized using 'CodeIgniter\Session\Handlers\FileHandler' driver.
CRITICAL - 2025-10-19 17:36:57 --> CodeIgniter\View\Exceptions\ViewException: Invalid file: "user/guardianDashboard.php"
[Method: GET, Route: guardian-dashboard]
in SYSTEMPATH\Exceptions\FrameworkException.php on line 39.
 1 SYSTEMPATH\View\View.php(212): CodeIgniter\Exceptions\FrameworkException::forInvalidFile('user/guardianDashboard.php')
 2 SYSTEMPATH\Common.php(1173): CodeIgniter\View\View->render('user/guardianDashboard', [], true)
 3 APPPATH\Controllers\GuardianAccountController.php(64): view('user/guardianDashboard', [...])
 4 SYSTEMPATH\CodeIgniter.php(933): App\Controllers\GuardianAccountController->GuardianDashboard()
 5 SYSTEMPATH\CodeIgniter.php(507): CodeIgniter\CodeIgniter->runController(Object(App\Controllers\GuardianAccountController))
 6 SYSTEMPATH\CodeIgniter.php(354): CodeIgniter\CodeIgniter->handleRequest(null, Object(Config\Cache), false)
 7 SYSTEMPATH\Boot.php(334): CodeIgniter\CodeIgniter->run()
 8 SYSTEMPATH\Boot.php(67): CodeIgniter\Boot::runCodeIgniter(Object(CodeIgniter\CodeIgniter))
 9 FCPATH\index.php(56): CodeIgniter\Boot::bootWeb(Object(Config\Paths))
DEBUG - 2025-10-19 17:38:30 --> Session: Class initialized using 'CodeIgniter\Session\Handlers\FileHandler' driver.
DEBUG - 2025-10-19 17:40:11 --> Session: Class initialized using 'CodeIgniter\Session\Handlers\FileHandler' driver.
DEBUG - 2025-10-19 17:41:07 --> Session: Class initialized using 'CodeIgniter\Session\Handlers\FileHandler' driver.
INFO - 2025-10-19 17:41:07 --> Payment Data: amount=2000.00, fullname=Roldan Oliveros, email=roldanoliveros0921@gmail.com, number=09205804090, method=gcash, type=, card=, exp_month=0, exp_year=0, cvc=, bank_code=
DEBUG - 2025-10-19 17:41:11 --> Session: Class initialized using 'CodeIgniter\Session\Handlers\FileHandler' driver.
INFO - 2025-10-19 17:41:11 --> Generating QR code for Guardian ID: 68f4b237aa826
INFO - 2025-10-19 17:41:11 --> QR code saved to file: C:\Users\User\Desktop\xamp\htdocs\copstone\public/assets/qrstudentId/68f4b237aa826.png
DEBUG - 2025-10-19 17:41:12 --> Session: Class initialized using 'CodeIgniter\Session\Handlers\FileHandler' driver.
DEBUG - 2025-10-19 17:44:10 --> Session: Class initialized using 'CodeIgniter\Session\Handlers\FileHandler' driver.
DEBUG - 2025-10-19 17:44:19 --> Session: Class initialized using 'CodeIgniter\Session\Handlers\FileHandler' driver.
DEBUG - 2025-10-19 17:44:19 --> Session: Class initialized using 'CodeIgniter\Session\Handlers\FileHandler' driver.
DEBUG - 2025-10-19 17:44:25 --> Session: Class initialized using 'CodeIgniter\Session\Handlers\FileHandler' driver.
DEBUG - 2025-10-19 17:44:25 --> Session: Class initialized using 'CodeIgniter\Session\Handlers\FileHandler' driver.
DEBUG - 2025-10-19 17:44:25 --> user_id: 1
DEBUG - 2025-10-19 17:44:27 --> Session: Class initialized using 'CodeIgniter\Session\Handlers\FileHandler' driver.
DEBUG - 2025-10-19 17:44:27 --> user_id: 1
DEBUG - 2025-10-19 17:44:29 --> Session: Class initialized using 'CodeIgniter\Session\Handlers\FileHandler' driver.
DEBUG - 2025-10-19 17:44:29 --> user_id: 1
DEBUG - 2025-10-19 17:44:34 --> Session: Class initialized using 'CodeIgniter\Session\Handlers\FileHandler' driver.
DEBUG - 2025-10-19 17:44:34 --> user_id: 1
INFO - 2025-10-19 17:44:38 --> Generating QR code for Guardian ID: 68f4b306a8fe5
INFO - 2025-10-19 17:44:38 --> QR code saved to file: C:\Users\User\Desktop\xamp\htdocs\copstone\public/assets/qrstudentId/68f4b306a8fe5.png
DEBUG - 2025-10-19 17:44:38 --> Session: Class initialized using 'CodeIgniter\Session\Handlers\FileHandler' driver.
DEBUG - 2025-10-19 17:44:39 --> Session: Class initialized using 'CodeIgniter\Session\Handlers\FileHandler' driver.
DEBUG - 2025-10-19 17:44:39 --> user_id: 1
DEBUG - 2025-10-19 17:44:42 --> Session: Class initialized using 'CodeIgniter\Session\Handlers\FileHandler' driver.
DEBUG - 2025-10-19 17:44:42 --> user_id: 1
DEBUG - 2025-10-19 17:45:05 --> Session: Class initialized using 'CodeIgniter\Session\Handlers\FileHandler' driver.
DEBUG - 2025-10-19 17:49:42 --> Session: Class initialized using 'CodeIgniter\Session\Handlers\FileHandler' driver.
DEBUG - 2025-10-19 17:49:42 --> Session: Class initialized using 'CodeIgniter\Session\Handlers\FileHandler' driver.
DEBUG - 2025-10-19 18:03:33 --> Session: Class initialized using 'CodeIgniter\Session\Handlers\FileHandler' driver.
CRITICAL - 2025-10-19 18:03:33 --> ErrorException: Undefined variable $statuses
[Method: GET, Route: guardian-dashboard]
in APPPATH\Controllers\GuardianAccountController.php on line 53.
 1 APPPATH\Controllers\GuardianAccountController.php(53): CodeIgniter\Debug\Exceptions->errorHandler(2, 'Undefined variable $statuses', 'C:\\Users\\User\\Desktop\\xamp\\htdocs\\copstone\\app\\Controllers\\GuardianAccountController.php', 53)
 2 SYSTEMPATH\CodeIgniter.php(933): App\Controllers\GuardianAccountController->GuardianDashboard()
 3 SYSTEMPATH\CodeIgniter.php(507): CodeIgniter\CodeIgniter->runController(Object(App\Controllers\GuardianAccountController))
 4 SYSTEMPATH\CodeIgniter.php(354): CodeIgniter\CodeIgniter->handleRequest(null, Object(Config\Cache), false)
 5 SYSTEMPATH\Boot.php(334): CodeIgniter\CodeIgniter->run()
 6 SYSTEMPATH\Boot.php(67): CodeIgniter\Boot::runCodeIgniter(Object(CodeIgniter\CodeIgniter))
 7 FCPATH\index.php(56): CodeIgniter\Boot::bootWeb(Object(Config\Paths))
DEBUG - 2025-10-19 18:03:53 --> Session: Class initialized using 'CodeIgniter\Session\Handlers\FileHandler' driver.
CRITICAL - 2025-10-19 18:03:53 --> ErrorException: Attempt to read property "profile_pic" on array
[Method: GET, Route: guardian-dashboard]
in APPPATH\Views\guardian\dashboard.php on line 124.
 1 APPPATH\Views\guardian\dashboard.php(124): CodeIgniter\Debug\Exceptions->errorHandler(2, 'Attempt to read property "profile_pic" on array', 'C:\\Users\\User\\Desktop\\xamp\\htdocs\\copstone\\app\\Views\\guardian\\dashboard.php', 124)
 2 SYSTEMPATH\View\View.php(224): include('C:\\Users\\User\\Desktop\\xamp\\htdocs\\copstone\\app\\Views\\guardian\\dashboard.php')
 3 SYSTEMPATH\View\View.php(227): CodeIgniter\View\View->CodeIgniter\View\{closure}()
 4 SYSTEMPATH\Common.php(1173): CodeIgniter\View\View->render('guardian/dashboard', [], true)
 5 APPPATH\Controllers\GuardianAccountController.php(72): view('guardian/dashboard', [...])
 6 SYSTEMPATH\CodeIgniter.php(933): App\Controllers\GuardianAccountController->GuardianDashboard()
 7 SYSTEMPATH\CodeIgniter.php(507): CodeIgniter\CodeIgniter->runController(Object(App\Controllers\GuardianAccountController))
 8 SYSTEMPATH\CodeIgniter.php(354): CodeIgniter\CodeIgniter->handleRequest(null, Object(Config\Cache), false)
 9 SYSTEMPATH\Boot.php(334): CodeIgniter\CodeIgniter->run()
10 SYSTEMPATH\Boot.php(67): CodeIgniter\Boot::runCodeIgniter(Object(CodeIgniter\CodeIgniter))
11 FCPATH\index.php(56): CodeIgniter\Boot::bootWeb(Object(Config\Paths))
DEBUG - 2025-10-19 18:07:43 --> Session: Class initialized using 'CodeIgniter\Session\Handlers\FileHandler' driver.
DEBUG - 2025-10-19 18:08:04 --> Session: Class initialized using 'CodeIgniter\Session\Handlers\FileHandler' driver.
DEBUG - 2025-10-19 18:08:08 --> Session: Class initialized using 'CodeIgniter\Session\Handlers\FileHandler' driver.
DEBUG - 2025-10-19 18:08:09 --> Session: Class initialized using 'CodeIgniter\Session\Handlers\FileHandler' driver.
DEBUG - 2025-10-19 18:08:16 --> Session: Class initialized using 'CodeIgniter\Session\Handlers\FileHandler' driver.
DEBUG - 2025-10-19 18:08:17 --> Session: Class initialized using 'CodeIgniter\Session\Handlers\FileHandler' driver.
DEBUG - 2025-10-19 18:08:30 --> Session: Class initialized using 'CodeIgniter\Session\Handlers\FileHandler' driver.
DEBUG - 2025-10-19 19:43:55 --> Session: Class initialized using 'CodeIgniter\Session\Handlers\FileHandler' driver.
DEBUG - 2025-10-19 19:43:55 --> Session: Class initialized using 'CodeIgniter\Session\Handlers\FileHandler' driver.
DEBUG - 2025-10-19 19:44:22 --> Session: Class initialized using 'CodeIgniter\Session\Handlers\FileHandler' driver.
DEBUG - 2025-10-19 19:44:27 --> Session: Class initialized using 'CodeIgniter\Session\Handlers\FileHandler' driver.
DEBUG - 2025-10-19 19:44:59 --> Session: Class initialized using 'CodeIgniter\Session\Handlers\FileHandler' driver.
DEBUG - 2025-10-19 19:44:59 --> Session: Class initialized using 'CodeIgniter\Session\Handlers\FileHandler' driver.
DEBUG - 2025-10-19 19:45:38 --> Session: Class initialized using 'CodeIgniter\Session\Handlers\FileHandler' driver.
DEBUG - 2025-10-19 19:45:38 --> Session: Class initialized using 'CodeIgniter\Session\Handlers\FileHandler' driver.
DEBUG - 2025-10-19 19:47:54 --> Session: Class initialized using 'CodeIgniter\Session\Handlers\FileHandler' driver.
DEBUG - 2025-10-19 19:47:54 --> Session: Class initialized using 'CodeIgniter\Session\Handlers\FileHandler' driver.
DEBUG - 2025-10-19 19:53:37 --> Session: Class initialized using 'CodeIgniter\Session\Handlers\FileHandler' driver.
DEBUG - 2025-10-19 19:53:44 --> Session: Class initialized using 'CodeIgniter\Session\Handlers\FileHandler' driver.
DEBUG - 2025-10-19 19:54:04 --> Session: Class initialized using 'CodeIgniter\Session\Handlers\FileHandler' driver.
DEBUG - 2025-10-19 19:54:11 --> Session: Class initialized using 'CodeIgniter\Session\Handlers\FileHandler' driver.
DEBUG - 2025-10-19 19:54:12 --> Session: Class initialized using 'CodeIgniter\Session\Handlers\FileHandler' driver.
DEBUG - 2025-10-19 19:54:48 --> Session: Class initialized using 'CodeIgniter\Session\Handlers\FileHandler' driver.
DEBUG - 2025-10-19 19:54:48 --> Current User ID: 25
DEBUG - 2025-10-19 19:54:57 --> Session: Class initialized using 'CodeIgniter\Session\Handlers\FileHandler' driver.
DEBUG - 2025-10-19 19:55:05 --> Session: Class initialized using 'CodeIgniter\Session\Handlers\FileHandler' driver.
DEBUG - 2025-10-19 19:55:05 --> Session: Class initialized using 'CodeIgniter\Session\Handlers\FileHandler' driver.
DEBUG - 2025-10-19 19:55:11 --> Session: Class initialized using 'CodeIgniter\Session\Handlers\FileHandler' driver.
DEBUG - 2025-10-19 19:55:12 --> Session: Class initialized using 'CodeIgniter\Session\Handlers\FileHandler' driver.
DEBUG - 2025-10-19 19:55:30 --> Session: Class initialized using 'CodeIgniter\Session\Handlers\FileHandler' driver.
DEBUG - 2025-10-19 19:55:37 --> Session: Class initialized using 'CodeIgniter\Session\Handlers\FileHandler' driver.
DEBUG - 2025-10-19 19:56:57 --> Session: Class initialized using 'CodeIgniter\Session\Handlers\FileHandler' driver.
INFO - 2025-10-19 19:58:05 --> User inserted with ID: 68
INFO - 2025-10-19 19:58:09 --> guardian add email sent to: roldanoliveros0921@gmail.com
DEBUG - 2025-10-19 19:58:09 --> Session: Class initialized using 'CodeIgniter\Session\Handlers\FileHandler' driver.
INFO - 2025-10-19 19:58:09 --> guardian record inserted for user ID: 68
DEBUG - 2025-10-19 19:58:09 --> Session: Class initialized using 'CodeIgniter\Session\Handlers\FileHandler' driver.
DEBUG - 2025-10-19 19:58:18 --> Session: Class initialized using 'CodeIgniter\Session\Handlers\FileHandler' driver.
DEBUG - 2025-10-19 19:58:32 --> Session: Class initialized using 'CodeIgniter\Session\Handlers\FileHandler' driver.
DEBUG - 2025-10-19 19:58:40 --> Session: Class initialized using 'CodeIgniter\Session\Handlers\FileHandler' driver.
DEBUG - 2025-10-19 19:58:40 --> Session: Class initialized using 'CodeIgniter\Session\Handlers\FileHandler' driver.
DEBUG - 2025-10-19 19:58:47 --> Session: Class initialized using 'CodeIgniter\Session\Handlers\FileHandler' driver.
DEBUG - 2025-10-19 19:58:47 --> Session: Class initialized using 'CodeIgniter\Session\Handlers\FileHandler' driver.
DEBUG - 2025-10-19 19:58:59 --> Session: Class initialized using 'CodeIgniter\Session\Handlers\FileHandler' driver.
DEBUG - 2025-10-19 19:58:59 --> Session: Class initialized using 'CodeIgniter\Session\Handlers\FileHandler' driver.
DEBUG - 2025-10-19 20:00:18 --> Session: Class initialized using 'CodeIgniter\Session\Handlers\FileHandler' driver.
DEBUG - 2025-10-19 20:00:23 --> Session: Class initialized using 'CodeIgniter\Session\Handlers\FileHandler' driver.
DEBUG - 2025-10-19 20:11:46 --> Session: Class initialized using 'CodeIgniter\Session\Handlers\FileHandler' driver.
DEBUG - 2025-10-19 20:22:48 --> Session: Class initialized using 'CodeIgniter\Session\Handlers\FileHandler' driver.
DEBUG - 2025-10-19 20:22:55 --> Session: Class initialized using 'CodeIgniter\Session\Handlers\FileHandler' driver.
DEBUG - 2025-10-19 20:25:18 --> Session: Class initialized using 'CodeIgniter\Session\Handlers\FileHandler' driver.
DEBUG - 2025-10-19 20:25:23 --> Session: Class initialized using 'CodeIgniter\Session\Handlers\FileHandler' driver.
DEBUG - 2025-10-19 20:25:23 --> Session: Class initialized using 'CodeIgniter\Session\Handlers\FileHandler' driver.
DEBUG - 2025-10-19 20:25:34 --> Session: Class initialized using 'CodeIgniter\Session\Handlers\FileHandler' driver.
DEBUG - 2025-10-19 20:25:34 --> Session: Class initialized using 'CodeIgniter\Session\Handlers\FileHandler' driver.
DEBUG - 2025-10-19 20:39:12 --> Session: Class initialized using 'CodeIgniter\Session\Handlers\FileHandler' driver.
DEBUG - 2025-10-19 20:39:17 --> Session: Class initialized using 'CodeIgniter\Session\Handlers\FileHandler' driver.
DEBUG - 2025-10-19 20:39:17 --> Session: Class initialized using 'CodeIgniter\Session\Handlers\FileHandler' driver.
CRITICAL - 2025-10-19 20:39:17 --> ErrorException: Undefined variable $userId
[Method: GET, Route: guardian-dashboard]
in APPPATH\Controllers\GuardianAccountController.php on line 53.
 1 APPPATH\Controllers\GuardianAccountController.php(53): CodeIgniter\Debug\Exceptions->errorHandler(2, 'Undefined variable $userId', 'C:\\Users\\User\\Desktop\\xamp\\htdocs\\copstone\\app\\Controllers\\GuardianAccountController.php', 53)
 2 SYSTEMPATH\CodeIgniter.php(933): App\Controllers\GuardianAccountController->GuardianDashboard()
 3 SYSTEMPATH\CodeIgniter.php(507): CodeIgniter\CodeIgniter->runController(Object(App\Controllers\GuardianAccountController))
 4 SYSTEMPATH\CodeIgniter.php(354): CodeIgniter\CodeIgniter->handleRequest(null, Object(Config\Cache), false)
 5 SYSTEMPATH\Boot.php(334): CodeIgniter\CodeIgniter->run()
 6 SYSTEMPATH\Boot.php(67): CodeIgniter\Boot::runCodeIgniter(Object(CodeIgniter\CodeIgniter))
 7 FCPATH\index.php(56): CodeIgniter\Boot::bootWeb(Object(Config\Paths))
DEBUG - 2025-10-19 20:39:40 --> Session: Class initialized using 'CodeIgniter\Session\Handlers\FileHandler' driver.
ERROR - 2025-10-19 20:39:40 --> mysqli_sql_exception: Unknown column 'user_id' in 'where clause' in C:\Users\User\Desktop\xamp\htdocs\copstone\system\Database\MySQLi\Connection.php:327
Stack trace:
#0 C:\Users\User\Desktop\xamp\htdocs\copstone\system\Database\MySQLi\Connection.php(327): mysqli->query('SELECT `status`...', 0)
#1 C:\Users\User\Desktop\xamp\htdocs\copstone\system\Database\BaseConnection.php(738): CodeIgniter\Database\MySQLi\Connection->execute('SELECT `status`...')
#2 C:\Users\User\Desktop\xamp\htdocs\copstone\system\Database\BaseConnection.php(652): CodeIgniter\Database\BaseConnection->simpleQuery('SELECT `status`...')
#3 C:\Users\User\Desktop\xamp\htdocs\copstone\system\Database\BaseBuilder.php(1649): CodeIgniter\Database\BaseConnection->query('SELECT `status`...', Array, false)
#4 C:\Users\User\Desktop\xamp\htdocs\copstone\system\Model.php(330): CodeIgniter\Database\BaseBuilder->get()
#5 C:\Users\User\Desktop\xamp\htdocs\copstone\system\BaseModel.php(713): CodeIgniter\Model->doFirst()
#6 C:\Users\User\Desktop\xamp\htdocs\copstone\app\Models\UserModel.php(101): CodeIgniter\BaseModel->first()
#7 C:\Users\User\Desktop\xamp\htdocs\copstone\app\Controllers\GuardianAccountController.php(53): App\Models\UserModel->getStatus('66')
#8 C:\Users\User\Desktop\xamp\htdocs\copstone\system\CodeIgniter.php(933): App\Controllers\GuardianAccountController->GuardianDashboard()
#9 C:\Users\User\Desktop\xamp\htdocs\copstone\system\CodeIgniter.php(507): CodeIgniter\CodeIgniter->runController(Object(App\Controllers\GuardianAccountController))
#10 C:\Users\User\Desktop\xamp\htdocs\copstone\system\CodeIgniter.php(354): CodeIgniter\CodeIgniter->handleRequest(NULL, Object(Config\Cache), false)
#11 C:\Users\User\Desktop\xamp\htdocs\copstone\system\Boot.php(334): CodeIgniter\CodeIgniter->run()
#12 C:\Users\User\Desktop\xamp\htdocs\copstone\system\Boot.php(67): CodeIgniter\Boot::runCodeIgniter(Object(CodeIgniter\CodeIgniter))
#13 C:\Users\User\Desktop\xamp\htdocs\copstone\index.php(56): CodeIgniter\Boot::bootWeb(Object(Config\Paths))
#14 {main}
CRITICAL - 2025-10-19 20:39:40 --> CodeIgniter\Database\Exceptions\DatabaseException: Unknown column 'user_id' in 'where clause'
[Method: GET, Route: guardian-dashboard]
in SYSTEMPATH\Database\BaseConnection.php on line 692.
 1 SYSTEMPATH\Database\BaseBuilder.php(1649): CodeIgniter\Database\BaseConnection->query('SELECT `status`
FROM `users`
WHERE `user_id` = :user_id:
 LIMIT 1', [...], false)
 2 SYSTEMPATH\Model.php(330): CodeIgniter\Database\BaseBuilder->get()
 3 SYSTEMPATH\BaseModel.php(713): CodeIgniter\Model->doFirst()
 4 APPPATH\Models\UserModel.php(101): CodeIgniter\BaseModel->first()
 5 APPPATH\Controllers\GuardianAccountController.php(53): App\Models\UserModel->getStatus('66')
 6 SYSTEMPATH\CodeIgniter.php(933): App\Controllers\GuardianAccountController->GuardianDashboard()
 7 SYSTEMPATH\CodeIgniter.php(507): CodeIgniter\CodeIgniter->runController(Object(App\Controllers\GuardianAccountController))
 8 SYSTEMPATH\CodeIgniter.php(354): CodeIgniter\CodeIgniter->handleRequest(null, Object(Config\Cache), false)
 9 SYSTEMPATH\Boot.php(334): CodeIgniter\CodeIgniter->run()
10 SYSTEMPATH\Boot.php(67): CodeIgniter\Boot::runCodeIgniter(Object(CodeIgniter\CodeIgniter))
11 FCPATH\index.php(56): CodeIgniter\Boot::bootWeb(Object(Config\Paths))
CRITICAL - 2025-10-19 20:39:40 --> [Caused by] CodeIgniter\Database\Exceptions\DatabaseException: Unknown column 'user_id' in 'where clause'
in SYSTEMPATH\Database\MySQLi\Connection.php on line 332.
 1 SYSTEMPATH\Database\BaseConnection.php(738): CodeIgniter\Database\MySQLi\Connection->execute('SELECT `status`
FROM `users`
WHERE `user_id` = \'66\'
 LIMIT 1')
 2 SYSTEMPATH\Database\BaseConnection.php(652): CodeIgniter\Database\BaseConnection->simpleQuery('SELECT `status`
FROM `users`
WHERE `user_id` = \'66\'
 LIMIT 1')
 3 SYSTEMPATH\Database\BaseBuilder.php(1649): CodeIgniter\Database\BaseConnection->query('SELECT `status`
FROM `users`
WHERE `user_id` = :user_id:
 LIMIT 1', [...], false)
 4 SYSTEMPATH\Model.php(330): CodeIgniter\Database\BaseBuilder->get()
 5 SYSTEMPATH\BaseModel.php(713): CodeIgniter\Model->doFirst()
 6 APPPATH\Models\UserModel.php(101): CodeIgniter\BaseModel->first()
 7 APPPATH\Controllers\GuardianAccountController.php(53): App\Models\UserModel->getStatus('66')
 8 SYSTEMPATH\CodeIgniter.php(933): App\Controllers\GuardianAccountController->GuardianDashboard()
 9 SYSTEMPATH\CodeIgniter.php(507): CodeIgniter\CodeIgniter->runController(Object(App\Controllers\GuardianAccountController))
10 SYSTEMPATH\CodeIgniter.php(354): CodeIgniter\CodeIgniter->handleRequest(null, Object(Config\Cache), false)
11 SYSTEMPATH\Boot.php(334): CodeIgniter\CodeIgniter->run()
12 SYSTEMPATH\Boot.php(67): CodeIgniter\Boot::runCodeIgniter(Object(CodeIgniter\CodeIgniter))
13 FCPATH\index.php(56): CodeIgniter\Boot::bootWeb(Object(Config\Paths))
CRITICAL - 2025-10-19 20:39:40 --> [Caused by] mysqli_sql_exception: Unknown column 'user_id' in 'where clause'
in SYSTEMPATH\Database\MySQLi\Connection.php on line 327.
 1 SYSTEMPATH\Database\MySQLi\Connection.php(327): mysqli->query('SELECT `status`
FROM `users`
WHERE `user_id` = \'66\'
 LIMIT 1', 0)
 2 SYSTEMPATH\Database\BaseConnection.php(738): CodeIgniter\Database\MySQLi\Connection->execute('SELECT `status`
FROM `users`
WHERE `user_id` = \'66\'
 LIMIT 1')
 3 SYSTEMPATH\Database\BaseConnection.php(652): CodeIgniter\Database\BaseConnection->simpleQuery('SELECT `status`
FROM `users`
WHERE `user_id` = \'66\'
 LIMIT 1')
 4 SYSTEMPATH\Database\BaseBuilder.php(1649): CodeIgniter\Database\BaseConnection->query('SELECT `status`
FROM `users`
WHERE `user_id` = :user_id:
 LIMIT 1', [...], false)
 5 SYSTEMPATH\Model.php(330): CodeIgniter\Database\BaseBuilder->get()
 6 SYSTEMPATH\BaseModel.php(713): CodeIgniter\Model->doFirst()
 7 APPPATH\Models\UserModel.php(101): CodeIgniter\BaseModel->first()
 8 APPPATH\Controllers\GuardianAccountController.php(53): App\Models\UserModel->getStatus('66')
 9 SYSTEMPATH\CodeIgniter.php(933): App\Controllers\GuardianAccountController->GuardianDashboard()
10 SYSTEMPATH\CodeIgniter.php(507): CodeIgniter\CodeIgniter->runController(Object(App\Controllers\GuardianAccountController))
11 SYSTEMPATH\CodeIgniter.php(354): CodeIgniter\CodeIgniter->handleRequest(null, Object(Config\Cache), false)
12 SYSTEMPATH\Boot.php(334): CodeIgniter\CodeIgniter->run()
13 SYSTEMPATH\Boot.php(67): CodeIgniter\Boot::runCodeIgniter(Object(CodeIgniter\CodeIgniter))
14 FCPATH\index.php(56): CodeIgniter\Boot::bootWeb(Object(Config\Paths))
DEBUG - 2025-10-19 20:39:57 --> Session: Class initialized using 'CodeIgniter\Session\Handlers\FileHandler' driver.
DEBUG - 2025-10-19 20:40:02 --> Session: Class initialized using 'CodeIgniter\Session\Handlers\FileHandler' driver.
DEBUG - 2025-10-19 20:40:02 --> Session: Class initialized using 'CodeIgniter\Session\Handlers\FileHandler' driver.
ERROR - 2025-10-19 20:40:02 --> mysqli_sql_exception: Unknown column 'user_id' in 'where clause' in C:\Users\User\Desktop\xamp\htdocs\copstone\system\Database\MySQLi\Connection.php:327
Stack trace:
#0 C:\Users\User\Desktop\xamp\htdocs\copstone\system\Database\MySQLi\Connection.php(327): mysqli->query('SELECT `status`...', 0)
#1 C:\Users\User\Desktop\xamp\htdocs\copstone\system\Database\BaseConnection.php(738): CodeIgniter\Database\MySQLi\Connection->execute('SELECT `status`...')
#2 C:\Users\User\Desktop\xamp\htdocs\copstone\system\Database\BaseConnection.php(652): CodeIgniter\Database\BaseConnection->simpleQuery('SELECT `status`...')
#3 C:\Users\User\Desktop\xamp\htdocs\copstone\system\Database\BaseBuilder.php(1649): CodeIgniter\Database\BaseConnection->query('SELECT `status`...', Array, false)
#4 C:\Users\User\Desktop\xamp\htdocs\copstone\system\Model.php(330): CodeIgniter\Database\BaseBuilder->get()
#5 C:\Users\User\Desktop\xamp\htdocs\copstone\system\BaseModel.php(713): CodeIgniter\Model->doFirst()
#6 C:\Users\User\Desktop\xamp\htdocs\copstone\app\Models\UserModel.php(101): CodeIgniter\BaseModel->first()
#7 C:\Users\User\Desktop\xamp\htdocs\copstone\app\Controllers\GuardianAccountController.php(53): App\Models\UserModel->getStatus('66')
#8 C:\Users\User\Desktop\xamp\htdocs\copstone\system\CodeIgniter.php(933): App\Controllers\GuardianAccountController->GuardianDashboard()
#9 C:\Users\User\Desktop\xamp\htdocs\copstone\system\CodeIgniter.php(507): CodeIgniter\CodeIgniter->runController(Object(App\Controllers\GuardianAccountController))
#10 C:\Users\User\Desktop\xamp\htdocs\copstone\system\CodeIgniter.php(354): CodeIgniter\CodeIgniter->handleRequest(NULL, Object(Config\Cache), false)
#11 C:\Users\User\Desktop\xamp\htdocs\copstone\system\Boot.php(334): CodeIgniter\CodeIgniter->run()
#12 C:\Users\User\Desktop\xamp\htdocs\copstone\system\Boot.php(67): CodeIgniter\Boot::runCodeIgniter(Object(CodeIgniter\CodeIgniter))
#13 C:\Users\User\Desktop\xamp\htdocs\copstone\index.php(56): CodeIgniter\Boot::bootWeb(Object(Config\Paths))
#14 {main}
CRITICAL - 2025-10-19 20:40:02 --> CodeIgniter\Database\Exceptions\DatabaseException: Unknown column 'user_id' in 'where clause'
[Method: GET, Route: guardian-dashboard]
in SYSTEMPATH\Database\BaseConnection.php on line 692.
 1 SYSTEMPATH\Database\BaseBuilder.php(1649): CodeIgniter\Database\BaseConnection->query('SELECT `status`
FROM `users`
WHERE `user_id` = :user_id:
 LIMIT 1', [...], false)
 2 SYSTEMPATH\Model.php(330): CodeIgniter\Database\BaseBuilder->get()
 3 SYSTEMPATH\BaseModel.php(713): CodeIgniter\Model->doFirst()
 4 APPPATH\Models\UserModel.php(101): CodeIgniter\BaseModel->first()
 5 APPPATH\Controllers\GuardianAccountController.php(53): App\Models\UserModel->getStatus('66')
 6 SYSTEMPATH\CodeIgniter.php(933): App\Controllers\GuardianAccountController->GuardianDashboard()
 7 SYSTEMPATH\CodeIgniter.php(507): CodeIgniter\CodeIgniter->runController(Object(App\Controllers\GuardianAccountController))
 8 SYSTEMPATH\CodeIgniter.php(354): CodeIgniter\CodeIgniter->handleRequest(null, Object(Config\Cache), false)
 9 SYSTEMPATH\Boot.php(334): CodeIgniter\CodeIgniter->run()
10 SYSTEMPATH\Boot.php(67): CodeIgniter\Boot::runCodeIgniter(Object(CodeIgniter\CodeIgniter))
11 FCPATH\index.php(56): CodeIgniter\Boot::bootWeb(Object(Config\Paths))
CRITICAL - 2025-10-19 20:40:02 --> [Caused by] CodeIgniter\Database\Exceptions\DatabaseException: Unknown column 'user_id' in 'where clause'
in SYSTEMPATH\Database\MySQLi\Connection.php on line 332.
 1 SYSTEMPATH\Database\BaseConnection.php(738): CodeIgniter\Database\MySQLi\Connection->execute('SELECT `status`
FROM `users`
WHERE `user_id` = \'66\'
 LIMIT 1')
 2 SYSTEMPATH\Database\BaseConnection.php(652): CodeIgniter\Database\BaseConnection->simpleQuery('SELECT `status`
FROM `users`
WHERE `user_id` = \'66\'
 LIMIT 1')
 3 SYSTEMPATH\Database\BaseBuilder.php(1649): CodeIgniter\Database\BaseConnection->query('SELECT `status`
FROM `users`
WHERE `user_id` = :user_id:
 LIMIT 1', [...], false)
 4 SYSTEMPATH\Model.php(330): CodeIgniter\Database\BaseBuilder->get()
 5 SYSTEMPATH\BaseModel.php(713): CodeIgniter\Model->doFirst()
 6 APPPATH\Models\UserModel.php(101): CodeIgniter\BaseModel->first()
 7 APPPATH\Controllers\GuardianAccountController.php(53): App\Models\UserModel->getStatus('66')
 8 SYSTEMPATH\CodeIgniter.php(933): App\Controllers\GuardianAccountController->GuardianDashboard()
 9 SYSTEMPATH\CodeIgniter.php(507): CodeIgniter\CodeIgniter->runController(Object(App\Controllers\GuardianAccountController))
10 SYSTEMPATH\CodeIgniter.php(354): CodeIgniter\CodeIgniter->handleRequest(null, Object(Config\Cache), false)
11 SYSTEMPATH\Boot.php(334): CodeIgniter\CodeIgniter->run()
12 SYSTEMPATH\Boot.php(67): CodeIgniter\Boot::runCodeIgniter(Object(CodeIgniter\CodeIgniter))
13 FCPATH\index.php(56): CodeIgniter\Boot::bootWeb(Object(Config\Paths))
CRITICAL - 2025-10-19 20:40:02 --> [Caused by] mysqli_sql_exception: Unknown column 'user_id' in 'where clause'
in SYSTEMPATH\Database\MySQLi\Connection.php on line 327.
 1 SYSTEMPATH\Database\MySQLi\Connection.php(327): mysqli->query('SELECT `status`
FROM `users`
WHERE `user_id` = \'66\'
 LIMIT 1', 0)
 2 SYSTEMPATH\Database\BaseConnection.php(738): CodeIgniter\Database\MySQLi\Connection->execute('SELECT `status`
FROM `users`
WHERE `user_id` = \'66\'
 LIMIT 1')
 3 SYSTEMPATH\Database\BaseConnection.php(652): CodeIgniter\Database\BaseConnection->simpleQuery('SELECT `status`
FROM `users`
WHERE `user_id` = \'66\'
 LIMIT 1')
 4 SYSTEMPATH\Database\BaseBuilder.php(1649): CodeIgniter\Database\BaseConnection->query('SELECT `status`
FROM `users`
WHERE `user_id` = :user_id:
 LIMIT 1', [...], false)
 5 SYSTEMPATH\Model.php(330): CodeIgniter\Database\BaseBuilder->get()
 6 SYSTEMPATH\BaseModel.php(713): CodeIgniter\Model->doFirst()
 7 APPPATH\Models\UserModel.php(101): CodeIgniter\BaseModel->first()
 8 APPPATH\Controllers\GuardianAccountController.php(53): App\Models\UserModel->getStatus('66')
 9 SYSTEMPATH\CodeIgniter.php(933): App\Controllers\GuardianAccountController->GuardianDashboard()
10 SYSTEMPATH\CodeIgniter.php(507): CodeIgniter\CodeIgniter->runController(Object(App\Controllers\GuardianAccountController))
11 SYSTEMPATH\CodeIgniter.php(354): CodeIgniter\CodeIgniter->handleRequest(null, Object(Config\Cache), false)
12 SYSTEMPATH\Boot.php(334): CodeIgniter\CodeIgniter->run()
13 SYSTEMPATH\Boot.php(67): CodeIgniter\Boot::runCodeIgniter(Object(CodeIgniter\CodeIgniter))
14 FCPATH\index.php(56): CodeIgniter\Boot::bootWeb(Object(Config\Paths))
DEBUG - 2025-10-19 20:40:24 --> Session: Class initialized using 'CodeIgniter\Session\Handlers\FileHandler' driver.
DEBUG - 2025-10-19 20:40:28 --> Session: Class initialized using 'CodeIgniter\Session\Handlers\FileHandler' driver.
DEBUG - 2025-10-19 20:40:31 --> Session: Class initialized using 'CodeIgniter\Session\Handlers\FileHandler' driver.
DEBUG - 2025-10-19 20:41:00 --> Session: Class initialized using 'CodeIgniter\Session\Handlers\FileHandler' driver.
DEBUG - 2025-10-19 20:41:00 --> Session: Class initialized using 'CodeIgniter\Session\Handlers\FileHandler' driver.
DEBUG - 2025-10-19 20:41:49 --> Session: Class initialized using 'CodeIgniter\Session\Handlers\FileHandler' driver.
DEBUG - 2025-10-19 20:43:55 --> Session: Class initialized using 'CodeIgniter\Session\Handlers\FileHandler' driver.
DEBUG - 2025-10-19 20:44:07 --> Session: Class initialized using 'CodeIgniter\Session\Handlers\FileHandler' driver.
DEBUG - 2025-10-19 20:44:07 --> Session: Class initialized using 'CodeIgniter\Session\Handlers\FileHandler' driver.
CRITICAL - 2025-10-19 20:44:07 --> Error: Call to undefined function App\Controllers\og_message()
[Method: GET, Route: guardian-dashboard]
in APPPATH\Controllers\GuardianAccountController.php on line 35.
 1 SYSTEMPATH\CodeIgniter.php(933): App\Controllers\GuardianAccountController->GuardianDashboard()
 2 SYSTEMPATH\CodeIgniter.php(507): CodeIgniter\CodeIgniter->runController(Object(App\Controllers\GuardianAccountController))
 3 SYSTEMPATH\CodeIgniter.php(354): CodeIgniter\CodeIgniter->handleRequest(null, Object(Config\Cache), false)
 4 SYSTEMPATH\Boot.php(334): CodeIgniter\CodeIgniter->run()
 5 SYSTEMPATH\Boot.php(67): CodeIgniter\Boot::runCodeIgniter(Object(CodeIgniter\CodeIgniter))
 6 FCPATH\index.php(56): CodeIgniter\Boot::bootWeb(Object(Config\Paths))
DEBUG - 2025-10-19 20:44:26 --> Session: Class initialized using 'CodeIgniter\Session\Handlers\FileHandler' driver.
DEBUG - 2025-10-19 20:44:26 --> user_id: 66
DEBUG - 2025-10-19 20:44:56 --> Session: Class initialized using 'CodeIgniter\Session\Handlers\FileHandler' driver.
DEBUG - 2025-10-19 20:44:56 --> user_id: 66
CRITICAL - 2025-10-19 20:44:56 --> ErrorException: Array to string conversion
[Method: GET, Route: guardian-dashboard]
in APPPATH\Controllers\GuardianAccountController.php on line 66.
 1 APPPATH\Controllers\GuardianAccountController.php(66): CodeIgniter\Debug\Exceptions->errorHandler(2, 'Array to string conversion', 'C:\\Users\\User\\Desktop\\xamp\\htdocs\\copstone\\app\\Controllers\\GuardianAccountController.php', 66)
 2 SYSTEMPATH\CodeIgniter.php(933): App\Controllers\GuardianAccountController->GuardianDashboard()
 3 SYSTEMPATH\CodeIgniter.php(507): CodeIgniter\CodeIgniter->runController(Object(App\Controllers\GuardianAccountController))
 4 SYSTEMPATH\CodeIgniter.php(354): CodeIgniter\CodeIgniter->handleRequest(null, Object(Config\Cache), false)
 5 SYSTEMPATH\Boot.php(334): CodeIgniter\CodeIgniter->run()
 6 SYSTEMPATH\Boot.php(67): CodeIgniter\Boot::runCodeIgniter(Object(CodeIgniter\CodeIgniter))
 7 FCPATH\index.php(56): CodeIgniter\Boot::bootWeb(Object(Config\Paths))
DEBUG - 2025-10-19 20:45:48 --> Session: Class initialized using 'CodeIgniter\Session\Handlers\FileHandler' driver.
DEBUG - 2025-10-19 20:45:48 --> user_id: 66
CRITICAL - 2025-10-19 20:45:48 --> ErrorException: Array to string conversion
[Method: GET, Route: guardian-dashboard]
in APPPATH\Controllers\GuardianAccountController.php on line 52.
 1 APPPATH\Controllers\GuardianAccountController.php(52): CodeIgniter\Debug\Exceptions->errorHandler(2, 'Array to string conversion', 'C:\\Users\\User\\Desktop\\xamp\\htdocs\\copstone\\app\\Controllers\\GuardianAccountController.php', 52)
 2 SYSTEMPATH\CodeIgniter.php(933): App\Controllers\GuardianAccountController->GuardianDashboard()
 3 SYSTEMPATH\CodeIgniter.php(507): CodeIgniter\CodeIgniter->runController(Object(App\Controllers\GuardianAccountController))
 4 SYSTEMPATH\CodeIgniter.php(354): CodeIgniter\CodeIgniter->handleRequest(null, Object(Config\Cache), false)
 5 SYSTEMPATH\Boot.php(334): CodeIgniter\CodeIgniter->run()
 6 SYSTEMPATH\Boot.php(67): CodeIgniter\Boot::runCodeIgniter(Object(CodeIgniter\CodeIgniter))
 7 FCPATH\index.php(56): CodeIgniter\Boot::bootWeb(Object(Config\Paths))
DEBUG - 2025-10-19 20:46:11 --> Session: Class initialized using 'CodeIgniter\Session\Handlers\FileHandler' driver.
DEBUG - 2025-10-19 20:46:11 --> user_id: 66
DEBUG - 2025-10-19 20:46:11 --> statusEnrollment: Array
(
    [status] => active
)

DEBUG - 2025-10-19 20:47:23 --> Session: Class initialized using 'CodeIgniter\Session\Handlers\FileHandler' driver.
DEBUG - 2025-10-19 20:47:23 --> user_id: 66
DEBUG - 2025-10-19 20:50:27 --> Session: Class initialized using 'CodeIgniter\Session\Handlers\FileHandler' driver.
CRITICAL - 2025-10-19 20:50:27 --> ErrorException: Undefined variable $announcements
[Method: GET, Route: guardian/dashboard]
in APPPATH\Controllers\GuardianAccountController.php on line 374.
 1 APPPATH\Controllers\GuardianAccountController.php(374): CodeIgniter\Debug\Exceptions->errorHandler(2, 'Undefined variable $announcements', 'C:\\Users\\User\\Desktop\\xamp\\htdocs\\copstone\\app\\Controllers\\GuardianAccountController.php', 374)
 2 SYSTEMPATH\CodeIgniter.php(933): App\Controllers\GuardianAccountController->mainDashboard()
 3 SYSTEMPATH\CodeIgniter.php(507): CodeIgniter\CodeIgniter->runController(Object(App\Controllers\GuardianAccountController))
 4 SYSTEMPATH\CodeIgniter.php(354): CodeIgniter\CodeIgniter->handleRequest(null, Object(Config\Cache), false)
 5 SYSTEMPATH\Boot.php(334): CodeIgniter\CodeIgniter->run()
 6 SYSTEMPATH\Boot.php(67): CodeIgniter\Boot::runCodeIgniter(Object(CodeIgniter\CodeIgniter))
 7 FCPATH\index.php(56): CodeIgniter\Boot::bootWeb(Object(Config\Paths))
DEBUG - 2025-10-19 20:53:21 --> Session: Class initialized using 'CodeIgniter\Session\Handlers\FileHandler' driver.
DEBUG - 2025-10-19 20:53:21 --> Current User ID: 66
DEBUG - 2025-10-19 20:53:45 --> Session: Class initialized using 'CodeIgniter\Session\Handlers\FileHandler' driver.
INFO - 2025-10-19 20:53:45 --> Retrieved contacts for user_id '66' | Contacts: Array
(
    [0] => Array
        (
            [id] => 1
            [username] => admin
            [last_message] => 
            [sent_at] => 
            [profile_pic] => 1759905491_874f7f16139ab4958c84.png
            [full_name] => admin Admin
            [unread_count] => 0
        )

    [1] => Array
        (
            [id] => 67
            [username] => roldan1
            [last_message] => 
            [sent_at] => 
            [profile_pic] => 
            [full_name] => 
            [unread_count] => 0
        )

    [2] => Array
        (
            [id] => 41
            [username] => roldant
            [last_message] => 
            [sent_at] => 
            [profile_pic] => 1759499986_37e2dcf3dacfb4d5bf28.jpg
            [full_name] => roldant Oliveros
            [unread_count] => 0
        )

    [3] => Array
        (
            [id] => 2
            [username] => attendance
            [last_message] => 
            [sent_at] => 
            [profile_pic] => 1752500194_0af467351368e5d19bbc.jpg
            [full_name] => Attendance Attendance
            [unread_count] => 0
        )

)

CRITICAL - 2025-10-19 20:53:46 --> ErrorException: Attempt to read property "profile_pic" on null
[Method: GET, Route: student-chat]
in APPPATH\Views\user\student-chat.php on line 82.
 1 APPPATH\Views\user\student-chat.php(82): CodeIgniter\Debug\Exceptions->errorHandler(2, 'Attempt to read property "profile_pic" on null', 'C:\\Users\\User\\Desktop\\xamp\\htdocs\\copstone\\app\\Views\\user\\student-chat.php', 82)
 2 SYSTEMPATH\View\View.php(224): include('C:\\Users\\User\\Desktop\\xamp\\htdocs\\copstone\\app\\Views\\user\\student-chat.php')
 3 SYSTEMPATH\View\View.php(227): CodeIgniter\View\View->CodeIgniter\View\{closure}()
 4 SYSTEMPATH\Common.php(1173): CodeIgniter\View\View->render('user/student-chat', [], true)
 5 APPPATH\Controllers\MessageController.php(36): view('user/student-chat', [...])
 6 SYSTEMPATH\CodeIgniter.php(933): App\Controllers\MessageController->index()
 7 SYSTEMPATH\CodeIgniter.php(507): CodeIgniter\CodeIgniter->runController(Object(App\Controllers\MessageController))
 8 SYSTEMPATH\CodeIgniter.php(354): CodeIgniter\CodeIgniter->handleRequest(null, Object(Config\Cache), false)
 9 SYSTEMPATH\Boot.php(334): CodeIgniter\CodeIgniter->run()
10 SYSTEMPATH\Boot.php(67): CodeIgniter\Boot::runCodeIgniter(Object(CodeIgniter\CodeIgniter))
11 FCPATH\index.php(56): CodeIgniter\Boot::bootWeb(Object(Config\Paths))
DEBUG - 2025-10-19 20:53:49 --> Session: Class initialized using 'CodeIgniter\Session\Handlers\FileHandler' driver.
DEBUG - 2025-10-19 20:53:49 --> Current User ID: 66
DEBUG - 2025-10-19 20:55:13 --> Session: Class initialized using 'CodeIgniter\Session\Handlers\FileHandler' driver.
DEBUG - 2025-10-19 20:55:13 --> Current User ID: 66
DEBUG - 2025-10-19 20:55:50 --> Session: Class initialized using 'CodeIgniter\Session\Handlers\FileHandler' driver.
CRITICAL - 2025-10-19 20:55:50 --> CodeIgniter\Exceptions\BadMethodCallException: Call to undefined method App\Models\PaymentModel::paymentUser
[Method: GET, Route: student-paymentInfo]
in SYSTEMPATH\Model.php on line 930.
 1 APPPATH\Controllers\StudentsController.php(211): CodeIgniter\Model->__call('paymentUser', [])
 2 SYSTEMPATH\CodeIgniter.php(933): App\Controllers\StudentsController->paymentInfo()
 3 SYSTEMPATH\CodeIgniter.php(507): CodeIgniter\CodeIgniter->runController(Object(App\Controllers\StudentsController))
 4 SYSTEMPATH\CodeIgniter.php(354): CodeIgniter\CodeIgniter->handleRequest(null, Object(Config\Cache), false)
 5 SYSTEMPATH\Boot.php(334): CodeIgniter\CodeIgniter->run()
 6 SYSTEMPATH\Boot.php(67): CodeIgniter\Boot::runCodeIgniter(Object(CodeIgniter\CodeIgniter))
 7 FCPATH\index.php(56): CodeIgniter\Boot::bootWeb(Object(Config\Paths))
DEBUG - 2025-10-19 20:56:02 --> Session: Class initialized using 'CodeIgniter\Session\Handlers\FileHandler' driver.
DEBUG - 2025-10-19 20:56:02 --> Current User ID: 66
DEBUG - 2025-10-19 21:01:16 --> Session: Class initialized using 'CodeIgniter\Session\Handlers\FileHandler' driver.
CRITICAL - 2025-10-19 21:01:16 --> CodeIgniter\Exceptions\BadMethodCallException: Call to undefined method App\Models\PaymentModel::paymentUser
[Method: GET, Route: student-paymentInfo]
in SYSTEMPATH\Model.php on line 930.
 1 APPPATH\Controllers\StudentsController.php(211): CodeIgniter\Model->__call('paymentUser', [])
 2 SYSTEMPATH\CodeIgniter.php(933): App\Controllers\StudentsController->paymentInfo()
 3 SYSTEMPATH\CodeIgniter.php(507): CodeIgniter\CodeIgniter->runController(Object(App\Controllers\StudentsController))
 4 SYSTEMPATH\CodeIgniter.php(354): CodeIgniter\CodeIgniter->handleRequest(null, Object(Config\Cache), false)
 5 SYSTEMPATH\Boot.php(334): CodeIgniter\CodeIgniter->run()
 6 SYSTEMPATH\Boot.php(67): CodeIgniter\Boot::runCodeIgniter(Object(CodeIgniter\CodeIgniter))
 7 FCPATH\index.php(56): CodeIgniter\Boot::bootWeb(Object(Config\Paths))
DEBUG - 2025-10-19 21:03:25 --> Session: Class initialized using 'CodeIgniter\Session\Handlers\FileHandler' driver.
CRITICAL - 2025-10-19 21:03:25 --> CodeIgniter\Exceptions\BadMethodCallException: Call to undefined method App\Models\PaymentModel::paymenthistory
[Method: GET, Route: student-paymentInfo]
in SYSTEMPATH\Model.php on line 930.
 1 APPPATH\Controllers\StudentsController.php(212): CodeIgniter\Model->__call('paymenthistory', [])
 2 SYSTEMPATH\CodeIgniter.php(933): App\Controllers\StudentsController->paymentInfo()
 3 SYSTEMPATH\CodeIgniter.php(507): CodeIgniter\CodeIgniter->runController(Object(App\Controllers\StudentsController))
 4 SYSTEMPATH\CodeIgniter.php(354): CodeIgniter\CodeIgniter->handleRequest(null, Object(Config\Cache), false)
 5 SYSTEMPATH\Boot.php(334): CodeIgniter\CodeIgniter->run()
 6 SYSTEMPATH\Boot.php(67): CodeIgniter\Boot::runCodeIgniter(Object(CodeIgniter\CodeIgniter))
 7 FCPATH\index.php(56): CodeIgniter\Boot::bootWeb(Object(Config\Paths))
DEBUG - 2025-10-19 21:05:27 --> Session: Class initialized using 'CodeIgniter\Session\Handlers\FileHandler' driver.
CRITICAL - 2025-10-19 21:05:27 --> CodeIgniter\Exceptions\BadMethodCallException: Call to undefined method App\Models\PaymentModel::paymentUser
[Method: GET, Route: student-paymentInfo]
in SYSTEMPATH\Model.php on line 930.
 1 APPPATH\Controllers\StudentsController.php(211): CodeIgniter\Model->__call('paymentUser', [])
 2 SYSTEMPATH\CodeIgniter.php(933): App\Controllers\StudentsController->paymentInfo()
 3 SYSTEMPATH\CodeIgniter.php(507): CodeIgniter\CodeIgniter->runController(Object(App\Controllers\StudentsController))
 4 SYSTEMPATH\CodeIgniter.php(354): CodeIgniter\CodeIgniter->handleRequest(null, Object(Config\Cache), false)
 5 SYSTEMPATH\Boot.php(334): CodeIgniter\CodeIgniter->run()
 6 SYSTEMPATH\Boot.php(67): CodeIgniter\Boot::runCodeIgniter(Object(CodeIgniter\CodeIgniter))
 7 FCPATH\index.php(56): CodeIgniter\Boot::bootWeb(Object(Config\Paths))
DEBUG - 2025-10-19 21:05:51 --> Session: Class initialized using 'CodeIgniter\Session\Handlers\FileHandler' driver.
CRITICAL - 2025-10-19 21:05:51 --> CodeIgniter\Exceptions\BadMethodCallException: Call to undefined method App\Models\PaymentModel::paymentUser
[Method: GET, Route: student-paymentInfo]
in SYSTEMPATH\Model.php on line 930.
 1 APPPATH\Controllers\StudentsController.php(211): CodeIgniter\Model->__call('paymentUser', [])
 2 SYSTEMPATH\CodeIgniter.php(933): App\Controllers\StudentsController->paymentInfo()
 3 SYSTEMPATH\CodeIgniter.php(507): CodeIgniter\CodeIgniter->runController(Object(App\Controllers\StudentsController))
 4 SYSTEMPATH\CodeIgniter.php(354): CodeIgniter\CodeIgniter->handleRequest(null, Object(Config\Cache), false)
 5 SYSTEMPATH\Boot.php(334): CodeIgniter\CodeIgniter->run()
 6 SYSTEMPATH\Boot.php(67): CodeIgniter\Boot::runCodeIgniter(Object(CodeIgniter\CodeIgniter))
 7 FCPATH\index.php(56): CodeIgniter\Boot::bootWeb(Object(Config\Paths))
DEBUG - 2025-10-19 21:06:01 --> Session: Class initialized using 'CodeIgniter\Session\Handlers\FileHandler' driver.
CRITICAL - 2025-10-19 21:06:01 --> CodeIgniter\Exceptions\BadMethodCallException: Call to undefined method App\Models\PaymentModel::paymentUser
[Method: GET, Route: student-paymentInfo]
in SYSTEMPATH\Model.php on line 930.
 1 APPPATH\Controllers\StudentsController.php(211): CodeIgniter\Model->__call('paymentUser', [])
 2 SYSTEMPATH\CodeIgniter.php(933): App\Controllers\StudentsController->paymentInfo()
 3 SYSTEMPATH\CodeIgniter.php(507): CodeIgniter\CodeIgniter->runController(Object(App\Controllers\StudentsController))
 4 SYSTEMPATH\CodeIgniter.php(354): CodeIgniter\CodeIgniter->handleRequest(null, Object(Config\Cache), false)
 5 SYSTEMPATH\Boot.php(334): CodeIgniter\CodeIgniter->run()
 6 SYSTEMPATH\Boot.php(67): CodeIgniter\Boot::runCodeIgniter(Object(CodeIgniter\CodeIgniter))
 7 FCPATH\index.php(56): CodeIgniter\Boot::bootWeb(Object(Config\Paths))
DEBUG - 2025-10-19 21:06:10 --> Session: Class initialized using 'CodeIgniter\Session\Handlers\FileHandler' driver.
CRITICAL - 2025-10-19 21:06:10 --> CodeIgniter\Exceptions\BadMethodCallException: Call to undefined method App\Models\PaymentModel::paymentUser
[Method: GET, Route: student-paymentInfo]
in SYSTEMPATH\Model.php on line 930.
 1 APPPATH\Controllers\StudentsController.php(211): CodeIgniter\Model->__call('paymentUser', [])
 2 SYSTEMPATH\CodeIgniter.php(933): App\Controllers\StudentsController->paymentInfo()
 3 SYSTEMPATH\CodeIgniter.php(507): CodeIgniter\CodeIgniter->runController(Object(App\Controllers\StudentsController))
 4 SYSTEMPATH\CodeIgniter.php(354): CodeIgniter\CodeIgniter->handleRequest(null, Object(Config\Cache), false)
 5 SYSTEMPATH\Boot.php(334): CodeIgniter\CodeIgniter->run()
 6 SYSTEMPATH\Boot.php(67): CodeIgniter\Boot::runCodeIgniter(Object(CodeIgniter\CodeIgniter))
 7 FCPATH\index.php(56): CodeIgniter\Boot::bootWeb(Object(Config\Paths))
DEBUG - 2025-10-19 21:06:11 --> Session: Class initialized using 'CodeIgniter\Session\Handlers\FileHandler' driver.
DEBUG - 2025-10-19 21:06:11 --> Current User ID: 66
DEBUG - 2025-10-19 21:06:12 --> Session: Class initialized using 'CodeIgniter\Session\Handlers\FileHandler' driver.
CRITICAL - 2025-10-19 21:06:12 --> CodeIgniter\View\Exceptions\ViewException: Invalid file: "guardian/parentPatment.php"
[Method: GET, Route: parent-paymentInfo]
in SYSTEMPATH\Exceptions\FrameworkException.php on line 39.
 1 SYSTEMPATH\View\View.php(212): CodeIgniter\Exceptions\FrameworkException::forInvalidFile('guardian/parentPatment.php')
 2 SYSTEMPATH\Common.php(1173): CodeIgniter\View\View->render('guardian/parentPatment', [], true)
 3 APPPATH\Controllers\GuardianAccountController.php(409): view('guardian/parentPatment', [...])
 4 SYSTEMPATH\CodeIgniter.php(933): App\Controllers\GuardianAccountController->paymenParent()
 5 SYSTEMPATH\CodeIgniter.php(507): CodeIgniter\CodeIgniter->runController(Object(App\Controllers\GuardianAccountController))
 6 SYSTEMPATH\CodeIgniter.php(354): CodeIgniter\CodeIgniter->handleRequest(null, Object(Config\Cache), false)
 7 SYSTEMPATH\Boot.php(334): CodeIgniter\CodeIgniter->run()
 8 SYSTEMPATH\Boot.php(67): CodeIgniter\Boot::runCodeIgniter(Object(CodeIgniter\CodeIgniter))
 9 FCPATH\index.php(56): CodeIgniter\Boot::bootWeb(Object(Config\Paths))
DEBUG - 2025-10-19 21:06:47 --> Session: Class initialized using 'CodeIgniter\Session\Handlers\FileHandler' driver.
CRITICAL - 2025-10-19 21:06:47 --> ErrorException: Attempt to read property "profile_pic" on null
[Method: GET, Route: parent-paymentInfo]
in APPPATH\Views\guardian\parentPayment.php on line 82.
 1 APPPATH\Views\guardian\parentPayment.php(82): CodeIgniter\Debug\Exceptions->errorHandler(2, 'Attempt to read property "profile_pic" on null', 'C:\\Users\\User\\Desktop\\xamp\\htdocs\\copstone\\app\\Views\\guardian\\parentPayment.php', 82)
 2 SYSTEMPATH\View\View.php(224): include('C:\\Users\\User\\Desktop\\xamp\\htdocs\\copstone\\app\\Views\\guardian\\parentPayment.php')
 3 SYSTEMPATH\View\View.php(227): CodeIgniter\View\View->CodeIgniter\View\{closure}()
 4 SYSTEMPATH\Common.php(1173): CodeIgniter\View\View->render('guardian/parentPayment', [], true)
 5 APPPATH\Controllers\GuardianAccountController.php(409): view('guardian/parentPayment', [...])
 6 SYSTEMPATH\CodeIgniter.php(933): App\Controllers\GuardianAccountController->paymenParent()
 7 SYSTEMPATH\CodeIgniter.php(507): CodeIgniter\CodeIgniter->runController(Object(App\Controllers\GuardianAccountController))
 8 SYSTEMPATH\CodeIgniter.php(354): CodeIgniter\CodeIgniter->handleRequest(null, Object(Config\Cache), false)
 9 SYSTEMPATH\Boot.php(334): CodeIgniter\CodeIgniter->run()
10 SYSTEMPATH\Boot.php(67): CodeIgniter\Boot::runCodeIgniter(Object(CodeIgniter\CodeIgniter))
11 FCPATH\index.php(56): CodeIgniter\Boot::bootWeb(Object(Config\Paths))
DEBUG - 2025-10-19 21:07:48 --> Session: Class initialized using 'CodeIgniter\Session\Handlers\FileHandler' driver.
CRITICAL - 2025-10-19 21:07:48 --> ErrorException: Undefined variable $announcementModel
[Method: GET, Route: parent-paymentInfo]
in APPPATH\Controllers\GuardianAccountController.php on line 396.
 1 APPPATH\Controllers\GuardianAccountController.php(396): CodeIgniter\Debug\Exceptions->errorHandler(2, 'Undefined variable $announcementModel', 'C:\\Users\\User\\Desktop\\xamp\\htdocs\\copstone\\app\\Controllers\\GuardianAccountController.php', 396)
 2 SYSTEMPATH\CodeIgniter.php(933): App\Controllers\GuardianAccountController->paymenParent()
 3 SYSTEMPATH\CodeIgniter.php(507): CodeIgniter\CodeIgniter->runController(Object(App\Controllers\GuardianAccountController))
 4 SYSTEMPATH\CodeIgniter.php(354): CodeIgniter\CodeIgniter->handleRequest(null, Object(Config\Cache), false)
 5 SYSTEMPATH\Boot.php(334): CodeIgniter\CodeIgniter->run()
 6 SYSTEMPATH\Boot.php(67): CodeIgniter\Boot::runCodeIgniter(Object(CodeIgniter\CodeIgniter))
 7 FCPATH\index.php(56): CodeIgniter\Boot::bootWeb(Object(Config\Paths))
DEBUG - 2025-10-19 21:08:54 --> Session: Class initialized using 'CodeIgniter\Session\Handlers\FileHandler' driver.
DEBUG - 2025-10-19 21:09:48 --> Session: Class initialized using 'CodeIgniter\Session\Handlers\FileHandler' driver.
DEBUG - 2025-10-19 21:09:49 --> Session: Class initialized using 'CodeIgniter\Session\Handlers\FileHandler' driver.
DEBUG - 2025-10-19 21:09:51 --> Session: Class initialized using 'CodeIgniter\Session\Handlers\FileHandler' driver.
CRITICAL - 2025-10-19 21:09:51 --> ErrorException: Attempt to read property "profile_pic" on null
[Method: GET, Route: student-dashboard]
in APPPATH\Views\user\Announcements.php on line 124.
 1 APPPATH\Views\user\Announcements.php(124): CodeIgniter\Debug\Exceptions->errorHandler(2, 'Attempt to read property "profile_pic" on null', 'C:\\Users\\User\\Desktop\\xamp\\htdocs\\copstone\\app\\Views\\user\\Announcements.php', 124)
 2 SYSTEMPATH\View\View.php(224): include('C:\\Users\\User\\Desktop\\xamp\\htdocs\\copstone\\app\\Views\\user\\Announcements.php')
 3 SYSTEMPATH\View\View.php(227): CodeIgniter\View\View->CodeIgniter\View\{closure}()
 4 SYSTEMPATH\Common.php(1173): CodeIgniter\View\View->render('user/Announcements', [], true)
 5 APPPATH\Controllers\StudentsController.php(56): view('user/Announcements', [...])
 6 SYSTEMPATH\CodeIgniter.php(933): App\Controllers\StudentsController->DasboardUser()
 7 SYSTEMPATH\CodeIgniter.php(507): CodeIgniter\CodeIgniter->runController(Object(App\Controllers\StudentsController))
 8 SYSTEMPATH\CodeIgniter.php(354): CodeIgniter\CodeIgniter->handleRequest(null, Object(Config\Cache), false)
 9 SYSTEMPATH\Boot.php(334): CodeIgniter\CodeIgniter->run()
10 SYSTEMPATH\Boot.php(67): CodeIgniter\Boot::runCodeIgniter(Object(CodeIgniter\CodeIgniter))
11 FCPATH\index.php(56): CodeIgniter\Boot::bootWeb(Object(Config\Paths))
DEBUG - 2025-10-19 21:09:59 --> Session: Class initialized using 'CodeIgniter\Session\Handlers\FileHandler' driver.
CRITICAL - 2025-10-19 21:09:59 --> ErrorException: Attempt to read property "profile_pic" on null
[Method: GET, Route: student-dashboard]
in APPPATH\Views\user\Announcements.php on line 124.
 1 APPPATH\Views\user\Announcements.php(124): CodeIgniter\Debug\Exceptions->errorHandler(2, 'Attempt to read property "profile_pic" on null', 'C:\\Users\\User\\Desktop\\xamp\\htdocs\\copstone\\app\\Views\\user\\Announcements.php', 124)
 2 SYSTEMPATH\View\View.php(224): include('C:\\Users\\User\\Desktop\\xamp\\htdocs\\copstone\\app\\Views\\user\\Announcements.php')
 3 SYSTEMPATH\View\View.php(227): CodeIgniter\View\View->CodeIgniter\View\{closure}()
 4 SYSTEMPATH\Common.php(1173): CodeIgniter\View\View->render('user/Announcements', [], true)
 5 APPPATH\Controllers\StudentsController.php(56): view('user/Announcements', [...])
 6 SYSTEMPATH\CodeIgniter.php(933): App\Controllers\StudentsController->DasboardUser()
 7 SYSTEMPATH\CodeIgniter.php(507): CodeIgniter\CodeIgniter->runController(Object(App\Controllers\StudentsController))
 8 SYSTEMPATH\CodeIgniter.php(354): CodeIgniter\CodeIgniter->handleRequest(null, Object(Config\Cache), false)
 9 SYSTEMPATH\Boot.php(334): CodeIgniter\CodeIgniter->run()
10 SYSTEMPATH\Boot.php(67): CodeIgniter\Boot::runCodeIgniter(Object(CodeIgniter\CodeIgniter))
11 FCPATH\index.php(56): CodeIgniter\Boot::bootWeb(Object(Config\Paths))
DEBUG - 2025-10-19 21:10:01 --> Session: Class initialized using 'CodeIgniter\Session\Handlers\FileHandler' driver.
DEBUG - 2025-10-19 21:10:02 --> Session: Class initialized using 'CodeIgniter\Session\Handlers\FileHandler' driver.
CRITICAL - 2025-10-19 21:10:02 --> ErrorException: Attempt to read property "profile_pic" on null
[Method: GET, Route: student-dashboard]
in APPPATH\Views\user\Announcements.php on line 124.
 1 APPPATH\Views\user\Announcements.php(124): CodeIgniter\Debug\Exceptions->errorHandler(2, 'Attempt to read property "profile_pic" on null', 'C:\\Users\\User\\Desktop\\xamp\\htdocs\\copstone\\app\\Views\\user\\Announcements.php', 124)
 2 SYSTEMPATH\View\View.php(224): include('C:\\Users\\User\\Desktop\\xamp\\htdocs\\copstone\\app\\Views\\user\\Announcements.php')
 3 SYSTEMPATH\View\View.php(227): CodeIgniter\View\View->CodeIgniter\View\{closure}()
 4 SYSTEMPATH\Common.php(1173): CodeIgniter\View\View->render('user/Announcements', [], true)
 5 APPPATH\Controllers\StudentsController.php(56): view('user/Announcements', [...])
 6 SYSTEMPATH\CodeIgniter.php(933): App\Controllers\StudentsController->DasboardUser()
 7 SYSTEMPATH\CodeIgniter.php(507): CodeIgniter\CodeIgniter->runController(Object(App\Controllers\StudentsController))
 8 SYSTEMPATH\CodeIgniter.php(354): CodeIgniter\CodeIgniter->handleRequest(null, Object(Config\Cache), false)
 9 SYSTEMPATH\Boot.php(334): CodeIgniter\CodeIgniter->run()
10 SYSTEMPATH\Boot.php(67): CodeIgniter\Boot::runCodeIgniter(Object(CodeIgniter\CodeIgniter))
11 FCPATH\index.php(56): CodeIgniter\Boot::bootWeb(Object(Config\Paths))
DEBUG - 2025-10-19 21:10:23 --> Session: Class initialized using 'CodeIgniter\Session\Handlers\FileHandler' driver.
DEBUG - 2025-10-19 21:10:24 --> Session: Class initialized using 'CodeIgniter\Session\Handlers\FileHandler' driver.
DEBUG - 2025-10-19 21:10:24 --> Current User ID: 66
DEBUG - 2025-10-19 21:10:40 --> Session: Class initialized using 'CodeIgniter\Session\Handlers\FileHandler' driver.
DEBUG - 2025-10-19 21:10:40 --> Current User ID: 66
DEBUG - 2025-10-19 21:10:41 --> Session: Class initialized using 'CodeIgniter\Session\Handlers\FileHandler' driver.
DEBUG - 2025-10-19 21:10:43 --> Session: Class initialized using 'CodeIgniter\Session\Handlers\FileHandler' driver.
DEBUG - 2025-10-19 21:10:43 --> Current User ID: 66
DEBUG - 2025-10-19 21:15:35 --> Session: Class initialized using 'CodeIgniter\Session\Handlers\FileHandler' driver.
INFO - 2025-10-19 21:15:35 --> Retrieved contacts for user_id '66' | Contacts: Array
(
    [0] => Array
        (
            [id] => 1
            [username] => admin
            [last_message] => 
            [sent_at] => 
            [profile_pic] => 1759905491_874f7f16139ab4958c84.png
            [full_name] => admin Admin
            [unread_count] => 0
        )

    [1] => Array
        (
            [id] => 67
            [username] => roldan1
            [last_message] => 
            [sent_at] => 
            [profile_pic] => 
            [full_name] => 
            [unread_count] => 0
        )

    [2] => Array
        (
            [id] => 41
            [username] => roldant
            [last_message] => 
            [sent_at] => 
            [profile_pic] => 1759499986_37e2dcf3dacfb4d5bf28.jpg
            [full_name] => roldant Oliveros
            [unread_count] => 0
        )

    [3] => Array
        (
            [id] => 2
            [username] => attendance
            [last_message] => 
            [sent_at] => 
            [profile_pic] => 1752500194_0af467351368e5d19bbc.jpg
            [full_name] => Attendance Attendance
            [unread_count] => 0
        )

)

CRITICAL - 2025-10-19 21:15:35 --> ErrorException: Attempt to read property "profile_pic" on null
[Method: GET, Route: student-chat]
in APPPATH\Views\user\student-chat.php on line 82.
 1 APPPATH\Views\user\student-chat.php(82): CodeIgniter\Debug\Exceptions->errorHandler(2, 'Attempt to read property "profile_pic" on null', 'C:\\Users\\User\\Desktop\\xamp\\htdocs\\copstone\\app\\Views\\user\\student-chat.php', 82)
 2 SYSTEMPATH\View\View.php(224): include('C:\\Users\\User\\Desktop\\xamp\\htdocs\\copstone\\app\\Views\\user\\student-chat.php')
 3 SYSTEMPATH\View\View.php(227): CodeIgniter\View\View->CodeIgniter\View\{closure}()
 4 SYSTEMPATH\Common.php(1173): CodeIgniter\View\View->render('user/student-chat', [], true)
 5 APPPATH\Controllers\MessageController.php(36): view('user/student-chat', [...])
 6 SYSTEMPATH\CodeIgniter.php(933): App\Controllers\MessageController->index()
 7 SYSTEMPATH\CodeIgniter.php(507): CodeIgniter\CodeIgniter->runController(Object(App\Controllers\MessageController))
 8 SYSTEMPATH\CodeIgniter.php(354): CodeIgniter\CodeIgniter->handleRequest(null, Object(Config\Cache), false)
 9 SYSTEMPATH\Boot.php(334): CodeIgniter\CodeIgniter->run()
10 SYSTEMPATH\Boot.php(67): CodeIgniter\Boot::runCodeIgniter(Object(CodeIgniter\CodeIgniter))
11 FCPATH\index.php(56): CodeIgniter\Boot::bootWeb(Object(Config\Paths))
DEBUG - 2025-10-19 21:15:42 --> Session: Class initialized using 'CodeIgniter\Session\Handlers\FileHandler' driver.
DEBUG - 2025-10-19 21:15:42 --> Current User ID: 66
DEBUG - 2025-10-19 21:15:48 --> Session: Class initialized using 'CodeIgniter\Session\Handlers\FileHandler' driver.
INFO - 2025-10-19 21:15:48 --> Retrieved contacts for user_id '66' | Contacts: Array
(
    [0] => Array
        (
            [id] => 1
            [username] => admin
            [last_message] => 
            [sent_at] => 
            [profile_pic] => 1759905491_874f7f16139ab4958c84.png
            [full_name] => admin Admin
            [unread_count] => 0
        )

    [1] => Array
        (
            [id] => 67
            [username] => roldan1
            [last_message] => 
            [sent_at] => 
            [profile_pic] => 
            [full_name] => 
            [unread_count] => 0
        )

    [2] => Array
        (
            [id] => 41
            [username] => roldant
            [last_message] => 
            [sent_at] => 
            [profile_pic] => 1759499986_37e2dcf3dacfb4d5bf28.jpg
            [full_name] => roldant Oliveros
            [unread_count] => 0
        )

    [3] => Array
        (
            [id] => 2
            [username] => attendance
            [last_message] => 
            [sent_at] => 
            [profile_pic] => 1752500194_0af467351368e5d19bbc.jpg
            [full_name] => Attendance Attendance
            [unread_count] => 0
        )

)

CRITICAL - 2025-10-19 21:15:48 --> ErrorException: Attempt to read property "profile_pic" on null
[Method: GET, Route: student-chat]
in APPPATH\Views\user\student-chat.php on line 82.
 1 APPPATH\Views\user\student-chat.php(82): CodeIgniter\Debug\Exceptions->errorHandler(2, 'Attempt to read property "profile_pic" on null', 'C:\\Users\\User\\Desktop\\xamp\\htdocs\\copstone\\app\\Views\\user\\student-chat.php', 82)
 2 SYSTEMPATH\View\View.php(224): include('C:\\Users\\User\\Desktop\\xamp\\htdocs\\copstone\\app\\Views\\user\\student-chat.php')
 3 SYSTEMPATH\View\View.php(227): CodeIgniter\View\View->CodeIgniter\View\{closure}()
 4 SYSTEMPATH\Common.php(1173): CodeIgniter\View\View->render('user/student-chat', [], true)
 5 APPPATH\Controllers\MessageController.php(36): view('user/student-chat', [...])
 6 SYSTEMPATH\CodeIgniter.php(933): App\Controllers\MessageController->index()
 7 SYSTEMPATH\CodeIgniter.php(507): CodeIgniter\CodeIgniter->runController(Object(App\Controllers\MessageController))
 8 SYSTEMPATH\CodeIgniter.php(354): CodeIgniter\CodeIgniter->handleRequest(null, Object(Config\Cache), false)
 9 SYSTEMPATH\Boot.php(334): CodeIgniter\CodeIgniter->run()
10 SYSTEMPATH\Boot.php(67): CodeIgniter\Boot::runCodeIgniter(Object(CodeIgniter\CodeIgniter))
11 FCPATH\index.php(56): CodeIgniter\Boot::bootWeb(Object(Config\Paths))
DEBUG - 2025-10-19 21:15:49 --> Session: Class initialized using 'CodeIgniter\Session\Handlers\FileHandler' driver.
DEBUG - 2025-10-19 21:15:49 --> Current User ID: 66
DEBUG - 2025-10-19 21:16:08 --> Session: Class initialized using 'CodeIgniter\Session\Handlers\FileHandler' driver.
INFO - 2025-10-19 21:16:08 --> Retrieved contacts for user_id '66' | Contacts: Array
(
    [0] => Array
        (
            [id] => 1
            [username] => admin
            [last_message] => 
            [sent_at] => 
            [profile_pic] => 1759905491_874f7f16139ab4958c84.png
            [full_name] => admin Admin
            [unread_count] => 0
        )

    [1] => Array
        (
            [id] => 67
            [username] => roldan1
            [last_message] => 
            [sent_at] => 
            [profile_pic] => 
            [full_name] => 
            [unread_count] => 0
        )

    [2] => Array
        (
            [id] => 41
            [username] => roldant
            [last_message] => 
            [sent_at] => 
            [profile_pic] => 1759499986_37e2dcf3dacfb4d5bf28.jpg
            [full_name] => roldant Oliveros
            [unread_count] => 0
        )

    [3] => Array
        (
            [id] => 2
            [username] => attendance
            [last_message] => 
            [sent_at] => 
            [profile_pic] => 1752500194_0af467351368e5d19bbc.jpg
            [full_name] => Attendance Attendance
            [unread_count] => 0
        )

)

CRITICAL - 2025-10-19 21:16:08 --> ErrorException: Attempt to read property "profile_pic" on null
[Method: GET, Route: student-chat]
in APPPATH\Views\user\student-chat.php on line 82.
 1 APPPATH\Views\user\student-chat.php(82): CodeIgniter\Debug\Exceptions->errorHandler(2, 'Attempt to read property "profile_pic" on null', 'C:\\Users\\User\\Desktop\\xamp\\htdocs\\copstone\\app\\Views\\user\\student-chat.php', 82)
 2 SYSTEMPATH\View\View.php(224): include('C:\\Users\\User\\Desktop\\xamp\\htdocs\\copstone\\app\\Views\\user\\student-chat.php')
 3 SYSTEMPATH\View\View.php(227): CodeIgniter\View\View->CodeIgniter\View\{closure}()
 4 SYSTEMPATH\Common.php(1173): CodeIgniter\View\View->render('user/student-chat', [], true)
 5 APPPATH\Controllers\MessageController.php(36): view('user/student-chat', [...])
 6 SYSTEMPATH\CodeIgniter.php(933): App\Controllers\MessageController->index()
 7 SYSTEMPATH\CodeIgniter.php(507): CodeIgniter\CodeIgniter->runController(Object(App\Controllers\MessageController))
 8 SYSTEMPATH\CodeIgniter.php(354): CodeIgniter\CodeIgniter->handleRequest(null, Object(Config\Cache), false)
 9 SYSTEMPATH\Boot.php(334): CodeIgniter\CodeIgniter->run()
10 SYSTEMPATH\Boot.php(67): CodeIgniter\Boot::runCodeIgniter(Object(CodeIgniter\CodeIgniter))
11 FCPATH\index.php(56): CodeIgniter\Boot::bootWeb(Object(Config\Paths))
DEBUG - 2025-10-19 21:38:55 --> Session: Class initialized using 'CodeIgniter\Session\Handlers\FileHandler' driver.
DEBUG - 2025-10-19 21:38:55 --> Current User ID: 66
DEBUG - 2025-10-19 21:42:13 --> Session: Class initialized using 'CodeIgniter\Session\Handlers\FileHandler' driver.
DEBUG - 2025-10-19 21:42:14 --> Session: Class initialized using 'CodeIgniter\Session\Handlers\FileHandler' driver.
DEBUG - 2025-10-19 21:42:15 --> Session: Class initialized using 'CodeIgniter\Session\Handlers\FileHandler' driver.
DEBUG - 2025-10-19 21:42:15 --> Current User ID: 66
DEBUG - 2025-10-19 21:42:24 --> Session: Class initialized using 'CodeIgniter\Session\Handlers\FileHandler' driver.
DEBUG - 2025-10-19 21:42:24 --> Current User ID: 66
DEBUG - 2025-10-19 21:42:48 --> Session: Class initialized using 'CodeIgniter\Session\Handlers\FileHandler' driver.
DEBUG - 2025-10-19 21:42:48 --> Current User ID: 66
DEBUG - 2025-10-19 21:43:58 --> Session: Class initialized using 'CodeIgniter\Session\Handlers\FileHandler' driver.
DEBUG - 2025-10-19 21:43:58 --> Current User ID: 66
DEBUG - 2025-10-19 21:43:59 --> Session: Class initialized using 'CodeIgniter\Session\Handlers\FileHandler' driver.
DEBUG - 2025-10-19 21:43:59 --> Current User ID: 66
DEBUG - 2025-10-19 21:44:39 --> Session: Class initialized using 'CodeIgniter\Session\Handlers\FileHandler' driver.
DEBUG - 2025-10-19 21:44:39 --> Current User ID: 66
DEBUG - 2025-10-19 21:44:40 --> Session: Class initialized using 'CodeIgniter\Session\Handlers\FileHandler' driver.
DEBUG - 2025-10-19 21:46:05 --> Session: Class initialized using 'CodeIgniter\Session\Handlers\FileHandler' driver.
DEBUG - 2025-10-19 21:46:27 --> Session: Class initialized using 'CodeIgniter\Session\Handlers\FileHandler' driver.
DEBUG - 2025-10-19 21:47:15 --> Session: Class initialized using 'CodeIgniter\Session\Handlers\FileHandler' driver.
DEBUG - 2025-10-19 21:47:15 --> Current User ID: 66
DEBUG - 2025-10-19 21:47:16 --> Session: Class initialized using 'CodeIgniter\Session\Handlers\FileHandler' driver.
DEBUG - 2025-10-19 21:47:17 --> Session: Class initialized using 'CodeIgniter\Session\Handlers\FileHandler' driver.
DEBUG - 2025-10-19 21:47:17 --> Current User ID: 66
DEBUG - 2025-10-19 21:47:18 --> Session: Class initialized using 'CodeIgniter\Session\Handlers\FileHandler' driver.
DEBUG - 2025-10-19 21:47:20 --> Session: Class initialized using 'CodeIgniter\Session\Handlers\FileHandler' driver.
DEBUG - 2025-10-19 21:47:20 --> Current User ID: 66
DEBUG - 2025-10-19 21:47:27 --> Session: Class initialized using 'CodeIgniter\Session\Handlers\FileHandler' driver.
DEBUG - 2025-10-19 21:47:27 --> Current User ID: 66
DEBUG - 2025-10-19 21:47:28 --> Session: Class initialized using 'CodeIgniter\Session\Handlers\FileHandler' driver.
DEBUG - 2025-10-19 21:47:29 --> Session: Class initialized using 'CodeIgniter\Session\Handlers\FileHandler' driver.
DEBUG - 2025-10-19 21:52:19 --> Session: Class initialized using 'CodeIgniter\Session\Handlers\FileHandler' driver.
DEBUG - 2025-10-19 21:53:10 --> Session: Class initialized using 'CodeIgniter\Session\Handlers\FileHandler' driver.
DEBUG - 2025-10-19 21:53:33 --> Session: Class initialized using 'CodeIgniter\Session\Handlers\FileHandler' driver.
DEBUG - 2025-10-19 21:53:33 --> Session: Class initialized using 'CodeIgniter\Session\Handlers\FileHandler' driver.
DEBUG - 2025-10-19 21:53:33 --> user_id: 1
DEBUG - 2025-10-19 21:53:39 --> Session: Class initialized using 'CodeIgniter\Session\Handlers\FileHandler' driver.
DEBUG - 2025-10-19 21:53:39 --> Child Payment Debug: Array
(
    [full_name] => Zie Aranera Oliveros
    [admission_id] => 25
    [user_id] => 66
    [payment_history] => Array
        (
        )

    [total_paid] => 0
    [total_fee] => 0
    [remaining] => 0
)

DEBUG - 2025-10-19 21:53:39 --> Child Payment Debug: Array
(
    [full_name] => Roldan Araneta Oliveros
    [admission_id] => 71
    [user_id] => 66
    [payment_history] => Array
        (
        )

    [total_paid] => 0
    [total_fee] => 0
    [remaining] => 0
)

DEBUG - 2025-10-19 21:53:39 --> Parent Debug: Array
(
    [id] => 10
    [user_id] => 66
    [first_name] => Roldan
    [middle_name] => Oliveros
    [last_name] => Oliveros
    [relationship] => Guardian
    [contact_number] => 09205804090
    [email] => roldanoliveros0621@gmail.com
    [municipality] => Nagcarlan
    [barangay] => Buboy
    [street] => Poblacion
    [profile_pic] => default.webp
    [created_at] => 2025-10-11 23:25:45
    [address] => Nagcarlan, Buboy, Poblacion
    [children] => Array
        (
            [0] => Array
                (
                    [full_name] => Zie Aranera Oliveros
                    [admission_id] => 25
                    [user_id] => 66
                    [payment_history] => Array
                        (
                        )

                    [total_paid] => 0
                    [total_fee] => 0
                    [remaining] => 0
                )

            [1] => Array
                (
                    [full_name] => Roldan Araneta Oliveros
                    [admission_id] => 71
                    [user_id] => 66
                    [payment_history] => Array
                        (
                        )

                    [total_paid] => 0
                    [total_fee] => 0
                    [remaining] => 0
                )

        )

)

DEBUG - 2025-10-19 21:53:39 --> Parent Debug: Array
(
    [id] => 11
    [user_id] => 67
    [first_name] => 123d
    [middle_name] => 13
    [last_name] => 123
    [relationship] => Guardian
    [contact_number] => 09205804090
    [email] => roldanoliveros0612@gmail.com
    [municipality] => Cavinti
    [barangay] => Bangco
    [street] => Magsaysay
    [profile_pic] => default.webp
    [created_at] => 2025-10-12 19:19:58
    [address] => Cavinti, Bangco, Magsaysay
    [children] => Array
        (
        )

)

DEBUG - 2025-10-19 21:53:56 --> Session: Class initialized using 'CodeIgniter\Session\Handlers\FileHandler' driver.
DEBUG - 2025-10-19 22:28:20 --> Session: Class initialized using 'CodeIgniter\Session\Handlers\FileHandler' driver.
DEBUG - 2025-10-19 22:28:30 --> Session: Class initialized using 'CodeIgniter\Session\Handlers\FileHandler' driver.
DEBUG - 2025-10-19 22:29:10 --> Session: Class initialized using 'CodeIgniter\Session\Handlers\FileHandler' driver.
DEBUG - 2025-10-19 22:29:16 --> Session: Class initialized using 'CodeIgniter\Session\Handlers\FileHandler' driver.
DEBUG - 2025-10-19 22:29:42 --> Session: Class initialized using 'CodeIgniter\Session\Handlers\FileHandler' driver.
DEBUG - 2025-10-19 22:35:31 --> Session: Class initialized using 'CodeIgniter\Session\Handlers\FileHandler' driver.
