DEBUG - 2025-12-18 01:01:55 --> Session: Class initialized using 'CodeIgniter\Session\Handlers\FileHandler' driver.
DEBUG - 2025-12-18 01:02:15 --> Session: Class initialized using 'CodeIgniter\Session\Handlers\FileHandler' driver.
DEBUG - 2025-12-18 01:02:21 --> Session: Class initialized using 'CodeIgniter\Session\Handlers\FileHandler' driver.
DEBUG - 2025-12-18 01:02:24 --> Session: Class initialized using 'CodeIgniter\Session\Handlers\FileHandler' driver.
DEBUG - 2025-12-18 01:02:24 --> user_id: 1
DEBUG - 2025-12-18 01:04:44 --> Session: Class initialized using 'CodeIgniter\Session\Handlers\FileHandler' driver.
DEBUG - 2025-12-18 01:04:44 --> user_id: 1
DEBUG - 2025-12-18 01:05:08 --> Session: Class initialized using 'CodeIgniter\Session\Handlers\FileHandler' driver.
DEBUG - 2025-12-18 01:05:08 --> user_id: 1
DEBUG - 2025-12-18 01:07:05 --> Session: Class initialized using 'CodeIgniter\Session\Handlers\FileHandler' driver.
DEBUG - 2025-12-18 01:07:05 --> user_id: 1
DEBUG - 2025-12-18 01:07:30 --> Session: Class initialized using 'CodeIgniter\Session\Handlers\FileHandler' driver.
DEBUG - 2025-12-18 01:07:30 --> user_id: 1
DEBUG - 2025-12-18 01:07:38 --> Session: Class initialized using 'CodeIgniter\Session\Handlers\FileHandler' driver.
DEBUG - 2025-12-18 01:08:01 --> Session: Class initialized using 'CodeIgniter\Session\Handlers\FileHandler' driver.
DEBUG - 2025-12-18 01:08:01 --> user_id: 1
DEBUG - 2025-12-18 01:08:04 --> Session: Class initialized using 'CodeIgniter\Session\Handlers\FileHandler' driver.
DEBUG - 2025-12-18 01:08:24 --> Session: Class initialized using 'CodeIgniter\Session\Handlers\FileHandler' driver.
DEBUG - 2025-12-18 01:08:24 --> user_id: 1
DEBUG - 2025-12-18 01:08:26 --> Session: Class initialized using 'CodeIgniter\Session\Handlers\FileHandler' driver.
DEBUG - 2025-12-18 01:08:26 --> user_id: 1
DEBUG - 2025-12-18 01:08:47 --> Session: Class initialized using 'CodeIgniter\Session\Handlers\FileHandler' driver.
DEBUG - 2025-12-18 01:09:41 --> Session: Class initialized using 'CodeIgniter\Session\Handlers\FileHandler' driver.
DEBUG - 2025-12-18 01:10:03 --> Session: Class initialized using 'CodeIgniter\Session\Handlers\FileHandler' driver.
DEBUG - 2025-12-18 01:10:03 --> Child Payment Debug: Array
(
    [full_name] => Cale felix Masambique Elca
    [admission_id] => 86
    [user_id] => 108
    [payment_history] => Array
        (
        )

    [total_paid] => 0
    [total_fee] => 0
    [remaining] => 0
)

DEBUG - 2025-12-18 01:10:03 --> Child Payment Debug: Array
(
    [full_name] => Felix eduard Elca Rogado
    [admission_id] => 87
    [user_id] => 108
    [payment_history] => Array
        (
        )

    [total_paid] => 0
    [total_fee] => 0
    [remaining] => 0
)

DEBUG - 2025-12-18 01:10:03 --> Parent Debug: Array
(
    [id] => 34
    [user_id] => 108
    [first_name] => Eirich
    [middle_name] => Masambique
    [last_name] => Elca
    [relationship] => Uncle
    [contact_number] => 09503430307
    [email] => eirichelca@gmail.com
    [municipality] => Santa Cruz
    [barangay] => Gatid
    [street] => Munting Gatid
    [profile_pic] => default.webp
    [created_at] => 2025-12-01 21:13:46
    [address] => Santa Cruz, Gatid, Munting Gatid
    [children] => Array
        (
            [0] => Array
                (
                    [full_name] => Cale felix Masambique Elca
                    [admission_id] => 86
                    [user_id] => 108
                    [payment_history] => Array
                        (
                        )

                    [total_paid] => 0
                    [total_fee] => 0
                    [remaining] => 0
                )

            [1] => Array
                (
                    [full_name] => Felix eduard Elca Rogado
                    [admission_id] => 87
                    [user_id] => 108
                    [payment_history] => Array
                        (
                        )

                    [total_paid] => 0
                    [total_fee] => 0
                    [remaining] => 0
                )

        )

)

DEBUG - 2025-12-18 01:10:03 --> Child Payment Debug: Array
(
    [full_name] => Kiefer Bautista Navarro
    [admission_id] => 88
    [user_id] => 110
    [payment_history] => Array
        (
        )

    [total_paid] => 0
    [total_fee] => 0
    [remaining] => 0
)

DEBUG - 2025-12-18 01:10:03 --> Parent Debug: Array
(
    [id] => 35
    [user_id] => 110
    [first_name] => Jenelle
    [middle_name] => Bautista
    [last_name] => Navarro
    [relationship] => Mother
    [contact_number] => 09503430307
    [email] => Jenelle@gmail.com
    [municipality] => Santa Cruz
    [barangay] => Gatid
    [street] => Sampaguita
    [profile_pic] => default.webp
    [created_at] => 2025-12-02 13:10:53
    [address] => Santa Cruz, Gatid, Sampaguita
    [children] => Array
        (
            [0] => Array
                (
                    [full_name] => Kiefer Bautista Navarro
                    [admission_id] => 88
                    [user_id] => 110
                    [payment_history] => Array
                        (
                        )

                    [total_paid] => 0
                    [total_fee] => 0
                    [remaining] => 0
                )

        )

)

DEBUG - 2025-12-18 01:10:27 --> Session: Class initialized using 'CodeIgniter\Session\Handlers\FileHandler' driver.
DEBUG - 2025-12-18 01:10:27 --> Fetching children for guardian ID: 108
DEBUG - 2025-12-18 01:10:27 --> Number of children found: 2
DEBUG - 2025-12-18 01:10:27 --> Children data: Array
(
    [0] => stdClass Object
        (
            [guardian_id] => 108
            [admission_id] => 87
            [full_name] => Felix Eduard Rogado
            [profile_pic] => 1764599783_a8db6a79f32c4aadbd63.jpg
            [remaining_balance] => 0.00
        )

    [1] => stdClass Object
        (
            [guardian_id] => 108
            [admission_id] => 86
            [full_name] => Cale Felix Elca
            [profile_pic] => 1764595381_ab8cf416d0a86372ee5a.jpg
            [remaining_balance] => 0.00
        )

)

DEBUG - 2025-12-18 01:10:55 --> Session: Class initialized using 'CodeIgniter\Session\Handlers\FileHandler' driver.
DEBUG - 2025-12-18 01:10:55 --> Child Payment Debug: Array
(
    [full_name] => Cale felix Masambique Elca
    [admission_id] => 86
    [user_id] => 108
    [payment_history] => Array
        (
        )

    [total_paid] => 0
    [total_fee] => 0
    [remaining] => 0
)

DEBUG - 2025-12-18 01:10:55 --> Child Payment Debug: Array
(
    [full_name] => Felix eduard Elca Rogado
    [admission_id] => 87
    [user_id] => 108
    [payment_history] => Array
        (
        )

    [total_paid] => 0
    [total_fee] => 0
    [remaining] => 0
)

DEBUG - 2025-12-18 01:10:55 --> Parent Debug: Array
(
    [id] => 34
    [user_id] => 108
    [first_name] => Eirich
    [middle_name] => Masambique
    [last_name] => Elca
    [relationship] => Uncle
    [contact_number] => 09503430307
    [email] => eirichelca@gmail.com
    [municipality] => Santa Cruz
    [barangay] => Gatid
    [street] => Munting Gatid
    [profile_pic] => default.webp
    [created_at] => 2025-12-01 21:13:46
    [address] => Santa Cruz, Gatid, Munting Gatid
    [children] => Array
        (
            [0] => Array
                (
                    [full_name] => Cale felix Masambique Elca
                    [admission_id] => 86
                    [user_id] => 108
                    [payment_history] => Array
                        (
                        )

                    [total_paid] => 0
                    [total_fee] => 0
                    [remaining] => 0
                )

            [1] => Array
                (
                    [full_name] => Felix eduard Elca Rogado
                    [admission_id] => 87
                    [user_id] => 108
                    [payment_history] => Array
                        (
                        )

                    [total_paid] => 0
                    [total_fee] => 0
                    [remaining] => 0
                )

        )

)

DEBUG - 2025-12-18 01:10:55 --> Child Payment Debug: Array
(
    [full_name] => Kiefer Bautista Navarro
    [admission_id] => 88
    [user_id] => 110
    [payment_history] => Array
        (
        )

    [total_paid] => 0
    [total_fee] => 0
    [remaining] => 0
)

DEBUG - 2025-12-18 01:10:55 --> Parent Debug: Array
(
    [id] => 35
    [user_id] => 110
    [first_name] => Jenelle
    [middle_name] => Bautista
    [last_name] => Navarro
    [relationship] => Mother
    [contact_number] => 09503430307
    [email] => Jenelle@gmail.com
    [municipality] => Santa Cruz
    [barangay] => Gatid
    [street] => Sampaguita
    [profile_pic] => default.webp
    [created_at] => 2025-12-02 13:10:53
    [address] => Santa Cruz, Gatid, Sampaguita
    [children] => Array
        (
            [0] => Array
                (
                    [full_name] => Kiefer Bautista Navarro
                    [admission_id] => 88
                    [user_id] => 110
                    [payment_history] => Array
                        (
                        )

                    [total_paid] => 0
                    [total_fee] => 0
                    [remaining] => 0
                )

        )

)

DEBUG - 2025-12-18 01:10:58 --> Session: Class initialized using 'CodeIgniter\Session\Handlers\FileHandler' driver.
DEBUG - 2025-12-18 01:10:58 --> Fetching children for guardian ID: 110
DEBUG - 2025-12-18 01:10:58 --> Number of children found: 1
DEBUG - 2025-12-18 01:10:58 --> Children data: Array
(
    [0] => stdClass Object
        (
            [guardian_id] => 110
            [admission_id] => 88
            [full_name] => Kiefer Navarro
            [profile_pic] => 1764652435_f0988e4c9ca8553f18d9.jpg
        )

)

DEBUG - 2025-12-18 01:11:18 --> Session: Class initialized using 'CodeIgniter\Session\Handlers\FileHandler' driver.
DEBUG - 2025-12-18 01:11:45 --> Session: Class initialized using 'CodeIgniter\Session\Handlers\FileHandler' driver.
DEBUG - 2025-12-18 01:12:11 --> Session: Class initialized using 'CodeIgniter\Session\Handlers\FileHandler' driver.
DEBUG - 2025-12-18 01:13:23 --> Session: Class initialized using 'CodeIgniter\Session\Handlers\FileHandler' driver.
DEBUG - 2025-12-18 01:14:23 --> Session: Class initialized using 'CodeIgniter\Session\Handlers\FileHandler' driver.
DEBUG - 2025-12-18 01:14:43 --> Session: Class initialized using 'CodeIgniter\Session\Handlers\FileHandler' driver.
DEBUG - 2025-12-18 01:15:22 --> Session: Class initialized using 'CodeIgniter\Session\Handlers\FileHandler' driver.
DEBUG - 2025-12-18 01:15:24 --> Session: Class initialized using 'CodeIgniter\Session\Handlers\FileHandler' driver.
DEBUG - 2025-12-18 01:16:10 --> Session: Class initialized using 'CodeIgniter\Session\Handlers\FileHandler' driver.
DEBUG - 2025-12-18 01:16:16 --> Session: Class initialized using 'CodeIgniter\Session\Handlers\FileHandler' driver.
DEBUG - 2025-12-18 01:16:16 --> Session: Class initialized using 'CodeIgniter\Session\Handlers\FileHandler' driver.
DEBUG - 2025-12-18 01:16:22 --> Session: Class initialized using 'CodeIgniter\Session\Handlers\FileHandler' driver.
DEBUG - 2025-12-18 01:16:23 --> Session: Class initialized using 'CodeIgniter\Session\Handlers\FileHandler' driver.
DEBUG - 2025-12-18 01:16:28 --> Session: Class initialized using 'CodeIgniter\Session\Handlers\FileHandler' driver.
DEBUG - 2025-12-18 01:17:25 --> Session: Class initialized using 'CodeIgniter\Session\Handlers\FileHandler' driver.
DEBUG - 2025-12-18 01:17:25 --> Session: Class initialized using 'CodeIgniter\Session\Handlers\FileHandler' driver.
DEBUG - 2025-12-18 01:17:25 --> Fetching children for guardian ID: 111
DEBUG - 2025-12-18 01:17:25 --> Number of children found: 0
DEBUG - 2025-12-18 01:17:25 --> Children data: Array
(
)

DEBUG - 2025-12-18 01:17:25 --> Current User ID: 111
DEBUG - 2025-12-18 01:18:47 --> Session: Class initialized using 'CodeIgniter\Session\Handlers\FileHandler' driver.
DEBUG - 2025-12-18 01:18:47 --> Fetching children for guardian ID: 111
DEBUG - 2025-12-18 01:18:47 --> Number of children found: 0
DEBUG - 2025-12-18 01:18:47 --> Children data: Array
(
)

DEBUG - 2025-12-18 01:18:52 --> Session: Class initialized using 'CodeIgniter\Session\Handlers\FileHandler' driver.
DEBUG - 2025-12-18 01:18:52 --> Fetching children for guardian ID: 111
DEBUG - 2025-12-18 01:18:52 --> Number of children found: 0
DEBUG - 2025-12-18 01:18:52 --> Children data: Array
(
)

DEBUG - 2025-12-18 01:18:52 --> Current User ID: 111
DEBUG - 2025-12-18 01:19:24 --> Session: Class initialized using 'CodeIgniter\Session\Handlers\FileHandler' driver.
DEBUG - 2025-12-18 01:19:24 --> Session: Class initialized using 'CodeIgniter\Session\Handlers\FileHandler' driver.
DEBUG - 2025-12-18 01:19:24 --> Fetching children for guardian ID: 111
DEBUG - 2025-12-18 01:19:24 --> Number of children found: 0
DEBUG - 2025-12-18 01:19:24 --> Children data: Array
(
)

DEBUG - 2025-12-18 01:19:24 --> Current User ID: 111
DEBUG - 2025-12-18 01:19:26 --> Session: Class initialized using 'CodeIgniter\Session\Handlers\FileHandler' driver.
DEBUG - 2025-12-18 01:19:26 --> Session: Class initialized using 'CodeIgniter\Session\Handlers\FileHandler' driver.
DEBUG - 2025-12-18 01:19:26 --> Fetching children for guardian ID: 111
DEBUG - 2025-12-18 01:19:26 --> Number of children found: 0
DEBUG - 2025-12-18 01:19:26 --> Children data: Array
(
)

DEBUG - 2025-12-18 01:19:26 --> Current User ID: 111
DEBUG - 2025-12-18 01:19:47 --> Session: Class initialized using 'CodeIgniter\Session\Handlers\FileHandler' driver.
DEBUG - 2025-12-18 01:19:48 --> Fetching children for guardian ID: 111
DEBUG - 2025-12-18 01:19:48 --> Number of children found: 0
DEBUG - 2025-12-18 01:19:48 --> Children data: Array
(
)

DEBUG - 2025-12-18 01:19:48 --> Current User ID: 111
DEBUG - 2025-12-18 01:19:49 --> Session: Class initialized using 'CodeIgniter\Session\Handlers\FileHandler' driver.
DEBUG - 2025-12-18 01:19:49 --> Fetching children for guardian ID: 111
DEBUG - 2025-12-18 01:19:49 --> Number of children found: 0
DEBUG - 2025-12-18 01:19:49 --> Children data: Array
(
)

DEBUG - 2025-12-18 01:20:56 --> Session: Class initialized using 'CodeIgniter\Session\Handlers\FileHandler' driver.
DEBUG - 2025-12-18 01:20:56 --> Fetching children for guardian ID: 111
DEBUG - 2025-12-18 01:20:56 --> Number of children found: 0
DEBUG - 2025-12-18 01:20:56 --> Children data: Array
(
)

DEBUG - 2025-12-18 01:20:56 --> Current User ID: 111
DEBUG - 2025-12-18 01:22:48 --> Session: Class initialized using 'CodeIgniter\Session\Handlers\FileHandler' driver.
DEBUG - 2025-12-18 01:22:48 --> Fetching children for guardian ID: 111
DEBUG - 2025-12-18 01:22:48 --> Number of children found: 0
DEBUG - 2025-12-18 01:22:48 --> Children data: Array
(
)

DEBUG - 2025-12-18 01:22:48 --> Current User ID: 111
DEBUG - 2025-12-18 01:23:16 --> Session: Class initialized using 'CodeIgniter\Session\Handlers\FileHandler' driver.
DEBUG - 2025-12-18 01:23:16 --> Fetching children for guardian ID: 111
DEBUG - 2025-12-18 01:23:16 --> Number of children found: 0
DEBUG - 2025-12-18 01:23:16 --> Children data: Array
(
)

DEBUG - 2025-12-18 10:03:47 --> Session: Class initialized using 'CodeIgniter\Session\Handlers\FileHandler' driver.
DEBUG - 2025-12-18 10:04:38 --> Session: Class initialized using 'CodeIgniter\Session\Handlers\FileHandler' driver.
DEBUG - 2025-12-18 10:04:40 --> Session: Class initialized using 'CodeIgniter\Session\Handlers\FileHandler' driver.
DEBUG - 2025-12-18 10:04:40 --> Fetching children for guardian ID: 111
DEBUG - 2025-12-18 10:04:40 --> Number of children found: 0
DEBUG - 2025-12-18 10:04:40 --> Children data: Array
(
)

DEBUG - 2025-12-18 10:04:40 --> Current User ID: 111
DEBUG - 2025-12-18 10:04:50 --> Session: Class initialized using 'CodeIgniter\Session\Handlers\FileHandler' driver.
DEBUG - 2025-12-18 10:04:50 --> Session: Class initialized using 'CodeIgniter\Session\Handlers\FileHandler' driver.
DEBUG - 2025-12-18 10:04:50 --> Fetching children for guardian ID: 111
DEBUG - 2025-12-18 10:04:50 --> Number of children found: 0
DEBUG - 2025-12-18 10:04:50 --> Children data: Array
(
)

DEBUG - 2025-12-18 10:04:50 --> Current User ID: 111
DEBUG - 2025-12-18 10:05:15 --> Session: Class initialized using 'CodeIgniter\Session\Handlers\FileHandler' driver.
DEBUG - 2025-12-18 10:05:29 --> Session: Class initialized using 'CodeIgniter\Session\Handlers\FileHandler' driver.
DEBUG - 2025-12-18 10:05:29 --> Session: Class initialized using 'CodeIgniter\Session\Handlers\FileHandler' driver.
DEBUG - 2025-12-18 10:06:45 --> Session: Class initialized using 'CodeIgniter\Session\Handlers\FileHandler' driver.
DEBUG - 2025-12-18 10:06:46 --> Session: Class initialized using 'CodeIgniter\Session\Handlers\FileHandler' driver.
DEBUG - 2025-12-18 10:06:46 --> Fetching children for guardian ID: 108
DEBUG - 2025-12-18 10:06:46 --> Number of children found: 0
DEBUG - 2025-12-18 10:06:46 --> Children data: Array
(
)

DEBUG - 2025-12-18 10:06:46 --> Current User ID: 108
DEBUG - 2025-12-18 10:06:50 --> Session: Class initialized using 'CodeIgniter\Session\Handlers\FileHandler' driver.
DEBUG - 2025-12-18 10:06:50 --> Session: Class initialized using 'CodeIgniter\Session\Handlers\FileHandler' driver.
DEBUG - 2025-12-18 10:06:50 --> Fetching children for guardian ID: 108
DEBUG - 2025-12-18 10:06:50 --> Number of children found: 2
DEBUG - 2025-12-18 10:06:50 --> Children data: Array
(
    [0] => stdClass Object
        (
            [guardian_id] => 108
            [admission_id] => 86
            [full_name] => Cale Felix Elca
            [profile_pic] => 1764595381_ab8cf416d0a86372ee5a.jpg
        )

    [1] => stdClass Object
        (
            [guardian_id] => 108
            [admission_id] => 87
            [full_name] => Felix Eduard Rogado
            [profile_pic] => 1764599783_a8db6a79f32c4aadbd63.jpg
        )

)

DEBUG - 2025-12-18 10:06:50 --> Current User ID: 108
DEBUG - 2025-12-18 10:06:53 --> Session: Class initialized using 'CodeIgniter\Session\Handlers\FileHandler' driver.
DEBUG - 2025-12-18 10:06:53 --> Fetching children for guardian ID: 108
DEBUG - 2025-12-18 10:06:53 --> Number of children found: 2
DEBUG - 2025-12-18 10:06:53 --> Children data: Array
(
    [0] => stdClass Object
        (
            [guardian_id] => 108
            [admission_id] => 86
            [full_name] => Cale Felix Elca
            [profile_pic] => 1764595381_ab8cf416d0a86372ee5a.jpg
        )

    [1] => stdClass Object
        (
            [guardian_id] => 108
            [admission_id] => 87
            [full_name] => Felix Eduard Rogado
            [profile_pic] => 1764599783_a8db6a79f32c4aadbd63.jpg
        )

)

DEBUG - 2025-12-18 10:06:53 --> Current User ID: 108
DEBUG - 2025-12-18 10:07:28 --> Session: Class initialized using 'CodeIgniter\Session\Handlers\FileHandler' driver.
DEBUG - 2025-12-18 10:07:28 --> Fetching children for guardian ID: 108
DEBUG - 2025-12-18 10:07:28 --> Number of children found: 2
DEBUG - 2025-12-18 10:07:28 --> Children data: Array
(
    [0] => stdClass Object
        (
            [guardian_id] => 108
            [admission_id] => 86
            [full_name] => Cale Felix Elca
            [profile_pic] => 1764595381_ab8cf416d0a86372ee5a.jpg
        )

    [1] => stdClass Object
        (
            [guardian_id] => 108
            [admission_id] => 87
            [full_name] => Felix Eduard Rogado
            [profile_pic] => 1764599783_a8db6a79f32c4aadbd63.jpg
        )

)

DEBUG - 2025-12-18 10:07:58 --> Session: Class initialized using 'CodeIgniter\Session\Handlers\FileHandler' driver.
DEBUG - 2025-12-18 10:07:58 --> Fetching children for guardian ID: 108
DEBUG - 2025-12-18 10:07:58 --> Number of children found: 2
DEBUG - 2025-12-18 10:07:58 --> Children data: Array
(
    [0] => stdClass Object
        (
            [guardian_id] => 108
            [admission_id] => 86
            [full_name] => Cale Felix Elca
            [profile_pic] => 1764595381_ab8cf416d0a86372ee5a.jpg
        )

    [1] => stdClass Object
        (
            [guardian_id] => 108
            [admission_id] => 87
            [full_name] => Felix Eduard Rogado
            [profile_pic] => 1764599783_a8db6a79f32c4aadbd63.jpg
        )

)

DEBUG - 2025-12-18 10:07:58 --> Fetching children for guardian ID: 108
DEBUG - 2025-12-18 10:07:58 --> Number of children found: 2
DEBUG - 2025-12-18 10:07:58 --> Children data: Array
(
    [0] => stdClass Object
        (
            [guardian_id] => 108
            [admission_id] => 87
            [full_name] => Felix Eduard Rogado
            [profile_pic] => 1764599783_a8db6a79f32c4aadbd63.jpg
            [remaining_balance] => 0.00
        )

    [1] => stdClass Object
        (
            [guardian_id] => 108
            [admission_id] => 86
            [full_name] => Cale Felix Elca
            [profile_pic] => 1764595381_ab8cf416d0a86372ee5a.jpg
            [remaining_balance] => 0.00
        )

)

DEBUG - 2025-12-18 10:08:25 --> Session: Class initialized using 'CodeIgniter\Session\Handlers\FileHandler' driver.
DEBUG - 2025-12-18 10:08:25 --> Fetching children for guardian ID: 108
DEBUG - 2025-12-18 10:08:25 --> Number of children found: 2
DEBUG - 2025-12-18 10:08:25 --> Children data: Array
(
    [0] => stdClass Object
        (
            [guardian_id] => 108
            [admission_id] => 86
            [full_name] => Cale Felix Elca
            [profile_pic] => 1764595381_ab8cf416d0a86372ee5a.jpg
        )

    [1] => stdClass Object
        (
            [guardian_id] => 108
            [admission_id] => 87
            [full_name] => Felix Eduard Rogado
            [profile_pic] => 1764599783_a8db6a79f32c4aadbd63.jpg
        )

)

DEBUG - 2025-12-18 10:08:26 --> Session: Class initialized using 'CodeIgniter\Session\Handlers\FileHandler' driver.
DEBUG - 2025-12-18 10:08:26 --> Fetching children for guardian ID: 108
DEBUG - 2025-12-18 10:08:26 --> Number of children found: 2
DEBUG - 2025-12-18 10:08:26 --> Children data: Array
(
    [0] => stdClass Object
        (
            [guardian_id] => 108
            [admission_id] => 86
            [full_name] => Cale Felix Elca
            [profile_pic] => 1764595381_ab8cf416d0a86372ee5a.jpg
        )

    [1] => stdClass Object
        (
            [guardian_id] => 108
            [admission_id] => 87
            [full_name] => Felix Eduard Rogado
            [profile_pic] => 1764599783_a8db6a79f32c4aadbd63.jpg
        )

)

INFO - 2025-12-18 10:08:27 --> Compute Totals - Children Amounts: []
INFO - 2025-12-18 10:08:27 --> Compute Totals - Children IDs: []
INFO - 2025-12-18 10:08:27 --> Compute Totals - Partial Payment: 0
DEBUG - 2025-12-18 10:08:47 --> Session: Class initialized using 'CodeIgniter\Session\Handlers\FileHandler' driver.
DEBUG - 2025-12-18 10:08:48 --> Session: Class initialized using 'CodeIgniter\Session\Handlers\FileHandler' driver.
DEBUG - 2025-12-18 10:09:05 --> Session: Class initialized using 'CodeIgniter\Session\Handlers\FileHandler' driver.
DEBUG - 2025-12-18 10:09:31 --> Session: Class initialized using 'CodeIgniter\Session\Handlers\FileHandler' driver.
DEBUG - 2025-12-18 10:09:57 --> Session: Class initialized using 'CodeIgniter\Session\Handlers\FileHandler' driver.
INFO - 2025-12-18 10:09:57 --> getAllremarks called for user_id=86. Found 1 remarks.
DEBUG - 2025-12-18 10:10:20 --> Session: Class initialized using 'CodeIgniter\Session\Handlers\FileHandler' driver.
DEBUG - 2025-12-18 10:10:51 --> Session: Class initialized using 'CodeIgniter\Session\Handlers\FileHandler' driver.
DEBUG - 2025-12-18 10:11:44 --> Session: Class initialized using 'CodeIgniter\Session\Handlers\FileHandler' driver.
DEBUG - 2025-12-18 10:11:46 --> Session: Class initialized using 'CodeIgniter\Session\Handlers\FileHandler' driver.
DEBUG - 2025-12-18 10:11:56 --> Session: Class initialized using 'CodeIgniter\Session\Handlers\FileHandler' driver.
DEBUG - 2025-12-18 10:11:56 --> Session: Class initialized using 'CodeIgniter\Session\Handlers\FileHandler' driver.
DEBUG - 2025-12-18 10:12:12 --> Session: Class initialized using 'CodeIgniter\Session\Handlers\FileHandler' driver.
DEBUG - 2025-12-18 10:12:12 --> Session: Class initialized using 'CodeIgniter\Session\Handlers\FileHandler' driver.
DEBUG - 2025-12-18 10:12:55 --> Session: Class initialized using 'CodeIgniter\Session\Handlers\FileHandler' driver.
DEBUG - 2025-12-18 10:13:19 --> Session: Class initialized using 'CodeIgniter\Session\Handlers\FileHandler' driver.
DEBUG - 2025-12-18 10:13:44 --> Session: Class initialized using 'CodeIgniter\Session\Handlers\FileHandler' driver.
DEBUG - 2025-12-18 10:14:11 --> Session: Class initialized using 'CodeIgniter\Session\Handlers\FileHandler' driver.
DEBUG - 2025-12-18 10:14:31 --> Session: Class initialized using 'CodeIgniter\Session\Handlers\FileHandler' driver.
DEBUG - 2025-12-18 10:15:00 --> Session: Class initialized using 'CodeIgniter\Session\Handlers\FileHandler' driver.
DEBUG - 2025-12-18 10:15:08 --> Session: Class initialized using 'CodeIgniter\Session\Handlers\FileHandler' driver.
DEBUG - 2025-12-18 10:15:08 --> Session: Class initialized using 'CodeIgniter\Session\Handlers\FileHandler' driver.
DEBUG - 2025-12-18 10:42:01 --> Session: Class initialized using 'CodeIgniter\Session\Handlers\FileHandler' driver.
DEBUG - 2025-12-18 10:42:06 --> Session: Class initialized using 'CodeIgniter\Session\Handlers\FileHandler' driver.
DEBUG - 2025-12-18 10:42:06 --> Session: Class initialized using 'CodeIgniter\Session\Handlers\FileHandler' driver.
DEBUG - 2025-12-18 10:42:11 --> Session: Class initialized using 'CodeIgniter\Session\Handlers\FileHandler' driver.
DEBUG - 2025-12-18 10:42:12 --> Session: Class initialized using 'CodeIgniter\Session\Handlers\FileHandler' driver.
DEBUG - 2025-12-18 10:42:12 --> Fetching children for guardian ID: 111
DEBUG - 2025-12-18 10:42:12 --> Number of children found: 0
DEBUG - 2025-12-18 10:42:12 --> Children data: Array
(
)

DEBUG - 2025-12-18 10:42:12 --> Current User ID: 111
DEBUG - 2025-12-18 10:42:15 --> Session: Class initialized using 'CodeIgniter\Session\Handlers\FileHandler' driver.
DEBUG - 2025-12-18 10:42:15 --> Fetching children for guardian ID: 111
DEBUG - 2025-12-18 10:42:15 --> Number of children found: 0
DEBUG - 2025-12-18 10:42:15 --> Children data: Array
(
)

DEBUG - 2025-12-18 10:42:29 --> Session: Class initialized using 'CodeIgniter\Session\Handlers\FileHandler' driver.
DEBUG - 2025-12-18 10:42:29 --> Session: Class initialized using 'CodeIgniter\Session\Handlers\FileHandler' driver.
DEBUG - 2025-12-18 10:42:37 --> Session: Class initialized using 'CodeIgniter\Session\Handlers\FileHandler' driver.
DEBUG - 2025-12-18 10:42:37 --> Session: Class initialized using 'CodeIgniter\Session\Handlers\FileHandler' driver.
DEBUG - 2025-12-18 10:42:37 --> Fetching children for guardian ID: 111
DEBUG - 2025-12-18 10:42:37 --> Number of children found: 0
DEBUG - 2025-12-18 10:42:37 --> Children data: Array
(
)

DEBUG - 2025-12-18 10:42:37 --> Current User ID: 111
DEBUG - 2025-12-18 10:42:41 --> Session: Class initialized using 'CodeIgniter\Session\Handlers\FileHandler' driver.
DEBUG - 2025-12-18 10:42:41 --> Fetching children for guardian ID: 111
DEBUG - 2025-12-18 10:42:41 --> Number of children found: 0
DEBUG - 2025-12-18 10:42:41 --> Children data: Array
(
)

DEBUG - 2025-12-18 10:43:33 --> Session: Class initialized using 'CodeIgniter\Session\Handlers\FileHandler' driver.
DEBUG - 2025-12-18 10:44:18 --> Session: Class initialized using 'CodeIgniter\Session\Handlers\FileHandler' driver.
DEBUG - 2025-12-18 10:44:18 --> Session: Class initialized using 'CodeIgniter\Session\Handlers\FileHandler' driver.
DEBUG - 2025-12-18 10:44:18 --> Fetching children for guardian ID: 111
DEBUG - 2025-12-18 10:44:18 --> Number of children found: 0
DEBUG - 2025-12-18 10:44:18 --> Children data: Array
(
)

DEBUG - 2025-12-18 10:44:18 --> Current User ID: 111
DEBUG - 2025-12-18 10:44:33 --> Session: Class initialized using 'CodeIgniter\Session\Handlers\FileHandler' driver.
DEBUG - 2025-12-18 10:44:33 --> Fetching children for guardian ID: 111
DEBUG - 2025-12-18 10:44:33 --> Number of children found: 0
DEBUG - 2025-12-18 10:44:33 --> Children data: Array
(
)

DEBUG - 2025-12-18 10:44:52 --> Session: Class initialized using 'CodeIgniter\Session\Handlers\FileHandler' driver.
DEBUG - 2025-12-18 10:44:58 --> Session: Class initialized using 'CodeIgniter\Session\Handlers\FileHandler' driver.
DEBUG - 2025-12-18 10:44:58 --> Session: Class initialized using 'CodeIgniter\Session\Handlers\FileHandler' driver.
DEBUG - 2025-12-18 10:44:58 --> Fetching children for guardian ID: 108
DEBUG - 2025-12-18 10:44:58 --> Number of children found: 0
DEBUG - 2025-12-18 10:44:58 --> Children data: Array
(
)

DEBUG - 2025-12-18 10:44:58 --> Current User ID: 108
DEBUG - 2025-12-18 10:45:01 --> Session: Class initialized using 'CodeIgniter\Session\Handlers\FileHandler' driver.
DEBUG - 2025-12-18 10:45:01 --> Session: Class initialized using 'CodeIgniter\Session\Handlers\FileHandler' driver.
DEBUG - 2025-12-18 10:45:01 --> Fetching children for guardian ID: 108
DEBUG - 2025-12-18 10:45:01 --> Number of children found: 2
DEBUG - 2025-12-18 10:45:01 --> Children data: Array
(
    [0] => stdClass Object
        (
            [guardian_id] => 108
            [admission_id] => 86
            [full_name] => Cale Felix Elca
            [profile_pic] => 1764595381_ab8cf416d0a86372ee5a.jpg
        )

    [1] => stdClass Object
        (
            [guardian_id] => 108
            [admission_id] => 87
            [full_name] => Felix Eduard Rogado
            [profile_pic] => 1764599783_a8db6a79f32c4aadbd63.jpg
        )

)

DEBUG - 2025-12-18 10:45:01 --> Current User ID: 108
DEBUG - 2025-12-18 10:45:03 --> Session: Class initialized using 'CodeIgniter\Session\Handlers\FileHandler' driver.
DEBUG - 2025-12-18 10:45:03 --> Fetching children for guardian ID: 108
DEBUG - 2025-12-18 10:45:03 --> Number of children found: 2
DEBUG - 2025-12-18 10:45:03 --> Children data: Array
(
    [0] => stdClass Object
        (
            [guardian_id] => 108
            [admission_id] => 86
            [full_name] => Cale Felix Elca
            [profile_pic] => 1764595381_ab8cf416d0a86372ee5a.jpg
        )

    [1] => stdClass Object
        (
            [guardian_id] => 108
            [admission_id] => 87
            [full_name] => Felix Eduard Rogado
            [profile_pic] => 1764599783_a8db6a79f32c4aadbd63.jpg
        )

)

DEBUG - 2025-12-18 10:47:25 --> Session: Class initialized using 'CodeIgniter\Session\Handlers\FileHandler' driver.
DEBUG - 2025-12-18 10:47:26 --> Fetching children for guardian ID: 108
DEBUG - 2025-12-18 10:47:26 --> Number of children found: 2
DEBUG - 2025-12-18 10:47:26 --> Children data: Array
(
    [0] => stdClass Object
        (
            [guardian_id] => 108
            [admission_id] => 86
            [full_name] => Cale Felix Elca
            [profile_pic] => 1764595381_ab8cf416d0a86372ee5a.jpg
        )

    [1] => stdClass Object
        (
            [guardian_id] => 108
            [admission_id] => 87
            [full_name] => Felix Eduard Rogado
            [profile_pic] => 1764599783_a8db6a79f32c4aadbd63.jpg
        )

)

DEBUG - 2025-12-18 10:47:26 --> Current User ID: 108
DEBUG - 2025-12-18 10:47:38 --> Session: Class initialized using 'CodeIgniter\Session\Handlers\FileHandler' driver.
DEBUG - 2025-12-18 10:47:38 --> Fetching children for guardian ID: 108
DEBUG - 2025-12-18 10:47:38 --> Number of children found: 2
DEBUG - 2025-12-18 10:47:38 --> Children data: Array
(
    [0] => stdClass Object
        (
            [guardian_id] => 108
            [admission_id] => 86
            [full_name] => Cale Felix Elca
            [profile_pic] => 1764595381_ab8cf416d0a86372ee5a.jpg
        )

    [1] => stdClass Object
        (
            [guardian_id] => 108
            [admission_id] => 87
            [full_name] => Felix Eduard Rogado
            [profile_pic] => 1764599783_a8db6a79f32c4aadbd63.jpg
        )

)

DEBUG - 2025-12-18 10:47:38 --> Current User ID: 108
DEBUG - 2025-12-18 10:51:25 --> Session: Class initialized using 'CodeIgniter\Session\Handlers\FileHandler' driver.
DEBUG - 2025-12-18 10:51:25 --> Fetching children for guardian ID: 108
DEBUG - 2025-12-18 10:51:25 --> Number of children found: 2
DEBUG - 2025-12-18 10:51:25 --> Children data: Array
(
    [0] => stdClass Object
        (
            [guardian_id] => 108
            [admission_id] => 86
            [full_name] => Cale Felix Elca
            [profile_pic] => 1764595381_ab8cf416d0a86372ee5a.jpg
        )

    [1] => stdClass Object
        (
            [guardian_id] => 108
            [admission_id] => 87
            [full_name] => Felix Eduard Rogado
            [profile_pic] => 1764599783_a8db6a79f32c4aadbd63.jpg
        )

)

DEBUG - 2025-12-18 10:52:05 --> Session: Class initialized using 'CodeIgniter\Session\Handlers\FileHandler' driver.
DEBUG - 2025-12-18 10:52:05 --> Fetching children for guardian ID: 108
DEBUG - 2025-12-18 10:52:05 --> Number of children found: 2
DEBUG - 2025-12-18 10:52:05 --> Children data: Array
(
    [0] => stdClass Object
        (
            [guardian_id] => 108
            [admission_id] => 86
            [full_name] => Cale Felix Elca
            [profile_pic] => 1764595381_ab8cf416d0a86372ee5a.jpg
        )

    [1] => stdClass Object
        (
            [guardian_id] => 108
            [admission_id] => 87
            [full_name] => Felix Eduard Rogado
            [profile_pic] => 1764599783_a8db6a79f32c4aadbd63.jpg
        )

)

DEBUG - 2025-12-18 10:52:05 --> Fetching children for guardian ID: 108
DEBUG - 2025-12-18 10:52:05 --> Number of children found: 2
DEBUG - 2025-12-18 10:52:05 --> Children data: Array
(
    [0] => stdClass Object
        (
            [guardian_id] => 108
            [admission_id] => 87
            [full_name] => Felix Eduard Rogado
            [profile_pic] => 1764599783_a8db6a79f32c4aadbd63.jpg
            [remaining_balance] => 0.00
        )

    [1] => stdClass Object
        (
            [guardian_id] => 108
            [admission_id] => 86
            [full_name] => Cale Felix Elca
            [profile_pic] => 1764595381_ab8cf416d0a86372ee5a.jpg
            [remaining_balance] => 0.00
        )

)

DEBUG - 2025-12-18 10:52:50 --> Session: Class initialized using 'CodeIgniter\Session\Handlers\FileHandler' driver.
DEBUG - 2025-12-18 10:52:50 --> Fetching children for guardian ID: 108
DEBUG - 2025-12-18 10:52:50 --> Number of children found: 2
DEBUG - 2025-12-18 10:52:50 --> Children data: Array
(
    [0] => stdClass Object
        (
            [guardian_id] => 108
            [admission_id] => 86
            [full_name] => Cale Felix Elca
            [profile_pic] => 1764595381_ab8cf416d0a86372ee5a.jpg
        )

    [1] => stdClass Object
        (
            [guardian_id] => 108
            [admission_id] => 87
            [full_name] => Felix Eduard Rogado
            [profile_pic] => 1764599783_a8db6a79f32c4aadbd63.jpg
        )

)

DEBUG - 2025-12-18 10:52:51 --> Session: Class initialized using 'CodeIgniter\Session\Handlers\FileHandler' driver.
DEBUG - 2025-12-18 10:52:51 --> Fetching children for guardian ID: 108
DEBUG - 2025-12-18 10:52:51 --> Number of children found: 2
DEBUG - 2025-12-18 10:52:51 --> Children data: Array
(
    [0] => stdClass Object
        (
            [guardian_id] => 108
            [admission_id] => 86
            [full_name] => Cale Felix Elca
            [profile_pic] => 1764595381_ab8cf416d0a86372ee5a.jpg
        )

    [1] => stdClass Object
        (
            [guardian_id] => 108
            [admission_id] => 87
            [full_name] => Felix Eduard Rogado
            [profile_pic] => 1764599783_a8db6a79f32c4aadbd63.jpg
        )

)

INFO - 2025-12-18 10:52:52 --> Compute Totals - Children Amounts: []
INFO - 2025-12-18 10:52:52 --> Compute Totals - Children IDs: []
INFO - 2025-12-18 10:52:52 --> Compute Totals - Partial Payment: 0
DEBUG - 2025-12-18 10:54:16 --> Session: Class initialized using 'CodeIgniter\Session\Handlers\FileHandler' driver.
DEBUG - 2025-12-18 10:54:16 --> Session: Class initialized using 'CodeIgniter\Session\Handlers\FileHandler' driver.
DEBUG - 2025-12-18 10:58:01 --> Session: Class initialized using 'CodeIgniter\Session\Handlers\FileHandler' driver.
DEBUG - 2025-12-18 10:58:22 --> Session: Class initialized using 'CodeIgniter\Session\Handlers\FileHandler' driver.
INFO - 2025-12-18 10:58:23 --> getAllremarks called for user_id=86. Found 1 remarks.
DEBUG - 2025-12-18 10:58:42 --> Session: Class initialized using 'CodeIgniter\Session\Handlers\FileHandler' driver.
DEBUG - 2025-12-18 11:04:32 --> Session: Class initialized using 'CodeIgniter\Session\Handlers\FileHandler' driver.
INFO - 2025-12-18 11:04:32 --> getAllremarks called for user_id=86. Found 1 remarks.
DEBUG - 2025-12-18 11:05:26 --> Session: Class initialized using 'CodeIgniter\Session\Handlers\FileHandler' driver.
DEBUG - 2025-12-18 11:07:42 --> Session: Class initialized using 'CodeIgniter\Session\Handlers\FileHandler' driver.
DEBUG - 2025-12-18 11:07:45 --> Session: Class initialized using 'CodeIgniter\Session\Handlers\FileHandler' driver.
DEBUG - 2025-12-18 11:07:45 --> Session: Class initialized using 'CodeIgniter\Session\Handlers\FileHandler' driver.
DEBUG - 2025-12-18 11:07:45 --> user_id: 1
DEBUG - 2025-12-18 11:07:47 --> Session: Class initialized using 'CodeIgniter\Session\Handlers\FileHandler' driver.
DEBUG - 2025-12-18 11:07:47 --> user_id: 1
DEBUG - 2025-12-18 11:08:23 --> Session: Class initialized using 'CodeIgniter\Session\Handlers\FileHandler' driver.
DEBUG - 2025-12-18 11:08:23 --> user_id: 1
DEBUG - 2025-12-18 11:08:25 --> Session: Class initialized using 'CodeIgniter\Session\Handlers\FileHandler' driver.
DEBUG - 2025-12-18 11:08:25 --> user_id: 1
DEBUG - 2025-12-18 11:10:03 --> Session: Class initialized using 'CodeIgniter\Session\Handlers\FileHandler' driver.
DEBUG - 2025-12-18 11:10:03 --> user_id: 1
DEBUG - 2025-12-18 11:11:58 --> Session: Class initialized using 'CodeIgniter\Session\Handlers\FileHandler' driver.
DEBUG - 2025-12-18 11:11:58 --> user_id: 1
DEBUG - 2025-12-18 11:13:35 --> Session: Class initialized using 'CodeIgniter\Session\Handlers\FileHandler' driver.
DEBUG - 2025-12-18 11:13:35 --> user_id: 1
DEBUG - 2025-12-18 11:15:06 --> Session: Class initialized using 'CodeIgniter\Session\Handlers\FileHandler' driver.
DEBUG - 2025-12-18 11:15:11 --> Session: Class initialized using 'CodeIgniter\Session\Handlers\FileHandler' driver.
DEBUG - 2025-12-18 11:16:48 --> Session: Class initialized using 'CodeIgniter\Session\Handlers\FileHandler' driver.
DEBUG - 2025-12-18 11:16:48 --> Child Payment Debug: Array
(
    [full_name] => Cale felix Masambique Elca
    [admission_id] => 86
    [user_id] => 108
    [payment_history] => Array
        (
        )

    [total_paid] => 0
    [total_fee] => 0
    [remaining] => 0
)

DEBUG - 2025-12-18 11:16:48 --> Child Payment Debug: Array
(
    [full_name] => Felix eduard Elca Rogado
    [admission_id] => 87
    [user_id] => 108
    [payment_history] => Array
        (
        )

    [total_paid] => 0
    [total_fee] => 0
    [remaining] => 0
)

DEBUG - 2025-12-18 11:16:48 --> Parent Debug: Array
(
    [id] => 34
    [user_id] => 108
    [first_name] => Eirich
    [middle_name] => Masambique
    [last_name] => Elca
    [relationship] => Uncle
    [contact_number] => 09503430307
    [email] => eirichelca@gmail.com
    [municipality] => Santa Cruz
    [barangay] => Gatid
    [street] => Munting Gatid
    [profile_pic] => default.webp
    [created_at] => 2025-12-01 21:13:46
    [address] => Santa Cruz, Gatid, Munting Gatid
    [children] => Array
        (
            [0] => Array
                (
                    [full_name] => Cale felix Masambique Elca
                    [admission_id] => 86
                    [user_id] => 108
                    [payment_history] => Array
                        (
                        )

                    [total_paid] => 0
                    [total_fee] => 0
                    [remaining] => 0
                )

            [1] => Array
                (
                    [full_name] => Felix eduard Elca Rogado
                    [admission_id] => 87
                    [user_id] => 108
                    [payment_history] => Array
                        (
                        )

                    [total_paid] => 0
                    [total_fee] => 0
                    [remaining] => 0
                )

        )

)

DEBUG - 2025-12-18 11:16:48 --> Child Payment Debug: Array
(
    [full_name] => Kiefer Bautista Navarro
    [admission_id] => 88
    [user_id] => 110
    [payment_history] => Array
        (
        )

    [total_paid] => 0
    [total_fee] => 0
    [remaining] => 0
)

DEBUG - 2025-12-18 11:16:48 --> Parent Debug: Array
(
    [id] => 35
    [user_id] => 110
    [first_name] => Jenelle
    [middle_name] => Bautista
    [last_name] => Navarro
    [relationship] => Mother
    [contact_number] => 09503430307
    [email] => Jenelle@gmail.com
    [municipality] => Santa Cruz
    [barangay] => Gatid
    [street] => Sampaguita
    [profile_pic] => default.webp
    [created_at] => 2025-12-02 13:10:53
    [address] => Santa Cruz, Gatid, Sampaguita
    [children] => Array
        (
            [0] => Array
                (
                    [full_name] => Kiefer Bautista Navarro
                    [admission_id] => 88
                    [user_id] => 110
                    [payment_history] => Array
                        (
                        )

                    [total_paid] => 0
                    [total_fee] => 0
                    [remaining] => 0
                )

        )

)

DEBUG - 2025-12-18 11:17:12 --> Session: Class initialized using 'CodeIgniter\Session\Handlers\FileHandler' driver.
DEBUG - 2025-12-18 11:17:12 --> Fetching children for guardian ID: 108
DEBUG - 2025-12-18 11:17:12 --> Number of children found: 2
DEBUG - 2025-12-18 11:17:12 --> Children data: Array
(
    [0] => stdClass Object
        (
            [guardian_id] => 108
            [admission_id] => 87
            [full_name] => Felix Eduard Rogado
            [profile_pic] => 1764599783_a8db6a79f32c4aadbd63.jpg
            [remaining_balance] => 0.00
        )

    [1] => stdClass Object
        (
            [guardian_id] => 108
            [admission_id] => 86
            [full_name] => Cale Felix Elca
            [profile_pic] => 1764595381_ab8cf416d0a86372ee5a.jpg
            [remaining_balance] => 0.00
        )

)

DEBUG - 2025-12-18 11:17:37 --> Session: Class initialized using 'CodeIgniter\Session\Handlers\FileHandler' driver.
DEBUG - 2025-12-18 11:17:37 --> Child Payment Debug: Array
(
    [full_name] => Cale felix Masambique Elca
    [admission_id] => 86
    [user_id] => 108
    [payment_history] => Array
        (
        )

    [total_paid] => 0
    [total_fee] => 0
    [remaining] => 0
)

DEBUG - 2025-12-18 11:17:37 --> Child Payment Debug: Array
(
    [full_name] => Felix eduard Elca Rogado
    [admission_id] => 87
    [user_id] => 108
    [payment_history] => Array
        (
        )

    [total_paid] => 0
    [total_fee] => 0
    [remaining] => 0
)

DEBUG - 2025-12-18 11:17:37 --> Parent Debug: Array
(
    [id] => 34
    [user_id] => 108
    [first_name] => Eirich
    [middle_name] => Masambique
    [last_name] => Elca
    [relationship] => Uncle
    [contact_number] => 09503430307
    [email] => eirichelca@gmail.com
    [municipality] => Santa Cruz
    [barangay] => Gatid
    [street] => Munting Gatid
    [profile_pic] => default.webp
    [created_at] => 2025-12-01 21:13:46
    [address] => Santa Cruz, Gatid, Munting Gatid
    [children] => Array
        (
            [0] => Array
                (
                    [full_name] => Cale felix Masambique Elca
                    [admission_id] => 86
                    [user_id] => 108
                    [payment_history] => Array
                        (
                        )

                    [total_paid] => 0
                    [total_fee] => 0
                    [remaining] => 0
                )

            [1] => Array
                (
                    [full_name] => Felix eduard Elca Rogado
                    [admission_id] => 87
                    [user_id] => 108
                    [payment_history] => Array
                        (
                        )

                    [total_paid] => 0
                    [total_fee] => 0
                    [remaining] => 0
                )

        )

)

DEBUG - 2025-12-18 11:17:37 --> Child Payment Debug: Array
(
    [full_name] => Kiefer Bautista Navarro
    [admission_id] => 88
    [user_id] => 110
    [payment_history] => Array
        (
        )

    [total_paid] => 0
    [total_fee] => 0
    [remaining] => 0
)

DEBUG - 2025-12-18 11:17:37 --> Parent Debug: Array
(
    [id] => 35
    [user_id] => 110
    [first_name] => Jenelle
    [middle_name] => Bautista
    [last_name] => Navarro
    [relationship] => Mother
    [contact_number] => 09503430307
    [email] => Jenelle@gmail.com
    [municipality] => Santa Cruz
    [barangay] => Gatid
    [street] => Sampaguita
    [profile_pic] => default.webp
    [created_at] => 2025-12-02 13:10:53
    [address] => Santa Cruz, Gatid, Sampaguita
    [children] => Array
        (
            [0] => Array
                (
                    [full_name] => Kiefer Bautista Navarro
                    [admission_id] => 88
                    [user_id] => 110
                    [payment_history] => Array
                        (
                        )

                    [total_paid] => 0
                    [total_fee] => 0
                    [remaining] => 0
                )

        )

)

DEBUG - 2025-12-18 11:17:39 --> Session: Class initialized using 'CodeIgniter\Session\Handlers\FileHandler' driver.
DEBUG - 2025-12-18 11:17:39 --> Fetching children for guardian ID: 110
DEBUG - 2025-12-18 11:17:39 --> Number of children found: 1
DEBUG - 2025-12-18 11:17:39 --> Children data: Array
(
    [0] => stdClass Object
        (
            [guardian_id] => 110
            [admission_id] => 88
            [full_name] => Kiefer Navarro
            [profile_pic] => 1764652435_f0988e4c9ca8553f18d9.jpg
        )

)

DEBUG - 2025-12-18 11:19:28 --> Session: Class initialized using 'CodeIgniter\Session\Handlers\FileHandler' driver.
DEBUG - 2025-12-18 11:20:05 --> Session: Class initialized using 'CodeIgniter\Session\Handlers\FileHandler' driver.
DEBUG - 2025-12-18 11:20:33 --> Session: Class initialized using 'CodeIgniter\Session\Handlers\FileHandler' driver.
DEBUG - 2025-12-18 11:20:33 --> Session: Class initialized using 'CodeIgniter\Session\Handlers\FileHandler' driver.
DEBUG - 2025-12-18 11:21:39 --> Session: Class initialized using 'CodeIgniter\Session\Handlers\FileHandler' driver.
DEBUG - 2025-12-18 11:22:28 --> Session: Class initialized using 'CodeIgniter\Session\Handlers\FileHandler' driver.
DEBUG - 2025-12-18 11:24:23 --> Session: Class initialized using 'CodeIgniter\Session\Handlers\FileHandler' driver.
DEBUG - 2025-12-18 11:25:33 --> Session: Class initialized using 'CodeIgniter\Session\Handlers\FileHandler' driver.
INFO - 2025-12-18 11:25:33 --> getAllremarks called for user_id=86. Found 1 remarks.
DEBUG - 2025-12-18 11:27:51 --> Session: Class initialized using 'CodeIgniter\Session\Handlers\FileHandler' driver.
DEBUG - 2025-12-18 11:30:00 --> Session: Class initialized using 'CodeIgniter\Session\Handlers\FileHandler' driver.
DEBUG - 2025-12-18 11:30:30 --> Session: Class initialized using 'CodeIgniter\Session\Handlers\FileHandler' driver.
DEBUG - 2025-12-18 11:30:43 --> Session: Class initialized using 'CodeIgniter\Session\Handlers\FileHandler' driver.
DEBUG - 2025-12-18 11:30:43 --> Session: Class initialized using 'CodeIgniter\Session\Handlers\FileHandler' driver.
DEBUG - 2025-12-18 11:30:48 --> Session: Class initialized using 'CodeIgniter\Session\Handlers\FileHandler' driver.
DEBUG - 2025-12-18 11:30:49 --> Session: Class initialized using 'CodeIgniter\Session\Handlers\FileHandler' driver.
DEBUG - 2025-12-18 11:30:56 --> Session: Class initialized using 'CodeIgniter\Session\Handlers\FileHandler' driver.
DEBUG - 2025-12-18 11:30:56 --> Session: Class initialized using 'CodeIgniter\Session\Handlers\FileHandler' driver.
DEBUG - 2025-12-18 11:44:05 --> Session: Class initialized using 'CodeIgniter\Session\Handlers\FileHandler' driver.
DEBUG - 2025-12-18 11:47:05 --> Session: Class initialized using 'CodeIgniter\Session\Handlers\FileHandler' driver.
DEBUG - 2025-12-18 11:48:17 --> Session: Class initialized using 'CodeIgniter\Session\Handlers\FileHandler' driver.
DEBUG - 2025-12-18 11:48:18 --> Session: Class initialized using 'CodeIgniter\Session\Handlers\FileHandler' driver.
DEBUG - 2025-12-18 11:48:30 --> Session: Class initialized using 'CodeIgniter\Session\Handlers\FileHandler' driver.
DEBUG - 2025-12-18 11:48:30 --> Session: Class initialized using 'CodeIgniter\Session\Handlers\FileHandler' driver.
DEBUG - 2025-12-18 11:48:30 --> Fetching children for guardian ID: 108
DEBUG - 2025-12-18 11:48:30 --> Number of children found: 0
DEBUG - 2025-12-18 11:48:30 --> Children data: Array
(
)

DEBUG - 2025-12-18 11:48:30 --> Current User ID: 108
DEBUG - 2025-12-18 11:48:34 --> Session: Class initialized using 'CodeIgniter\Session\Handlers\FileHandler' driver.
DEBUG - 2025-12-18 11:48:34 --> Session: Class initialized using 'CodeIgniter\Session\Handlers\FileHandler' driver.
DEBUG - 2025-12-18 11:48:34 --> Fetching children for guardian ID: 108
DEBUG - 2025-12-18 11:48:34 --> Number of children found: 2
DEBUG - 2025-12-18 11:48:34 --> Children data: Array
(
    [0] => stdClass Object
        (
            [guardian_id] => 108
            [admission_id] => 86
            [full_name] => Cale Felix Elca
            [profile_pic] => 1764595381_ab8cf416d0a86372ee5a.jpg
        )

    [1] => stdClass Object
        (
            [guardian_id] => 108
            [admission_id] => 87
            [full_name] => Felix Eduard Rogado
            [profile_pic] => 1764599783_a8db6a79f32c4aadbd63.jpg
        )

)

DEBUG - 2025-12-18 11:48:34 --> Current User ID: 108
DEBUG - 2025-12-18 11:48:36 --> Session: Class initialized using 'CodeIgniter\Session\Handlers\FileHandler' driver.
DEBUG - 2025-12-18 11:48:36 --> Session: Class initialized using 'CodeIgniter\Session\Handlers\FileHandler' driver.
DEBUG - 2025-12-18 11:51:08 --> Session: Class initialized using 'CodeIgniter\Session\Handlers\FileHandler' driver.
DEBUG - 2025-12-18 11:51:51 --> Session: Class initialized using 'CodeIgniter\Session\Handlers\FileHandler' driver.
DEBUG - 2025-12-18 11:51:51 --> Session: Class initialized using 'CodeIgniter\Session\Handlers\FileHandler' driver.
DEBUG - 2025-12-18 11:51:57 --> Session: Class initialized using 'CodeIgniter\Session\Handlers\FileHandler' driver.
DEBUG - 2025-12-18 11:52:00 --> Session: Class initialized using 'CodeIgniter\Session\Handlers\FileHandler' driver.
DEBUG - 2025-12-18 11:52:01 --> Session: Class initialized using 'CodeIgniter\Session\Handlers\FileHandler' driver.
