DEBUG - 2025-11-27 10:39:18 --> Session: Class initialized using 'CodeIgniter\Session\Handlers\FileHandler' driver.
DEBUG - 2025-11-27 10:39:31 --> Session: Class initialized using 'CodeIgniter\Session\Handlers\FileHandler' driver.
DEBUG - 2025-11-27 10:39:34 --> Session: Class initialized using 'CodeIgniter\Session\Handlers\FileHandler' driver.
DEBUG - 2025-11-27 10:39:34 --> user_id: 1
DEBUG - 2025-11-27 10:39:52 --> Session: Class initialized using 'CodeIgniter\Session\Handlers\FileHandler' driver.
DEBUG - 2025-11-27 10:39:52 --> user_id: 1
DEBUG - 2025-11-27 10:40:33 --> Session: Class initialized using 'CodeIgniter\Session\Handlers\FileHandler' driver.
DEBUG - 2025-11-27 10:40:33 --> user_id: 1
DEBUG - 2025-11-27 10:41:47 --> Session: Class initialized using 'CodeIgniter\Session\Handlers\FileHandler' driver.
DEBUG - 2025-11-27 10:41:47 --> user_id: 1
DEBUG - 2025-11-27 10:41:50 --> Session: Class initialized using 'CodeIgniter\Session\Handlers\FileHandler' driver.
DEBUG - 2025-11-27 10:44:50 --> Session: Class initialized using 'CodeIgniter\Session\Handlers\FileHandler' driver.
DEBUG - 2025-11-27 10:44:50 --> user_id: 1
DEBUG - 2025-11-27 10:47:06 --> Session: Class initialized using 'CodeIgniter\Session\Handlers\FileHandler' driver.
DEBUG - 2025-11-27 10:47:06 --> Child Payment Debug: Array
(
    [full_name] => Zie Aranera Oliveros
    [admission_id] => 25
    [user_id] => 66
    [payment_history] => Array
        (
        )

    [total_paid] => 0
    [total_fee] => 0
    [remaining] => 0
)

DEBUG - 2025-11-27 10:47:06 --> Child Payment Debug: Array
(
    [full_name] => Roldan Araneta Oliveros
    [admission_id] => 71
    [user_id] => 66
    [payment_history] => Array
        (
        )

    [total_paid] => 0
    [total_fee] => 0
    [remaining] => 0
)

DEBUG - 2025-11-27 10:47:06 --> Parent Debug: Array
(
    [id] => 10
    [user_id] => 66
    [first_name] => Roldan
    [middle_name] => Araneta
    [last_name] => Oliveros
    [relationship] => Guardian
    [contact_number] => 09205804090
    [email] => roldanoliveros0621@gmail.com
    [municipality] => Nagcarlan
    [barangay] => Buboy
    [street] => Poblacion
    [profile_pic] => 1761732445_677643c97dd7d53cb001.jpg
    [created_at] => 2025-10-11 23:25:45
    [address] => Nagcarlan, Buboy, Poblacion
    [children] => Array
        (
            [0] => Array
                (
                    [full_name] => Zie Aranera Oliveros
                    [admission_id] => 25
                    [user_id] => 66
                    [payment_history] => Array
                        (
                        )

                    [total_paid] => 0
                    [total_fee] => 0
                    [remaining] => 0
                )

            [1] => Array
                (
                    [full_name] => Roldan Araneta Oliveros
                    [admission_id] => 71
                    [user_id] => 66
                    [payment_history] => Array
                        (
                        )

                    [total_paid] => 0
                    [total_fee] => 0
                    [remaining] => 0
                )

        )

)

DEBUG - 2025-11-27 10:47:10 --> Session: Class initialized using 'CodeIgniter\Session\Handlers\FileHandler' driver.
DEBUG - 2025-11-27 10:47:10 --> Fetching children for guardian ID: 66
DEBUG - 2025-11-27 10:47:10 --> Number of children found: 2
DEBUG - 2025-11-27 10:47:10 --> Children data: Array
(
    [0] => stdClass Object
        (
            [guardian_id] => 66
            [admission_id] => 71
            [full_name] => Oliveros Roldan
            [profile_pic] => 1760718376_4415351e0873d15d40f2.jpg
            [remaining_balance] => 1000.00
        )

    [1] => stdClass Object
        (
            [guardian_id] => 66
            [admission_id] => 25
            [full_name] => Oliveros zie
            [profile_pic] => 1758436120_6596822b60e287637732.png
            [remaining_balance] => 500.00
        )

)

DEBUG - 2025-11-27 10:47:29 --> Session: Class initialized using 'CodeIgniter\Session\Handlers\FileHandler' driver.
DEBUG - 2025-11-27 10:47:29 --> Child Payment Debug: Array
(
    [full_name] => Zie Aranera Oliveros
    [admission_id] => 25
    [user_id] => 66
    [payment_history] => Array
        (
        )

    [total_paid] => 0
    [total_fee] => 0
    [remaining] => 0
)

DEBUG - 2025-11-27 10:47:29 --> Child Payment Debug: Array
(
    [full_name] => Roldan Araneta Oliveros
    [admission_id] => 71
    [user_id] => 66
    [payment_history] => Array
        (
        )

    [total_paid] => 0
    [total_fee] => 0
    [remaining] => 0
)

DEBUG - 2025-11-27 10:47:29 --> Parent Debug: Array
(
    [id] => 10
    [user_id] => 66
    [first_name] => Roldan
    [middle_name] => Araneta
    [last_name] => Oliveros
    [relationship] => Guardian
    [contact_number] => 09205804090
    [email] => roldanoliveros0621@gmail.com
    [municipality] => Nagcarlan
    [barangay] => Buboy
    [street] => Poblacion
    [profile_pic] => 1761732445_677643c97dd7d53cb001.jpg
    [created_at] => 2025-10-11 23:25:45
    [address] => Nagcarlan, Buboy, Poblacion
    [children] => Array
        (
            [0] => Array
                (
                    [full_name] => Zie Aranera Oliveros
                    [admission_id] => 25
                    [user_id] => 66
                    [payment_history] => Array
                        (
                        )

                    [total_paid] => 0
                    [total_fee] => 0
                    [remaining] => 0
                )

            [1] => Array
                (
                    [full_name] => Roldan Araneta Oliveros
                    [admission_id] => 71
                    [user_id] => 66
                    [payment_history] => Array
                        (
                        )

                    [total_paid] => 0
                    [total_fee] => 0
                    [remaining] => 0
                )

        )

)

DEBUG - 2025-11-27 10:48:42 --> Session: Class initialized using 'CodeIgniter\Session\Handlers\FileHandler' driver.
DEBUG - 2025-11-27 10:48:42 --> user_id: 1
DEBUG - 2025-11-27 10:48:44 --> Session: Class initialized using 'CodeIgniter\Session\Handlers\FileHandler' driver.
DEBUG - 2025-11-27 10:48:44 --> user_id: 1
DEBUG - 2025-11-27 10:54:05 --> Session: Class initialized using 'CodeIgniter\Session\Handlers\FileHandler' driver.
DEBUG - 2025-11-27 10:54:05 --> Child Payment Debug: Array
(
    [full_name] => Zie Aranera Oliveros
    [admission_id] => 25
    [user_id] => 66
    [payment_history] => Array
        (
        )

    [total_paid] => 0
    [total_fee] => 0
    [remaining] => 0
)

DEBUG - 2025-11-27 10:54:05 --> Child Payment Debug: Array
(
    [full_name] => Roldan Araneta Oliveros
    [admission_id] => 71
    [user_id] => 66
    [payment_history] => Array
        (
        )

    [total_paid] => 0
    [total_fee] => 0
    [remaining] => 0
)

DEBUG - 2025-11-27 10:54:05 --> Parent Debug: Array
(
    [id] => 10
    [user_id] => 66
    [first_name] => Roldan
    [middle_name] => Araneta
    [last_name] => Oliveros
    [relationship] => Guardian
    [contact_number] => 09205804090
    [email] => roldanoliveros0621@gmail.com
    [municipality] => Nagcarlan
    [barangay] => Buboy
    [street] => Poblacion
    [profile_pic] => 1761732445_677643c97dd7d53cb001.jpg
    [created_at] => 2025-10-11 23:25:45
    [address] => Nagcarlan, Buboy, Poblacion
    [children] => Array
        (
            [0] => Array
                (
                    [full_name] => Zie Aranera Oliveros
                    [admission_id] => 25
                    [user_id] => 66
                    [payment_history] => Array
                        (
                        )

                    [total_paid] => 0
                    [total_fee] => 0
                    [remaining] => 0
                )

            [1] => Array
                (
                    [full_name] => Roldan Araneta Oliveros
                    [admission_id] => 71
                    [user_id] => 66
                    [payment_history] => Array
                        (
                        )

                    [total_paid] => 0
                    [total_fee] => 0
                    [remaining] => 0
                )

        )

)

DEBUG - 2025-11-27 10:57:48 --> Session: Class initialized using 'CodeIgniter\Session\Handlers\FileHandler' driver.
DEBUG - 2025-11-27 10:57:48 --> Fetching children for guardian ID: 66
DEBUG - 2025-11-27 10:57:48 --> Number of children found: 2
DEBUG - 2025-11-27 10:57:48 --> Children data: Array
(
    [0] => stdClass Object
        (
            [guardian_id] => 66
            [admission_id] => 25
            [full_name] => Oliveros zie
            [profile_pic] => 1758436120_6596822b60e287637732.png
        )

    [1] => stdClass Object
        (
            [guardian_id] => 66
            [admission_id] => 71
            [full_name] => Oliveros Roldan
            [profile_pic] => 1760718376_4415351e0873d15d40f2.jpg
        )

)

