DEBUG - 2025-11-12 00:00:14 --> Session: Class initialized using 'CodeIgniter\Session\Handlers\FileHandler' driver.
DEBUG - 2025-11-12 00:00:14 --> Current User ID: 88
DEBUG - 2025-11-12 00:00:16 --> Session: Class initialized using 'CodeIgniter\Session\Handlers\FileHandler' driver.
DEBUG - 2025-11-12 00:00:16 --> Current User ID: 88
DEBUG - 2025-11-12 00:00:17 --> Session: Class initialized using 'CodeIgniter\Session\Handlers\FileHandler' driver.
DEBUG - 2025-11-12 00:00:17 --> Current User ID: 88
DEBUG - 2025-11-12 00:00:26 --> Session: Class initialized using 'CodeIgniter\Session\Handlers\FileHandler' driver.
DEBUG - 2025-11-12 00:00:32 --> Session: Class initialized using 'CodeIgniter\Session\Handlers\FileHandler' driver.
DEBUG - 2025-11-12 00:00:32 --> Session: Class initialized using 'CodeIgniter\Session\Handlers\FileHandler' driver.
DEBUG - 2025-11-12 00:00:32 --> Fetching children for guardian ID: 66
DEBUG - 2025-11-12 00:00:32 --> Number of children found: 2
DEBUG - 2025-11-12 00:00:32 --> Children data: Array
(
    [0] => stdClass Object
        (
            [guardian_id] => 66
            [admission_id] => 25
            [full_name] => Oliveros zie
            [profile_pic] => 1758436120_6596822b60e287637732.png
        )

    [1] => stdClass Object
        (
            [guardian_id] => 66
            [admission_id] => 71
            [full_name] => Oliveros Roldan
            [profile_pic] => 1760718376_4415351e0873d15d40f2.jpg
        )

)

DEBUG - 2025-11-12 00:00:32 --> Current User ID: 66
DEBUG - 2025-11-12 00:54:34 --> Session: Class initialized using 'CodeIgniter\Session\Handlers\FileHandler' driver.
DEBUG - 2025-11-12 00:54:34 --> Fetching children for guardian ID: 66
DEBUG - 2025-11-12 00:54:34 --> Number of children found: 2
DEBUG - 2025-11-12 00:54:34 --> Children data: Array
(
    [0] => stdClass Object
        (
            [guardian_id] => 66
            [admission_id] => 25
            [full_name] => Oliveros zie
            [profile_pic] => 1758436120_6596822b60e287637732.png
        )

    [1] => stdClass Object
        (
            [guardian_id] => 66
            [admission_id] => 71
            [full_name] => Oliveros Roldan
            [profile_pic] => 1760718376_4415351e0873d15d40f2.jpg
        )

)

DEBUG - 2025-11-12 00:54:34 --> Current User ID: 66
DEBUG - 2025-11-12 00:54:36 --> Session: Class initialized using 'CodeIgniter\Session\Handlers\FileHandler' driver.
DEBUG - 2025-11-12 00:54:36 --> Fetching children for guardian ID: 66
DEBUG - 2025-11-12 00:54:36 --> Number of children found: 2
DEBUG - 2025-11-12 00:54:36 --> Children data: Array
(
    [0] => stdClass Object
        (
            [guardian_id] => 66
            [admission_id] => 25
            [full_name] => Oliveros zie
            [profile_pic] => 1758436120_6596822b60e287637732.png
        )

    [1] => stdClass Object
        (
            [guardian_id] => 66
            [admission_id] => 71
            [full_name] => Oliveros Roldan
            [profile_pic] => 1760718376_4415351e0873d15d40f2.jpg
        )

)

DEBUG - 2025-11-12 00:54:36 --> Current User ID: 66
DEBUG - 2025-11-12 00:56:21 --> Session: Class initialized using 'CodeIgniter\Session\Handlers\FileHandler' driver.
DEBUG - 2025-11-12 00:56:21 --> Session: Class initialized using 'CodeIgniter\Session\Handlers\FileHandler' driver.
DEBUG - 2025-11-12 00:56:23 --> Session: Class initialized using 'CodeIgniter\Session\Handlers\FileHandler' driver.
DEBUG - 2025-11-12 00:56:28 --> Session: Class initialized using 'CodeIgniter\Session\Handlers\FileHandler' driver.
INFO - 2025-11-12 00:56:28 --> getAllremarks called for user_id=25. Found 1 remarks.
DEBUG - 2025-11-12 00:56:30 --> Session: Class initialized using 'CodeIgniter\Session\Handlers\FileHandler' driver.
DEBUG - 2025-11-12 00:56:32 --> Session: Class initialized using 'CodeIgniter\Session\Handlers\FileHandler' driver.
DEBUG - 2025-11-12 00:58:39 --> Session: Class initialized using 'CodeIgniter\Session\Handlers\FileHandler' driver.
DEBUG - 2025-11-12 00:58:40 --> Session: Class initialized using 'CodeIgniter\Session\Handlers\FileHandler' driver.
DEBUG - 2025-11-12 00:58:41 --> Session: Class initialized using 'CodeIgniter\Session\Handlers\FileHandler' driver.
INFO - 2025-11-12 00:58:41 --> getAllremarks called for user_id=25. Found 1 remarks.
DEBUG - 2025-11-12 01:01:04 --> Session: Class initialized using 'CodeIgniter\Session\Handlers\FileHandler' driver.
INFO - 2025-11-12 01:01:04 --> getAllremarks called for user_id=25. Found 1 remarks.
DEBUG - 2025-11-12 01:01:16 --> Session: Class initialized using 'CodeIgniter\Session\Handlers\FileHandler' driver.
DEBUG - 2025-11-12 01:01:40 --> Session: Class initialized using 'CodeIgniter\Session\Handlers\FileHandler' driver.
DEBUG - 2025-11-12 01:01:40 --> Session: Class initialized using 'CodeIgniter\Session\Handlers\FileHandler' driver.
DEBUG - 2025-11-12 01:01:40 --> user_id: 1
DEBUG - 2025-11-12 01:06:46 --> Session: Class initialized using 'CodeIgniter\Session\Handlers\FileHandler' driver.
DEBUG - 2025-11-12 01:06:46 --> user_id: 1
CRITICAL - 2025-11-12 01:06:46 --> ErrorException: Undefined variable $hasUnread
[Method: GET, Route: admin-dashboard]
in APPPATH\Views\admin\dashboard.php on line 92.
 1 APPPATH\Views\admin\dashboard.php(92): CodeIgniter\Debug\Exceptions->errorHandler(2, 'Undefined variable $hasUnread', 'C:\\Users\\User\\Desktop\\xamp\\htdocs\\copstone\\app\\Views\\admin\\dashboard.php', 92)
 2 SYSTEMPATH\View\View.php(224): include('C:\\Users\\User\\Desktop\\xamp\\htdocs\\copstone\\app\\Views\\admin\\dashboard.php')
 3 SYSTEMPATH\View\View.php(227): CodeIgniter\View\View->CodeIgniter\View\{closure}()
 4 SYSTEMPATH\Common.php(1173): CodeIgniter\View\View->render('admin/dashboard', [], true)
 5 APPPATH\Controllers\AdminController.php(66): view('admin/dashboard', [...])
 6 SYSTEMPATH\CodeIgniter.php(933): App\Controllers\AdminController->admindashbord()
 7 SYSTEMPATH\CodeIgniter.php(507): CodeIgniter\CodeIgniter->runController(Object(App\Controllers\AdminController))
 8 SYSTEMPATH\CodeIgniter.php(354): CodeIgniter\CodeIgniter->handleRequest(null, Object(Config\Cache), false)
 9 SYSTEMPATH\Boot.php(334): CodeIgniter\CodeIgniter->run()
10 SYSTEMPATH\Boot.php(67): CodeIgniter\Boot::runCodeIgniter(Object(CodeIgniter\CodeIgniter))
11 FCPATH\index.php(56): CodeIgniter\Boot::bootWeb(Object(Config\Paths))
DEBUG - 2025-11-12 01:08:13 --> Session: Class initialized using 'CodeIgniter\Session\Handlers\FileHandler' driver.
DEBUG - 2025-11-12 01:08:13 --> user_id: 1
CRITICAL - 2025-11-12 01:08:13 --> ErrorException: Undefined variable $hasUnread
[Method: GET, Route: admin-dashboard]
in APPPATH\Views\admin\dashboard.php on line 92.
 1 APPPATH\Views\admin\dashboard.php(92): CodeIgniter\Debug\Exceptions->errorHandler(2, 'Undefined variable $hasUnread', 'C:\\Users\\User\\Desktop\\xamp\\htdocs\\copstone\\app\\Views\\admin\\dashboard.php', 92)
 2 SYSTEMPATH\View\View.php(224): include('C:\\Users\\User\\Desktop\\xamp\\htdocs\\copstone\\app\\Views\\admin\\dashboard.php')
 3 SYSTEMPATH\View\View.php(227): CodeIgniter\View\View->CodeIgniter\View\{closure}()
 4 SYSTEMPATH\Common.php(1173): CodeIgniter\View\View->render('admin/dashboard', [], true)
 5 APPPATH\Controllers\AdminController.php(68): view('admin/dashboard', [...])
 6 SYSTEMPATH\CodeIgniter.php(933): App\Controllers\AdminController->admindashbord()
 7 SYSTEMPATH\CodeIgniter.php(507): CodeIgniter\CodeIgniter->runController(Object(App\Controllers\AdminController))
 8 SYSTEMPATH\CodeIgniter.php(354): CodeIgniter\CodeIgniter->handleRequest(null, Object(Config\Cache), false)
 9 SYSTEMPATH\Boot.php(334): CodeIgniter\CodeIgniter->run()
10 SYSTEMPATH\Boot.php(67): CodeIgniter\Boot::runCodeIgniter(Object(CodeIgniter\CodeIgniter))
11 FCPATH\index.php(56): CodeIgniter\Boot::bootWeb(Object(Config\Paths))
DEBUG - 2025-11-12 01:08:32 --> Session: Class initialized using 'CodeIgniter\Session\Handlers\FileHandler' driver.
DEBUG - 2025-11-12 01:08:32 --> user_id: 1
CRITICAL - 2025-11-12 01:08:32 --> ErrorException: Undefined variable $hasUnread
[Method: GET, Route: admin-dashboard]
in APPPATH\Views\admin\dashboard.php on line 92.
 1 APPPATH\Views\admin\dashboard.php(92): CodeIgniter\Debug\Exceptions->errorHandler(2, 'Undefined variable $hasUnread', 'C:\\Users\\User\\Desktop\\xamp\\htdocs\\copstone\\app\\Views\\admin\\dashboard.php', 92)
 2 SYSTEMPATH\View\View.php(224): include('C:\\Users\\User\\Desktop\\xamp\\htdocs\\copstone\\app\\Views\\admin\\dashboard.php')
 3 SYSTEMPATH\View\View.php(227): CodeIgniter\View\View->CodeIgniter\View\{closure}()
 4 SYSTEMPATH\Common.php(1173): CodeIgniter\View\View->render('admin/dashboard', [], true)
 5 APPPATH\Controllers\AdminController.php(68): view('admin/dashboard', [...])
 6 SYSTEMPATH\CodeIgniter.php(933): App\Controllers\AdminController->admindashbord()
 7 SYSTEMPATH\CodeIgniter.php(507): CodeIgniter\CodeIgniter->runController(Object(App\Controllers\AdminController))
 8 SYSTEMPATH\CodeIgniter.php(354): CodeIgniter\CodeIgniter->handleRequest(null, Object(Config\Cache), false)
 9 SYSTEMPATH\Boot.php(334): CodeIgniter\CodeIgniter->run()
10 SYSTEMPATH\Boot.php(67): CodeIgniter\Boot::runCodeIgniter(Object(CodeIgniter\CodeIgniter))
11 FCPATH\index.php(56): CodeIgniter\Boot::bootWeb(Object(Config\Paths))
DEBUG - 2025-11-12 01:08:54 --> Session: Class initialized using 'CodeIgniter\Session\Handlers\FileHandler' driver.
DEBUG - 2025-11-12 01:08:54 --> user_id: 1
DEBUG - 2025-11-12 01:19:27 --> Session: Class initialized using 'CodeIgniter\Session\Handlers\FileHandler' driver.
DEBUG - 2025-11-12 01:19:27 --> user_id: 1
CRITICAL - 2025-11-12 01:19:27 --> ErrorException: Undefined variable $unreadCount
[Method: GET, Route: admin-dashboard]
in APPPATH\Views\admin\dashboard.php on line 95.
 1 APPPATH\Views\admin\dashboard.php(95): CodeIgniter\Debug\Exceptions->errorHandler(2, 'Undefined variable $unreadCount', 'C:\\Users\\User\\Desktop\\xamp\\htdocs\\copstone\\app\\Views\\admin\\dashboard.php', 95)
 2 SYSTEMPATH\View\View.php(224): include('C:\\Users\\User\\Desktop\\xamp\\htdocs\\copstone\\app\\Views\\admin\\dashboard.php')
 3 SYSTEMPATH\View\View.php(227): CodeIgniter\View\View->CodeIgniter\View\{closure}()
 4 SYSTEMPATH\Common.php(1173): CodeIgniter\View\View->render('admin/dashboard', [], true)
 5 APPPATH\Controllers\AdminController.php(69): view('admin/dashboard', [...])
 6 SYSTEMPATH\CodeIgniter.php(933): App\Controllers\AdminController->admindashbord()
 7 SYSTEMPATH\CodeIgniter.php(507): CodeIgniter\CodeIgniter->runController(Object(App\Controllers\AdminController))
 8 SYSTEMPATH\CodeIgniter.php(354): CodeIgniter\CodeIgniter->handleRequest(null, Object(Config\Cache), false)
 9 SYSTEMPATH\Boot.php(334): CodeIgniter\CodeIgniter->run()
10 SYSTEMPATH\Boot.php(67): CodeIgniter\Boot::runCodeIgniter(Object(CodeIgniter\CodeIgniter))
11 FCPATH\index.php(56): CodeIgniter\Boot::bootWeb(Object(Config\Paths))
DEBUG - 2025-11-12 01:19:55 --> Session: Class initialized using 'CodeIgniter\Session\Handlers\FileHandler' driver.
DEBUG - 2025-11-12 01:19:55 --> user_id: 1
DEBUG - 2025-11-12 01:20:28 --> Session: Class initialized using 'CodeIgniter\Session\Handlers\FileHandler' driver.
DEBUG - 2025-11-12 01:20:28 --> user_id: 1
CRITICAL - 2025-11-12 01:20:28 --> ErrorException: Undefined variable $students
[Method: GET, Route: admin-dashboard]
in APPPATH\Views\admin\dashboard.php on line 93.
 1 APPPATH\Views\admin\dashboard.php(93): CodeIgniter\Debug\Exceptions->errorHandler(2, 'Undefined variable $students', 'C:\\Users\\User\\Desktop\\xamp\\htdocs\\copstone\\app\\Views\\admin\\dashboard.php', 93)
 2 SYSTEMPATH\View\View.php(224): include('C:\\Users\\User\\Desktop\\xamp\\htdocs\\copstone\\app\\Views\\admin\\dashboard.php')
 3 SYSTEMPATH\View\View.php(227): CodeIgniter\View\View->CodeIgniter\View\{closure}()
 4 SYSTEMPATH\Common.php(1173): CodeIgniter\View\View->render('admin/dashboard', [], true)
 5 APPPATH\Controllers\AdminController.php(69): view('admin/dashboard', [...])
 6 SYSTEMPATH\CodeIgniter.php(933): App\Controllers\AdminController->admindashbord()
 7 SYSTEMPATH\CodeIgniter.php(507): CodeIgniter\CodeIgniter->runController(Object(App\Controllers\AdminController))
 8 SYSTEMPATH\CodeIgniter.php(354): CodeIgniter\CodeIgniter->handleRequest(null, Object(Config\Cache), false)
 9 SYSTEMPATH\Boot.php(334): CodeIgniter\CodeIgniter->run()
10 SYSTEMPATH\Boot.php(67): CodeIgniter\Boot::runCodeIgniter(Object(CodeIgniter\CodeIgniter))
11 FCPATH\index.php(56): CodeIgniter\Boot::bootWeb(Object(Config\Paths))
DEBUG - 2025-11-12 01:20:49 --> Session: Class initialized using 'CodeIgniter\Session\Handlers\FileHandler' driver.
DEBUG - 2025-11-12 01:20:49 --> user_id: 1
CRITICAL - 2025-11-12 01:20:49 --> ErrorException: Undefined variable $unreadCount
[Method: GET, Route: admin-dashboard]
in APPPATH\Views\admin\dashboard.php on line 95.
 1 APPPATH\Views\admin\dashboard.php(95): CodeIgniter\Debug\Exceptions->errorHandler(2, 'Undefined variable $unreadCount', 'C:\\Users\\User\\Desktop\\xamp\\htdocs\\copstone\\app\\Views\\admin\\dashboard.php', 95)
 2 SYSTEMPATH\View\View.php(224): include('C:\\Users\\User\\Desktop\\xamp\\htdocs\\copstone\\app\\Views\\admin\\dashboard.php')
 3 SYSTEMPATH\View\View.php(227): CodeIgniter\View\View->CodeIgniter\View\{closure}()
 4 SYSTEMPATH\Common.php(1173): CodeIgniter\View\View->render('admin/dashboard', [], true)
 5 APPPATH\Controllers\AdminController.php(69): view('admin/dashboard', [...])
 6 SYSTEMPATH\CodeIgniter.php(933): App\Controllers\AdminController->admindashbord()
 7 SYSTEMPATH\CodeIgniter.php(507): CodeIgniter\CodeIgniter->runController(Object(App\Controllers\AdminController))
 8 SYSTEMPATH\CodeIgniter.php(354): CodeIgniter\CodeIgniter->handleRequest(null, Object(Config\Cache), false)
 9 SYSTEMPATH\Boot.php(334): CodeIgniter\CodeIgniter->run()
10 SYSTEMPATH\Boot.php(67): CodeIgniter\Boot::runCodeIgniter(Object(CodeIgniter\CodeIgniter))
11 FCPATH\index.php(56): CodeIgniter\Boot::bootWeb(Object(Config\Paths))
DEBUG - 2025-11-12 01:21:15 --> Session: Class initialized using 'CodeIgniter\Session\Handlers\FileHandler' driver.
DEBUG - 2025-11-12 01:21:15 --> user_id: 1
DEBUG - 2025-11-12 01:21:23 --> Session: Class initialized using 'CodeIgniter\Session\Handlers\FileHandler' driver.
DEBUG - 2025-11-12 01:21:23 --> user_id: 1
DEBUG - 2025-11-12 01:22:50 --> Session: Class initialized using 'CodeIgniter\Session\Handlers\FileHandler' driver.
DEBUG - 2025-11-12 01:22:50 --> user_id: 1
DEBUG - 2025-11-12 01:23:41 --> Session: Class initialized using 'CodeIgniter\Session\Handlers\FileHandler' driver.
DEBUG - 2025-11-12 01:23:41 --> user_id: 1
DEBUG - 2025-11-12 01:23:50 --> Session: Class initialized using 'CodeIgniter\Session\Handlers\FileHandler' driver.
DEBUG - 2025-11-12 01:23:50 --> user_id: 1
DEBUG - 2025-11-12 01:23:51 --> Session: Class initialized using 'CodeIgniter\Session\Handlers\FileHandler' driver.
DEBUG - 2025-11-12 01:23:51 --> user_id: 1
DEBUG - 2025-11-12 01:26:45 --> Session: Class initialized using 'CodeIgniter\Session\Handlers\FileHandler' driver.
DEBUG - 2025-11-12 01:26:45 --> user_id: 1
DEBUG - 2025-11-12 01:26:55 --> Session: Class initialized using 'CodeIgniter\Session\Handlers\FileHandler' driver.
DEBUG - 2025-11-12 01:26:55 --> user_id: 1
DEBUG - 2025-11-12 01:27:00 --> Session: Class initialized using 'CodeIgniter\Session\Handlers\FileHandler' driver.
DEBUG - 2025-11-12 01:27:00 --> user_id: 1
DEBUG - 2025-11-12 01:27:03 --> Session: Class initialized using 'CodeIgniter\Session\Handlers\FileHandler' driver.
DEBUG - 2025-11-12 01:30:16 --> Session: Class initialized using 'CodeIgniter\Session\Handlers\FileHandler' driver.
DEBUG - 2025-11-12 01:32:43 --> Session: Class initialized using 'CodeIgniter\Session\Handlers\FileHandler' driver.
DEBUG - 2025-11-12 01:32:54 --> Session: Class initialized using 'CodeIgniter\Session\Handlers\FileHandler' driver.
DEBUG - 2025-11-12 01:32:54 --> user_id: 1
CRITICAL - 2025-11-12 01:32:54 --> ErrorException: Undefined variable $user_id
[Method: GET, Route: admin-enrolled]
in APPPATH\Views\admin\enrolled-students.php on line 93.
 1 APPPATH\Views\admin\enrolled-students.php(93): CodeIgniter\Debug\Exceptions->errorHandler(2, 'Undefined variable $user_id', 'C:\\Users\\User\\Desktop\\xamp\\htdocs\\copstone\\app\\Views\\admin\\enrolled-students.php', 93)
 2 SYSTEMPATH\View\View.php(224): include('C:\\Users\\User\\Desktop\\xamp\\htdocs\\copstone\\app\\Views\\admin\\enrolled-students.php')
 3 SYSTEMPATH\View\View.php(227): CodeIgniter\View\View->CodeIgniter\View\{closure}()
 4 SYSTEMPATH\Common.php(1173): CodeIgniter\View\View->render('admin/enrolled-students', [], true)
 5 APPPATH\Controllers\AdminController.php(273): view('admin/enrolled-students', [...])
 6 SYSTEMPATH\CodeIgniter.php(933): App\Controllers\AdminController->enrolledStudents()
 7 SYSTEMPATH\CodeIgniter.php(507): CodeIgniter\CodeIgniter->runController(Object(App\Controllers\AdminController))
 8 SYSTEMPATH\CodeIgniter.php(354): CodeIgniter\CodeIgniter->handleRequest(null, Object(Config\Cache), false)
 9 SYSTEMPATH\Boot.php(334): CodeIgniter\CodeIgniter->run()
10 SYSTEMPATH\Boot.php(67): CodeIgniter\Boot::runCodeIgniter(Object(CodeIgniter\CodeIgniter))
11 FCPATH\index.php(56): CodeIgniter\Boot::bootWeb(Object(Config\Paths))
DEBUG - 2025-11-12 01:34:19 --> Session: Class initialized using 'CodeIgniter\Session\Handlers\FileHandler' driver.
DEBUG - 2025-11-12 01:34:19 --> user_id: 1
DEBUG - 2025-11-12 01:34:22 --> Session: Class initialized using 'CodeIgniter\Session\Handlers\FileHandler' driver.
DEBUG - 2025-11-12 01:34:22 --> user_id: 1
DEBUG - 2025-11-12 01:34:23 --> Session: Class initialized using 'CodeIgniter\Session\Handlers\FileHandler' driver.
DEBUG - 2025-11-12 01:34:23 --> user_id: 1
DEBUG - 2025-11-12 01:34:25 --> Session: Class initialized using 'CodeIgniter\Session\Handlers\FileHandler' driver.
DEBUG - 2025-11-12 01:34:26 --> Session: Class initialized using 'CodeIgniter\Session\Handlers\FileHandler' driver.
DEBUG - 2025-11-12 01:37:01 --> Session: Class initialized using 'CodeIgniter\Session\Handlers\FileHandler' driver.
DEBUG - 2025-11-12 01:37:03 --> Session: Class initialized using 'CodeIgniter\Session\Handlers\FileHandler' driver.
DEBUG - 2025-11-12 01:37:04 --> Session: Class initialized using 'CodeIgniter\Session\Handlers\FileHandler' driver.
DEBUG - 2025-11-12 01:37:11 --> Session: Class initialized using 'CodeIgniter\Session\Handlers\FileHandler' driver.
DEBUG - 2025-11-12 01:37:11 --> Child Payment Debug: Array
(
    [full_name] => Zie Aranera Oliveros
    [admission_id] => 25
    [user_id] => 66
    [payment_history] => Array
        (
        )

    [total_paid] => 0
    [total_fee] => 0
    [remaining] => 0
)

DEBUG - 2025-11-12 01:37:11 --> Child Payment Debug: Array
(
    [full_name] => Roldan Araneta Oliveros
    [admission_id] => 71
    [user_id] => 66
    [payment_history] => Array
        (
        )

    [total_paid] => 0
    [total_fee] => 0
    [remaining] => 0
)

DEBUG - 2025-11-12 01:37:11 --> Parent Debug: Array
(
    [id] => 10
    [user_id] => 66
    [first_name] => Roldan
    [middle_name] => Araneta
    [last_name] => Oliveros
    [relationship] => Guardian
    [contact_number] => 09205804090
    [email] => roldanoliveros0621@gmail.com
    [municipality] => Nagcarlan
    [barangay] => Buboy
    [street] => Poblacion
    [profile_pic] => 1761732445_677643c97dd7d53cb001.jpg
    [created_at] => 2025-10-11 23:25:45
    [address] => Nagcarlan, Buboy, Poblacion
    [children] => Array
        (
            [0] => Array
                (
                    [full_name] => Zie Aranera Oliveros
                    [admission_id] => 25
                    [user_id] => 66
                    [payment_history] => Array
                        (
                        )

                    [total_paid] => 0
                    [total_fee] => 0
                    [remaining] => 0
                )

            [1] => Array
                (
                    [full_name] => Roldan Araneta Oliveros
                    [admission_id] => 71
                    [user_id] => 66
                    [payment_history] => Array
                        (
                        )

                    [total_paid] => 0
                    [total_fee] => 0
                    [remaining] => 0
                )

        )

)

DEBUG - 2025-11-12 01:37:11 --> Child Payment Debug: Array
(
    [full_name] => As  Sa
    [admission_id] => 83
    [user_id] => 88
    [payment_history] => Array
        (
        )

    [total_paid] => 0
    [total_fee] => 0
    [remaining] => 0
)

DEBUG - 2025-11-12 01:37:11 --> Parent Debug: Array
(
    [id] => 29
    [user_id] => 88
    [first_name] => Aroldan
    [middle_name] => Asd
    [last_name] => Asd
    [relationship] => Mother
    [contact_number] => 09205804090
    [email] => roldanolveros@gmail.com
    [municipality] => Kalayaan
    [barangay] => Longos
    [street] => Magsaysay
    [profile_pic] => default.webp
    [created_at] => 2025-11-04 17:13:02
    [address] => Kalayaan, Longos, Magsaysay
    [children] => Array
        (
            [0] => Array
                (
                    [full_name] => As  Sa
                    [admission_id] => 83
                    [user_id] => 88
                    [payment_history] => Array
                        (
                        )

                    [total_paid] => 0
                    [total_fee] => 0
                    [remaining] => 0
                )

        )

)

DEBUG - 2025-11-12 01:38:48 --> Session: Class initialized using 'CodeIgniter\Session\Handlers\FileHandler' driver.
DEBUG - 2025-11-12 01:38:48 --> Child Payment Debug: Array
(
    [full_name] => Zie Aranera Oliveros
    [admission_id] => 25
    [user_id] => 66
    [payment_history] => Array
        (
        )

    [total_paid] => 0
    [total_fee] => 0
    [remaining] => 0
)

DEBUG - 2025-11-12 01:38:48 --> Child Payment Debug: Array
(
    [full_name] => Roldan Araneta Oliveros
    [admission_id] => 71
    [user_id] => 66
    [payment_history] => Array
        (
        )

    [total_paid] => 0
    [total_fee] => 0
    [remaining] => 0
)

DEBUG - 2025-11-12 01:38:48 --> Parent Debug: Array
(
    [id] => 10
    [user_id] => 66
    [first_name] => Roldan
    [middle_name] => Araneta
    [last_name] => Oliveros
    [relationship] => Guardian
    [contact_number] => 09205804090
    [email] => roldanoliveros0621@gmail.com
    [municipality] => Nagcarlan
    [barangay] => Buboy
    [street] => Poblacion
    [profile_pic] => 1761732445_677643c97dd7d53cb001.jpg
    [created_at] => 2025-10-11 23:25:45
    [address] => Nagcarlan, Buboy, Poblacion
    [children] => Array
        (
            [0] => Array
                (
                    [full_name] => Zie Aranera Oliveros
                    [admission_id] => 25
                    [user_id] => 66
                    [payment_history] => Array
                        (
                        )

                    [total_paid] => 0
                    [total_fee] => 0
                    [remaining] => 0
                )

            [1] => Array
                (
                    [full_name] => Roldan Araneta Oliveros
                    [admission_id] => 71
                    [user_id] => 66
                    [payment_history] => Array
                        (
                        )

                    [total_paid] => 0
                    [total_fee] => 0
                    [remaining] => 0
                )

        )

)

DEBUG - 2025-11-12 01:38:48 --> Child Payment Debug: Array
(
    [full_name] => As  Sa
    [admission_id] => 83
    [user_id] => 88
    [payment_history] => Array
        (
        )

    [total_paid] => 0
    [total_fee] => 0
    [remaining] => 0
)

DEBUG - 2025-11-12 01:38:48 --> Parent Debug: Array
(
    [id] => 29
    [user_id] => 88
    [first_name] => Aroldan
    [middle_name] => Asd
    [last_name] => Asd
    [relationship] => Mother
    [contact_number] => 09205804090
    [email] => roldanolveros@gmail.com
    [municipality] => Kalayaan
    [barangay] => Longos
    [street] => Magsaysay
    [profile_pic] => default.webp
    [created_at] => 2025-11-04 17:13:02
    [address] => Kalayaan, Longos, Magsaysay
    [children] => Array
        (
            [0] => Array
                (
                    [full_name] => As  Sa
                    [admission_id] => 83
                    [user_id] => 88
                    [payment_history] => Array
                        (
                        )

                    [total_paid] => 0
                    [total_fee] => 0
                    [remaining] => 0
                )

        )

)

CRITICAL - 2025-11-12 01:38:48 --> ErrorException: Undefined variable $notificationmodel
[Method: GET, Route: admin-payment]
in APPPATH\Controllers\AdminController.php on line 897.
 1 APPPATH\Controllers\AdminController.php(897): CodeIgniter\Debug\Exceptions->errorHandler(2, 'Undefined variable $notificationmodel', 'C:\\Users\\User\\Desktop\\xamp\\htdocs\\copstone\\app\\Controllers\\AdminController.php', 897)
 2 SYSTEMPATH\CodeIgniter.php(933): App\Controllers\AdminController->payment()
 3 SYSTEMPATH\CodeIgniter.php(507): CodeIgniter\CodeIgniter->runController(Object(App\Controllers\AdminController))
 4 SYSTEMPATH\CodeIgniter.php(354): CodeIgniter\CodeIgniter->handleRequest(null, Object(Config\Cache), false)
 5 SYSTEMPATH\Boot.php(334): CodeIgniter\CodeIgniter->run()
 6 SYSTEMPATH\Boot.php(67): CodeIgniter\Boot::runCodeIgniter(Object(CodeIgniter\CodeIgniter))
 7 FCPATH\index.php(56): CodeIgniter\Boot::bootWeb(Object(Config\Paths))
DEBUG - 2025-11-12 01:39:36 --> Session: Class initialized using 'CodeIgniter\Session\Handlers\FileHandler' driver.
DEBUG - 2025-11-12 01:39:36 --> Child Payment Debug: Array
(
    [full_name] => Zie Aranera Oliveros
    [admission_id] => 25
    [user_id] => 66
    [payment_history] => Array
        (
        )

    [total_paid] => 0
    [total_fee] => 0
    [remaining] => 0
)

DEBUG - 2025-11-12 01:39:36 --> Child Payment Debug: Array
(
    [full_name] => Roldan Araneta Oliveros
    [admission_id] => 71
    [user_id] => 66
    [payment_history] => Array
        (
        )

    [total_paid] => 0
    [total_fee] => 0
    [remaining] => 0
)

DEBUG - 2025-11-12 01:39:36 --> Parent Debug: Array
(
    [id] => 10
    [user_id] => 66
    [first_name] => Roldan
    [middle_name] => Araneta
    [last_name] => Oliveros
    [relationship] => Guardian
    [contact_number] => 09205804090
    [email] => roldanoliveros0621@gmail.com
    [municipality] => Nagcarlan
    [barangay] => Buboy
    [street] => Poblacion
    [profile_pic] => 1761732445_677643c97dd7d53cb001.jpg
    [created_at] => 2025-10-11 23:25:45
    [address] => Nagcarlan, Buboy, Poblacion
    [children] => Array
        (
            [0] => Array
                (
                    [full_name] => Zie Aranera Oliveros
                    [admission_id] => 25
                    [user_id] => 66
                    [payment_history] => Array
                        (
                        )

                    [total_paid] => 0
                    [total_fee] => 0
                    [remaining] => 0
                )

            [1] => Array
                (
                    [full_name] => Roldan Araneta Oliveros
                    [admission_id] => 71
                    [user_id] => 66
                    [payment_history] => Array
                        (
                        )

                    [total_paid] => 0
                    [total_fee] => 0
                    [remaining] => 0
                )

        )

)

DEBUG - 2025-11-12 01:39:36 --> Child Payment Debug: Array
(
    [full_name] => As  Sa
    [admission_id] => 83
    [user_id] => 88
    [payment_history] => Array
        (
        )

    [total_paid] => 0
    [total_fee] => 0
    [remaining] => 0
)

DEBUG - 2025-11-12 01:39:36 --> Parent Debug: Array
(
    [id] => 29
    [user_id] => 88
    [first_name] => Aroldan
    [middle_name] => Asd
    [last_name] => Asd
    [relationship] => Mother
    [contact_number] => 09205804090
    [email] => roldanolveros@gmail.com
    [municipality] => Kalayaan
    [barangay] => Longos
    [street] => Magsaysay
    [profile_pic] => default.webp
    [created_at] => 2025-11-04 17:13:02
    [address] => Kalayaan, Longos, Magsaysay
    [children] => Array
        (
            [0] => Array
                (
                    [full_name] => As  Sa
                    [admission_id] => 83
                    [user_id] => 88
                    [payment_history] => Array
                        (
                        )

                    [total_paid] => 0
                    [total_fee] => 0
                    [remaining] => 0
                )

        )

)

DEBUG - 2025-11-12 01:39:49 --> Session: Class initialized using 'CodeIgniter\Session\Handlers\FileHandler' driver.
DEBUG - 2025-11-12 01:42:41 --> Session: Class initialized using 'CodeIgniter\Session\Handlers\FileHandler' driver.
DEBUG - 2025-11-12 01:42:43 --> Session: Class initialized using 'CodeIgniter\Session\Handlers\FileHandler' driver.
DEBUG - 2025-11-12 01:42:43 --> Session: Class initialized using 'CodeIgniter\Session\Handlers\FileHandler' driver.
DEBUG - 2025-11-12 01:43:16 --> Session: Class initialized using 'CodeIgniter\Session\Handlers\FileHandler' driver.
DEBUG - 2025-11-12 01:43:43 --> Session: Class initialized using 'CodeIgniter\Session\Handlers\FileHandler' driver.
DEBUG - 2025-11-12 01:43:46 --> Session: Class initialized using 'CodeIgniter\Session\Handlers\FileHandler' driver.
DEBUG - 2025-11-12 14:16:10 --> Session: Class initialized using 'CodeIgniter\Session\Handlers\FileHandler' driver.
DEBUG - 2025-11-12 14:17:13 --> Session: Class initialized using 'CodeIgniter\Session\Handlers\FileHandler' driver.
DEBUG - 2025-11-12 14:17:15 --> Session: Class initialized using 'CodeIgniter\Session\Handlers\FileHandler' driver.
DEBUG - 2025-11-12 14:17:15 --> Fetching children for guardian ID: 66
DEBUG - 2025-11-12 14:17:15 --> Number of children found: 2
DEBUG - 2025-11-12 14:17:15 --> Children data: Array
(
    [0] => stdClass Object
        (
            [guardian_id] => 66
            [admission_id] => 25
            [full_name] => Oliveros zie
            [profile_pic] => 1758436120_6596822b60e287637732.png
        )

    [1] => stdClass Object
        (
            [guardian_id] => 66
            [admission_id] => 71
            [full_name] => Oliveros Roldan
            [profile_pic] => 1760718376_4415351e0873d15d40f2.jpg
        )

)

DEBUG - 2025-11-12 14:17:15 --> Current User ID: 66
DEBUG - 2025-11-12 14:17:19 --> Session: Class initialized using 'CodeIgniter\Session\Handlers\FileHandler' driver.
DEBUG - 2025-11-12 14:17:19 --> Fetching children for guardian ID: 66
DEBUG - 2025-11-12 14:17:19 --> Number of children found: 2
DEBUG - 2025-11-12 14:17:19 --> Children data: Array
(
    [0] => stdClass Object
        (
            [guardian_id] => 66
            [admission_id] => 25
            [full_name] => Oliveros zie
            [profile_pic] => 1758436120_6596822b60e287637732.png
        )

    [1] => stdClass Object
        (
            [guardian_id] => 66
            [admission_id] => 71
            [full_name] => Oliveros Roldan
            [profile_pic] => 1760718376_4415351e0873d15d40f2.jpg
        )

)

DEBUG - 2025-11-12 14:17:19 --> Current User ID: 66
DEBUG - 2025-11-12 14:17:20 --> Session: Class initialized using 'CodeIgniter\Session\Handlers\FileHandler' driver.
DEBUG - 2025-11-12 14:17:20 --> Fetching children for guardian ID: 66
DEBUG - 2025-11-12 14:17:20 --> Number of children found: 2
DEBUG - 2025-11-12 14:17:20 --> Children data: Array
(
    [0] => stdClass Object
        (
            [guardian_id] => 66
            [admission_id] => 25
            [full_name] => Oliveros zie
            [profile_pic] => 1758436120_6596822b60e287637732.png
        )

    [1] => stdClass Object
        (
            [guardian_id] => 66
            [admission_id] => 71
            [full_name] => Oliveros Roldan
            [profile_pic] => 1760718376_4415351e0873d15d40f2.jpg
        )

)

DEBUG - 2025-11-12 14:17:20 --> Current User ID: 66
DEBUG - 2025-11-12 14:17:20 --> Session: Class initialized using 'CodeIgniter\Session\Handlers\FileHandler' driver.
DEBUG - 2025-11-12 14:17:20 --> Fetching children for guardian ID: 66
DEBUG - 2025-11-12 14:17:20 --> Number of children found: 2
DEBUG - 2025-11-12 14:17:20 --> Children data: Array
(
    [0] => stdClass Object
        (
            [guardian_id] => 66
            [admission_id] => 25
            [full_name] => Oliveros zie
            [profile_pic] => 1758436120_6596822b60e287637732.png
        )

    [1] => stdClass Object
        (
            [guardian_id] => 66
            [admission_id] => 71
            [full_name] => Oliveros Roldan
            [profile_pic] => 1760718376_4415351e0873d15d40f2.jpg
        )

)

DEBUG - 2025-11-12 14:17:20 --> Current User ID: 66
DEBUG - 2025-11-12 14:17:23 --> Session: Class initialized using 'CodeIgniter\Session\Handlers\FileHandler' driver.
DEBUG - 2025-11-12 14:17:23 --> Fetching children for guardian ID: 66
DEBUG - 2025-11-12 14:17:23 --> Number of children found: 2
DEBUG - 2025-11-12 14:17:23 --> Children data: Array
(
    [0] => stdClass Object
        (
            [guardian_id] => 66
            [admission_id] => 25
            [full_name] => Oliveros zie
            [profile_pic] => 1758436120_6596822b60e287637732.png
        )

    [1] => stdClass Object
        (
            [guardian_id] => 66
            [admission_id] => 71
            [full_name] => Oliveros Roldan
            [profile_pic] => 1760718376_4415351e0873d15d40f2.jpg
        )

)

DEBUG - 2025-11-12 14:17:28 --> Session: Class initialized using 'CodeIgniter\Session\Handlers\FileHandler' driver.
DEBUG - 2025-11-12 14:17:28 --> Session: Class initialized using 'CodeIgniter\Session\Handlers\FileHandler' driver.
DEBUG - 2025-11-12 14:17:31 --> Session: Class initialized using 'CodeIgniter\Session\Handlers\FileHandler' driver.
DEBUG - 2025-11-12 14:17:32 --> Session: Class initialized using 'CodeIgniter\Session\Handlers\FileHandler' driver.
DEBUG - 2025-11-12 14:17:35 --> Session: Class initialized using 'CodeIgniter\Session\Handlers\FileHandler' driver.
DEBUG - 2025-11-12 14:17:38 --> Session: Class initialized using 'CodeIgniter\Session\Handlers\FileHandler' driver.
DEBUG - 2025-11-12 14:17:44 --> Session: Class initialized using 'CodeIgniter\Session\Handlers\FileHandler' driver.
DEBUG - 2025-11-12 14:17:44 --> Fetching children for guardian ID: 66
DEBUG - 2025-11-12 14:17:44 --> Number of children found: 2
DEBUG - 2025-11-12 14:17:44 --> Children data: Array
(
    [0] => stdClass Object
        (
            [guardian_id] => 66
            [admission_id] => 25
            [full_name] => Oliveros zie
            [profile_pic] => 1758436120_6596822b60e287637732.png
        )

    [1] => stdClass Object
        (
            [guardian_id] => 66
            [admission_id] => 71
            [full_name] => Oliveros Roldan
            [profile_pic] => 1760718376_4415351e0873d15d40f2.jpg
        )

)

DEBUG - 2025-11-12 14:17:44 --> Current User ID: 66
DEBUG - 2025-11-12 14:17:45 --> Session: Class initialized using 'CodeIgniter\Session\Handlers\FileHandler' driver.
DEBUG - 2025-11-12 14:17:45 --> Fetching children for guardian ID: 66
DEBUG - 2025-11-12 14:17:45 --> Number of children found: 2
DEBUG - 2025-11-12 14:17:45 --> Children data: Array
(
    [0] => stdClass Object
        (
            [guardian_id] => 66
            [admission_id] => 25
            [full_name] => Oliveros zie
            [profile_pic] => 1758436120_6596822b60e287637732.png
        )

    [1] => stdClass Object
        (
            [guardian_id] => 66
            [admission_id] => 71
            [full_name] => Oliveros Roldan
            [profile_pic] => 1760718376_4415351e0873d15d40f2.jpg
        )

)

DEBUG - 2025-11-12 14:17:45 --> Current User ID: 66
DEBUG - 2025-11-12 14:17:46 --> Session: Class initialized using 'CodeIgniter\Session\Handlers\FileHandler' driver.
DEBUG - 2025-11-12 14:17:46 --> Session: Class initialized using 'CodeIgniter\Session\Handlers\FileHandler' driver.
DEBUG - 2025-11-12 14:17:49 --> Session: Class initialized using 'CodeIgniter\Session\Handlers\FileHandler' driver.
DEBUG - 2025-11-12 14:19:43 --> Session: Class initialized using 'CodeIgniter\Session\Handlers\FileHandler' driver.
DEBUG - 2025-11-12 14:19:45 --> Session: Class initialized using 'CodeIgniter\Session\Handlers\FileHandler' driver.
DEBUG - 2025-11-12 14:19:46 --> Session: Class initialized using 'CodeIgniter\Session\Handlers\FileHandler' driver.
DEBUG - 2025-11-12 14:19:52 --> Session: Class initialized using 'CodeIgniter\Session\Handlers\FileHandler' driver.
