DEBUG - 2025-11-09 11:19:21 --> Session: Class initialized using 'CodeIgniter\Session\Handlers\FileHandler' driver.
DEBUG - 2025-11-09 11:19:23 --> Session: Class initialized using 'CodeIgniter\Session\Handlers\FileHandler' driver.
DEBUG - 2025-11-09 11:20:17 --> Session: Class initialized using 'CodeIgniter\Session\Handlers\FileHandler' driver.
DEBUG - 2025-11-09 11:20:17 --> Session: Class initialized using 'CodeIgniter\Session\Handlers\FileHandler' driver.
DEBUG - 2025-11-09 11:20:17 --> Fetching children for guardian ID: 66
DEBUG - 2025-11-09 11:20:17 --> Number of children found: 2
DEBUG - 2025-11-09 11:20:17 --> Children data: Array
(
    [0] => stdClass Object
        (
            [guardian_id] => 66
            [admission_id] => 25
            [full_name] => Oliveros zie
            [profile_pic] => 1758436120_6596822b60e287637732.png
        )

    [1] => stdClass Object
        (
            [guardian_id] => 66
            [admission_id] => 71
            [full_name] => Oliveros Roldan
            [profile_pic] => 1760718376_4415351e0873d15d40f2.jpg
        )

)

DEBUG - 2025-11-09 11:20:17 --> Current User ID: 66
DEBUG - 2025-11-09 11:20:45 --> Session: Class initialized using 'CodeIgniter\Session\Handlers\FileHandler' driver.
DEBUG - 2025-11-09 11:20:45 --> Fetching children for guardian ID: 66
DEBUG - 2025-11-09 11:20:45 --> Number of children found: 2
DEBUG - 2025-11-09 11:20:45 --> Children data: Array
(
    [0] => stdClass Object
        (
            [guardian_id] => 66
            [admission_id] => 25
            [full_name] => Oliveros zie
            [profile_pic] => 1758436120_6596822b60e287637732.png
        )

    [1] => stdClass Object
        (
            [guardian_id] => 66
            [admission_id] => 71
            [full_name] => Oliveros Roldan
            [profile_pic] => 1760718376_4415351e0873d15d40f2.jpg
        )

)

DEBUG - 2025-11-09 11:25:56 --> Session: Class initialized using 'CodeIgniter\Session\Handlers\FileHandler' driver.
DEBUG - 2025-11-09 11:25:56 --> Fetching children for guardian ID: 66
DEBUG - 2025-11-09 11:25:56 --> Number of children found: 2
DEBUG - 2025-11-09 11:25:56 --> Children data: Array
(
    [0] => stdClass Object
        (
            [guardian_id] => 66
            [admission_id] => 25
            [full_name] => Oliveros zie
            [profile_pic] => 1758436120_6596822b60e287637732.png
        )

    [1] => stdClass Object
        (
            [guardian_id] => 66
            [admission_id] => 71
            [full_name] => Oliveros Roldan
            [profile_pic] => 1760718376_4415351e0873d15d40f2.jpg
        )

)

